[2023-10-29T23:00:34.751-0500] {taskinstance.py:1087} INFO - Dependencies all met for <TaskInstance: example_bash_operator.runme_2 backfill__2015-01-01T00:00:00+00:00 [queued]>
[2023-10-29T23:00:34.777-0500] {taskinstance.py:1087} INFO - Dependencies all met for <TaskInstance: example_bash_operator.runme_2 backfill__2015-01-01T00:00:00+00:00 [queued]>
[2023-10-29T23:00:34.779-0500] {taskinstance.py:1283} INFO - 
--------------------------------------------------------------------------------
[2023-10-29T23:00:34.780-0500] {taskinstance.py:1284} INFO - Starting attempt 1 of 1
[2023-10-29T23:00:34.780-0500] {taskinstance.py:1285} INFO - 
--------------------------------------------------------------------------------
[2023-10-29T23:00:34.807-0500] {taskinstance.py:1304} INFO - Executing <Task(BashOperator): runme_2> on 2015-01-01 00:00:00+00:00
[2023-10-29T23:00:34.812-0500] {standard_task_runner.py:55} INFO - Started process 199112 to run task
[2023-10-29T23:00:34.825-0500] {standard_task_runner.py:82} INFO - Running: ['***', 'tasks', 'run', 'example_bash_operator', 'runme_2', 'backfill__2015-01-01T00:00:00+00:00', '--job-id', '12', '--pool', 'default_pool', '--raw', '--subdir', '/home/oscar_rincon/code/oscar-rincon/ml-engineering-course/venv/lib/python3.10/site-packages/***/example_dags/example_bash_operator.py', '--cfg-path', '/tmp/tmpm0k07mr1']
[2023-10-29T23:00:34.831-0500] {standard_task_runner.py:83} INFO - Job 12: Subtask runme_2
[2023-10-29T23:00:35.054-0500] {task_command.py:389} INFO - Running <TaskInstance: example_bash_operator.runme_2 backfill__2015-01-01T00:00:00+00:00 [running]> on host DESKTOP-D8R6NL8.
[2023-10-29T23:00:35.251-0500] {taskinstance.py:1511} INFO - Exporting the following env vars:
AIRFLOW_CTX_DAG_OWNER=***
AIRFLOW_CTX_DAG_ID=example_bash_operator
AIRFLOW_CTX_TASK_ID=runme_2
AIRFLOW_CTX_EXECUTION_DATE=2015-01-01T00:00:00+00:00
AIRFLOW_CTX_TRY_NUMBER=1
AIRFLOW_CTX_DAG_RUN_ID=backfill__2015-01-01T00:00:00+00:00
[2023-10-29T23:00:35.252-0500] {subprocess.py:63} INFO - Tmp dir root location: 
 /tmp
[2023-10-29T23:00:35.253-0500] {subprocess.py:75} INFO - Running command: ['/usr/bin/bash', '-c', 'echo "example_bash_operator__runme_2__20150101" && sleep 1']
[2023-10-29T23:00:35.259-0500] {subprocess.py:86} INFO - Output:
[2023-10-29T23:00:35.260-0500] {subprocess.py:93} INFO - example_bash_operator__runme_2__20150101
[2023-10-29T23:00:36.261-0500] {subprocess.py:97} INFO - Command exited with return code 0
[2023-10-29T23:00:36.321-0500] {taskinstance.py:1322} INFO - Marking task as SUCCESS. dag_id=example_bash_operator, task_id=runme_2, execution_date=20150101T000000, start_date=20231030T040034, end_date=20231030T040036
[2023-10-29T23:00:36.342-0500] {local_task_job.py:159} INFO - Task exited with return code 0
[2023-10-29T23:00:36.376-0500] {taskinstance.py:2582} INFO - 0 downstream tasks scheduled from follow-on schedule check
