[2023-10-31T17:06:33.632-0500] {taskinstance.py:1087} INFO - Dependencies all met for <TaskInstance: Dependencies_Operator.task_1 manual__2023-10-31T22:06:32.678949+00:00 [queued]>
[2023-10-31T17:06:33.643-0500] {taskinstance.py:1087} INFO - Dependencies all met for <TaskInstance: Dependencies_Operator.task_1 manual__2023-10-31T22:06:32.678949+00:00 [queued]>
[2023-10-31T17:06:33.644-0500] {taskinstance.py:1283} INFO - 
--------------------------------------------------------------------------------
[2023-10-31T17:06:33.644-0500] {taskinstance.py:1284} INFO - Starting attempt 1 of 1
[2023-10-31T17:06:33.644-0500] {taskinstance.py:1285} INFO - 
--------------------------------------------------------------------------------
[2023-10-31T17:06:33.659-0500] {taskinstance.py:1304} INFO - Executing <Task(PythonOperator): task_1> on 2023-10-31 22:06:32.678949+00:00
[2023-10-31T17:06:33.663-0500] {standard_task_runner.py:55} INFO - Started process 421094 to run task
[2023-10-31T17:06:33.665-0500] {standard_task_runner.py:82} INFO - Running: ['***', 'tasks', 'run', 'Dependencies_Operator', 'task_1', 'manual__2023-10-31T22:06:32.678949+00:00', '--job-id', '22', '--raw', '--subdir', 'DAGS_FOLDER/dependencias.py', '--cfg-path', '/tmp/tmpon3f0s1x']
[2023-10-31T17:06:33.667-0500] {standard_task_runner.py:83} INFO - Job 22: Subtask task_1
[2023-10-31T17:06:33.791-0500] {task_command.py:389} INFO - Running <TaskInstance: Dependencies_Operator.task_1 manual__2023-10-31T22:06:32.678949+00:00 [running]> on host DESKTOP-D8R6NL8.
[2023-10-31T17:06:33.925-0500] {taskinstance.py:1511} INFO - Exporting the following env vars:
AIRFLOW_CTX_DAG_OWNER=***
AIRFLOW_CTX_DAG_ID=Dependencies_Operator
AIRFLOW_CTX_TASK_ID=task_1
AIRFLOW_CTX_EXECUTION_DATE=2023-10-31T22:06:32.678949+00:00
AIRFLOW_CTX_TRY_NUMBER=1
AIRFLOW_CTX_DAG_RUN_ID=manual__2023-10-31T22:06:32.678949+00:00
[2023-10-31T17:06:33.926-0500] {logging_mixin.py:137} INFO - Hola Clase de Intro a la Ingeniería de ml learning tarea 1
[2023-10-31T17:06:33.927-0500] {python.py:177} INFO - Done. Returned value was: None
[2023-10-31T17:06:33.946-0500] {taskinstance.py:1322} INFO - Marking task as SUCCESS. dag_id=Dependencies_Operator, task_id=task_1, execution_date=20231031T220632, start_date=20231031T220633, end_date=20231031T220633
[2023-10-31T17:06:33.999-0500] {local_task_job.py:159} INFO - Task exited with return code 0
[2023-10-31T17:06:34.051-0500] {taskinstance.py:2582} INFO - 1 downstream tasks scheduled from follow-on schedule check
