[2023-10-31T17:06:35.189-0500] {taskinstance.py:1087} INFO - Dependencies all met for <TaskInstance: Dependencies_Operator.task_2 manual__2023-10-31T22:06:32.678949+00:00 [queued]>
[2023-10-31T17:06:35.204-0500] {taskinstance.py:1087} INFO - Dependencies all met for <TaskInstance: Dependencies_Operator.task_2 manual__2023-10-31T22:06:32.678949+00:00 [queued]>
[2023-10-31T17:06:35.205-0500] {taskinstance.py:1283} INFO - 
--------------------------------------------------------------------------------
[2023-10-31T17:06:35.205-0500] {taskinstance.py:1284} INFO - Starting attempt 1 of 1
[2023-10-31T17:06:35.205-0500] {taskinstance.py:1285} INFO - 
--------------------------------------------------------------------------------
[2023-10-31T17:06:35.217-0500] {taskinstance.py:1304} INFO - Executing <Task(BashOperator): task_2> on 2023-10-31 22:06:32.678949+00:00
[2023-10-31T17:06:35.223-0500] {standard_task_runner.py:55} INFO - Started process 421135 to run task
[2023-10-31T17:06:35.225-0500] {standard_task_runner.py:82} INFO - Running: ['***', 'tasks', 'run', 'Dependencies_Operator', 'task_2', 'manual__2023-10-31T22:06:32.678949+00:00', '--job-id', '25', '--raw', '--subdir', 'DAGS_FOLDER/dependencias.py', '--cfg-path', '/tmp/tmpzgdnd7pq']
[2023-10-31T17:06:35.227-0500] {standard_task_runner.py:83} INFO - Job 25: Subtask task_2
[2023-10-31T17:06:35.330-0500] {task_command.py:389} INFO - Running <TaskInstance: Dependencies_Operator.task_2 manual__2023-10-31T22:06:32.678949+00:00 [running]> on host DESKTOP-D8R6NL8.
[2023-10-31T17:06:35.427-0500] {taskinstance.py:1511} INFO - Exporting the following env vars:
AIRFLOW_CTX_DAG_OWNER=***
AIRFLOW_CTX_DAG_ID=Dependencies_Operator
AIRFLOW_CTX_TASK_ID=task_2
AIRFLOW_CTX_EXECUTION_DATE=2023-10-31T22:06:32.678949+00:00
AIRFLOW_CTX_TRY_NUMBER=1
AIRFLOW_CTX_DAG_RUN_ID=manual__2023-10-31T22:06:32.678949+00:00
[2023-10-31T17:06:35.428-0500] {subprocess.py:63} INFO - Tmp dir root location: 
 /tmp
[2023-10-31T17:06:35.429-0500] {subprocess.py:75} INFO - Running command: ['/bin/bash', '-c', 'echo "Hola Mundo en MLOps tarea 2"']
[2023-10-31T17:06:35.438-0500] {subprocess.py:86} INFO - Output:
[2023-10-31T17:06:35.439-0500] {subprocess.py:93} INFO - Hola Mundo en MLOps tarea 2
[2023-10-31T17:06:35.439-0500] {subprocess.py:97} INFO - Command exited with return code 0
[2023-10-31T17:06:35.490-0500] {taskinstance.py:1322} INFO - Marking task as SUCCESS. dag_id=Dependencies_Operator, task_id=task_2, execution_date=20231031T220632, start_date=20231031T220635, end_date=20231031T220635
[2023-10-31T17:06:35.518-0500] {local_task_job.py:159} INFO - Task exited with return code 0
[2023-10-31T17:06:35.552-0500] {taskinstance.py:2582} INFO - 2 downstream tasks scheduled from follow-on schedule check
