[2023-10-31T16:46:39.072-0500] {taskinstance.py:1087} INFO - Dependencies all met for <TaskInstance: Bash_Operator.hola_clase manual__2023-10-31T21:46:38.138081+00:00 [queued]>
[2023-10-31T16:46:39.080-0500] {taskinstance.py:1087} INFO - Dependencies all met for <TaskInstance: Bash_Operator.hola_clase manual__2023-10-31T21:46:38.138081+00:00 [queued]>
[2023-10-31T16:46:39.081-0500] {taskinstance.py:1283} INFO - 
--------------------------------------------------------------------------------
[2023-10-31T16:46:39.081-0500] {taskinstance.py:1284} INFO - Starting attempt 1 of 1
[2023-10-31T16:46:39.081-0500] {taskinstance.py:1285} INFO - 
--------------------------------------------------------------------------------
[2023-10-31T16:46:39.095-0500] {taskinstance.py:1304} INFO - Executing <Task(BashOperator): hola_clase> on 2023-10-31 21:46:38.138081+00:00
[2023-10-31T16:46:39.099-0500] {standard_task_runner.py:55} INFO - Started process 405311 to run task
[2023-10-31T16:46:39.102-0500] {standard_task_runner.py:82} INFO - Running: ['***', 'tasks', 'run', 'Bash_Operator', 'hola_clase', 'manual__2023-10-31T21:46:38.138081+00:00', '--job-id', '19', '--raw', '--subdir', 'DAGS_FOLDER/bashOperator.py', '--cfg-path', '/tmp/tmpitw9395n']
[2023-10-31T16:46:39.104-0500] {standard_task_runner.py:83} INFO - Job 19: Subtask hola_clase
[2023-10-31T16:46:39.220-0500] {task_command.py:389} INFO - Running <TaskInstance: Bash_Operator.hola_clase manual__2023-10-31T21:46:38.138081+00:00 [running]> on host DESKTOP-D8R6NL8.
[2023-10-31T16:46:39.303-0500] {taskinstance.py:1511} INFO - Exporting the following env vars:
AIRFLOW_CTX_DAG_OWNER=***
AIRFLOW_CTX_DAG_ID=Bash_Operator
AIRFLOW_CTX_TASK_ID=hola_clase
AIRFLOW_CTX_EXECUTION_DATE=2023-10-31T21:46:38.138081+00:00
AIRFLOW_CTX_TRY_NUMBER=1
AIRFLOW_CTX_DAG_RUN_ID=manual__2023-10-31T21:46:38.138081+00:00
[2023-10-31T16:46:39.304-0500] {subprocess.py:63} INFO - Tmp dir root location: 
 /tmp
[2023-10-31T16:46:39.305-0500] {subprocess.py:75} INFO - Running command: ['/bin/bash', '-c', 'echo "Hola Mundo en MLOps"']
[2023-10-31T16:46:39.313-0500] {subprocess.py:86} INFO - Output:
[2023-10-31T16:46:39.314-0500] {subprocess.py:93} INFO - Hola Mundo en MLOps
[2023-10-31T16:46:39.314-0500] {subprocess.py:97} INFO - Command exited with return code 0
[2023-10-31T16:46:39.353-0500] {taskinstance.py:1322} INFO - Marking task as SUCCESS. dag_id=Bash_Operator, task_id=hola_clase, execution_date=20231031T214638, start_date=20231031T214639, end_date=20231031T214639
[2023-10-31T16:46:39.395-0500] {local_task_job.py:159} INFO - Task exited with return code 0
[2023-10-31T16:46:39.416-0500] {taskinstance.py:2582} INFO - 0 downstream tasks scheduled from follow-on schedule check
