[2023-10-28T19:17:54.066-0500] {processor.py:157} INFO - Started process (PID=77319) to work on /home/oscar_rincon/.pyenv/versions/3.10.6/envs/oscar_rincon/lib/python3.10/site-packages/airflow/example_dags/plugins/event_listener.py
[2023-10-28T19:17:54.067-0500] {processor.py:829} INFO - Processing file /home/oscar_rincon/.pyenv/versions/3.10.6/envs/oscar_rincon/lib/python3.10/site-packages/airflow/example_dags/plugins/event_listener.py for tasks to queue
[2023-10-28T19:17:54.067-0500] {logging_mixin.py:151} INFO - [2023-10-28T19:17:54.067-0500] {dagbag.py:539} INFO - Filling up the DagBag from /home/oscar_rincon/.pyenv/versions/3.10.6/envs/oscar_rincon/lib/python3.10/site-packages/airflow/example_dags/plugins/event_listener.py
[2023-10-28T19:17:54.069-0500] {processor.py:841} WARNING - No viable dags retrieved from /home/oscar_rincon/.pyenv/versions/3.10.6/envs/oscar_rincon/lib/python3.10/site-packages/airflow/example_dags/plugins/event_listener.py
[2023-10-28T19:17:54.076-0500] {processor.py:179} INFO - Processing /home/oscar_rincon/.pyenv/versions/3.10.6/envs/oscar_rincon/lib/python3.10/site-packages/airflow/example_dags/plugins/event_listener.py took 0.013 seconds
[2023-10-28T19:18:45.235-0500] {processor.py:157} INFO - Started process (PID=77529) to work on /home/oscar_rincon/.pyenv/versions/3.10.6/envs/oscar_rincon/lib/python3.10/site-packages/airflow/example_dags/plugins/event_listener.py
[2023-10-28T19:18:45.237-0500] {processor.py:829} INFO - Processing file /home/oscar_rincon/.pyenv/versions/3.10.6/envs/oscar_rincon/lib/python3.10/site-packages/airflow/example_dags/plugins/event_listener.py for tasks to queue
[2023-10-28T19:18:45.238-0500] {logging_mixin.py:151} INFO - [2023-10-28T19:18:45.238-0500] {dagbag.py:539} INFO - Filling up the DagBag from /home/oscar_rincon/.pyenv/versions/3.10.6/envs/oscar_rincon/lib/python3.10/site-packages/airflow/example_dags/plugins/event_listener.py
[2023-10-28T19:18:45.240-0500] {processor.py:841} WARNING - No viable dags retrieved from /home/oscar_rincon/.pyenv/versions/3.10.6/envs/oscar_rincon/lib/python3.10/site-packages/airflow/example_dags/plugins/event_listener.py
[2023-10-28T19:18:45.252-0500] {processor.py:179} INFO - Processing /home/oscar_rincon/.pyenv/versions/3.10.6/envs/oscar_rincon/lib/python3.10/site-packages/airflow/example_dags/plugins/event_listener.py took 0.020 seconds
[2023-10-28T19:19:44.061-0500] {processor.py:157} INFO - Started process (PID=77916) to work on /home/oscar_rincon/.pyenv/versions/3.10.6/envs/oscar_rincon/lib/python3.10/site-packages/airflow/example_dags/plugins/event_listener.py
[2023-10-28T19:19:44.101-0500] {processor.py:829} INFO - Processing file /home/oscar_rincon/.pyenv/versions/3.10.6/envs/oscar_rincon/lib/python3.10/site-packages/airflow/example_dags/plugins/event_listener.py for tasks to queue
[2023-10-28T19:19:44.103-0500] {logging_mixin.py:151} INFO - [2023-10-28T19:19:44.103-0500] {dagbag.py:539} INFO - Filling up the DagBag from /home/oscar_rincon/.pyenv/versions/3.10.6/envs/oscar_rincon/lib/python3.10/site-packages/airflow/example_dags/plugins/event_listener.py
[2023-10-28T19:19:44.107-0500] {processor.py:841} WARNING - No viable dags retrieved from /home/oscar_rincon/.pyenv/versions/3.10.6/envs/oscar_rincon/lib/python3.10/site-packages/airflow/example_dags/plugins/event_listener.py
[2023-10-28T19:19:44.116-0500] {processor.py:179} INFO - Processing /home/oscar_rincon/.pyenv/versions/3.10.6/envs/oscar_rincon/lib/python3.10/site-packages/airflow/example_dags/plugins/event_listener.py took 0.058 seconds
[2023-10-28T19:28:34.907-0500] {processor.py:157} INFO - Started process (PID=80622) to work on /home/oscar_rincon/.pyenv/versions/3.10.6/envs/oscar_rincon/lib/python3.10/site-packages/airflow/example_dags/plugins/event_listener.py
[2023-10-28T19:28:34.908-0500] {processor.py:829} INFO - Processing file /home/oscar_rincon/.pyenv/versions/3.10.6/envs/oscar_rincon/lib/python3.10/site-packages/airflow/example_dags/plugins/event_listener.py for tasks to queue
[2023-10-28T19:28:34.909-0500] {logging_mixin.py:151} INFO - [2023-10-28T19:28:34.909-0500] {dagbag.py:539} INFO - Filling up the DagBag from /home/oscar_rincon/.pyenv/versions/3.10.6/envs/oscar_rincon/lib/python3.10/site-packages/airflow/example_dags/plugins/event_listener.py
[2023-10-28T19:28:34.911-0500] {processor.py:841} WARNING - No viable dags retrieved from /home/oscar_rincon/.pyenv/versions/3.10.6/envs/oscar_rincon/lib/python3.10/site-packages/airflow/example_dags/plugins/event_listener.py
[2023-10-28T19:28:34.918-0500] {processor.py:179} INFO - Processing /home/oscar_rincon/.pyenv/versions/3.10.6/envs/oscar_rincon/lib/python3.10/site-packages/airflow/example_dags/plugins/event_listener.py took 0.014 seconds
[2023-10-28T19:29:22.108-0500] {processor.py:157} INFO - Started process (PID=80772) to work on /home/oscar_rincon/.pyenv/versions/3.10.6/envs/oscar_rincon/lib/python3.10/site-packages/airflow/example_dags/plugins/event_listener.py
[2023-10-28T19:29:22.149-0500] {processor.py:829} INFO - Processing file /home/oscar_rincon/.pyenv/versions/3.10.6/envs/oscar_rincon/lib/python3.10/site-packages/airflow/example_dags/plugins/event_listener.py for tasks to queue
[2023-10-28T19:29:22.150-0500] {logging_mixin.py:151} INFO - [2023-10-28T19:29:22.150-0500] {dagbag.py:539} INFO - Filling up the DagBag from /home/oscar_rincon/.pyenv/versions/3.10.6/envs/oscar_rincon/lib/python3.10/site-packages/airflow/example_dags/plugins/event_listener.py
[2023-10-28T19:29:22.152-0500] {processor.py:841} WARNING - No viable dags retrieved from /home/oscar_rincon/.pyenv/versions/3.10.6/envs/oscar_rincon/lib/python3.10/site-packages/airflow/example_dags/plugins/event_listener.py
[2023-10-28T19:29:22.163-0500] {processor.py:179} INFO - Processing /home/oscar_rincon/.pyenv/versions/3.10.6/envs/oscar_rincon/lib/python3.10/site-packages/airflow/example_dags/plugins/event_listener.py took 0.058 seconds
[2023-10-28T19:30:09.524-0500] {processor.py:157} INFO - Started process (PID=80896) to work on /home/oscar_rincon/.pyenv/versions/3.10.6/envs/oscar_rincon/lib/python3.10/site-packages/airflow/example_dags/plugins/event_listener.py
[2023-10-28T19:30:09.525-0500] {processor.py:829} INFO - Processing file /home/oscar_rincon/.pyenv/versions/3.10.6/envs/oscar_rincon/lib/python3.10/site-packages/airflow/example_dags/plugins/event_listener.py for tasks to queue
[2023-10-28T19:30:09.526-0500] {logging_mixin.py:151} INFO - [2023-10-28T19:30:09.525-0500] {dagbag.py:539} INFO - Filling up the DagBag from /home/oscar_rincon/.pyenv/versions/3.10.6/envs/oscar_rincon/lib/python3.10/site-packages/airflow/example_dags/plugins/event_listener.py
[2023-10-28T19:30:09.527-0500] {processor.py:841} WARNING - No viable dags retrieved from /home/oscar_rincon/.pyenv/versions/3.10.6/envs/oscar_rincon/lib/python3.10/site-packages/airflow/example_dags/plugins/event_listener.py
[2023-10-28T19:30:09.536-0500] {processor.py:179} INFO - Processing /home/oscar_rincon/.pyenv/versions/3.10.6/envs/oscar_rincon/lib/python3.10/site-packages/airflow/example_dags/plugins/event_listener.py took 0.014 seconds
[2023-10-28T19:32:30.007-0500] {processor.py:157} INFO - Started process (PID=81503) to work on /home/oscar_rincon/.pyenv/versions/3.10.6/envs/oscar_rincon/lib/python3.10/site-packages/airflow/example_dags/plugins/event_listener.py
[2023-10-28T19:32:30.048-0500] {processor.py:829} INFO - Processing file /home/oscar_rincon/.pyenv/versions/3.10.6/envs/oscar_rincon/lib/python3.10/site-packages/airflow/example_dags/plugins/event_listener.py for tasks to queue
[2023-10-28T19:32:30.050-0500] {logging_mixin.py:151} INFO - [2023-10-28T19:32:30.049-0500] {dagbag.py:539} INFO - Filling up the DagBag from /home/oscar_rincon/.pyenv/versions/3.10.6/envs/oscar_rincon/lib/python3.10/site-packages/airflow/example_dags/plugins/event_listener.py
[2023-10-28T19:32:30.053-0500] {processor.py:841} WARNING - No viable dags retrieved from /home/oscar_rincon/.pyenv/versions/3.10.6/envs/oscar_rincon/lib/python3.10/site-packages/airflow/example_dags/plugins/event_listener.py
[2023-10-28T19:32:30.062-0500] {processor.py:179} INFO - Processing /home/oscar_rincon/.pyenv/versions/3.10.6/envs/oscar_rincon/lib/python3.10/site-packages/airflow/example_dags/plugins/event_listener.py took 0.056 seconds
