[2023-10-28T19:17:56.002-0500] {processor.py:157} INFO - Started process (PID=77329) to work on /home/oscar_rincon/.pyenv/versions/3.10.6/envs/oscar_rincon/lib/python3.10/site-packages/airflow/example_dags/plugins/listener_plugin.py
[2023-10-28T19:17:56.003-0500] {processor.py:829} INFO - Processing file /home/oscar_rincon/.pyenv/versions/3.10.6/envs/oscar_rincon/lib/python3.10/site-packages/airflow/example_dags/plugins/listener_plugin.py for tasks to queue
[2023-10-28T19:17:56.004-0500] {logging_mixin.py:151} INFO - [2023-10-28T19:17:56.004-0500] {dagbag.py:539} INFO - Filling up the DagBag from /home/oscar_rincon/.pyenv/versions/3.10.6/envs/oscar_rincon/lib/python3.10/site-packages/airflow/example_dags/plugins/listener_plugin.py
[2023-10-28T19:17:56.006-0500] {processor.py:841} WARNING - No viable dags retrieved from /home/oscar_rincon/.pyenv/versions/3.10.6/envs/oscar_rincon/lib/python3.10/site-packages/airflow/example_dags/plugins/listener_plugin.py
[2023-10-28T19:17:56.019-0500] {processor.py:179} INFO - Processing /home/oscar_rincon/.pyenv/versions/3.10.6/envs/oscar_rincon/lib/python3.10/site-packages/airflow/example_dags/plugins/listener_plugin.py took 0.022 seconds
[2023-10-28T19:18:47.487-0500] {processor.py:157} INFO - Started process (PID=77539) to work on /home/oscar_rincon/.pyenv/versions/3.10.6/envs/oscar_rincon/lib/python3.10/site-packages/airflow/example_dags/plugins/listener_plugin.py
[2023-10-28T19:18:47.489-0500] {processor.py:829} INFO - Processing file /home/oscar_rincon/.pyenv/versions/3.10.6/envs/oscar_rincon/lib/python3.10/site-packages/airflow/example_dags/plugins/listener_plugin.py for tasks to queue
[2023-10-28T19:18:47.490-0500] {logging_mixin.py:151} INFO - [2023-10-28T19:18:47.490-0500] {dagbag.py:539} INFO - Filling up the DagBag from /home/oscar_rincon/.pyenv/versions/3.10.6/envs/oscar_rincon/lib/python3.10/site-packages/airflow/example_dags/plugins/listener_plugin.py
[2023-10-28T19:18:47.492-0500] {processor.py:841} WARNING - No viable dags retrieved from /home/oscar_rincon/.pyenv/versions/3.10.6/envs/oscar_rincon/lib/python3.10/site-packages/airflow/example_dags/plugins/listener_plugin.py
[2023-10-28T19:18:47.501-0500] {processor.py:179} INFO - Processing /home/oscar_rincon/.pyenv/versions/3.10.6/envs/oscar_rincon/lib/python3.10/site-packages/airflow/example_dags/plugins/listener_plugin.py took 0.016 seconds
[2023-10-28T19:19:46.800-0500] {processor.py:157} INFO - Started process (PID=77926) to work on /home/oscar_rincon/.pyenv/versions/3.10.6/envs/oscar_rincon/lib/python3.10/site-packages/airflow/example_dags/plugins/listener_plugin.py
[2023-10-28T19:19:46.841-0500] {processor.py:829} INFO - Processing file /home/oscar_rincon/.pyenv/versions/3.10.6/envs/oscar_rincon/lib/python3.10/site-packages/airflow/example_dags/plugins/listener_plugin.py for tasks to queue
[2023-10-28T19:19:46.842-0500] {logging_mixin.py:151} INFO - [2023-10-28T19:19:46.842-0500] {dagbag.py:539} INFO - Filling up the DagBag from /home/oscar_rincon/.pyenv/versions/3.10.6/envs/oscar_rincon/lib/python3.10/site-packages/airflow/example_dags/plugins/listener_plugin.py
[2023-10-28T19:19:46.846-0500] {processor.py:841} WARNING - No viable dags retrieved from /home/oscar_rincon/.pyenv/versions/3.10.6/envs/oscar_rincon/lib/python3.10/site-packages/airflow/example_dags/plugins/listener_plugin.py
[2023-10-28T19:19:46.854-0500] {processor.py:179} INFO - Processing /home/oscar_rincon/.pyenv/versions/3.10.6/envs/oscar_rincon/lib/python3.10/site-packages/airflow/example_dags/plugins/listener_plugin.py took 0.056 seconds
[2023-10-28T19:28:36.794-0500] {processor.py:157} INFO - Started process (PID=80632) to work on /home/oscar_rincon/.pyenv/versions/3.10.6/envs/oscar_rincon/lib/python3.10/site-packages/airflow/example_dags/plugins/listener_plugin.py
[2023-10-28T19:28:36.835-0500] {processor.py:829} INFO - Processing file /home/oscar_rincon/.pyenv/versions/3.10.6/envs/oscar_rincon/lib/python3.10/site-packages/airflow/example_dags/plugins/listener_plugin.py for tasks to queue
[2023-10-28T19:28:36.837-0500] {logging_mixin.py:151} INFO - [2023-10-28T19:28:36.836-0500] {dagbag.py:539} INFO - Filling up the DagBag from /home/oscar_rincon/.pyenv/versions/3.10.6/envs/oscar_rincon/lib/python3.10/site-packages/airflow/example_dags/plugins/listener_plugin.py
[2023-10-28T19:28:36.842-0500] {processor.py:841} WARNING - No viable dags retrieved from /home/oscar_rincon/.pyenv/versions/3.10.6/envs/oscar_rincon/lib/python3.10/site-packages/airflow/example_dags/plugins/listener_plugin.py
[2023-10-28T19:28:36.850-0500] {processor.py:179} INFO - Processing /home/oscar_rincon/.pyenv/versions/3.10.6/envs/oscar_rincon/lib/python3.10/site-packages/airflow/example_dags/plugins/listener_plugin.py took 0.058 seconds
[2023-10-28T19:29:24.267-0500] {processor.py:157} INFO - Started process (PID=80788) to work on /home/oscar_rincon/.pyenv/versions/3.10.6/envs/oscar_rincon/lib/python3.10/site-packages/airflow/example_dags/plugins/listener_plugin.py
[2023-10-28T19:29:24.270-0500] {processor.py:829} INFO - Processing file /home/oscar_rincon/.pyenv/versions/3.10.6/envs/oscar_rincon/lib/python3.10/site-packages/airflow/example_dags/plugins/listener_plugin.py for tasks to queue
[2023-10-28T19:29:24.271-0500] {logging_mixin.py:151} INFO - [2023-10-28T19:29:24.270-0500] {dagbag.py:539} INFO - Filling up the DagBag from /home/oscar_rincon/.pyenv/versions/3.10.6/envs/oscar_rincon/lib/python3.10/site-packages/airflow/example_dags/plugins/listener_plugin.py
[2023-10-28T19:29:24.275-0500] {processor.py:841} WARNING - No viable dags retrieved from /home/oscar_rincon/.pyenv/versions/3.10.6/envs/oscar_rincon/lib/python3.10/site-packages/airflow/example_dags/plugins/listener_plugin.py
[2023-10-28T19:29:24.286-0500] {processor.py:179} INFO - Processing /home/oscar_rincon/.pyenv/versions/3.10.6/envs/oscar_rincon/lib/python3.10/site-packages/airflow/example_dags/plugins/listener_plugin.py took 0.021 seconds
[2023-10-28T19:30:11.264-0500] {processor.py:157} INFO - Started process (PID=80906) to work on /home/oscar_rincon/.pyenv/versions/3.10.6/envs/oscar_rincon/lib/python3.10/site-packages/airflow/example_dags/plugins/listener_plugin.py
[2023-10-28T19:30:11.265-0500] {processor.py:829} INFO - Processing file /home/oscar_rincon/.pyenv/versions/3.10.6/envs/oscar_rincon/lib/python3.10/site-packages/airflow/example_dags/plugins/listener_plugin.py for tasks to queue
[2023-10-28T19:30:11.266-0500] {logging_mixin.py:151} INFO - [2023-10-28T19:30:11.265-0500] {dagbag.py:539} INFO - Filling up the DagBag from /home/oscar_rincon/.pyenv/versions/3.10.6/envs/oscar_rincon/lib/python3.10/site-packages/airflow/example_dags/plugins/listener_plugin.py
[2023-10-28T19:30:11.268-0500] {processor.py:841} WARNING - No viable dags retrieved from /home/oscar_rincon/.pyenv/versions/3.10.6/envs/oscar_rincon/lib/python3.10/site-packages/airflow/example_dags/plugins/listener_plugin.py
[2023-10-28T19:30:11.276-0500] {processor.py:179} INFO - Processing /home/oscar_rincon/.pyenv/versions/3.10.6/envs/oscar_rincon/lib/python3.10/site-packages/airflow/example_dags/plugins/listener_plugin.py took 0.015 seconds
