[2023-10-28T19:17:54.406-0500] {processor.py:157} INFO - Started process (PID=77320) to work on /home/oscar_rincon/.pyenv/versions/3.10.6/envs/oscar_rincon/lib/python3.10/site-packages/airflow/example_dags/plugins/workday.py
[2023-10-28T19:17:54.407-0500] {processor.py:829} INFO - Processing file /home/oscar_rincon/.pyenv/versions/3.10.6/envs/oscar_rincon/lib/python3.10/site-packages/airflow/example_dags/plugins/workday.py for tasks to queue
[2023-10-28T19:17:54.408-0500] {logging_mixin.py:151} INFO - [2023-10-28T19:17:54.407-0500] {dagbag.py:539} INFO - Filling up the DagBag from /home/oscar_rincon/.pyenv/versions/3.10.6/envs/oscar_rincon/lib/python3.10/site-packages/airflow/example_dags/plugins/workday.py
[2023-10-28T19:17:54.893-0500] {processor.py:841} WARNING - No viable dags retrieved from /home/oscar_rincon/.pyenv/versions/3.10.6/envs/oscar_rincon/lib/python3.10/site-packages/airflow/example_dags/plugins/workday.py
[2023-10-28T19:17:54.899-0500] {processor.py:179} INFO - Processing /home/oscar_rincon/.pyenv/versions/3.10.6/envs/oscar_rincon/lib/python3.10/site-packages/airflow/example_dags/plugins/workday.py took 0.495 seconds
[2023-10-28T19:18:46.376-0500] {processor.py:157} INFO - Started process (PID=77530) to work on /home/oscar_rincon/.pyenv/versions/3.10.6/envs/oscar_rincon/lib/python3.10/site-packages/airflow/example_dags/plugins/workday.py
[2023-10-28T19:18:46.380-0500] {processor.py:829} INFO - Processing file /home/oscar_rincon/.pyenv/versions/3.10.6/envs/oscar_rincon/lib/python3.10/site-packages/airflow/example_dags/plugins/workday.py for tasks to queue
[2023-10-28T19:18:46.381-0500] {logging_mixin.py:151} INFO - [2023-10-28T19:18:46.381-0500] {dagbag.py:539} INFO - Filling up the DagBag from /home/oscar_rincon/.pyenv/versions/3.10.6/envs/oscar_rincon/lib/python3.10/site-packages/airflow/example_dags/plugins/workday.py
[2023-10-28T19:18:46.887-0500] {processor.py:841} WARNING - No viable dags retrieved from /home/oscar_rincon/.pyenv/versions/3.10.6/envs/oscar_rincon/lib/python3.10/site-packages/airflow/example_dags/plugins/workday.py
[2023-10-28T19:18:46.894-0500] {processor.py:179} INFO - Processing /home/oscar_rincon/.pyenv/versions/3.10.6/envs/oscar_rincon/lib/python3.10/site-packages/airflow/example_dags/plugins/workday.py took 0.521 seconds
[2023-10-28T19:19:45.201-0500] {processor.py:157} INFO - Started process (PID=77917) to work on /home/oscar_rincon/.pyenv/versions/3.10.6/envs/oscar_rincon/lib/python3.10/site-packages/airflow/example_dags/plugins/workday.py
[2023-10-28T19:19:45.241-0500] {processor.py:829} INFO - Processing file /home/oscar_rincon/.pyenv/versions/3.10.6/envs/oscar_rincon/lib/python3.10/site-packages/airflow/example_dags/plugins/workday.py for tasks to queue
[2023-10-28T19:19:45.243-0500] {logging_mixin.py:151} INFO - [2023-10-28T19:19:45.242-0500] {dagbag.py:539} INFO - Filling up the DagBag from /home/oscar_rincon/.pyenv/versions/3.10.6/envs/oscar_rincon/lib/python3.10/site-packages/airflow/example_dags/plugins/workday.py
[2023-10-28T19:19:45.642-0500] {processor.py:841} WARNING - No viable dags retrieved from /home/oscar_rincon/.pyenv/versions/3.10.6/envs/oscar_rincon/lib/python3.10/site-packages/airflow/example_dags/plugins/workday.py
[2023-10-28T19:19:45.647-0500] {processor.py:179} INFO - Processing /home/oscar_rincon/.pyenv/versions/3.10.6/envs/oscar_rincon/lib/python3.10/site-packages/airflow/example_dags/plugins/workday.py took 0.449 seconds
[2023-10-28T19:28:35.194-0500] {processor.py:157} INFO - Started process (PID=80623) to work on /home/oscar_rincon/.pyenv/versions/3.10.6/envs/oscar_rincon/lib/python3.10/site-packages/airflow/example_dags/plugins/workday.py
[2023-10-28T19:28:35.196-0500] {processor.py:829} INFO - Processing file /home/oscar_rincon/.pyenv/versions/3.10.6/envs/oscar_rincon/lib/python3.10/site-packages/airflow/example_dags/plugins/workday.py for tasks to queue
[2023-10-28T19:28:35.197-0500] {logging_mixin.py:151} INFO - [2023-10-28T19:28:35.197-0500] {dagbag.py:539} INFO - Filling up the DagBag from /home/oscar_rincon/.pyenv/versions/3.10.6/envs/oscar_rincon/lib/python3.10/site-packages/airflow/example_dags/plugins/workday.py
[2023-10-28T19:28:35.598-0500] {processor.py:841} WARNING - No viable dags retrieved from /home/oscar_rincon/.pyenv/versions/3.10.6/envs/oscar_rincon/lib/python3.10/site-packages/airflow/example_dags/plugins/workday.py
[2023-10-28T19:28:35.604-0500] {processor.py:179} INFO - Processing /home/oscar_rincon/.pyenv/versions/3.10.6/envs/oscar_rincon/lib/python3.10/site-packages/airflow/example_dags/plugins/workday.py took 0.412 seconds
[2023-10-28T19:29:22.581-0500] {processor.py:157} INFO - Started process (PID=80773) to work on /home/oscar_rincon/.pyenv/versions/3.10.6/envs/oscar_rincon/lib/python3.10/site-packages/airflow/example_dags/plugins/workday.py
[2023-10-28T19:29:22.583-0500] {processor.py:829} INFO - Processing file /home/oscar_rincon/.pyenv/versions/3.10.6/envs/oscar_rincon/lib/python3.10/site-packages/airflow/example_dags/plugins/workday.py for tasks to queue
[2023-10-28T19:29:22.584-0500] {logging_mixin.py:151} INFO - [2023-10-28T19:29:22.584-0500] {dagbag.py:539} INFO - Filling up the DagBag from /home/oscar_rincon/.pyenv/versions/3.10.6/envs/oscar_rincon/lib/python3.10/site-packages/airflow/example_dags/plugins/workday.py
[2023-10-28T19:29:23.149-0500] {processor.py:841} WARNING - No viable dags retrieved from /home/oscar_rincon/.pyenv/versions/3.10.6/envs/oscar_rincon/lib/python3.10/site-packages/airflow/example_dags/plugins/workday.py
[2023-10-28T19:29:23.155-0500] {processor.py:179} INFO - Processing /home/oscar_rincon/.pyenv/versions/3.10.6/envs/oscar_rincon/lib/python3.10/site-packages/airflow/example_dags/plugins/workday.py took 0.579 seconds
[2023-10-28T19:30:10.000-0500] {processor.py:157} INFO - Started process (PID=80897) to work on /home/oscar_rincon/.pyenv/versions/3.10.6/envs/oscar_rincon/lib/python3.10/site-packages/airflow/example_dags/plugins/workday.py
[2023-10-28T19:30:10.002-0500] {processor.py:829} INFO - Processing file /home/oscar_rincon/.pyenv/versions/3.10.6/envs/oscar_rincon/lib/python3.10/site-packages/airflow/example_dags/plugins/workday.py for tasks to queue
[2023-10-28T19:30:10.003-0500] {logging_mixin.py:151} INFO - [2023-10-28T19:30:10.003-0500] {dagbag.py:539} INFO - Filling up the DagBag from /home/oscar_rincon/.pyenv/versions/3.10.6/envs/oscar_rincon/lib/python3.10/site-packages/airflow/example_dags/plugins/workday.py
[2023-10-28T19:30:10.517-0500] {processor.py:841} WARNING - No viable dags retrieved from /home/oscar_rincon/.pyenv/versions/3.10.6/envs/oscar_rincon/lib/python3.10/site-packages/airflow/example_dags/plugins/workday.py
[2023-10-28T19:30:10.528-0500] {processor.py:179} INFO - Processing /home/oscar_rincon/.pyenv/versions/3.10.6/envs/oscar_rincon/lib/python3.10/site-packages/airflow/example_dags/plugins/workday.py took 0.530 seconds
