[2023-10-31T16:55:15.889-0500] {taskinstance.py:1087} INFO - Dependencies all met for <TaskInstance: Python_Operator.python_saludo scheduled__2023-10-31T00:00:00+00:00 [queued]>
[2023-10-31T16:55:15.903-0500] {taskinstance.py:1087} INFO - Dependencies all met for <TaskInstance: Python_Operator.python_saludo scheduled__2023-10-31T00:00:00+00:00 [queued]>
[2023-10-31T16:55:15.903-0500] {taskinstance.py:1283} INFO - 
--------------------------------------------------------------------------------
[2023-10-31T16:55:15.903-0500] {taskinstance.py:1284} INFO - Starting attempt 1 of 1
[2023-10-31T16:55:15.903-0500] {taskinstance.py:1285} INFO - 
--------------------------------------------------------------------------------
[2023-10-31T16:55:15.919-0500] {taskinstance.py:1304} INFO - Executing <Task(PythonOperator): python_saludo> on 2023-10-31 00:00:00+00:00
[2023-10-31T16:55:15.923-0500] {standard_task_runner.py:55} INFO - Started process 411947 to run task
[2023-10-31T16:55:15.927-0500] {standard_task_runner.py:82} INFO - Running: ['***', 'tasks', 'run', 'Python_Operator', 'python_saludo', 'scheduled__2023-10-31T00:00:00+00:00', '--job-id', '21', '--raw', '--subdir', 'DAGS_FOLDER/pythonoperator.py', '--cfg-path', '/tmp/tmp7y2hv7w6']
[2023-10-31T16:55:15.929-0500] {standard_task_runner.py:83} INFO - Job 21: Subtask python_saludo
[2023-10-31T16:55:16.101-0500] {task_command.py:389} INFO - Running <TaskInstance: Python_Operator.python_saludo scheduled__2023-10-31T00:00:00+00:00 [running]> on host DESKTOP-D8R6NL8.
[2023-10-31T16:55:16.215-0500] {taskinstance.py:1511} INFO - Exporting the following env vars:
AIRFLOW_CTX_DAG_OWNER=***
AIRFLOW_CTX_DAG_ID=Python_Operator
AIRFLOW_CTX_TASK_ID=python_saludo
AIRFLOW_CTX_EXECUTION_DATE=2023-10-31T00:00:00+00:00
AIRFLOW_CTX_TRY_NUMBER=1
AIRFLOW_CTX_DAG_RUN_ID=scheduled__2023-10-31T00:00:00+00:00
[2023-10-31T16:55:16.216-0500] {logging_mixin.py:137} INFO - Hola Clase de Intro a la Ingeniería de ml learning
[2023-10-31T16:55:16.217-0500] {python.py:177} INFO - Done. Returned value was: None
[2023-10-31T16:55:16.242-0500] {taskinstance.py:1322} INFO - Marking task as SUCCESS. dag_id=Python_Operator, task_id=python_saludo, execution_date=20231031T000000, start_date=20231031T215515, end_date=20231031T215516
[2023-10-31T16:55:16.299-0500] {local_task_job.py:159} INFO - Task exited with return code 0
[2023-10-31T16:55:16.326-0500] {taskinstance.py:2582} INFO - 0 downstream tasks scheduled from follow-on schedule check
