[2023-10-31T17:06:36.424-0500] {taskinstance.py:1087} INFO - Dependencies all met for <TaskInstance: Dependencies_Operator.task_3 scheduled__2023-10-31T00:00:00+00:00 [queued]>
[2023-10-31T17:06:36.438-0500] {taskinstance.py:1087} INFO - Dependencies all met for <TaskInstance: Dependencies_Operator.task_3 scheduled__2023-10-31T00:00:00+00:00 [queued]>
[2023-10-31T17:06:36.438-0500] {taskinstance.py:1283} INFO - 
--------------------------------------------------------------------------------
[2023-10-31T17:06:36.438-0500] {taskinstance.py:1284} INFO - Starting attempt 1 of 1
[2023-10-31T17:06:36.438-0500] {taskinstance.py:1285} INFO - 
--------------------------------------------------------------------------------
[2023-10-31T17:06:36.454-0500] {taskinstance.py:1304} INFO - Executing <Task(BashOperator): task_3> on 2023-10-31 00:00:00+00:00
[2023-10-31T17:06:36.459-0500] {standard_task_runner.py:55} INFO - Started process 421204 to run task
[2023-10-31T17:06:36.463-0500] {standard_task_runner.py:82} INFO - Running: ['***', 'tasks', 'run', 'Dependencies_Operator', 'task_3', 'scheduled__2023-10-31T00:00:00+00:00', '--job-id', '28', '--raw', '--subdir', 'DAGS_FOLDER/dependencias.py', '--cfg-path', '/tmp/tmpqv98sxe9']
[2023-10-31T17:06:36.466-0500] {standard_task_runner.py:83} INFO - Job 28: Subtask task_3
[2023-10-31T17:06:36.593-0500] {task_command.py:389} INFO - Running <TaskInstance: Dependencies_Operator.task_3 scheduled__2023-10-31T00:00:00+00:00 [running]> on host DESKTOP-D8R6NL8.
[2023-10-31T17:06:36.692-0500] {taskinstance.py:1511} INFO - Exporting the following env vars:
AIRFLOW_CTX_DAG_OWNER=***
AIRFLOW_CTX_DAG_ID=Dependencies_Operator
AIRFLOW_CTX_TASK_ID=task_3
AIRFLOW_CTX_EXECUTION_DATE=2023-10-31T00:00:00+00:00
AIRFLOW_CTX_TRY_NUMBER=1
AIRFLOW_CTX_DAG_RUN_ID=scheduled__2023-10-31T00:00:00+00:00
[2023-10-31T17:06:36.693-0500] {subprocess.py:63} INFO - Tmp dir root location: 
 /tmp
[2023-10-31T17:06:36.694-0500] {subprocess.py:75} INFO - Running command: ['/bin/bash', '-c', 'echo "Hola Mundo en MLOps tarea 3"']
[2023-10-31T17:06:36.703-0500] {subprocess.py:86} INFO - Output:
[2023-10-31T17:06:36.704-0500] {subprocess.py:93} INFO - Hola Mundo en MLOps tarea 3
[2023-10-31T17:06:36.704-0500] {subprocess.py:97} INFO - Command exited with return code 0
[2023-10-31T17:06:36.764-0500] {taskinstance.py:1322} INFO - Marking task as SUCCESS. dag_id=Dependencies_Operator, task_id=task_3, execution_date=20231031T000000, start_date=20231031T220636, end_date=20231031T220636
[2023-10-31T17:06:36.795-0500] {local_task_job.py:159} INFO - Task exited with return code 0
[2023-10-31T17:06:36.825-0500] {taskinstance.py:2582} INFO - 0 downstream tasks scheduled from follow-on schedule check
