[2023-10-28T19:18:30.788-0500] {processor.py:157} INFO - Started process (PID=77514) to work on /home/oscar_rincon/.pyenv/versions/3.10.6/envs/oscar_rincon/lib/python3.10/site-packages/airflow/example_dags/example_latest_only_with_trigger.py
[2023-10-28T19:18:30.789-0500] {processor.py:829} INFO - Processing file /home/oscar_rincon/.pyenv/versions/3.10.6/envs/oscar_rincon/lib/python3.10/site-packages/airflow/example_dags/example_latest_only_with_trigger.py for tasks to queue
[2023-10-28T19:18:30.789-0500] {logging_mixin.py:151} INFO - [2023-10-28T19:18:30.789-0500] {dagbag.py:539} INFO - Filling up the DagBag from /home/oscar_rincon/.pyenv/versions/3.10.6/envs/oscar_rincon/lib/python3.10/site-packages/airflow/example_dags/example_latest_only_with_trigger.py
[2023-10-28T19:18:30.795-0500] {processor.py:839} INFO - DAG(s) dict_keys(['latest_only_with_trigger']) retrieved from /home/oscar_rincon/.pyenv/versions/3.10.6/envs/oscar_rincon/lib/python3.10/site-packages/airflow/example_dags/example_latest_only_with_trigger.py
[2023-10-28T19:18:30.926-0500] {logging_mixin.py:151} INFO - [2023-10-28T19:18:30.926-0500] {manager.py:499} INFO - Created Permission View: %s
[2023-10-28T19:18:30.941-0500] {logging_mixin.py:151} INFO - [2023-10-28T19:18:30.941-0500] {manager.py:499} INFO - Created Permission View: %s
[2023-10-28T19:18:30.951-0500] {logging_mixin.py:151} INFO - [2023-10-28T19:18:30.951-0500] {manager.py:499} INFO - Created Permission View: %s
[2023-10-28T19:18:30.952-0500] {logging_mixin.py:151} INFO - [2023-10-28T19:18:30.952-0500] {security.py:708} INFO - Not syncing DAG-level permissions for DAG 'DAG:latest_only_with_trigger' as access control is unset.
[2023-10-28T19:18:30.952-0500] {logging_mixin.py:151} INFO - [2023-10-28T19:18:30.952-0500] {dag.py:2915} INFO - Sync 1 DAGs
[2023-10-28T19:18:30.962-0500] {logging_mixin.py:151} INFO - [2023-10-28T19:18:30.962-0500] {dag.py:2937} INFO - Creating ORM DAG for latest_only_with_trigger
[2023-10-28T19:18:30.969-0500] {logging_mixin.py:151} INFO - [2023-10-28T19:18:30.968-0500] {dag.py:3696} INFO - Setting next_dagrun for latest_only_with_trigger to 2023-10-28T20:18:30.968787+00:00, run_after=2023-10-29T00:18:30.968787+00:00
[2023-10-28T19:18:30.991-0500] {processor.py:179} INFO - Processing /home/oscar_rincon/.pyenv/versions/3.10.6/envs/oscar_rincon/lib/python3.10/site-packages/airflow/example_dags/example_latest_only_with_trigger.py took 0.206 seconds
[2023-10-28T19:29:06.042-0500] {processor.py:157} INFO - Started process (PID=80724) to work on /home/oscar_rincon/.pyenv/versions/3.10.6/envs/oscar_rincon/lib/python3.10/site-packages/airflow/example_dags/example_latest_only_with_trigger.py
[2023-10-28T19:29:06.082-0500] {processor.py:829} INFO - Processing file /home/oscar_rincon/.pyenv/versions/3.10.6/envs/oscar_rincon/lib/python3.10/site-packages/airflow/example_dags/example_latest_only_with_trigger.py for tasks to queue
[2023-10-28T19:29:06.084-0500] {logging_mixin.py:151} INFO - [2023-10-28T19:29:06.083-0500] {dagbag.py:539} INFO - Filling up the DagBag from /home/oscar_rincon/.pyenv/versions/3.10.6/envs/oscar_rincon/lib/python3.10/site-packages/airflow/example_dags/example_latest_only_with_trigger.py
[2023-10-28T19:29:06.091-0500] {processor.py:839} INFO - DAG(s) dict_keys(['latest_only_with_trigger']) retrieved from /home/oscar_rincon/.pyenv/versions/3.10.6/envs/oscar_rincon/lib/python3.10/site-packages/airflow/example_dags/example_latest_only_with_trigger.py
[2023-10-28T19:29:06.106-0500] {logging_mixin.py:151} INFO - [2023-10-28T19:29:06.106-0500] {dag.py:2915} INFO - Sync 1 DAGs
[2023-10-28T19:29:06.126-0500] {logging_mixin.py:151} INFO - [2023-10-28T19:29:06.126-0500] {dag.py:3696} INFO - Setting next_dagrun for latest_only_with_trigger to 2023-10-28T20:29:06.126375+00:00, run_after=2023-10-29T00:29:06.126375+00:00
[2023-10-28T19:29:06.151-0500] {processor.py:179} INFO - Processing /home/oscar_rincon/.pyenv/versions/3.10.6/envs/oscar_rincon/lib/python3.10/site-packages/airflow/example_dags/example_latest_only_with_trigger.py took 0.110 seconds
[2023-10-28T19:29:58.311-0500] {processor.py:157} INFO - Started process (PID=80852) to work on /home/oscar_rincon/.pyenv/versions/3.10.6/envs/oscar_rincon/lib/python3.10/site-packages/airflow/example_dags/example_latest_only_with_trigger.py
[2023-10-28T19:29:58.351-0500] {processor.py:829} INFO - Processing file /home/oscar_rincon/.pyenv/versions/3.10.6/envs/oscar_rincon/lib/python3.10/site-packages/airflow/example_dags/example_latest_only_with_trigger.py for tasks to queue
[2023-10-28T19:29:58.353-0500] {logging_mixin.py:151} INFO - [2023-10-28T19:29:58.352-0500] {dagbag.py:539} INFO - Filling up the DagBag from /home/oscar_rincon/.pyenv/versions/3.10.6/envs/oscar_rincon/lib/python3.10/site-packages/airflow/example_dags/example_latest_only_with_trigger.py
[2023-10-28T19:29:58.359-0500] {processor.py:839} INFO - DAG(s) dict_keys(['latest_only_with_trigger']) retrieved from /home/oscar_rincon/.pyenv/versions/3.10.6/envs/oscar_rincon/lib/python3.10/site-packages/airflow/example_dags/example_latest_only_with_trigger.py
[2023-10-28T19:29:58.372-0500] {logging_mixin.py:151} INFO - [2023-10-28T19:29:58.371-0500] {dag.py:2915} INFO - Sync 1 DAGs
[2023-10-28T19:29:58.387-0500] {logging_mixin.py:151} INFO - [2023-10-28T19:29:58.387-0500] {dag.py:3696} INFO - Setting next_dagrun for latest_only_with_trigger to 2023-10-28T20:29:58.386961+00:00, run_after=2023-10-29T00:29:58.386961+00:00
[2023-10-28T19:29:58.409-0500] {processor.py:179} INFO - Processing /home/oscar_rincon/.pyenv/versions/3.10.6/envs/oscar_rincon/lib/python3.10/site-packages/airflow/example_dags/example_latest_only_with_trigger.py took 0.101 seconds
