[2023-10-28T19:18:31.426-0500] {processor.py:157} INFO - Started process (PID=77515) to work on /home/oscar_rincon/.pyenv/versions/3.10.6/envs/oscar_rincon/lib/python3.10/site-packages/airflow/example_dags/example_dag_decorator.py
[2023-10-28T19:18:31.427-0500] {processor.py:829} INFO - Processing file /home/oscar_rincon/.pyenv/versions/3.10.6/envs/oscar_rincon/lib/python3.10/site-packages/airflow/example_dags/example_dag_decorator.py for tasks to queue
[2023-10-28T19:18:31.428-0500] {logging_mixin.py:151} INFO - [2023-10-28T19:18:31.427-0500] {dagbag.py:539} INFO - Filling up the DagBag from /home/oscar_rincon/.pyenv/versions/3.10.6/envs/oscar_rincon/lib/python3.10/site-packages/airflow/example_dags/example_dag_decorator.py
[2023-10-28T19:18:31.491-0500] {processor.py:839} INFO - DAG(s) dict_keys(['example_dag_decorator']) retrieved from /home/oscar_rincon/.pyenv/versions/3.10.6/envs/oscar_rincon/lib/python3.10/site-packages/airflow/example_dags/example_dag_decorator.py
[2023-10-28T19:18:31.634-0500] {logging_mixin.py:151} INFO - [2023-10-28T19:18:31.633-0500] {manager.py:499} INFO - Created Permission View: %s
[2023-10-28T19:18:31.654-0500] {logging_mixin.py:151} INFO - [2023-10-28T19:18:31.654-0500] {manager.py:499} INFO - Created Permission View: %s
[2023-10-28T19:18:31.664-0500] {logging_mixin.py:151} INFO - [2023-10-28T19:18:31.664-0500] {manager.py:499} INFO - Created Permission View: %s
[2023-10-28T19:18:31.665-0500] {logging_mixin.py:151} INFO - [2023-10-28T19:18:31.664-0500] {security.py:708} INFO - Not syncing DAG-level permissions for DAG 'DAG:example_dag_decorator' as access control is unset.
[2023-10-28T19:18:31.665-0500] {logging_mixin.py:151} INFO - [2023-10-28T19:18:31.665-0500] {dag.py:2915} INFO - Sync 1 DAGs
[2023-10-28T19:18:31.674-0500] {logging_mixin.py:151} INFO - [2023-10-28T19:18:31.674-0500] {dag.py:2937} INFO - Creating ORM DAG for example_dag_decorator
[2023-10-28T19:18:31.674-0500] {logging_mixin.py:151} INFO - [2023-10-28T19:18:31.674-0500] {dag.py:3696} INFO - Setting next_dagrun for example_dag_decorator to None, run_after=None
[2023-10-28T19:18:31.700-0500] {processor.py:179} INFO - Processing /home/oscar_rincon/.pyenv/versions/3.10.6/envs/oscar_rincon/lib/python3.10/site-packages/airflow/example_dags/example_dag_decorator.py took 0.276 seconds
[2023-10-28T19:29:06.967-0500] {processor.py:157} INFO - Started process (PID=80725) to work on /home/oscar_rincon/.pyenv/versions/3.10.6/envs/oscar_rincon/lib/python3.10/site-packages/airflow/example_dags/example_dag_decorator.py
[2023-10-28T19:29:07.008-0500] {processor.py:829} INFO - Processing file /home/oscar_rincon/.pyenv/versions/3.10.6/envs/oscar_rincon/lib/python3.10/site-packages/airflow/example_dags/example_dag_decorator.py for tasks to queue
[2023-10-28T19:29:07.009-0500] {logging_mixin.py:151} INFO - [2023-10-28T19:29:07.009-0500] {dagbag.py:539} INFO - Filling up the DagBag from /home/oscar_rincon/.pyenv/versions/3.10.6/envs/oscar_rincon/lib/python3.10/site-packages/airflow/example_dags/example_dag_decorator.py
[2023-10-28T19:29:07.086-0500] {processor.py:839} INFO - DAG(s) dict_keys(['example_dag_decorator']) retrieved from /home/oscar_rincon/.pyenv/versions/3.10.6/envs/oscar_rincon/lib/python3.10/site-packages/airflow/example_dags/example_dag_decorator.py
[2023-10-28T19:29:07.180-0500] {logging_mixin.py:151} INFO - [2023-10-28T19:29:07.180-0500] {security.py:708} INFO - Not syncing DAG-level permissions for DAG 'DAG:example_dag_decorator' as access control is unset.
[2023-10-28T19:29:07.180-0500] {logging_mixin.py:151} INFO - [2023-10-28T19:29:07.180-0500] {dag.py:2915} INFO - Sync 1 DAGs
[2023-10-28T19:29:07.190-0500] {logging_mixin.py:151} INFO - [2023-10-28T19:29:07.190-0500] {dag.py:3696} INFO - Setting next_dagrun for example_dag_decorator to None, run_after=None
[2023-10-28T19:29:07.215-0500] {processor.py:179} INFO - Processing /home/oscar_rincon/.pyenv/versions/3.10.6/envs/oscar_rincon/lib/python3.10/site-packages/airflow/example_dags/example_dag_decorator.py took 0.252 seconds
[2023-10-28T19:29:59.493-0500] {processor.py:157} INFO - Started process (PID=80853) to work on /home/oscar_rincon/.pyenv/versions/3.10.6/envs/oscar_rincon/lib/python3.10/site-packages/airflow/example_dags/example_dag_decorator.py
[2023-10-28T19:29:59.495-0500] {processor.py:829} INFO - Processing file /home/oscar_rincon/.pyenv/versions/3.10.6/envs/oscar_rincon/lib/python3.10/site-packages/airflow/example_dags/example_dag_decorator.py for tasks to queue
[2023-10-28T19:29:59.496-0500] {logging_mixin.py:151} INFO - [2023-10-28T19:29:59.496-0500] {dagbag.py:539} INFO - Filling up the DagBag from /home/oscar_rincon/.pyenv/versions/3.10.6/envs/oscar_rincon/lib/python3.10/site-packages/airflow/example_dags/example_dag_decorator.py
[2023-10-28T19:29:59.548-0500] {processor.py:839} INFO - DAG(s) dict_keys(['example_dag_decorator']) retrieved from /home/oscar_rincon/.pyenv/versions/3.10.6/envs/oscar_rincon/lib/python3.10/site-packages/airflow/example_dags/example_dag_decorator.py
[2023-10-28T19:29:59.617-0500] {logging_mixin.py:151} INFO - [2023-10-28T19:29:59.617-0500] {security.py:708} INFO - Not syncing DAG-level permissions for DAG 'DAG:example_dag_decorator' as access control is unset.
[2023-10-28T19:29:59.617-0500] {logging_mixin.py:151} INFO - [2023-10-28T19:29:59.617-0500] {dag.py:2915} INFO - Sync 1 DAGs
[2023-10-28T19:29:59.625-0500] {logging_mixin.py:151} INFO - [2023-10-28T19:29:59.625-0500] {dag.py:3696} INFO - Setting next_dagrun for example_dag_decorator to None, run_after=None
[2023-10-28T19:29:59.646-0500] {processor.py:179} INFO - Processing /home/oscar_rincon/.pyenv/versions/3.10.6/envs/oscar_rincon/lib/python3.10/site-packages/airflow/example_dags/example_dag_decorator.py took 0.155 seconds
