[2023-10-28T19:18:36.775-0500] {processor.py:157} INFO - Started process (PID=77520) to work on /home/oscar_rincon/.pyenv/versions/3.10.6/envs/oscar_rincon/lib/python3.10/site-packages/airflow/example_dags/example_datasets.py
[2023-10-28T19:18:36.776-0500] {processor.py:829} INFO - Processing file /home/oscar_rincon/.pyenv/versions/3.10.6/envs/oscar_rincon/lib/python3.10/site-packages/airflow/example_dags/example_datasets.py for tasks to queue
[2023-10-28T19:18:36.777-0500] {logging_mixin.py:151} INFO - [2023-10-28T19:18:36.777-0500] {dagbag.py:539} INFO - Filling up the DagBag from /home/oscar_rincon/.pyenv/versions/3.10.6/envs/oscar_rincon/lib/python3.10/site-packages/airflow/example_dags/example_datasets.py
[2023-10-28T19:18:36.785-0500] {processor.py:839} INFO - DAG(s) dict_keys(['dataset_consumes_1_and_2', 'dataset_consumes_1', 'dataset_produces_1', 'dataset_produces_2', 'dataset_consumes_1_never_scheduled', 'dataset_consumes_unknown_never_scheduled']) retrieved from /home/oscar_rincon/.pyenv/versions/3.10.6/envs/oscar_rincon/lib/python3.10/site-packages/airflow/example_dags/example_datasets.py
[2023-10-28T19:18:36.919-0500] {logging_mixin.py:151} INFO - [2023-10-28T19:18:36.918-0500] {manager.py:499} INFO - Created Permission View: %s
[2023-10-28T19:18:36.936-0500] {logging_mixin.py:151} INFO - [2023-10-28T19:18:36.936-0500] {manager.py:499} INFO - Created Permission View: %s
[2023-10-28T19:18:36.949-0500] {logging_mixin.py:151} INFO - [2023-10-28T19:18:36.949-0500] {manager.py:499} INFO - Created Permission View: %s
[2023-10-28T19:18:36.949-0500] {logging_mixin.py:151} INFO - [2023-10-28T19:18:36.949-0500] {security.py:708} INFO - Not syncing DAG-level permissions for DAG 'DAG:dataset_consumes_1_and_2' as access control is unset.
[2023-10-28T19:18:36.972-0500] {logging_mixin.py:151} INFO - [2023-10-28T19:18:36.972-0500] {manager.py:499} INFO - Created Permission View: %s
[2023-10-28T19:18:36.982-0500] {logging_mixin.py:151} INFO - [2023-10-28T19:18:36.981-0500] {manager.py:499} INFO - Created Permission View: %s
[2023-10-28T19:18:36.991-0500] {logging_mixin.py:151} INFO - [2023-10-28T19:18:36.991-0500] {manager.py:499} INFO - Created Permission View: %s
[2023-10-28T19:18:36.991-0500] {logging_mixin.py:151} INFO - [2023-10-28T19:18:36.991-0500] {security.py:708} INFO - Not syncing DAG-level permissions for DAG 'DAG:dataset_consumes_1' as access control is unset.
[2023-10-28T19:18:37.010-0500] {logging_mixin.py:151} INFO - [2023-10-28T19:18:37.009-0500] {manager.py:499} INFO - Created Permission View: %s
[2023-10-28T19:18:37.019-0500] {logging_mixin.py:151} INFO - [2023-10-28T19:18:37.019-0500] {manager.py:499} INFO - Created Permission View: %s
[2023-10-28T19:18:37.029-0500] {logging_mixin.py:151} INFO - [2023-10-28T19:18:37.029-0500] {manager.py:499} INFO - Created Permission View: %s
[2023-10-28T19:18:37.029-0500] {logging_mixin.py:151} INFO - [2023-10-28T19:18:37.029-0500] {security.py:708} INFO - Not syncing DAG-level permissions for DAG 'DAG:dataset_produces_1' as access control is unset.
[2023-10-28T19:18:37.051-0500] {logging_mixin.py:151} INFO - [2023-10-28T19:18:37.050-0500] {manager.py:499} INFO - Created Permission View: %s
[2023-10-28T19:18:37.059-0500] {logging_mixin.py:151} INFO - [2023-10-28T19:18:37.059-0500] {manager.py:499} INFO - Created Permission View: %s
[2023-10-28T19:18:37.068-0500] {logging_mixin.py:151} INFO - [2023-10-28T19:18:37.068-0500] {manager.py:499} INFO - Created Permission View: %s
[2023-10-28T19:18:37.068-0500] {logging_mixin.py:151} INFO - [2023-10-28T19:18:37.068-0500] {security.py:708} INFO - Not syncing DAG-level permissions for DAG 'DAG:dataset_produces_2' as access control is unset.
[2023-10-28T19:18:37.086-0500] {logging_mixin.py:151} INFO - [2023-10-28T19:18:37.086-0500] {manager.py:499} INFO - Created Permission View: %s
[2023-10-28T19:18:37.094-0500] {logging_mixin.py:151} INFO - [2023-10-28T19:18:37.094-0500] {manager.py:499} INFO - Created Permission View: %s
[2023-10-28T19:18:37.102-0500] {logging_mixin.py:151} INFO - [2023-10-28T19:18:37.102-0500] {manager.py:499} INFO - Created Permission View: %s
[2023-10-28T19:18:37.102-0500] {logging_mixin.py:151} INFO - [2023-10-28T19:18:37.102-0500] {security.py:708} INFO - Not syncing DAG-level permissions for DAG 'DAG:dataset_consumes_1_never_scheduled' as access control is unset.
[2023-10-28T19:18:37.123-0500] {logging_mixin.py:151} INFO - [2023-10-28T19:18:37.122-0500] {manager.py:499} INFO - Created Permission View: %s
[2023-10-28T19:18:37.132-0500] {logging_mixin.py:151} INFO - [2023-10-28T19:18:37.132-0500] {manager.py:499} INFO - Created Permission View: %s
[2023-10-28T19:18:37.140-0500] {logging_mixin.py:151} INFO - [2023-10-28T19:18:37.140-0500] {manager.py:499} INFO - Created Permission View: %s
[2023-10-28T19:18:37.141-0500] {logging_mixin.py:151} INFO - [2023-10-28T19:18:37.141-0500] {security.py:708} INFO - Not syncing DAG-level permissions for DAG 'DAG:dataset_consumes_unknown_never_scheduled' as access control is unset.
[2023-10-28T19:18:37.141-0500] {logging_mixin.py:151} INFO - [2023-10-28T19:18:37.141-0500] {dag.py:2915} INFO - Sync 6 DAGs
[2023-10-28T19:18:37.151-0500] {logging_mixin.py:151} INFO - [2023-10-28T19:18:37.151-0500] {dag.py:2937} INFO - Creating ORM DAG for dataset_consumes_1_and_2
[2023-10-28T19:18:37.152-0500] {logging_mixin.py:151} INFO - [2023-10-28T19:18:37.152-0500] {dag.py:2937} INFO - Creating ORM DAG for dataset_produces_2
[2023-10-28T19:18:37.153-0500] {logging_mixin.py:151} INFO - [2023-10-28T19:18:37.152-0500] {dag.py:2937} INFO - Creating ORM DAG for dataset_produces_1
[2023-10-28T19:18:37.153-0500] {logging_mixin.py:151} INFO - [2023-10-28T19:18:37.153-0500] {dag.py:2937} INFO - Creating ORM DAG for dataset_consumes_unknown_never_scheduled
[2023-10-28T19:18:37.153-0500] {logging_mixin.py:151} INFO - [2023-10-28T19:18:37.153-0500] {dag.py:2937} INFO - Creating ORM DAG for dataset_consumes_1
[2023-10-28T19:18:37.154-0500] {logging_mixin.py:151} INFO - [2023-10-28T19:18:37.154-0500] {dag.py:2937} INFO - Creating ORM DAG for dataset_consumes_1_never_scheduled
[2023-10-28T19:18:37.163-0500] {logging_mixin.py:151} INFO - [2023-10-28T19:18:37.162-0500] {dag.py:3696} INFO - Setting next_dagrun for dataset_consumes_1 to None, run_after=None
[2023-10-28T19:18:37.163-0500] {logging_mixin.py:151} INFO - [2023-10-28T19:18:37.163-0500] {dag.py:3696} INFO - Setting next_dagrun for dataset_consumes_1_and_2 to None, run_after=None
[2023-10-28T19:18:37.164-0500] {logging_mixin.py:151} INFO - [2023-10-28T19:18:37.164-0500] {dag.py:3696} INFO - Setting next_dagrun for dataset_consumes_1_never_scheduled to None, run_after=None
[2023-10-28T19:18:37.164-0500] {logging_mixin.py:151} INFO - [2023-10-28T19:18:37.164-0500] {dag.py:3696} INFO - Setting next_dagrun for dataset_consumes_unknown_never_scheduled to None, run_after=None
[2023-10-28T19:18:37.166-0500] {logging_mixin.py:151} INFO - [2023-10-28T19:18:37.166-0500] {dag.py:3696} INFO - Setting next_dagrun for dataset_produces_1 to 2023-10-28T00:00:00+00:00, run_after=2023-10-29T00:00:00+00:00
[2023-10-28T19:18:37.166-0500] {logging_mixin.py:151} INFO - [2023-10-28T19:18:37.166-0500] {dag.py:3696} INFO - Setting next_dagrun for dataset_produces_2 to None, run_after=None
[2023-10-28T19:18:37.200-0500] {processor.py:179} INFO - Processing /home/oscar_rincon/.pyenv/versions/3.10.6/envs/oscar_rincon/lib/python3.10/site-packages/airflow/example_dags/example_datasets.py took 0.427 seconds
[2023-10-28T19:29:12.317-0500] {processor.py:157} INFO - Started process (PID=80730) to work on /home/oscar_rincon/.pyenv/versions/3.10.6/envs/oscar_rincon/lib/python3.10/site-packages/airflow/example_dags/example_datasets.py
[2023-10-28T19:29:12.320-0500] {processor.py:829} INFO - Processing file /home/oscar_rincon/.pyenv/versions/3.10.6/envs/oscar_rincon/lib/python3.10/site-packages/airflow/example_dags/example_datasets.py for tasks to queue
[2023-10-28T19:29:12.321-0500] {logging_mixin.py:151} INFO - [2023-10-28T19:29:12.321-0500] {dagbag.py:539} INFO - Filling up the DagBag from /home/oscar_rincon/.pyenv/versions/3.10.6/envs/oscar_rincon/lib/python3.10/site-packages/airflow/example_dags/example_datasets.py
[2023-10-28T19:29:12.330-0500] {processor.py:839} INFO - DAG(s) dict_keys(['dataset_produces_2', 'dataset_consumes_1_and_2', 'dataset_consumes_1_never_scheduled', 'dataset_consumes_unknown_never_scheduled', 'dataset_produces_1', 'dataset_consumes_1']) retrieved from /home/oscar_rincon/.pyenv/versions/3.10.6/envs/oscar_rincon/lib/python3.10/site-packages/airflow/example_dags/example_datasets.py
[2023-10-28T19:29:12.356-0500] {logging_mixin.py:151} INFO - [2023-10-28T19:29:12.355-0500] {dag.py:2915} INFO - Sync 6 DAGs
[2023-10-28T19:29:12.374-0500] {logging_mixin.py:151} INFO - [2023-10-28T19:29:12.374-0500] {dag.py:3696} INFO - Setting next_dagrun for dataset_consumes_1 to None, run_after=None
[2023-10-28T19:29:12.377-0500] {logging_mixin.py:151} INFO - [2023-10-28T19:29:12.376-0500] {dag.py:3696} INFO - Setting next_dagrun for dataset_consumes_1_and_2 to None, run_after=None
[2023-10-28T19:29:12.377-0500] {logging_mixin.py:151} INFO - [2023-10-28T19:29:12.377-0500] {dag.py:3696} INFO - Setting next_dagrun for dataset_consumes_1_never_scheduled to None, run_after=None
[2023-10-28T19:29:12.378-0500] {logging_mixin.py:151} INFO - [2023-10-28T19:29:12.378-0500] {dag.py:3696} INFO - Setting next_dagrun for dataset_consumes_unknown_never_scheduled to None, run_after=None
[2023-10-28T19:29:12.380-0500] {logging_mixin.py:151} INFO - [2023-10-28T19:29:12.380-0500] {dag.py:3696} INFO - Setting next_dagrun for dataset_produces_1 to 2023-10-28T00:00:00+00:00, run_after=2023-10-29T00:00:00+00:00
[2023-10-28T19:29:12.381-0500] {logging_mixin.py:151} INFO - [2023-10-28T19:29:12.381-0500] {dag.py:3696} INFO - Setting next_dagrun for dataset_produces_2 to None, run_after=None
[2023-10-28T19:29:12.410-0500] {processor.py:179} INFO - Processing /home/oscar_rincon/.pyenv/versions/3.10.6/envs/oscar_rincon/lib/python3.10/site-packages/airflow/example_dags/example_datasets.py took 0.096 seconds
[2023-10-28T19:30:04.744-0500] {processor.py:157} INFO - Started process (PID=80861) to work on /home/oscar_rincon/.pyenv/versions/3.10.6/envs/oscar_rincon/lib/python3.10/site-packages/airflow/example_dags/example_datasets.py
[2023-10-28T19:30:04.784-0500] {processor.py:829} INFO - Processing file /home/oscar_rincon/.pyenv/versions/3.10.6/envs/oscar_rincon/lib/python3.10/site-packages/airflow/example_dags/example_datasets.py for tasks to queue
[2023-10-28T19:30:04.786-0500] {logging_mixin.py:151} INFO - [2023-10-28T19:30:04.786-0500] {dagbag.py:539} INFO - Filling up the DagBag from /home/oscar_rincon/.pyenv/versions/3.10.6/envs/oscar_rincon/lib/python3.10/site-packages/airflow/example_dags/example_datasets.py
[2023-10-28T19:30:04.797-0500] {processor.py:839} INFO - DAG(s) dict_keys(['dataset_consumes_1_and_2', 'dataset_consumes_unknown_never_scheduled', 'dataset_consumes_1', 'dataset_consumes_1_never_scheduled', 'dataset_produces_2', 'dataset_produces_1']) retrieved from /home/oscar_rincon/.pyenv/versions/3.10.6/envs/oscar_rincon/lib/python3.10/site-packages/airflow/example_dags/example_datasets.py
[2023-10-28T19:30:04.818-0500] {logging_mixin.py:151} INFO - [2023-10-28T19:30:04.818-0500] {dag.py:2915} INFO - Sync 6 DAGs
[2023-10-28T19:30:04.834-0500] {logging_mixin.py:151} INFO - [2023-10-28T19:30:04.834-0500] {dag.py:3696} INFO - Setting next_dagrun for dataset_consumes_1 to None, run_after=None
[2023-10-28T19:30:04.837-0500] {logging_mixin.py:151} INFO - [2023-10-28T19:30:04.837-0500] {dag.py:3696} INFO - Setting next_dagrun for dataset_consumes_1_and_2 to None, run_after=None
[2023-10-28T19:30:04.837-0500] {logging_mixin.py:151} INFO - [2023-10-28T19:30:04.837-0500] {dag.py:3696} INFO - Setting next_dagrun for dataset_consumes_1_never_scheduled to None, run_after=None
[2023-10-28T19:30:04.838-0500] {logging_mixin.py:151} INFO - [2023-10-28T19:30:04.838-0500] {dag.py:3696} INFO - Setting next_dagrun for dataset_consumes_unknown_never_scheduled to None, run_after=None
[2023-10-28T19:30:04.840-0500] {logging_mixin.py:151} INFO - [2023-10-28T19:30:04.840-0500] {dag.py:3696} INFO - Setting next_dagrun for dataset_produces_1 to 2023-10-28T00:00:00+00:00, run_after=2023-10-29T00:00:00+00:00
[2023-10-28T19:30:04.841-0500] {logging_mixin.py:151} INFO - [2023-10-28T19:30:04.841-0500] {dag.py:3696} INFO - Setting next_dagrun for dataset_produces_2 to None, run_after=None
[2023-10-28T19:30:04.870-0500] {processor.py:179} INFO - Processing /home/oscar_rincon/.pyenv/versions/3.10.6/envs/oscar_rincon/lib/python3.10/site-packages/airflow/example_dags/example_datasets.py took 0.128 seconds
