[2023-10-28T19:18:22.181-0500] {processor.py:157} INFO - Started process (PID=77506) to work on /home/oscar_rincon/.pyenv/versions/3.10.6/envs/oscar_rincon/lib/python3.10/site-packages/airflow/example_dags/example_time_delta_sensor_async.py
[2023-10-28T19:18:22.182-0500] {processor.py:829} INFO - Processing file /home/oscar_rincon/.pyenv/versions/3.10.6/envs/oscar_rincon/lib/python3.10/site-packages/airflow/example_dags/example_time_delta_sensor_async.py for tasks to queue
[2023-10-28T19:18:22.183-0500] {logging_mixin.py:151} INFO - [2023-10-28T19:18:22.183-0500] {dagbag.py:539} INFO - Filling up the DagBag from /home/oscar_rincon/.pyenv/versions/3.10.6/envs/oscar_rincon/lib/python3.10/site-packages/airflow/example_dags/example_time_delta_sensor_async.py
[2023-10-28T19:18:22.187-0500] {processor.py:839} INFO - DAG(s) dict_keys(['example_time_delta_sensor_async']) retrieved from /home/oscar_rincon/.pyenv/versions/3.10.6/envs/oscar_rincon/lib/python3.10/site-packages/airflow/example_dags/example_time_delta_sensor_async.py
[2023-10-28T19:18:22.290-0500] {logging_mixin.py:151} INFO - [2023-10-28T19:18:22.290-0500] {manager.py:499} INFO - Created Permission View: %s
[2023-10-28T19:18:22.306-0500] {logging_mixin.py:151} INFO - [2023-10-28T19:18:22.305-0500] {manager.py:499} INFO - Created Permission View: %s
[2023-10-28T19:18:22.317-0500] {logging_mixin.py:151} INFO - [2023-10-28T19:18:22.317-0500] {manager.py:499} INFO - Created Permission View: %s
[2023-10-28T19:18:22.317-0500] {logging_mixin.py:151} INFO - [2023-10-28T19:18:22.317-0500] {security.py:708} INFO - Not syncing DAG-level permissions for DAG 'DAG:example_time_delta_sensor_async' as access control is unset.
[2023-10-28T19:18:22.317-0500] {logging_mixin.py:151} INFO - [2023-10-28T19:18:22.317-0500] {dag.py:2915} INFO - Sync 1 DAGs
[2023-10-28T19:18:22.326-0500] {logging_mixin.py:151} INFO - [2023-10-28T19:18:22.326-0500] {dag.py:2937} INFO - Creating ORM DAG for example_time_delta_sensor_async
[2023-10-28T19:18:22.327-0500] {logging_mixin.py:151} INFO - [2023-10-28T19:18:22.326-0500] {dag.py:3696} INFO - Setting next_dagrun for example_time_delta_sensor_async to None, run_after=None
[2023-10-28T19:18:22.353-0500] {processor.py:179} INFO - Processing /home/oscar_rincon/.pyenv/versions/3.10.6/envs/oscar_rincon/lib/python3.10/site-packages/airflow/example_dags/example_time_delta_sensor_async.py took 0.176 seconds
[2023-10-28T19:19:09.256-0500] {processor.py:157} INFO - Started process (PID=77560) to work on /home/oscar_rincon/.pyenv/versions/3.10.6/envs/oscar_rincon/lib/python3.10/site-packages/airflow/example_dags/example_time_delta_sensor_async.py
[2023-10-28T19:19:09.258-0500] {processor.py:829} INFO - Processing file /home/oscar_rincon/.pyenv/versions/3.10.6/envs/oscar_rincon/lib/python3.10/site-packages/airflow/example_dags/example_time_delta_sensor_async.py for tasks to queue
[2023-10-28T19:19:09.259-0500] {logging_mixin.py:151} INFO - [2023-10-28T19:19:09.258-0500] {dagbag.py:539} INFO - Filling up the DagBag from /home/oscar_rincon/.pyenv/versions/3.10.6/envs/oscar_rincon/lib/python3.10/site-packages/airflow/example_dags/example_time_delta_sensor_async.py
[2023-10-28T19:19:09.264-0500] {processor.py:839} INFO - DAG(s) dict_keys(['example_time_delta_sensor_async']) retrieved from /home/oscar_rincon/.pyenv/versions/3.10.6/envs/oscar_rincon/lib/python3.10/site-packages/airflow/example_dags/example_time_delta_sensor_async.py
[2023-10-28T19:19:09.281-0500] {logging_mixin.py:151} INFO - [2023-10-28T19:19:09.281-0500] {dag.py:2915} INFO - Sync 1 DAGs
[2023-10-28T19:19:09.291-0500] {logging_mixin.py:151} INFO - [2023-10-28T19:19:09.291-0500] {dag.py:3696} INFO - Setting next_dagrun for example_time_delta_sensor_async to None, run_after=None
[2023-10-28T19:19:09.316-0500] {processor.py:179} INFO - Processing /home/oscar_rincon/.pyenv/versions/3.10.6/envs/oscar_rincon/lib/python3.10/site-packages/airflow/example_dags/example_time_delta_sensor_async.py took 0.062 seconds
[2023-10-28T19:28:57.713-0500] {processor.py:157} INFO - Started process (PID=80716) to work on /home/oscar_rincon/.pyenv/versions/3.10.6/envs/oscar_rincon/lib/python3.10/site-packages/airflow/example_dags/example_time_delta_sensor_async.py
[2023-10-28T19:28:57.754-0500] {processor.py:829} INFO - Processing file /home/oscar_rincon/.pyenv/versions/3.10.6/envs/oscar_rincon/lib/python3.10/site-packages/airflow/example_dags/example_time_delta_sensor_async.py for tasks to queue
[2023-10-28T19:28:57.755-0500] {logging_mixin.py:151} INFO - [2023-10-28T19:28:57.755-0500] {dagbag.py:539} INFO - Filling up the DagBag from /home/oscar_rincon/.pyenv/versions/3.10.6/envs/oscar_rincon/lib/python3.10/site-packages/airflow/example_dags/example_time_delta_sensor_async.py
[2023-10-28T19:28:57.763-0500] {processor.py:839} INFO - DAG(s) dict_keys(['example_time_delta_sensor_async']) retrieved from /home/oscar_rincon/.pyenv/versions/3.10.6/envs/oscar_rincon/lib/python3.10/site-packages/airflow/example_dags/example_time_delta_sensor_async.py
[2023-10-28T19:28:57.776-0500] {logging_mixin.py:151} INFO - [2023-10-28T19:28:57.776-0500] {dag.py:2915} INFO - Sync 1 DAGs
[2023-10-28T19:28:57.785-0500] {logging_mixin.py:151} INFO - [2023-10-28T19:28:57.784-0500] {dag.py:3696} INFO - Setting next_dagrun for example_time_delta_sensor_async to None, run_after=None
[2023-10-28T19:28:57.806-0500] {processor.py:179} INFO - Processing /home/oscar_rincon/.pyenv/versions/3.10.6/envs/oscar_rincon/lib/python3.10/site-packages/airflow/example_dags/example_time_delta_sensor_async.py took 0.095 seconds
[2023-10-28T19:29:44.984-0500] {processor.py:157} INFO - Started process (PID=80839) to work on /home/oscar_rincon/.pyenv/versions/3.10.6/envs/oscar_rincon/lib/python3.10/site-packages/airflow/example_dags/example_time_delta_sensor_async.py
[2023-10-28T19:29:45.024-0500] {processor.py:829} INFO - Processing file /home/oscar_rincon/.pyenv/versions/3.10.6/envs/oscar_rincon/lib/python3.10/site-packages/airflow/example_dags/example_time_delta_sensor_async.py for tasks to queue
[2023-10-28T19:29:45.026-0500] {logging_mixin.py:151} INFO - [2023-10-28T19:29:45.025-0500] {dagbag.py:539} INFO - Filling up the DagBag from /home/oscar_rincon/.pyenv/versions/3.10.6/envs/oscar_rincon/lib/python3.10/site-packages/airflow/example_dags/example_time_delta_sensor_async.py
[2023-10-28T19:29:45.033-0500] {processor.py:839} INFO - DAG(s) dict_keys(['example_time_delta_sensor_async']) retrieved from /home/oscar_rincon/.pyenv/versions/3.10.6/envs/oscar_rincon/lib/python3.10/site-packages/airflow/example_dags/example_time_delta_sensor_async.py
[2023-10-28T19:29:45.046-0500] {logging_mixin.py:151} INFO - [2023-10-28T19:29:45.046-0500] {dag.py:2915} INFO - Sync 1 DAGs
[2023-10-28T19:29:45.055-0500] {logging_mixin.py:151} INFO - [2023-10-28T19:29:45.055-0500] {dag.py:3696} INFO - Setting next_dagrun for example_time_delta_sensor_async to None, run_after=None
[2023-10-28T19:29:45.077-0500] {processor.py:179} INFO - Processing /home/oscar_rincon/.pyenv/versions/3.10.6/envs/oscar_rincon/lib/python3.10/site-packages/airflow/example_dags/example_time_delta_sensor_async.py took 0.095 seconds
