[2023-10-28T19:17:49.061-0500] {processor.py:157} INFO - Started process (PID=77288) to work on /home/oscar_rincon/.pyenv/versions/3.10.6/envs/oscar_rincon/lib/python3.10/site-packages/airflow/example_dags/example_xcomargs.py
[2023-10-28T19:17:49.062-0500] {processor.py:829} INFO - Processing file /home/oscar_rincon/.pyenv/versions/3.10.6/envs/oscar_rincon/lib/python3.10/site-packages/airflow/example_dags/example_xcomargs.py for tasks to queue
[2023-10-28T19:17:49.063-0500] {logging_mixin.py:151} INFO - [2023-10-28T19:17:49.062-0500] {dagbag.py:539} INFO - Filling up the DagBag from /home/oscar_rincon/.pyenv/versions/3.10.6/envs/oscar_rincon/lib/python3.10/site-packages/airflow/example_dags/example_xcomargs.py
[2023-10-28T19:17:49.072-0500] {processor.py:839} INFO - DAG(s) dict_keys(['example_xcom_args_with_operators', 'example_xcom_args']) retrieved from /home/oscar_rincon/.pyenv/versions/3.10.6/envs/oscar_rincon/lib/python3.10/site-packages/airflow/example_dags/example_xcomargs.py
[2023-10-28T19:17:49.213-0500] {logging_mixin.py:151} INFO - [2023-10-28T19:17:49.213-0500] {manager.py:499} INFO - Created Permission View: %s
[2023-10-28T19:17:49.225-0500] {logging_mixin.py:151} INFO - [2023-10-28T19:17:49.224-0500] {manager.py:499} INFO - Created Permission View: %s
[2023-10-28T19:17:49.233-0500] {logging_mixin.py:151} INFO - [2023-10-28T19:17:49.233-0500] {manager.py:499} INFO - Created Permission View: %s
[2023-10-28T19:17:49.234-0500] {logging_mixin.py:151} INFO - [2023-10-28T19:17:49.234-0500] {security.py:708} INFO - Not syncing DAG-level permissions for DAG 'DAG:example_xcom_args_with_operators' as access control is unset.
[2023-10-28T19:17:49.254-0500] {logging_mixin.py:151} INFO - [2023-10-28T19:17:49.254-0500] {manager.py:499} INFO - Created Permission View: %s
[2023-10-28T19:17:49.262-0500] {logging_mixin.py:151} INFO - [2023-10-28T19:17:49.262-0500] {manager.py:499} INFO - Created Permission View: %s
[2023-10-28T19:17:49.272-0500] {logging_mixin.py:151} INFO - [2023-10-28T19:17:49.272-0500] {manager.py:499} INFO - Created Permission View: %s
[2023-10-28T19:17:49.272-0500] {logging_mixin.py:151} INFO - [2023-10-28T19:17:49.272-0500] {security.py:708} INFO - Not syncing DAG-level permissions for DAG 'DAG:example_xcom_args' as access control is unset.
[2023-10-28T19:17:49.272-0500] {logging_mixin.py:151} INFO - [2023-10-28T19:17:49.272-0500] {dag.py:2915} INFO - Sync 2 DAGs
[2023-10-28T19:17:49.281-0500] {logging_mixin.py:151} INFO - [2023-10-28T19:17:49.281-0500] {dag.py:2937} INFO - Creating ORM DAG for example_xcom_args_with_operators
[2023-10-28T19:17:49.282-0500] {logging_mixin.py:151} INFO - [2023-10-28T19:17:49.281-0500] {dag.py:2937} INFO - Creating ORM DAG for example_xcom_args
[2023-10-28T19:17:49.282-0500] {logging_mixin.py:151} INFO - [2023-10-28T19:17:49.282-0500] {dag.py:3696} INFO - Setting next_dagrun for example_xcom_args to None, run_after=None
[2023-10-28T19:17:49.283-0500] {logging_mixin.py:151} INFO - [2023-10-28T19:17:49.283-0500] {dag.py:3696} INFO - Setting next_dagrun for example_xcom_args_with_operators to None, run_after=None
[2023-10-28T19:17:49.306-0500] {processor.py:179} INFO - Processing /home/oscar_rincon/.pyenv/versions/3.10.6/envs/oscar_rincon/lib/python3.10/site-packages/airflow/example_dags/example_xcomargs.py took 0.247 seconds
[2023-10-28T19:18:42.330-0500] {processor.py:157} INFO - Started process (PID=77525) to work on /home/oscar_rincon/.pyenv/versions/3.10.6/envs/oscar_rincon/lib/python3.10/site-packages/airflow/example_dags/example_xcomargs.py
[2023-10-28T19:18:42.332-0500] {processor.py:829} INFO - Processing file /home/oscar_rincon/.pyenv/versions/3.10.6/envs/oscar_rincon/lib/python3.10/site-packages/airflow/example_dags/example_xcomargs.py for tasks to queue
[2023-10-28T19:18:42.332-0500] {logging_mixin.py:151} INFO - [2023-10-28T19:18:42.332-0500] {dagbag.py:539} INFO - Filling up the DagBag from /home/oscar_rincon/.pyenv/versions/3.10.6/envs/oscar_rincon/lib/python3.10/site-packages/airflow/example_dags/example_xcomargs.py
[2023-10-28T19:18:42.339-0500] {processor.py:839} INFO - DAG(s) dict_keys(['example_xcom_args_with_operators', 'example_xcom_args']) retrieved from /home/oscar_rincon/.pyenv/versions/3.10.6/envs/oscar_rincon/lib/python3.10/site-packages/airflow/example_dags/example_xcomargs.py
[2023-10-28T19:18:42.354-0500] {logging_mixin.py:151} INFO - [2023-10-28T19:18:42.353-0500] {dag.py:2915} INFO - Sync 2 DAGs
[2023-10-28T19:18:42.364-0500] {logging_mixin.py:151} INFO - [2023-10-28T19:18:42.363-0500] {dag.py:3696} INFO - Setting next_dagrun for example_xcom_args to None, run_after=None
[2023-10-28T19:18:42.366-0500] {logging_mixin.py:151} INFO - [2023-10-28T19:18:42.366-0500] {dag.py:3696} INFO - Setting next_dagrun for example_xcom_args_with_operators to None, run_after=None
[2023-10-28T19:18:42.386-0500] {processor.py:179} INFO - Processing /home/oscar_rincon/.pyenv/versions/3.10.6/envs/oscar_rincon/lib/python3.10/site-packages/airflow/example_dags/example_xcomargs.py took 0.059 seconds
[2023-10-28T19:19:40.281-0500] {processor.py:157} INFO - Started process (PID=77912) to work on /home/oscar_rincon/.pyenv/versions/3.10.6/envs/oscar_rincon/lib/python3.10/site-packages/airflow/example_dags/example_xcomargs.py
[2023-10-28T19:19:40.321-0500] {processor.py:829} INFO - Processing file /home/oscar_rincon/.pyenv/versions/3.10.6/envs/oscar_rincon/lib/python3.10/site-packages/airflow/example_dags/example_xcomargs.py for tasks to queue
[2023-10-28T19:19:40.323-0500] {logging_mixin.py:151} INFO - [2023-10-28T19:19:40.322-0500] {dagbag.py:539} INFO - Filling up the DagBag from /home/oscar_rincon/.pyenv/versions/3.10.6/envs/oscar_rincon/lib/python3.10/site-packages/airflow/example_dags/example_xcomargs.py
[2023-10-28T19:19:40.335-0500] {processor.py:839} INFO - DAG(s) dict_keys(['example_xcom_args_with_operators', 'example_xcom_args']) retrieved from /home/oscar_rincon/.pyenv/versions/3.10.6/envs/oscar_rincon/lib/python3.10/site-packages/airflow/example_dags/example_xcomargs.py
[2023-10-28T19:19:40.356-0500] {logging_mixin.py:151} INFO - [2023-10-28T19:19:40.356-0500] {dag.py:2915} INFO - Sync 2 DAGs
[2023-10-28T19:19:40.365-0500] {logging_mixin.py:151} INFO - [2023-10-28T19:19:40.365-0500] {dag.py:3696} INFO - Setting next_dagrun for example_xcom_args to None, run_after=None
[2023-10-28T19:19:40.367-0500] {logging_mixin.py:151} INFO - [2023-10-28T19:19:40.367-0500] {dag.py:3696} INFO - Setting next_dagrun for example_xcom_args_with_operators to None, run_after=None
[2023-10-28T19:19:40.387-0500] {processor.py:179} INFO - Processing /home/oscar_rincon/.pyenv/versions/3.10.6/envs/oscar_rincon/lib/python3.10/site-packages/airflow/example_dags/example_xcomargs.py took 0.108 seconds
[2023-10-28T19:27:19.361-0500] {processor.py:157} INFO - Started process (PID=80016) to work on /home/oscar_rincon/.pyenv/versions/3.10.6/envs/oscar_rincon/lib/python3.10/site-packages/airflow/example_dags/example_xcomargs.py
[2023-10-28T19:27:19.399-0500] {processor.py:829} INFO - Processing file /home/oscar_rincon/.pyenv/versions/3.10.6/envs/oscar_rincon/lib/python3.10/site-packages/airflow/example_dags/example_xcomargs.py for tasks to queue
[2023-10-28T19:27:19.401-0500] {logging_mixin.py:151} INFO - [2023-10-28T19:27:19.400-0500] {dagbag.py:539} INFO - Filling up the DagBag from /home/oscar_rincon/.pyenv/versions/3.10.6/envs/oscar_rincon/lib/python3.10/site-packages/airflow/example_dags/example_xcomargs.py
[2023-10-28T19:27:19.412-0500] {processor.py:839} INFO - DAG(s) dict_keys(['example_xcom_args_with_operators', 'example_xcom_args']) retrieved from /home/oscar_rincon/.pyenv/versions/3.10.6/envs/oscar_rincon/lib/python3.10/site-packages/airflow/example_dags/example_xcomargs.py
[2023-10-28T19:27:19.436-0500] {logging_mixin.py:151} INFO - [2023-10-28T19:27:19.436-0500] {dag.py:2915} INFO - Sync 2 DAGs
[2023-10-28T19:27:19.446-0500] {logging_mixin.py:151} INFO - [2023-10-28T19:27:19.446-0500] {dag.py:3696} INFO - Setting next_dagrun for example_xcom_args to None, run_after=None
[2023-10-28T19:27:19.449-0500] {logging_mixin.py:151} INFO - [2023-10-28T19:27:19.449-0500] {dag.py:3696} INFO - Setting next_dagrun for example_xcom_args_with_operators to None, run_after=None
[2023-10-28T19:27:19.479-0500] {processor.py:179} INFO - Processing /home/oscar_rincon/.pyenv/versions/3.10.6/envs/oscar_rincon/lib/python3.10/site-packages/airflow/example_dags/example_xcomargs.py took 0.121 seconds
[2023-10-28T19:28:30.035-0500] {processor.py:157} INFO - Started process (PID=80618) to work on /home/oscar_rincon/.pyenv/versions/3.10.6/envs/oscar_rincon/lib/python3.10/site-packages/airflow/example_dags/example_xcomargs.py
[2023-10-28T19:28:30.075-0500] {processor.py:829} INFO - Processing file /home/oscar_rincon/.pyenv/versions/3.10.6/envs/oscar_rincon/lib/python3.10/site-packages/airflow/example_dags/example_xcomargs.py for tasks to queue
[2023-10-28T19:28:30.078-0500] {logging_mixin.py:151} INFO - [2023-10-28T19:28:30.077-0500] {dagbag.py:539} INFO - Filling up the DagBag from /home/oscar_rincon/.pyenv/versions/3.10.6/envs/oscar_rincon/lib/python3.10/site-packages/airflow/example_dags/example_xcomargs.py
[2023-10-28T19:28:30.087-0500] {processor.py:839} INFO - DAG(s) dict_keys(['example_xcom_args', 'example_xcom_args_with_operators']) retrieved from /home/oscar_rincon/.pyenv/versions/3.10.6/envs/oscar_rincon/lib/python3.10/site-packages/airflow/example_dags/example_xcomargs.py
[2023-10-28T19:28:30.108-0500] {logging_mixin.py:151} INFO - [2023-10-28T19:28:30.107-0500] {dag.py:2915} INFO - Sync 2 DAGs
[2023-10-28T19:28:30.116-0500] {logging_mixin.py:151} INFO - [2023-10-28T19:28:30.116-0500] {dag.py:3696} INFO - Setting next_dagrun for example_xcom_args to None, run_after=None
[2023-10-28T19:28:30.119-0500] {logging_mixin.py:151} INFO - [2023-10-28T19:28:30.119-0500] {dag.py:3696} INFO - Setting next_dagrun for example_xcom_args_with_operators to None, run_after=None
[2023-10-28T19:28:30.139-0500] {processor.py:179} INFO - Processing /home/oscar_rincon/.pyenv/versions/3.10.6/envs/oscar_rincon/lib/python3.10/site-packages/airflow/example_dags/example_xcomargs.py took 0.106 seconds
[2023-10-28T19:29:17.433-0500] {processor.py:157} INFO - Started process (PID=80735) to work on /home/oscar_rincon/.pyenv/versions/3.10.6/envs/oscar_rincon/lib/python3.10/site-packages/airflow/example_dags/example_xcomargs.py
[2023-10-28T19:29:17.448-0500] {processor.py:829} INFO - Processing file /home/oscar_rincon/.pyenv/versions/3.10.6/envs/oscar_rincon/lib/python3.10/site-packages/airflow/example_dags/example_xcomargs.py for tasks to queue
[2023-10-28T19:29:17.449-0500] {logging_mixin.py:151} INFO - [2023-10-28T19:29:17.449-0500] {dagbag.py:539} INFO - Filling up the DagBag from /home/oscar_rincon/.pyenv/versions/3.10.6/envs/oscar_rincon/lib/python3.10/site-packages/airflow/example_dags/example_xcomargs.py
[2023-10-28T19:29:17.458-0500] {processor.py:839} INFO - DAG(s) dict_keys(['example_xcom_args', 'example_xcom_args_with_operators']) retrieved from /home/oscar_rincon/.pyenv/versions/3.10.6/envs/oscar_rincon/lib/python3.10/site-packages/airflow/example_dags/example_xcomargs.py
[2023-10-28T19:29:17.479-0500] {logging_mixin.py:151} INFO - [2023-10-28T19:29:17.479-0500] {dag.py:2915} INFO - Sync 2 DAGs
[2023-10-28T19:29:17.491-0500] {logging_mixin.py:151} INFO - [2023-10-28T19:29:17.491-0500] {dag.py:3696} INFO - Setting next_dagrun for example_xcom_args to None, run_after=None
[2023-10-28T19:29:17.495-0500] {logging_mixin.py:151} INFO - [2023-10-28T19:29:17.495-0500] {dag.py:3696} INFO - Setting next_dagrun for example_xcom_args_with_operators to None, run_after=None
[2023-10-28T19:29:17.517-0500] {processor.py:179} INFO - Processing /home/oscar_rincon/.pyenv/versions/3.10.6/envs/oscar_rincon/lib/python3.10/site-packages/airflow/example_dags/example_xcomargs.py took 0.087 seconds
[2023-10-28T19:29:52.517-0500] {processor.py:157} INFO - Started process (PID=80846) to work on /home/oscar_rincon/.pyenv/versions/3.10.6/envs/oscar_rincon/lib/python3.10/site-packages/airflow/example_dags/example_xcomargs.py
[2023-10-28T19:29:52.521-0500] {processor.py:829} INFO - Processing file /home/oscar_rincon/.pyenv/versions/3.10.6/envs/oscar_rincon/lib/python3.10/site-packages/airflow/example_dags/example_xcomargs.py for tasks to queue
[2023-10-28T19:29:52.522-0500] {logging_mixin.py:151} INFO - [2023-10-28T19:29:52.522-0500] {dagbag.py:539} INFO - Filling up the DagBag from /home/oscar_rincon/.pyenv/versions/3.10.6/envs/oscar_rincon/lib/python3.10/site-packages/airflow/example_dags/example_xcomargs.py
[2023-10-28T19:29:52.530-0500] {processor.py:839} INFO - DAG(s) dict_keys(['example_xcom_args_with_operators', 'example_xcom_args']) retrieved from /home/oscar_rincon/.pyenv/versions/3.10.6/envs/oscar_rincon/lib/python3.10/site-packages/airflow/example_dags/example_xcomargs.py
[2023-10-28T19:29:52.544-0500] {logging_mixin.py:151} INFO - [2023-10-28T19:29:52.544-0500] {dag.py:2915} INFO - Sync 2 DAGs
[2023-10-28T19:29:52.554-0500] {logging_mixin.py:151} INFO - [2023-10-28T19:29:52.554-0500] {dag.py:3696} INFO - Setting next_dagrun for example_xcom_args to None, run_after=None
[2023-10-28T19:29:52.557-0500] {logging_mixin.py:151} INFO - [2023-10-28T19:29:52.557-0500] {dag.py:3696} INFO - Setting next_dagrun for example_xcom_args_with_operators to None, run_after=None
[2023-10-28T19:29:52.578-0500] {processor.py:179} INFO - Processing /home/oscar_rincon/.pyenv/versions/3.10.6/envs/oscar_rincon/lib/python3.10/site-packages/airflow/example_dags/example_xcomargs.py took 0.063 seconds
[2023-10-28T19:30:27.552-0500] {processor.py:157} INFO - Started process (PID=80953) to work on /home/oscar_rincon/.pyenv/versions/3.10.6/envs/oscar_rincon/lib/python3.10/site-packages/airflow/example_dags/example_xcomargs.py
[2023-10-28T19:30:27.592-0500] {processor.py:829} INFO - Processing file /home/oscar_rincon/.pyenv/versions/3.10.6/envs/oscar_rincon/lib/python3.10/site-packages/airflow/example_dags/example_xcomargs.py for tasks to queue
[2023-10-28T19:30:27.595-0500] {logging_mixin.py:151} INFO - [2023-10-28T19:30:27.594-0500] {dagbag.py:539} INFO - Filling up the DagBag from /home/oscar_rincon/.pyenv/versions/3.10.6/envs/oscar_rincon/lib/python3.10/site-packages/airflow/example_dags/example_xcomargs.py
[2023-10-28T19:30:27.603-0500] {processor.py:839} INFO - DAG(s) dict_keys(['example_xcom_args', 'example_xcom_args_with_operators']) retrieved from /home/oscar_rincon/.pyenv/versions/3.10.6/envs/oscar_rincon/lib/python3.10/site-packages/airflow/example_dags/example_xcomargs.py
[2023-10-28T19:30:27.617-0500] {logging_mixin.py:151} INFO - [2023-10-28T19:30:27.617-0500] {dag.py:2915} INFO - Sync 2 DAGs
[2023-10-28T19:30:27.626-0500] {logging_mixin.py:151} INFO - [2023-10-28T19:30:27.626-0500] {dag.py:3696} INFO - Setting next_dagrun for example_xcom_args to None, run_after=None
[2023-10-28T19:30:27.628-0500] {logging_mixin.py:151} INFO - [2023-10-28T19:30:27.628-0500] {dag.py:3696} INFO - Setting next_dagrun for example_xcom_args_with_operators to None, run_after=None
[2023-10-28T19:30:27.650-0500] {processor.py:179} INFO - Processing /home/oscar_rincon/.pyenv/versions/3.10.6/envs/oscar_rincon/lib/python3.10/site-packages/airflow/example_dags/example_xcomargs.py took 0.100 seconds
[2023-10-28T19:32:26.336-0500] {processor.py:157} INFO - Started process (PID=81499) to work on /home/oscar_rincon/.pyenv/versions/3.10.6/envs/oscar_rincon/lib/python3.10/site-packages/airflow/example_dags/example_xcomargs.py
[2023-10-28T19:32:26.376-0500] {processor.py:829} INFO - Processing file /home/oscar_rincon/.pyenv/versions/3.10.6/envs/oscar_rincon/lib/python3.10/site-packages/airflow/example_dags/example_xcomargs.py for tasks to queue
[2023-10-28T19:32:26.378-0500] {logging_mixin.py:151} INFO - [2023-10-28T19:32:26.377-0500] {dagbag.py:539} INFO - Filling up the DagBag from /home/oscar_rincon/.pyenv/versions/3.10.6/envs/oscar_rincon/lib/python3.10/site-packages/airflow/example_dags/example_xcomargs.py
[2023-10-28T19:32:26.388-0500] {processor.py:839} INFO - DAG(s) dict_keys(['example_xcom_args', 'example_xcom_args_with_operators']) retrieved from /home/oscar_rincon/.pyenv/versions/3.10.6/envs/oscar_rincon/lib/python3.10/site-packages/airflow/example_dags/example_xcomargs.py
[2023-10-28T19:32:26.410-0500] {logging_mixin.py:151} INFO - [2023-10-28T19:32:26.410-0500] {dag.py:2915} INFO - Sync 2 DAGs
[2023-10-28T19:32:26.419-0500] {logging_mixin.py:151} INFO - [2023-10-28T19:32:26.419-0500] {dag.py:3696} INFO - Setting next_dagrun for example_xcom_args to None, run_after=None
[2023-10-28T19:32:26.422-0500] {logging_mixin.py:151} INFO - [2023-10-28T19:32:26.422-0500] {dag.py:3696} INFO - Setting next_dagrun for example_xcom_args_with_operators to None, run_after=None
[2023-10-28T19:32:26.441-0500] {processor.py:179} INFO - Processing /home/oscar_rincon/.pyenv/versions/3.10.6/envs/oscar_rincon/lib/python3.10/site-packages/airflow/example_dags/example_xcomargs.py took 0.108 seconds
