[2023-10-28T19:18:28.768-0500] {processor.py:157} INFO - Started process (PID=77512) to work on /home/oscar_rincon/.pyenv/versions/3.10.6/envs/oscar_rincon/lib/python3.10/site-packages/airflow/example_dags/example_branch_datetime_operator.py
[2023-10-28T19:18:28.769-0500] {processor.py:829} INFO - Processing file /home/oscar_rincon/.pyenv/versions/3.10.6/envs/oscar_rincon/lib/python3.10/site-packages/airflow/example_dags/example_branch_datetime_operator.py for tasks to queue
[2023-10-28T19:18:28.769-0500] {logging_mixin.py:151} INFO - [2023-10-28T19:18:28.769-0500] {dagbag.py:539} INFO - Filling up the DagBag from /home/oscar_rincon/.pyenv/versions/3.10.6/envs/oscar_rincon/lib/python3.10/site-packages/airflow/example_dags/example_branch_datetime_operator.py
[2023-10-28T19:18:28.778-0500] {processor.py:839} INFO - DAG(s) dict_keys(['example_branch_datetime_operator_2', 'example_branch_datetime_operator_3', 'example_branch_datetime_operator']) retrieved from /home/oscar_rincon/.pyenv/versions/3.10.6/envs/oscar_rincon/lib/python3.10/site-packages/airflow/example_dags/example_branch_datetime_operator.py
[2023-10-28T19:18:28.926-0500] {logging_mixin.py:151} INFO - [2023-10-28T19:18:28.926-0500] {manager.py:499} INFO - Created Permission View: %s
[2023-10-28T19:18:28.938-0500] {logging_mixin.py:151} INFO - [2023-10-28T19:18:28.937-0500] {manager.py:499} INFO - Created Permission View: %s
[2023-10-28T19:18:28.949-0500] {logging_mixin.py:151} INFO - [2023-10-28T19:18:28.948-0500] {manager.py:499} INFO - Created Permission View: %s
[2023-10-28T19:18:28.949-0500] {logging_mixin.py:151} INFO - [2023-10-28T19:18:28.949-0500] {security.py:708} INFO - Not syncing DAG-level permissions for DAG 'DAG:example_branch_datetime_operator_2' as access control is unset.
[2023-10-28T19:18:28.973-0500] {logging_mixin.py:151} INFO - [2023-10-28T19:18:28.973-0500] {manager.py:499} INFO - Created Permission View: %s
[2023-10-28T19:18:28.982-0500] {logging_mixin.py:151} INFO - [2023-10-28T19:18:28.982-0500] {manager.py:499} INFO - Created Permission View: %s
[2023-10-28T19:18:28.992-0500] {logging_mixin.py:151} INFO - [2023-10-28T19:18:28.992-0500] {manager.py:499} INFO - Created Permission View: %s
[2023-10-28T19:18:28.992-0500] {logging_mixin.py:151} INFO - [2023-10-28T19:18:28.992-0500] {security.py:708} INFO - Not syncing DAG-level permissions for DAG 'DAG:example_branch_datetime_operator_3' as access control is unset.
[2023-10-28T19:18:29.015-0500] {logging_mixin.py:151} INFO - [2023-10-28T19:18:29.014-0500] {manager.py:499} INFO - Created Permission View: %s
[2023-10-28T19:18:29.025-0500] {logging_mixin.py:151} INFO - [2023-10-28T19:18:29.024-0500] {manager.py:499} INFO - Created Permission View: %s
[2023-10-28T19:18:29.036-0500] {logging_mixin.py:151} INFO - [2023-10-28T19:18:29.035-0500] {manager.py:499} INFO - Created Permission View: %s
[2023-10-28T19:18:29.036-0500] {logging_mixin.py:151} INFO - [2023-10-28T19:18:29.036-0500] {security.py:708} INFO - Not syncing DAG-level permissions for DAG 'DAG:example_branch_datetime_operator' as access control is unset.
[2023-10-28T19:18:29.036-0500] {logging_mixin.py:151} INFO - [2023-10-28T19:18:29.036-0500] {dag.py:2915} INFO - Sync 3 DAGs
[2023-10-28T19:18:29.047-0500] {logging_mixin.py:151} INFO - [2023-10-28T19:18:29.047-0500] {dag.py:2937} INFO - Creating ORM DAG for example_branch_datetime_operator
[2023-10-28T19:18:29.048-0500] {logging_mixin.py:151} INFO - [2023-10-28T19:18:29.048-0500] {dag.py:2937} INFO - Creating ORM DAG for example_branch_datetime_operator_3
[2023-10-28T19:18:29.048-0500] {logging_mixin.py:151} INFO - [2023-10-28T19:18:29.048-0500] {dag.py:2937} INFO - Creating ORM DAG for example_branch_datetime_operator_2
[2023-10-28T19:18:29.057-0500] {logging_mixin.py:151} INFO - [2023-10-28T19:18:29.056-0500] {dag.py:3696} INFO - Setting next_dagrun for example_branch_datetime_operator to 2023-10-28T00:00:00+00:00, run_after=2023-10-29T00:00:00+00:00
[2023-10-28T19:18:29.058-0500] {logging_mixin.py:151} INFO - [2023-10-28T19:18:29.058-0500] {dag.py:3696} INFO - Setting next_dagrun for example_branch_datetime_operator_2 to 2023-10-28T00:00:00+00:00, run_after=2023-10-29T00:00:00+00:00
[2023-10-28T19:18:29.060-0500] {logging_mixin.py:151} INFO - [2023-10-28T19:18:29.060-0500] {dag.py:3696} INFO - Setting next_dagrun for example_branch_datetime_operator_3 to 2023-10-28T00:00:00+00:00, run_after=2023-10-29T00:00:00+00:00
[2023-10-28T19:18:29.082-0500] {processor.py:179} INFO - Processing /home/oscar_rincon/.pyenv/versions/3.10.6/envs/oscar_rincon/lib/python3.10/site-packages/airflow/example_dags/example_branch_datetime_operator.py took 0.316 seconds
[2023-10-28T19:29:04.211-0500] {processor.py:157} INFO - Started process (PID=80722) to work on /home/oscar_rincon/.pyenv/versions/3.10.6/envs/oscar_rincon/lib/python3.10/site-packages/airflow/example_dags/example_branch_datetime_operator.py
[2023-10-28T19:29:04.251-0500] {processor.py:829} INFO - Processing file /home/oscar_rincon/.pyenv/versions/3.10.6/envs/oscar_rincon/lib/python3.10/site-packages/airflow/example_dags/example_branch_datetime_operator.py for tasks to queue
[2023-10-28T19:29:04.253-0500] {logging_mixin.py:151} INFO - [2023-10-28T19:29:04.252-0500] {dagbag.py:539} INFO - Filling up the DagBag from /home/oscar_rincon/.pyenv/versions/3.10.6/envs/oscar_rincon/lib/python3.10/site-packages/airflow/example_dags/example_branch_datetime_operator.py
[2023-10-28T19:29:04.265-0500] {processor.py:839} INFO - DAG(s) dict_keys(['example_branch_datetime_operator_2', 'example_branch_datetime_operator', 'example_branch_datetime_operator_3']) retrieved from /home/oscar_rincon/.pyenv/versions/3.10.6/envs/oscar_rincon/lib/python3.10/site-packages/airflow/example_dags/example_branch_datetime_operator.py
[2023-10-28T19:29:04.282-0500] {logging_mixin.py:151} INFO - [2023-10-28T19:29:04.282-0500] {dag.py:2915} INFO - Sync 3 DAGs
[2023-10-28T19:29:04.300-0500] {logging_mixin.py:151} INFO - [2023-10-28T19:29:04.300-0500] {dag.py:3696} INFO - Setting next_dagrun for example_branch_datetime_operator to 2023-10-28T00:00:00+00:00, run_after=2023-10-29T00:00:00+00:00
[2023-10-28T19:29:04.303-0500] {logging_mixin.py:151} INFO - [2023-10-28T19:29:04.303-0500] {dag.py:3696} INFO - Setting next_dagrun for example_branch_datetime_operator_2 to 2023-10-28T00:00:00+00:00, run_after=2023-10-29T00:00:00+00:00
[2023-10-28T19:29:04.305-0500] {logging_mixin.py:151} INFO - [2023-10-28T19:29:04.305-0500] {dag.py:3696} INFO - Setting next_dagrun for example_branch_datetime_operator_3 to 2023-10-28T00:00:00+00:00, run_after=2023-10-29T00:00:00+00:00
[2023-10-28T19:29:04.328-0500] {processor.py:179} INFO - Processing /home/oscar_rincon/.pyenv/versions/3.10.6/envs/oscar_rincon/lib/python3.10/site-packages/airflow/example_dags/example_branch_datetime_operator.py took 0.119 seconds
[2023-10-28T19:29:56.014-0500] {processor.py:157} INFO - Started process (PID=80850) to work on /home/oscar_rincon/.pyenv/versions/3.10.6/envs/oscar_rincon/lib/python3.10/site-packages/airflow/example_dags/example_branch_datetime_operator.py
[2023-10-28T19:29:56.054-0500] {processor.py:829} INFO - Processing file /home/oscar_rincon/.pyenv/versions/3.10.6/envs/oscar_rincon/lib/python3.10/site-packages/airflow/example_dags/example_branch_datetime_operator.py for tasks to queue
[2023-10-28T19:29:56.056-0500] {logging_mixin.py:151} INFO - [2023-10-28T19:29:56.056-0500] {dagbag.py:539} INFO - Filling up the DagBag from /home/oscar_rincon/.pyenv/versions/3.10.6/envs/oscar_rincon/lib/python3.10/site-packages/airflow/example_dags/example_branch_datetime_operator.py
[2023-10-28T19:29:56.065-0500] {processor.py:839} INFO - DAG(s) dict_keys(['example_branch_datetime_operator', 'example_branch_datetime_operator_3', 'example_branch_datetime_operator_2']) retrieved from /home/oscar_rincon/.pyenv/versions/3.10.6/envs/oscar_rincon/lib/python3.10/site-packages/airflow/example_dags/example_branch_datetime_operator.py
[2023-10-28T19:29:56.082-0500] {logging_mixin.py:151} INFO - [2023-10-28T19:29:56.082-0500] {dag.py:2915} INFO - Sync 3 DAGs
[2023-10-28T19:29:56.099-0500] {logging_mixin.py:151} INFO - [2023-10-28T19:29:56.099-0500] {dag.py:3696} INFO - Setting next_dagrun for example_branch_datetime_operator to 2023-10-28T00:00:00+00:00, run_after=2023-10-29T00:00:00+00:00
[2023-10-28T19:29:56.103-0500] {logging_mixin.py:151} INFO - [2023-10-28T19:29:56.102-0500] {dag.py:3696} INFO - Setting next_dagrun for example_branch_datetime_operator_2 to 2023-10-28T00:00:00+00:00, run_after=2023-10-29T00:00:00+00:00
[2023-10-28T19:29:56.104-0500] {logging_mixin.py:151} INFO - [2023-10-28T19:29:56.104-0500] {dag.py:3696} INFO - Setting next_dagrun for example_branch_datetime_operator_3 to 2023-10-28T00:00:00+00:00, run_after=2023-10-29T00:00:00+00:00
[2023-10-28T19:29:56.126-0500] {processor.py:179} INFO - Processing /home/oscar_rincon/.pyenv/versions/3.10.6/envs/oscar_rincon/lib/python3.10/site-packages/airflow/example_dags/example_branch_datetime_operator.py took 0.114 seconds
