[2023-10-28T19:17:48.006-0500] {processor.py:157} INFO - Started process (PID=77287) to work on /home/oscar_rincon/.pyenv/versions/3.10.6/envs/oscar_rincon/lib/python3.10/site-packages/airflow/example_dags/example_xcom.py
[2023-10-28T19:17:48.006-0500] {processor.py:829} INFO - Processing file /home/oscar_rincon/.pyenv/versions/3.10.6/envs/oscar_rincon/lib/python3.10/site-packages/airflow/example_dags/example_xcom.py for tasks to queue
[2023-10-28T19:17:48.007-0500] {logging_mixin.py:151} INFO - [2023-10-28T19:17:48.006-0500] {dagbag.py:539} INFO - Filling up the DagBag from /home/oscar_rincon/.pyenv/versions/3.10.6/envs/oscar_rincon/lib/python3.10/site-packages/airflow/example_dags/example_xcom.py
[2023-10-28T19:17:48.014-0500] {processor.py:839} INFO - DAG(s) dict_keys(['example_xcom']) retrieved from /home/oscar_rincon/.pyenv/versions/3.10.6/envs/oscar_rincon/lib/python3.10/site-packages/airflow/example_dags/example_xcom.py
[2023-10-28T19:17:48.147-0500] {logging_mixin.py:151} INFO - [2023-10-28T19:17:48.147-0500] {manager.py:499} INFO - Created Permission View: %s
[2023-10-28T19:17:48.162-0500] {logging_mixin.py:151} INFO - [2023-10-28T19:17:48.162-0500] {manager.py:499} INFO - Created Permission View: %s
[2023-10-28T19:17:48.172-0500] {logging_mixin.py:151} INFO - [2023-10-28T19:17:48.172-0500] {manager.py:499} INFO - Created Permission View: %s
[2023-10-28T19:17:48.173-0500] {logging_mixin.py:151} INFO - [2023-10-28T19:17:48.173-0500] {security.py:708} INFO - Not syncing DAG-level permissions for DAG 'DAG:example_xcom' as access control is unset.
[2023-10-28T19:17:48.173-0500] {logging_mixin.py:151} INFO - [2023-10-28T19:17:48.173-0500] {dag.py:2915} INFO - Sync 1 DAGs
[2023-10-28T19:17:48.181-0500] {logging_mixin.py:151} INFO - [2023-10-28T19:17:48.181-0500] {dag.py:2937} INFO - Creating ORM DAG for example_xcom
[2023-10-28T19:17:48.187-0500] {logging_mixin.py:151} INFO - [2023-10-28T19:17:48.187-0500] {dag.py:3696} INFO - Setting next_dagrun for example_xcom to 2021-01-01T00:00:00+00:00, run_after=2021-01-01T00:00:00+00:00
[2023-10-28T19:17:48.210-0500] {processor.py:179} INFO - Processing /home/oscar_rincon/.pyenv/versions/3.10.6/envs/oscar_rincon/lib/python3.10/site-packages/airflow/example_dags/example_xcom.py took 0.207 seconds
[2023-10-28T19:18:41.955-0500] {processor.py:157} INFO - Started process (PID=77524) to work on /home/oscar_rincon/.pyenv/versions/3.10.6/envs/oscar_rincon/lib/python3.10/site-packages/airflow/example_dags/example_xcom.py
[2023-10-28T19:18:41.956-0500] {processor.py:829} INFO - Processing file /home/oscar_rincon/.pyenv/versions/3.10.6/envs/oscar_rincon/lib/python3.10/site-packages/airflow/example_dags/example_xcom.py for tasks to queue
[2023-10-28T19:18:41.957-0500] {logging_mixin.py:151} INFO - [2023-10-28T19:18:41.957-0500] {dagbag.py:539} INFO - Filling up the DagBag from /home/oscar_rincon/.pyenv/versions/3.10.6/envs/oscar_rincon/lib/python3.10/site-packages/airflow/example_dags/example_xcom.py
[2023-10-28T19:18:41.964-0500] {processor.py:839} INFO - DAG(s) dict_keys(['example_xcom']) retrieved from /home/oscar_rincon/.pyenv/versions/3.10.6/envs/oscar_rincon/lib/python3.10/site-packages/airflow/example_dags/example_xcom.py
[2023-10-28T19:18:41.977-0500] {logging_mixin.py:151} INFO - [2023-10-28T19:18:41.976-0500] {dag.py:2915} INFO - Sync 1 DAGs
[2023-10-28T19:18:41.993-0500] {logging_mixin.py:151} INFO - [2023-10-28T19:18:41.992-0500] {dag.py:3696} INFO - Setting next_dagrun for example_xcom to 2021-01-01T00:00:00+00:00, run_after=2021-01-01T00:00:00+00:00
[2023-10-28T19:18:42.014-0500] {processor.py:179} INFO - Processing /home/oscar_rincon/.pyenv/versions/3.10.6/envs/oscar_rincon/lib/python3.10/site-packages/airflow/example_dags/example_xcom.py took 0.062 seconds
[2023-10-28T19:19:39.045-0500] {processor.py:157} INFO - Started process (PID=77898) to work on /home/oscar_rincon/.pyenv/versions/3.10.6/envs/oscar_rincon/lib/python3.10/site-packages/airflow/example_dags/example_xcom.py
[2023-10-28T19:19:39.085-0500] {processor.py:829} INFO - Processing file /home/oscar_rincon/.pyenv/versions/3.10.6/envs/oscar_rincon/lib/python3.10/site-packages/airflow/example_dags/example_xcom.py for tasks to queue
[2023-10-28T19:19:39.086-0500] {logging_mixin.py:151} INFO - [2023-10-28T19:19:39.086-0500] {dagbag.py:539} INFO - Filling up the DagBag from /home/oscar_rincon/.pyenv/versions/3.10.6/envs/oscar_rincon/lib/python3.10/site-packages/airflow/example_dags/example_xcom.py
[2023-10-28T19:19:39.096-0500] {processor.py:839} INFO - DAG(s) dict_keys(['example_xcom']) retrieved from /home/oscar_rincon/.pyenv/versions/3.10.6/envs/oscar_rincon/lib/python3.10/site-packages/airflow/example_dags/example_xcom.py
[2023-10-28T19:19:39.118-0500] {logging_mixin.py:151} INFO - [2023-10-28T19:19:39.118-0500] {dag.py:2915} INFO - Sync 1 DAGs
[2023-10-28T19:19:39.134-0500] {logging_mixin.py:151} INFO - [2023-10-28T19:19:39.134-0500] {dag.py:3696} INFO - Setting next_dagrun for example_xcom to 2021-01-01T00:00:00+00:00, run_after=2021-01-01T00:00:00+00:00
[2023-10-28T19:19:39.158-0500] {processor.py:179} INFO - Processing /home/oscar_rincon/.pyenv/versions/3.10.6/envs/oscar_rincon/lib/python3.10/site-packages/airflow/example_dags/example_xcom.py took 0.116 seconds
[2023-10-28T19:20:15.143-0500] {processor.py:157} INFO - Started process (PID=78166) to work on /home/oscar_rincon/.pyenv/versions/3.10.6/envs/oscar_rincon/lib/python3.10/site-packages/airflow/example_dags/example_xcom.py
[2023-10-28T19:20:15.183-0500] {processor.py:829} INFO - Processing file /home/oscar_rincon/.pyenv/versions/3.10.6/envs/oscar_rincon/lib/python3.10/site-packages/airflow/example_dags/example_xcom.py for tasks to queue
[2023-10-28T19:20:15.185-0500] {logging_mixin.py:151} INFO - [2023-10-28T19:20:15.184-0500] {dagbag.py:539} INFO - Filling up the DagBag from /home/oscar_rincon/.pyenv/versions/3.10.6/envs/oscar_rincon/lib/python3.10/site-packages/airflow/example_dags/example_xcom.py
[2023-10-28T19:20:15.195-0500] {processor.py:839} INFO - DAG(s) dict_keys(['example_xcom']) retrieved from /home/oscar_rincon/.pyenv/versions/3.10.6/envs/oscar_rincon/lib/python3.10/site-packages/airflow/example_dags/example_xcom.py
[2023-10-28T19:20:15.219-0500] {logging_mixin.py:151} INFO - [2023-10-28T19:20:15.219-0500] {dag.py:2915} INFO - Sync 1 DAGs
[2023-10-28T19:20:15.237-0500] {logging_mixin.py:151} INFO - [2023-10-28T19:20:15.236-0500] {dag.py:3696} INFO - Setting next_dagrun for example_xcom to 2021-01-01T00:00:00+00:00, run_after=2021-01-01T00:00:00+00:00
[2023-10-28T19:20:15.260-0500] {processor.py:179} INFO - Processing /home/oscar_rincon/.pyenv/versions/3.10.6/envs/oscar_rincon/lib/python3.10/site-packages/airflow/example_dags/example_xcom.py took 0.119 seconds
[2023-10-28T19:27:18.116-0500] {processor.py:157} INFO - Started process (PID=80014) to work on /home/oscar_rincon/.pyenv/versions/3.10.6/envs/oscar_rincon/lib/python3.10/site-packages/airflow/example_dags/example_xcom.py
[2023-10-28T19:27:18.154-0500] {processor.py:829} INFO - Processing file /home/oscar_rincon/.pyenv/versions/3.10.6/envs/oscar_rincon/lib/python3.10/site-packages/airflow/example_dags/example_xcom.py for tasks to queue
[2023-10-28T19:27:18.156-0500] {logging_mixin.py:151} INFO - [2023-10-28T19:27:18.156-0500] {dagbag.py:539} INFO - Filling up the DagBag from /home/oscar_rincon/.pyenv/versions/3.10.6/envs/oscar_rincon/lib/python3.10/site-packages/airflow/example_dags/example_xcom.py
[2023-10-28T19:27:18.166-0500] {processor.py:839} INFO - DAG(s) dict_keys(['example_xcom']) retrieved from /home/oscar_rincon/.pyenv/versions/3.10.6/envs/oscar_rincon/lib/python3.10/site-packages/airflow/example_dags/example_xcom.py
[2023-10-28T19:27:18.188-0500] {logging_mixin.py:151} INFO - [2023-10-28T19:27:18.188-0500] {dag.py:2915} INFO - Sync 1 DAGs
[2023-10-28T19:27:18.205-0500] {logging_mixin.py:151} INFO - [2023-10-28T19:27:18.204-0500] {dag.py:3696} INFO - Setting next_dagrun for example_xcom to 2021-01-01T00:00:00+00:00, run_after=2021-01-01T00:00:00+00:00
[2023-10-28T19:27:18.227-0500] {processor.py:179} INFO - Processing /home/oscar_rincon/.pyenv/versions/3.10.6/envs/oscar_rincon/lib/python3.10/site-packages/airflow/example_dags/example_xcom.py took 0.113 seconds
[2023-10-28T19:28:28.796-0500] {processor.py:157} INFO - Started process (PID=80617) to work on /home/oscar_rincon/.pyenv/versions/3.10.6/envs/oscar_rincon/lib/python3.10/site-packages/airflow/example_dags/example_xcom.py
[2023-10-28T19:28:28.837-0500] {processor.py:829} INFO - Processing file /home/oscar_rincon/.pyenv/versions/3.10.6/envs/oscar_rincon/lib/python3.10/site-packages/airflow/example_dags/example_xcom.py for tasks to queue
[2023-10-28T19:28:28.839-0500] {logging_mixin.py:151} INFO - [2023-10-28T19:28:28.838-0500] {dagbag.py:539} INFO - Filling up the DagBag from /home/oscar_rincon/.pyenv/versions/3.10.6/envs/oscar_rincon/lib/python3.10/site-packages/airflow/example_dags/example_xcom.py
[2023-10-28T19:28:28.850-0500] {processor.py:839} INFO - DAG(s) dict_keys(['example_xcom']) retrieved from /home/oscar_rincon/.pyenv/versions/3.10.6/envs/oscar_rincon/lib/python3.10/site-packages/airflow/example_dags/example_xcom.py
[2023-10-28T19:28:28.870-0500] {logging_mixin.py:151} INFO - [2023-10-28T19:28:28.869-0500] {dag.py:2915} INFO - Sync 1 DAGs
[2023-10-28T19:28:28.884-0500] {logging_mixin.py:151} INFO - [2023-10-28T19:28:28.884-0500] {dag.py:3696} INFO - Setting next_dagrun for example_xcom to 2021-01-01T00:00:00+00:00, run_after=2021-01-01T00:00:00+00:00
[2023-10-28T19:28:28.905-0500] {processor.py:179} INFO - Processing /home/oscar_rincon/.pyenv/versions/3.10.6/envs/oscar_rincon/lib/python3.10/site-packages/airflow/example_dags/example_xcom.py took 0.111 seconds
[2023-10-28T19:29:16.286-0500] {processor.py:157} INFO - Started process (PID=80734) to work on /home/oscar_rincon/.pyenv/versions/3.10.6/envs/oscar_rincon/lib/python3.10/site-packages/airflow/example_dags/example_xcom.py
[2023-10-28T19:29:16.287-0500] {processor.py:829} INFO - Processing file /home/oscar_rincon/.pyenv/versions/3.10.6/envs/oscar_rincon/lib/python3.10/site-packages/airflow/example_dags/example_xcom.py for tasks to queue
[2023-10-28T19:29:16.288-0500] {logging_mixin.py:151} INFO - [2023-10-28T19:29:16.288-0500] {dagbag.py:539} INFO - Filling up the DagBag from /home/oscar_rincon/.pyenv/versions/3.10.6/envs/oscar_rincon/lib/python3.10/site-packages/airflow/example_dags/example_xcom.py
[2023-10-28T19:29:16.294-0500] {processor.py:839} INFO - DAG(s) dict_keys(['example_xcom']) retrieved from /home/oscar_rincon/.pyenv/versions/3.10.6/envs/oscar_rincon/lib/python3.10/site-packages/airflow/example_dags/example_xcom.py
[2023-10-28T19:29:16.307-0500] {logging_mixin.py:151} INFO - [2023-10-28T19:29:16.307-0500] {dag.py:2915} INFO - Sync 1 DAGs
[2023-10-28T19:29:16.324-0500] {logging_mixin.py:151} INFO - [2023-10-28T19:29:16.323-0500] {dag.py:3696} INFO - Setting next_dagrun for example_xcom to 2021-01-01T00:00:00+00:00, run_after=2021-01-01T00:00:00+00:00
[2023-10-28T19:29:16.346-0500] {processor.py:179} INFO - Processing /home/oscar_rincon/.pyenv/versions/3.10.6/envs/oscar_rincon/lib/python3.10/site-packages/airflow/example_dags/example_xcom.py took 0.062 seconds
[2023-10-28T19:29:51.376-0500] {processor.py:157} INFO - Started process (PID=80845) to work on /home/oscar_rincon/.pyenv/versions/3.10.6/envs/oscar_rincon/lib/python3.10/site-packages/airflow/example_dags/example_xcom.py
[2023-10-28T19:29:51.378-0500] {processor.py:829} INFO - Processing file /home/oscar_rincon/.pyenv/versions/3.10.6/envs/oscar_rincon/lib/python3.10/site-packages/airflow/example_dags/example_xcom.py for tasks to queue
[2023-10-28T19:29:51.378-0500] {logging_mixin.py:151} INFO - [2023-10-28T19:29:51.378-0500] {dagbag.py:539} INFO - Filling up the DagBag from /home/oscar_rincon/.pyenv/versions/3.10.6/envs/oscar_rincon/lib/python3.10/site-packages/airflow/example_dags/example_xcom.py
[2023-10-28T19:29:51.385-0500] {processor.py:839} INFO - DAG(s) dict_keys(['example_xcom']) retrieved from /home/oscar_rincon/.pyenv/versions/3.10.6/envs/oscar_rincon/lib/python3.10/site-packages/airflow/example_dags/example_xcom.py
[2023-10-28T19:29:51.398-0500] {logging_mixin.py:151} INFO - [2023-10-28T19:29:51.398-0500] {dag.py:2915} INFO - Sync 1 DAGs
[2023-10-28T19:29:51.414-0500] {logging_mixin.py:151} INFO - [2023-10-28T19:29:51.413-0500] {dag.py:3696} INFO - Setting next_dagrun for example_xcom to 2021-01-01T00:00:00+00:00, run_after=2021-01-01T00:00:00+00:00
[2023-10-28T19:29:51.435-0500] {processor.py:179} INFO - Processing /home/oscar_rincon/.pyenv/versions/3.10.6/envs/oscar_rincon/lib/python3.10/site-packages/airflow/example_dags/example_xcom.py took 0.062 seconds
[2023-10-28T19:30:26.404-0500] {processor.py:157} INFO - Started process (PID=80952) to work on /home/oscar_rincon/.pyenv/versions/3.10.6/envs/oscar_rincon/lib/python3.10/site-packages/airflow/example_dags/example_xcom.py
[2023-10-28T19:30:26.405-0500] {processor.py:829} INFO - Processing file /home/oscar_rincon/.pyenv/versions/3.10.6/envs/oscar_rincon/lib/python3.10/site-packages/airflow/example_dags/example_xcom.py for tasks to queue
[2023-10-28T19:30:26.405-0500] {logging_mixin.py:151} INFO - [2023-10-28T19:30:26.405-0500] {dagbag.py:539} INFO - Filling up the DagBag from /home/oscar_rincon/.pyenv/versions/3.10.6/envs/oscar_rincon/lib/python3.10/site-packages/airflow/example_dags/example_xcom.py
[2023-10-28T19:30:26.414-0500] {processor.py:839} INFO - DAG(s) dict_keys(['example_xcom']) retrieved from /home/oscar_rincon/.pyenv/versions/3.10.6/envs/oscar_rincon/lib/python3.10/site-packages/airflow/example_dags/example_xcom.py
[2023-10-28T19:30:26.433-0500] {logging_mixin.py:151} INFO - [2023-10-28T19:30:26.432-0500] {dag.py:2915} INFO - Sync 1 DAGs
[2023-10-28T19:30:26.453-0500] {logging_mixin.py:151} INFO - [2023-10-28T19:30:26.452-0500] {dag.py:3696} INFO - Setting next_dagrun for example_xcom to 2021-01-01T00:00:00+00:00, run_after=2021-01-01T00:00:00+00:00
[2023-10-28T19:30:26.477-0500] {processor.py:179} INFO - Processing /home/oscar_rincon/.pyenv/versions/3.10.6/envs/oscar_rincon/lib/python3.10/site-packages/airflow/example_dags/example_xcom.py took 0.076 seconds
[2023-10-28T19:32:25.199-0500] {processor.py:157} INFO - Started process (PID=81485) to work on /home/oscar_rincon/.pyenv/versions/3.10.6/envs/oscar_rincon/lib/python3.10/site-packages/airflow/example_dags/example_xcom.py
[2023-10-28T19:32:25.200-0500] {processor.py:829} INFO - Processing file /home/oscar_rincon/.pyenv/versions/3.10.6/envs/oscar_rincon/lib/python3.10/site-packages/airflow/example_dags/example_xcom.py for tasks to queue
[2023-10-28T19:32:25.201-0500] {logging_mixin.py:151} INFO - [2023-10-28T19:32:25.201-0500] {dagbag.py:539} INFO - Filling up the DagBag from /home/oscar_rincon/.pyenv/versions/3.10.6/envs/oscar_rincon/lib/python3.10/site-packages/airflow/example_dags/example_xcom.py
[2023-10-28T19:32:25.208-0500] {processor.py:839} INFO - DAG(s) dict_keys(['example_xcom']) retrieved from /home/oscar_rincon/.pyenv/versions/3.10.6/envs/oscar_rincon/lib/python3.10/site-packages/airflow/example_dags/example_xcom.py
[2023-10-28T19:32:25.227-0500] {logging_mixin.py:151} INFO - [2023-10-28T19:32:25.227-0500] {dag.py:2915} INFO - Sync 1 DAGs
[2023-10-28T19:32:25.243-0500] {logging_mixin.py:151} INFO - [2023-10-28T19:32:25.242-0500] {dag.py:3696} INFO - Setting next_dagrun for example_xcom to 2021-01-01T00:00:00+00:00, run_after=2021-01-01T00:00:00+00:00
[2023-10-28T19:32:25.268-0500] {processor.py:179} INFO - Processing /home/oscar_rincon/.pyenv/versions/3.10.6/envs/oscar_rincon/lib/python3.10/site-packages/airflow/example_dags/example_xcom.py took 0.071 seconds
