[2023-10-28T19:18:32.777-0500] {processor.py:157} INFO - Started process (PID=77516) to work on /home/oscar_rincon/.pyenv/versions/3.10.6/envs/oscar_rincon/lib/python3.10/site-packages/airflow/example_dags/example_branch_python_dop_operator_3.py
[2023-10-28T19:18:32.778-0500] {processor.py:829} INFO - Processing file /home/oscar_rincon/.pyenv/versions/3.10.6/envs/oscar_rincon/lib/python3.10/site-packages/airflow/example_dags/example_branch_python_dop_operator_3.py for tasks to queue
[2023-10-28T19:18:32.779-0500] {logging_mixin.py:151} INFO - [2023-10-28T19:18:32.778-0500] {dagbag.py:539} INFO - Filling up the DagBag from /home/oscar_rincon/.pyenv/versions/3.10.6/envs/oscar_rincon/lib/python3.10/site-packages/airflow/example_dags/example_branch_python_dop_operator_3.py
[2023-10-28T19:18:32.786-0500] {processor.py:839} INFO - DAG(s) dict_keys(['example_branch_dop_operator_v3']) retrieved from /home/oscar_rincon/.pyenv/versions/3.10.6/envs/oscar_rincon/lib/python3.10/site-packages/airflow/example_dags/example_branch_python_dop_operator_3.py
[2023-10-28T19:18:32.917-0500] {logging_mixin.py:151} INFO - [2023-10-28T19:18:32.917-0500] {manager.py:499} INFO - Created Permission View: %s
[2023-10-28T19:18:32.930-0500] {logging_mixin.py:151} INFO - [2023-10-28T19:18:32.930-0500] {manager.py:499} INFO - Created Permission View: %s
[2023-10-28T19:18:32.941-0500] {logging_mixin.py:151} INFO - [2023-10-28T19:18:32.941-0500] {manager.py:499} INFO - Created Permission View: %s
[2023-10-28T19:18:32.941-0500] {logging_mixin.py:151} INFO - [2023-10-28T19:18:32.941-0500] {security.py:708} INFO - Not syncing DAG-level permissions for DAG 'DAG:example_branch_dop_operator_v3' as access control is unset.
[2023-10-28T19:18:32.941-0500] {logging_mixin.py:151} INFO - [2023-10-28T19:18:32.941-0500] {dag.py:2915} INFO - Sync 1 DAGs
[2023-10-28T19:18:32.952-0500] {logging_mixin.py:151} INFO - [2023-10-28T19:18:32.952-0500] {dag.py:2937} INFO - Creating ORM DAG for example_branch_dop_operator_v3
[2023-10-28T19:18:32.965-0500] {logging_mixin.py:151} INFO - [2023-10-28T19:18:32.964-0500] {dag.py:3696} INFO - Setting next_dagrun for example_branch_dop_operator_v3 to 2023-10-29T00:17:00+00:00, run_after=2023-10-29T00:18:00+00:00
[2023-10-28T19:18:32.987-0500] {processor.py:179} INFO - Processing /home/oscar_rincon/.pyenv/versions/3.10.6/envs/oscar_rincon/lib/python3.10/site-packages/airflow/example_dags/example_branch_python_dop_operator_3.py took 0.212 seconds
[2023-10-28T19:29:08.315-0500] {processor.py:157} INFO - Started process (PID=80726) to work on /home/oscar_rincon/.pyenv/versions/3.10.6/envs/oscar_rincon/lib/python3.10/site-packages/airflow/example_dags/example_branch_python_dop_operator_3.py
[2023-10-28T19:29:08.356-0500] {processor.py:829} INFO - Processing file /home/oscar_rincon/.pyenv/versions/3.10.6/envs/oscar_rincon/lib/python3.10/site-packages/airflow/example_dags/example_branch_python_dop_operator_3.py for tasks to queue
[2023-10-28T19:29:08.358-0500] {logging_mixin.py:151} INFO - [2023-10-28T19:29:08.357-0500] {dagbag.py:539} INFO - Filling up the DagBag from /home/oscar_rincon/.pyenv/versions/3.10.6/envs/oscar_rincon/lib/python3.10/site-packages/airflow/example_dags/example_branch_python_dop_operator_3.py
[2023-10-28T19:29:08.369-0500] {processor.py:839} INFO - DAG(s) dict_keys(['example_branch_dop_operator_v3']) retrieved from /home/oscar_rincon/.pyenv/versions/3.10.6/envs/oscar_rincon/lib/python3.10/site-packages/airflow/example_dags/example_branch_python_dop_operator_3.py
[2023-10-28T19:29:08.382-0500] {logging_mixin.py:151} INFO - [2023-10-28T19:29:08.381-0500] {dag.py:2915} INFO - Sync 1 DAGs
[2023-10-28T19:29:08.402-0500] {logging_mixin.py:151} INFO - [2023-10-28T19:29:08.402-0500] {dag.py:3696} INFO - Setting next_dagrun for example_branch_dop_operator_v3 to 2023-10-29T00:28:00+00:00, run_after=2023-10-29T00:29:00+00:00
[2023-10-28T19:29:08.425-0500] {processor.py:179} INFO - Processing /home/oscar_rincon/.pyenv/versions/3.10.6/envs/oscar_rincon/lib/python3.10/site-packages/airflow/example_dags/example_branch_python_dop_operator_3.py took 0.112 seconds
[2023-10-28T19:30:00.745-0500] {processor.py:157} INFO - Started process (PID=80854) to work on /home/oscar_rincon/.pyenv/versions/3.10.6/envs/oscar_rincon/lib/python3.10/site-packages/airflow/example_dags/example_branch_python_dop_operator_3.py
[2023-10-28T19:30:00.746-0500] {processor.py:829} INFO - Processing file /home/oscar_rincon/.pyenv/versions/3.10.6/envs/oscar_rincon/lib/python3.10/site-packages/airflow/example_dags/example_branch_python_dop_operator_3.py for tasks to queue
[2023-10-28T19:30:00.747-0500] {logging_mixin.py:151} INFO - [2023-10-28T19:30:00.747-0500] {dagbag.py:539} INFO - Filling up the DagBag from /home/oscar_rincon/.pyenv/versions/3.10.6/envs/oscar_rincon/lib/python3.10/site-packages/airflow/example_dags/example_branch_python_dop_operator_3.py
[2023-10-28T19:30:00.757-0500] {processor.py:839} INFO - DAG(s) dict_keys(['example_branch_dop_operator_v3']) retrieved from /home/oscar_rincon/.pyenv/versions/3.10.6/envs/oscar_rincon/lib/python3.10/site-packages/airflow/example_dags/example_branch_python_dop_operator_3.py
[2023-10-28T19:30:00.771-0500] {logging_mixin.py:151} INFO - [2023-10-28T19:30:00.770-0500] {dag.py:2915} INFO - Sync 1 DAGs
[2023-10-28T19:30:00.794-0500] {logging_mixin.py:151} INFO - [2023-10-28T19:30:00.794-0500] {dag.py:3696} INFO - Setting next_dagrun for example_branch_dop_operator_v3 to 2023-10-29T00:29:00+00:00, run_after=2023-10-29T00:30:00+00:00
[2023-10-28T19:30:00.819-0500] {processor.py:179} INFO - Processing /home/oscar_rincon/.pyenv/versions/3.10.6/envs/oscar_rincon/lib/python3.10/site-packages/airflow/example_dags/example_branch_python_dop_operator_3.py took 0.076 seconds
