[2023-10-28T19:18:27.424-0500] {processor.py:157} INFO - Started process (PID=77511) to work on /home/oscar_rincon/.pyenv/versions/3.10.6/envs/oscar_rincon/lib/python3.10/site-packages/airflow/example_dags/example_params_ui_tutorial.py
[2023-10-28T19:18:27.424-0500] {processor.py:829} INFO - Processing file /home/oscar_rincon/.pyenv/versions/3.10.6/envs/oscar_rincon/lib/python3.10/site-packages/airflow/example_dags/example_params_ui_tutorial.py for tasks to queue
[2023-10-28T19:18:27.425-0500] {logging_mixin.py:151} INFO - [2023-10-28T19:18:27.425-0500] {dagbag.py:539} INFO - Filling up the DagBag from /home/oscar_rincon/.pyenv/versions/3.10.6/envs/oscar_rincon/lib/python3.10/site-packages/airflow/example_dags/example_params_ui_tutorial.py
[2023-10-28T19:18:27.449-0500] {processor.py:839} INFO - DAG(s) dict_keys(['example_params_ui_tutorial']) retrieved from /home/oscar_rincon/.pyenv/versions/3.10.6/envs/oscar_rincon/lib/python3.10/site-packages/airflow/example_dags/example_params_ui_tutorial.py
[2023-10-28T19:18:27.603-0500] {logging_mixin.py:151} INFO - [2023-10-28T19:18:27.603-0500] {manager.py:499} INFO - Created Permission View: %s
[2023-10-28T19:18:27.618-0500] {logging_mixin.py:151} INFO - [2023-10-28T19:18:27.618-0500] {manager.py:499} INFO - Created Permission View: %s
[2023-10-28T19:18:27.630-0500] {logging_mixin.py:151} INFO - [2023-10-28T19:18:27.629-0500] {manager.py:499} INFO - Created Permission View: %s
[2023-10-28T19:18:27.630-0500] {logging_mixin.py:151} INFO - [2023-10-28T19:18:27.630-0500] {security.py:708} INFO - Not syncing DAG-level permissions for DAG 'DAG:example_params_ui_tutorial' as access control is unset.
[2023-10-28T19:18:27.630-0500] {logging_mixin.py:151} INFO - [2023-10-28T19:18:27.630-0500] {dag.py:2915} INFO - Sync 1 DAGs
[2023-10-28T19:18:27.640-0500] {logging_mixin.py:151} INFO - [2023-10-28T19:18:27.640-0500] {dag.py:2937} INFO - Creating ORM DAG for example_params_ui_tutorial
[2023-10-28T19:18:27.640-0500] {logging_mixin.py:151} INFO - [2023-10-28T19:18:27.640-0500] {dag.py:3696} INFO - Setting next_dagrun for example_params_ui_tutorial to None, run_after=None
[2023-10-28T19:18:27.665-0500] {processor.py:179} INFO - Processing /home/oscar_rincon/.pyenv/versions/3.10.6/envs/oscar_rincon/lib/python3.10/site-packages/airflow/example_dags/example_params_ui_tutorial.py took 0.244 seconds
[2023-10-28T19:19:14.414-0500] {processor.py:157} INFO - Started process (PID=77565) to work on /home/oscar_rincon/.pyenv/versions/3.10.6/envs/oscar_rincon/lib/python3.10/site-packages/airflow/example_dags/example_params_ui_tutorial.py
[2023-10-28T19:19:14.453-0500] {processor.py:829} INFO - Processing file /home/oscar_rincon/.pyenv/versions/3.10.6/envs/oscar_rincon/lib/python3.10/site-packages/airflow/example_dags/example_params_ui_tutorial.py for tasks to queue
[2023-10-28T19:19:14.454-0500] {logging_mixin.py:151} INFO - [2023-10-28T19:19:14.454-0500] {dagbag.py:539} INFO - Filling up the DagBag from /home/oscar_rincon/.pyenv/versions/3.10.6/envs/oscar_rincon/lib/python3.10/site-packages/airflow/example_dags/example_params_ui_tutorial.py
[2023-10-28T19:19:14.481-0500] {processor.py:839} INFO - DAG(s) dict_keys(['example_params_ui_tutorial']) retrieved from /home/oscar_rincon/.pyenv/versions/3.10.6/envs/oscar_rincon/lib/python3.10/site-packages/airflow/example_dags/example_params_ui_tutorial.py
[2023-10-28T19:19:14.521-0500] {logging_mixin.py:151} INFO - [2023-10-28T19:19:14.521-0500] {dag.py:2915} INFO - Sync 1 DAGs
[2023-10-28T19:19:14.531-0500] {logging_mixin.py:151} INFO - [2023-10-28T19:19:14.531-0500] {dag.py:3696} INFO - Setting next_dagrun for example_params_ui_tutorial to None, run_after=None
[2023-10-28T19:19:14.552-0500] {processor.py:179} INFO - Processing /home/oscar_rincon/.pyenv/versions/3.10.6/envs/oscar_rincon/lib/python3.10/site-packages/airflow/example_dags/example_params_ui_tutorial.py took 0.143 seconds
[2023-10-28T19:29:02.968-0500] {processor.py:157} INFO - Started process (PID=80721) to work on /home/oscar_rincon/.pyenv/versions/3.10.6/envs/oscar_rincon/lib/python3.10/site-packages/airflow/example_dags/example_params_ui_tutorial.py
[2023-10-28T19:29:03.008-0500] {processor.py:829} INFO - Processing file /home/oscar_rincon/.pyenv/versions/3.10.6/envs/oscar_rincon/lib/python3.10/site-packages/airflow/example_dags/example_params_ui_tutorial.py for tasks to queue
[2023-10-28T19:29:03.010-0500] {logging_mixin.py:151} INFO - [2023-10-28T19:29:03.009-0500] {dagbag.py:539} INFO - Filling up the DagBag from /home/oscar_rincon/.pyenv/versions/3.10.6/envs/oscar_rincon/lib/python3.10/site-packages/airflow/example_dags/example_params_ui_tutorial.py
[2023-10-28T19:29:03.038-0500] {processor.py:839} INFO - DAG(s) dict_keys(['example_params_ui_tutorial']) retrieved from /home/oscar_rincon/.pyenv/versions/3.10.6/envs/oscar_rincon/lib/python3.10/site-packages/airflow/example_dags/example_params_ui_tutorial.py
[2023-10-28T19:29:03.077-0500] {logging_mixin.py:151} INFO - [2023-10-28T19:29:03.076-0500] {dag.py:2915} INFO - Sync 1 DAGs
[2023-10-28T19:29:03.086-0500] {logging_mixin.py:151} INFO - [2023-10-28T19:29:03.086-0500] {dag.py:3696} INFO - Setting next_dagrun for example_params_ui_tutorial to None, run_after=None
[2023-10-28T19:29:03.113-0500] {processor.py:179} INFO - Processing /home/oscar_rincon/.pyenv/versions/3.10.6/envs/oscar_rincon/lib/python3.10/site-packages/airflow/example_dags/example_params_ui_tutorial.py took 0.147 seconds
[2023-10-28T19:29:55.494-0500] {processor.py:157} INFO - Started process (PID=80849) to work on /home/oscar_rincon/.pyenv/versions/3.10.6/envs/oscar_rincon/lib/python3.10/site-packages/airflow/example_dags/example_params_ui_tutorial.py
[2023-10-28T19:29:55.496-0500] {processor.py:829} INFO - Processing file /home/oscar_rincon/.pyenv/versions/3.10.6/envs/oscar_rincon/lib/python3.10/site-packages/airflow/example_dags/example_params_ui_tutorial.py for tasks to queue
[2023-10-28T19:29:55.496-0500] {logging_mixin.py:151} INFO - [2023-10-28T19:29:55.496-0500] {dagbag.py:539} INFO - Filling up the DagBag from /home/oscar_rincon/.pyenv/versions/3.10.6/envs/oscar_rincon/lib/python3.10/site-packages/airflow/example_dags/example_params_ui_tutorial.py
[2023-10-28T19:29:55.520-0500] {processor.py:839} INFO - DAG(s) dict_keys(['example_params_ui_tutorial']) retrieved from /home/oscar_rincon/.pyenv/versions/3.10.6/envs/oscar_rincon/lib/python3.10/site-packages/airflow/example_dags/example_params_ui_tutorial.py
[2023-10-28T19:29:55.555-0500] {logging_mixin.py:151} INFO - [2023-10-28T19:29:55.555-0500] {dag.py:2915} INFO - Sync 1 DAGs
[2023-10-28T19:29:55.565-0500] {logging_mixin.py:151} INFO - [2023-10-28T19:29:55.564-0500] {dag.py:3696} INFO - Setting next_dagrun for example_params_ui_tutorial to None, run_after=None
[2023-10-28T19:29:55.587-0500] {processor.py:179} INFO - Processing /home/oscar_rincon/.pyenv/versions/3.10.6/envs/oscar_rincon/lib/python3.10/site-packages/airflow/example_dags/example_params_ui_tutorial.py took 0.095 seconds
