[2023-10-28T19:17:46.667-0500] {processor.py:157} INFO - Started process (PID=77286) to work on /home/oscar_rincon/.pyenv/versions/3.10.6/envs/oscar_rincon/lib/python3.10/site-packages/airflow/example_dags/example_trigger_target_dag.py
[2023-10-28T19:17:46.668-0500] {processor.py:829} INFO - Processing file /home/oscar_rincon/.pyenv/versions/3.10.6/envs/oscar_rincon/lib/python3.10/site-packages/airflow/example_dags/example_trigger_target_dag.py for tasks to queue
[2023-10-28T19:17:46.668-0500] {logging_mixin.py:151} INFO - [2023-10-28T19:17:46.668-0500] {dagbag.py:539} INFO - Filling up the DagBag from /home/oscar_rincon/.pyenv/versions/3.10.6/envs/oscar_rincon/lib/python3.10/site-packages/airflow/example_dags/example_trigger_target_dag.py
[2023-10-28T19:17:46.674-0500] {processor.py:839} INFO - DAG(s) dict_keys(['example_trigger_target_dag']) retrieved from /home/oscar_rincon/.pyenv/versions/3.10.6/envs/oscar_rincon/lib/python3.10/site-packages/airflow/example_dags/example_trigger_target_dag.py
[2023-10-28T19:17:46.810-0500] {logging_mixin.py:151} INFO - [2023-10-28T19:17:46.809-0500] {manager.py:499} INFO - Created Permission View: %s
[2023-10-28T19:17:46.823-0500] {logging_mixin.py:151} INFO - [2023-10-28T19:17:46.822-0500] {manager.py:499} INFO - Created Permission View: %s
[2023-10-28T19:17:46.832-0500] {logging_mixin.py:151} INFO - [2023-10-28T19:17:46.832-0500] {manager.py:499} INFO - Created Permission View: %s
[2023-10-28T19:17:46.833-0500] {logging_mixin.py:151} INFO - [2023-10-28T19:17:46.833-0500] {security.py:708} INFO - Not syncing DAG-level permissions for DAG 'DAG:example_trigger_target_dag' as access control is unset.
[2023-10-28T19:17:46.833-0500] {logging_mixin.py:151} INFO - [2023-10-28T19:17:46.833-0500] {dag.py:2915} INFO - Sync 1 DAGs
[2023-10-28T19:17:46.844-0500] {logging_mixin.py:151} INFO - [2023-10-28T19:17:46.844-0500] {dag.py:2937} INFO - Creating ORM DAG for example_trigger_target_dag
[2023-10-28T19:17:46.845-0500] {logging_mixin.py:151} INFO - [2023-10-28T19:17:46.845-0500] {dag.py:3696} INFO - Setting next_dagrun for example_trigger_target_dag to None, run_after=None
[2023-10-28T19:17:46.869-0500] {processor.py:179} INFO - Processing /home/oscar_rincon/.pyenv/versions/3.10.6/envs/oscar_rincon/lib/python3.10/site-packages/airflow/example_dags/example_trigger_target_dag.py took 0.204 seconds
[2023-10-28T19:18:40.813-0500] {processor.py:157} INFO - Started process (PID=77523) to work on /home/oscar_rincon/.pyenv/versions/3.10.6/envs/oscar_rincon/lib/python3.10/site-packages/airflow/example_dags/example_trigger_target_dag.py
[2023-10-28T19:18:40.815-0500] {processor.py:829} INFO - Processing file /home/oscar_rincon/.pyenv/versions/3.10.6/envs/oscar_rincon/lib/python3.10/site-packages/airflow/example_dags/example_trigger_target_dag.py for tasks to queue
[2023-10-28T19:18:40.815-0500] {logging_mixin.py:151} INFO - [2023-10-28T19:18:40.815-0500] {dagbag.py:539} INFO - Filling up the DagBag from /home/oscar_rincon/.pyenv/versions/3.10.6/envs/oscar_rincon/lib/python3.10/site-packages/airflow/example_dags/example_trigger_target_dag.py
[2023-10-28T19:18:40.820-0500] {processor.py:839} INFO - DAG(s) dict_keys(['example_trigger_target_dag']) retrieved from /home/oscar_rincon/.pyenv/versions/3.10.6/envs/oscar_rincon/lib/python3.10/site-packages/airflow/example_dags/example_trigger_target_dag.py
[2023-10-28T19:18:40.832-0500] {logging_mixin.py:151} INFO - [2023-10-28T19:18:40.832-0500] {dag.py:2915} INFO - Sync 1 DAGs
[2023-10-28T19:18:40.841-0500] {logging_mixin.py:151} INFO - [2023-10-28T19:18:40.841-0500] {dag.py:3696} INFO - Setting next_dagrun for example_trigger_target_dag to None, run_after=None
[2023-10-28T19:18:40.865-0500] {processor.py:179} INFO - Processing /home/oscar_rincon/.pyenv/versions/3.10.6/envs/oscar_rincon/lib/python3.10/site-packages/airflow/example_dags/example_trigger_target_dag.py took 0.054 seconds
[2023-10-28T19:19:37.907-0500] {processor.py:157} INFO - Started process (PID=77883) to work on /home/oscar_rincon/.pyenv/versions/3.10.6/envs/oscar_rincon/lib/python3.10/site-packages/airflow/example_dags/example_trigger_target_dag.py
[2023-10-28T19:19:37.909-0500] {processor.py:829} INFO - Processing file /home/oscar_rincon/.pyenv/versions/3.10.6/envs/oscar_rincon/lib/python3.10/site-packages/airflow/example_dags/example_trigger_target_dag.py for tasks to queue
[2023-10-28T19:19:37.909-0500] {logging_mixin.py:151} INFO - [2023-10-28T19:19:37.909-0500] {dagbag.py:539} INFO - Filling up the DagBag from /home/oscar_rincon/.pyenv/versions/3.10.6/envs/oscar_rincon/lib/python3.10/site-packages/airflow/example_dags/example_trigger_target_dag.py
[2023-10-28T19:19:37.916-0500] {processor.py:839} INFO - DAG(s) dict_keys(['example_trigger_target_dag']) retrieved from /home/oscar_rincon/.pyenv/versions/3.10.6/envs/oscar_rincon/lib/python3.10/site-packages/airflow/example_dags/example_trigger_target_dag.py
[2023-10-28T19:19:37.934-0500] {logging_mixin.py:151} INFO - [2023-10-28T19:19:37.934-0500] {dag.py:2915} INFO - Sync 1 DAGs
[2023-10-28T19:19:37.943-0500] {logging_mixin.py:151} INFO - [2023-10-28T19:19:37.943-0500] {dag.py:3696} INFO - Setting next_dagrun for example_trigger_target_dag to None, run_after=None
[2023-10-28T19:19:37.963-0500] {processor.py:179} INFO - Processing /home/oscar_rincon/.pyenv/versions/3.10.6/envs/oscar_rincon/lib/python3.10/site-packages/airflow/example_dags/example_trigger_target_dag.py took 0.059 seconds
[2023-10-28T19:20:14.007-0500] {processor.py:157} INFO - Started process (PID=78152) to work on /home/oscar_rincon/.pyenv/versions/3.10.6/envs/oscar_rincon/lib/python3.10/site-packages/airflow/example_dags/example_trigger_target_dag.py
[2023-10-28T19:20:14.008-0500] {processor.py:829} INFO - Processing file /home/oscar_rincon/.pyenv/versions/3.10.6/envs/oscar_rincon/lib/python3.10/site-packages/airflow/example_dags/example_trigger_target_dag.py for tasks to queue
[2023-10-28T19:20:14.009-0500] {logging_mixin.py:151} INFO - [2023-10-28T19:20:14.009-0500] {dagbag.py:539} INFO - Filling up the DagBag from /home/oscar_rincon/.pyenv/versions/3.10.6/envs/oscar_rincon/lib/python3.10/site-packages/airflow/example_dags/example_trigger_target_dag.py
[2023-10-28T19:20:14.015-0500] {processor.py:839} INFO - DAG(s) dict_keys(['example_trigger_target_dag']) retrieved from /home/oscar_rincon/.pyenv/versions/3.10.6/envs/oscar_rincon/lib/python3.10/site-packages/airflow/example_dags/example_trigger_target_dag.py
[2023-10-28T19:20:14.034-0500] {logging_mixin.py:151} INFO - [2023-10-28T19:20:14.033-0500] {dag.py:2915} INFO - Sync 1 DAGs
[2023-10-28T19:20:14.042-0500] {logging_mixin.py:151} INFO - [2023-10-28T19:20:14.042-0500] {dag.py:3696} INFO - Setting next_dagrun for example_trigger_target_dag to None, run_after=None
[2023-10-28T19:20:14.066-0500] {processor.py:179} INFO - Processing /home/oscar_rincon/.pyenv/versions/3.10.6/envs/oscar_rincon/lib/python3.10/site-packages/airflow/example_dags/example_trigger_target_dag.py took 0.061 seconds
[2023-10-28T19:27:16.880-0500] {processor.py:157} INFO - Started process (PID=80002) to work on /home/oscar_rincon/.pyenv/versions/3.10.6/envs/oscar_rincon/lib/python3.10/site-packages/airflow/example_dags/example_trigger_target_dag.py
[2023-10-28T19:27:16.920-0500] {processor.py:829} INFO - Processing file /home/oscar_rincon/.pyenv/versions/3.10.6/envs/oscar_rincon/lib/python3.10/site-packages/airflow/example_dags/example_trigger_target_dag.py for tasks to queue
[2023-10-28T19:27:16.922-0500] {logging_mixin.py:151} INFO - [2023-10-28T19:27:16.922-0500] {dagbag.py:539} INFO - Filling up the DagBag from /home/oscar_rincon/.pyenv/versions/3.10.6/envs/oscar_rincon/lib/python3.10/site-packages/airflow/example_dags/example_trigger_target_dag.py
[2023-10-28T19:27:16.932-0500] {processor.py:839} INFO - DAG(s) dict_keys(['example_trigger_target_dag']) retrieved from /home/oscar_rincon/.pyenv/versions/3.10.6/envs/oscar_rincon/lib/python3.10/site-packages/airflow/example_dags/example_trigger_target_dag.py
[2023-10-28T19:27:16.951-0500] {logging_mixin.py:151} INFO - [2023-10-28T19:27:16.951-0500] {dag.py:2915} INFO - Sync 1 DAGs
[2023-10-28T19:27:16.960-0500] {logging_mixin.py:151} INFO - [2023-10-28T19:27:16.960-0500] {dag.py:3696} INFO - Setting next_dagrun for example_trigger_target_dag to None, run_after=None
[2023-10-28T19:27:16.987-0500] {processor.py:179} INFO - Processing /home/oscar_rincon/.pyenv/versions/3.10.6/envs/oscar_rincon/lib/python3.10/site-packages/airflow/example_dags/example_trigger_target_dag.py took 0.109 seconds
[2023-10-28T19:27:33.126-0500] {processor.py:157} INFO - Started process (PID=80309) to work on /home/oscar_rincon/.pyenv/versions/3.10.6/envs/oscar_rincon/lib/python3.10/site-packages/airflow/example_dags/example_trigger_target_dag.py
[2023-10-28T19:27:33.166-0500] {processor.py:829} INFO - Processing file /home/oscar_rincon/.pyenv/versions/3.10.6/envs/oscar_rincon/lib/python3.10/site-packages/airflow/example_dags/example_trigger_target_dag.py for tasks to queue
[2023-10-28T19:27:33.168-0500] {logging_mixin.py:151} INFO - [2023-10-28T19:27:33.167-0500] {dagbag.py:539} INFO - Filling up the DagBag from /home/oscar_rincon/.pyenv/versions/3.10.6/envs/oscar_rincon/lib/python3.10/site-packages/airflow/example_dags/example_trigger_target_dag.py
[2023-10-28T19:27:33.178-0500] {processor.py:839} INFO - DAG(s) dict_keys(['example_trigger_target_dag']) retrieved from /home/oscar_rincon/.pyenv/versions/3.10.6/envs/oscar_rincon/lib/python3.10/site-packages/airflow/example_dags/example_trigger_target_dag.py
[2023-10-28T19:27:33.196-0500] {logging_mixin.py:151} INFO - [2023-10-28T19:27:33.196-0500] {dag.py:2915} INFO - Sync 1 DAGs
[2023-10-28T19:27:33.206-0500] {logging_mixin.py:151} INFO - [2023-10-28T19:27:33.206-0500] {dag.py:3696} INFO - Setting next_dagrun for example_trigger_target_dag to None, run_after=None
[2023-10-28T19:27:33.227-0500] {processor.py:179} INFO - Processing /home/oscar_rincon/.pyenv/versions/3.10.6/envs/oscar_rincon/lib/python3.10/site-packages/airflow/example_dags/example_trigger_target_dag.py took 0.104 seconds
[2023-10-28T19:28:27.558-0500] {processor.py:157} INFO - Started process (PID=80603) to work on /home/oscar_rincon/.pyenv/versions/3.10.6/envs/oscar_rincon/lib/python3.10/site-packages/airflow/example_dags/example_trigger_target_dag.py
[2023-10-28T19:28:27.598-0500] {processor.py:829} INFO - Processing file /home/oscar_rincon/.pyenv/versions/3.10.6/envs/oscar_rincon/lib/python3.10/site-packages/airflow/example_dags/example_trigger_target_dag.py for tasks to queue
[2023-10-28T19:28:27.600-0500] {logging_mixin.py:151} INFO - [2023-10-28T19:28:27.599-0500] {dagbag.py:539} INFO - Filling up the DagBag from /home/oscar_rincon/.pyenv/versions/3.10.6/envs/oscar_rincon/lib/python3.10/site-packages/airflow/example_dags/example_trigger_target_dag.py
[2023-10-28T19:28:27.610-0500] {processor.py:839} INFO - DAG(s) dict_keys(['example_trigger_target_dag']) retrieved from /home/oscar_rincon/.pyenv/versions/3.10.6/envs/oscar_rincon/lib/python3.10/site-packages/airflow/example_dags/example_trigger_target_dag.py
[2023-10-28T19:28:27.630-0500] {logging_mixin.py:151} INFO - [2023-10-28T19:28:27.630-0500] {dag.py:2915} INFO - Sync 1 DAGs
[2023-10-28T19:28:27.639-0500] {logging_mixin.py:151} INFO - [2023-10-28T19:28:27.639-0500] {dag.py:3696} INFO - Setting next_dagrun for example_trigger_target_dag to None, run_after=None
[2023-10-28T19:28:27.661-0500] {processor.py:179} INFO - Processing /home/oscar_rincon/.pyenv/versions/3.10.6/envs/oscar_rincon/lib/python3.10/site-packages/airflow/example_dags/example_trigger_target_dag.py took 0.106 seconds
[2023-10-28T19:29:15.738-0500] {processor.py:157} INFO - Started process (PID=80733) to work on /home/oscar_rincon/.pyenv/versions/3.10.6/envs/oscar_rincon/lib/python3.10/site-packages/airflow/example_dags/example_trigger_target_dag.py
[2023-10-28T19:29:15.740-0500] {processor.py:829} INFO - Processing file /home/oscar_rincon/.pyenv/versions/3.10.6/envs/oscar_rincon/lib/python3.10/site-packages/airflow/example_dags/example_trigger_target_dag.py for tasks to queue
[2023-10-28T19:29:15.741-0500] {logging_mixin.py:151} INFO - [2023-10-28T19:29:15.740-0500] {dagbag.py:539} INFO - Filling up the DagBag from /home/oscar_rincon/.pyenv/versions/3.10.6/envs/oscar_rincon/lib/python3.10/site-packages/airflow/example_dags/example_trigger_target_dag.py
[2023-10-28T19:29:15.745-0500] {processor.py:839} INFO - DAG(s) dict_keys(['example_trigger_target_dag']) retrieved from /home/oscar_rincon/.pyenv/versions/3.10.6/envs/oscar_rincon/lib/python3.10/site-packages/airflow/example_dags/example_trigger_target_dag.py
[2023-10-28T19:29:15.758-0500] {logging_mixin.py:151} INFO - [2023-10-28T19:29:15.757-0500] {dag.py:2915} INFO - Sync 1 DAGs
[2023-10-28T19:29:15.768-0500] {logging_mixin.py:151} INFO - [2023-10-28T19:29:15.767-0500] {dag.py:3696} INFO - Setting next_dagrun for example_trigger_target_dag to None, run_after=None
[2023-10-28T19:29:15.793-0500] {processor.py:179} INFO - Processing /home/oscar_rincon/.pyenv/versions/3.10.6/envs/oscar_rincon/lib/python3.10/site-packages/airflow/example_dags/example_trigger_target_dag.py took 0.057 seconds
[2023-10-28T19:29:50.240-0500] {processor.py:157} INFO - Started process (PID=80844) to work on /home/oscar_rincon/.pyenv/versions/3.10.6/envs/oscar_rincon/lib/python3.10/site-packages/airflow/example_dags/example_trigger_target_dag.py
[2023-10-28T19:29:50.280-0500] {processor.py:829} INFO - Processing file /home/oscar_rincon/.pyenv/versions/3.10.6/envs/oscar_rincon/lib/python3.10/site-packages/airflow/example_dags/example_trigger_target_dag.py for tasks to queue
[2023-10-28T19:29:50.282-0500] {logging_mixin.py:151} INFO - [2023-10-28T19:29:50.281-0500] {dagbag.py:539} INFO - Filling up the DagBag from /home/oscar_rincon/.pyenv/versions/3.10.6/envs/oscar_rincon/lib/python3.10/site-packages/airflow/example_dags/example_trigger_target_dag.py
[2023-10-28T19:29:50.289-0500] {processor.py:839} INFO - DAG(s) dict_keys(['example_trigger_target_dag']) retrieved from /home/oscar_rincon/.pyenv/versions/3.10.6/envs/oscar_rincon/lib/python3.10/site-packages/airflow/example_dags/example_trigger_target_dag.py
[2023-10-28T19:29:50.300-0500] {logging_mixin.py:151} INFO - [2023-10-28T19:29:50.300-0500] {dag.py:2915} INFO - Sync 1 DAGs
[2023-10-28T19:29:50.310-0500] {logging_mixin.py:151} INFO - [2023-10-28T19:29:50.309-0500] {dag.py:3696} INFO - Setting next_dagrun for example_trigger_target_dag to None, run_after=None
[2023-10-28T19:29:50.332-0500] {processor.py:179} INFO - Processing /home/oscar_rincon/.pyenv/versions/3.10.6/envs/oscar_rincon/lib/python3.10/site-packages/airflow/example_dags/example_trigger_target_dag.py took 0.094 seconds
[2023-10-28T19:30:25.998-0500] {processor.py:157} INFO - Started process (PID=80951) to work on /home/oscar_rincon/.pyenv/versions/3.10.6/envs/oscar_rincon/lib/python3.10/site-packages/airflow/example_dags/example_trigger_target_dag.py
[2023-10-28T19:30:26.037-0500] {processor.py:829} INFO - Processing file /home/oscar_rincon/.pyenv/versions/3.10.6/envs/oscar_rincon/lib/python3.10/site-packages/airflow/example_dags/example_trigger_target_dag.py for tasks to queue
[2023-10-28T19:30:26.038-0500] {logging_mixin.py:151} INFO - [2023-10-28T19:30:26.038-0500] {dagbag.py:539} INFO - Filling up the DagBag from /home/oscar_rincon/.pyenv/versions/3.10.6/envs/oscar_rincon/lib/python3.10/site-packages/airflow/example_dags/example_trigger_target_dag.py
[2023-10-28T19:30:26.044-0500] {processor.py:839} INFO - DAG(s) dict_keys(['example_trigger_target_dag']) retrieved from /home/oscar_rincon/.pyenv/versions/3.10.6/envs/oscar_rincon/lib/python3.10/site-packages/airflow/example_dags/example_trigger_target_dag.py
[2023-10-28T19:30:26.056-0500] {logging_mixin.py:151} INFO - [2023-10-28T19:30:26.056-0500] {dag.py:2915} INFO - Sync 1 DAGs
[2023-10-28T19:30:26.065-0500] {logging_mixin.py:151} INFO - [2023-10-28T19:30:26.065-0500] {dag.py:3696} INFO - Setting next_dagrun for example_trigger_target_dag to None, run_after=None
[2023-10-28T19:30:26.087-0500] {processor.py:179} INFO - Processing /home/oscar_rincon/.pyenv/versions/3.10.6/envs/oscar_rincon/lib/python3.10/site-packages/airflow/example_dags/example_trigger_target_dag.py took 0.092 seconds
[2023-10-28T19:32:24.063-0500] {processor.py:157} INFO - Started process (PID=81470) to work on /home/oscar_rincon/.pyenv/versions/3.10.6/envs/oscar_rincon/lib/python3.10/site-packages/airflow/example_dags/example_trigger_target_dag.py
[2023-10-28T19:32:24.064-0500] {processor.py:829} INFO - Processing file /home/oscar_rincon/.pyenv/versions/3.10.6/envs/oscar_rincon/lib/python3.10/site-packages/airflow/example_dags/example_trigger_target_dag.py for tasks to queue
[2023-10-28T19:32:24.065-0500] {logging_mixin.py:151} INFO - [2023-10-28T19:32:24.065-0500] {dagbag.py:539} INFO - Filling up the DagBag from /home/oscar_rincon/.pyenv/versions/3.10.6/envs/oscar_rincon/lib/python3.10/site-packages/airflow/example_dags/example_trigger_target_dag.py
[2023-10-28T19:32:24.072-0500] {processor.py:839} INFO - DAG(s) dict_keys(['example_trigger_target_dag']) retrieved from /home/oscar_rincon/.pyenv/versions/3.10.6/envs/oscar_rincon/lib/python3.10/site-packages/airflow/example_dags/example_trigger_target_dag.py
[2023-10-28T19:32:24.091-0500] {logging_mixin.py:151} INFO - [2023-10-28T19:32:24.091-0500] {dag.py:2915} INFO - Sync 1 DAGs
[2023-10-28T19:32:24.100-0500] {logging_mixin.py:151} INFO - [2023-10-28T19:32:24.100-0500] {dag.py:3696} INFO - Setting next_dagrun for example_trigger_target_dag to None, run_after=None
[2023-10-28T19:32:24.121-0500] {processor.py:179} INFO - Processing /home/oscar_rincon/.pyenv/versions/3.10.6/envs/oscar_rincon/lib/python3.10/site-packages/airflow/example_dags/example_trigger_target_dag.py took 0.061 seconds
