[2023-10-28T19:18:19.583-0500] {processor.py:157} INFO - Started process (PID=77474) to work on /home/oscar_rincon/.pyenv/versions/3.10.6/envs/oscar_rincon/lib/python3.10/site-packages/airflow/example_dags/example_setup_teardown_taskflow.py
[2023-10-28T19:18:19.584-0500] {processor.py:829} INFO - Processing file /home/oscar_rincon/.pyenv/versions/3.10.6/envs/oscar_rincon/lib/python3.10/site-packages/airflow/example_dags/example_setup_teardown_taskflow.py for tasks to queue
[2023-10-28T19:18:19.584-0500] {logging_mixin.py:151} INFO - [2023-10-28T19:18:19.584-0500] {dagbag.py:539} INFO - Filling up the DagBag from /home/oscar_rincon/.pyenv/versions/3.10.6/envs/oscar_rincon/lib/python3.10/site-packages/airflow/example_dags/example_setup_teardown_taskflow.py
[2023-10-28T19:18:19.594-0500] {processor.py:839} INFO - DAG(s) dict_keys(['example_setup_teardown_taskflow']) retrieved from /home/oscar_rincon/.pyenv/versions/3.10.6/envs/oscar_rincon/lib/python3.10/site-packages/airflow/example_dags/example_setup_teardown_taskflow.py
[2023-10-28T19:18:19.710-0500] {logging_mixin.py:151} INFO - [2023-10-28T19:18:19.709-0500] {manager.py:499} INFO - Created Permission View: %s
[2023-10-28T19:18:19.724-0500] {logging_mixin.py:151} INFO - [2023-10-28T19:18:19.723-0500] {manager.py:499} INFO - Created Permission View: %s
[2023-10-28T19:18:19.734-0500] {logging_mixin.py:151} INFO - [2023-10-28T19:18:19.733-0500] {manager.py:499} INFO - Created Permission View: %s
[2023-10-28T19:18:19.734-0500] {logging_mixin.py:151} INFO - [2023-10-28T19:18:19.734-0500] {security.py:708} INFO - Not syncing DAG-level permissions for DAG 'DAG:example_setup_teardown_taskflow' as access control is unset.
[2023-10-28T19:18:19.734-0500] {logging_mixin.py:151} INFO - [2023-10-28T19:18:19.734-0500] {dag.py:2915} INFO - Sync 1 DAGs
[2023-10-28T19:18:19.743-0500] {logging_mixin.py:151} INFO - [2023-10-28T19:18:19.743-0500] {dag.py:2937} INFO - Creating ORM DAG for example_setup_teardown_taskflow
[2023-10-28T19:18:19.751-0500] {logging_mixin.py:151} INFO - [2023-10-28T19:18:19.751-0500] {dag.py:3696} INFO - Setting next_dagrun for example_setup_teardown_taskflow to 2023-10-28T00:18:19.751192+00:00, run_after=2023-10-29T00:18:19.751192+00:00
[2023-10-28T19:18:19.775-0500] {processor.py:179} INFO - Processing /home/oscar_rincon/.pyenv/versions/3.10.6/envs/oscar_rincon/lib/python3.10/site-packages/airflow/example_dags/example_setup_teardown_taskflow.py took 0.194 seconds
[2023-10-28T19:19:06.770-0500] {processor.py:157} INFO - Started process (PID=77558) to work on /home/oscar_rincon/.pyenv/versions/3.10.6/envs/oscar_rincon/lib/python3.10/site-packages/airflow/example_dags/example_setup_teardown_taskflow.py
[2023-10-28T19:19:06.811-0500] {processor.py:829} INFO - Processing file /home/oscar_rincon/.pyenv/versions/3.10.6/envs/oscar_rincon/lib/python3.10/site-packages/airflow/example_dags/example_setup_teardown_taskflow.py for tasks to queue
[2023-10-28T19:19:06.812-0500] {logging_mixin.py:151} INFO - [2023-10-28T19:19:06.812-0500] {dagbag.py:539} INFO - Filling up the DagBag from /home/oscar_rincon/.pyenv/versions/3.10.6/envs/oscar_rincon/lib/python3.10/site-packages/airflow/example_dags/example_setup_teardown_taskflow.py
[2023-10-28T19:19:06.823-0500] {processor.py:839} INFO - DAG(s) dict_keys(['example_setup_teardown_taskflow']) retrieved from /home/oscar_rincon/.pyenv/versions/3.10.6/envs/oscar_rincon/lib/python3.10/site-packages/airflow/example_dags/example_setup_teardown_taskflow.py
[2023-10-28T19:19:06.840-0500] {logging_mixin.py:151} INFO - [2023-10-28T19:19:06.840-0500] {dag.py:2915} INFO - Sync 1 DAGs
[2023-10-28T19:19:06.858-0500] {logging_mixin.py:151} INFO - [2023-10-28T19:19:06.858-0500] {dag.py:3696} INFO - Setting next_dagrun for example_setup_teardown_taskflow to 2023-10-28T00:19:06.857834+00:00, run_after=2023-10-29T00:19:06.857834+00:00
[2023-10-28T19:19:06.888-0500] {processor.py:179} INFO - Processing /home/oscar_rincon/.pyenv/versions/3.10.6/envs/oscar_rincon/lib/python3.10/site-packages/airflow/example_dags/example_setup_teardown_taskflow.py took 0.121 seconds
[2023-10-28T19:28:55.801-0500] {processor.py:157} INFO - Started process (PID=80714) to work on /home/oscar_rincon/.pyenv/versions/3.10.6/envs/oscar_rincon/lib/python3.10/site-packages/airflow/example_dags/example_setup_teardown_taskflow.py
[2023-10-28T19:28:55.841-0500] {processor.py:829} INFO - Processing file /home/oscar_rincon/.pyenv/versions/3.10.6/envs/oscar_rincon/lib/python3.10/site-packages/airflow/example_dags/example_setup_teardown_taskflow.py for tasks to queue
[2023-10-28T19:28:55.842-0500] {logging_mixin.py:151} INFO - [2023-10-28T19:28:55.842-0500] {dagbag.py:539} INFO - Filling up the DagBag from /home/oscar_rincon/.pyenv/versions/3.10.6/envs/oscar_rincon/lib/python3.10/site-packages/airflow/example_dags/example_setup_teardown_taskflow.py
[2023-10-28T19:28:55.852-0500] {processor.py:839} INFO - DAG(s) dict_keys(['example_setup_teardown_taskflow']) retrieved from /home/oscar_rincon/.pyenv/versions/3.10.6/envs/oscar_rincon/lib/python3.10/site-packages/airflow/example_dags/example_setup_teardown_taskflow.py
[2023-10-28T19:28:55.867-0500] {logging_mixin.py:151} INFO - [2023-10-28T19:28:55.867-0500] {dag.py:2915} INFO - Sync 1 DAGs
[2023-10-28T19:28:55.886-0500] {logging_mixin.py:151} INFO - [2023-10-28T19:28:55.885-0500] {dag.py:3696} INFO - Setting next_dagrun for example_setup_teardown_taskflow to 2023-10-28T00:28:55.885652+00:00, run_after=2023-10-29T00:28:55.885652+00:00
[2023-10-28T19:28:55.914-0500] {processor.py:179} INFO - Processing /home/oscar_rincon/.pyenv/versions/3.10.6/envs/oscar_rincon/lib/python3.10/site-packages/airflow/example_dags/example_setup_teardown_taskflow.py took 0.117 seconds
[2023-10-28T19:29:43.254-0500] {processor.py:157} INFO - Started process (PID=80837) to work on /home/oscar_rincon/.pyenv/versions/3.10.6/envs/oscar_rincon/lib/python3.10/site-packages/airflow/example_dags/example_setup_teardown_taskflow.py
[2023-10-28T19:29:43.294-0500] {processor.py:829} INFO - Processing file /home/oscar_rincon/.pyenv/versions/3.10.6/envs/oscar_rincon/lib/python3.10/site-packages/airflow/example_dags/example_setup_teardown_taskflow.py for tasks to queue
[2023-10-28T19:29:43.296-0500] {logging_mixin.py:151} INFO - [2023-10-28T19:29:43.295-0500] {dagbag.py:539} INFO - Filling up the DagBag from /home/oscar_rincon/.pyenv/versions/3.10.6/envs/oscar_rincon/lib/python3.10/site-packages/airflow/example_dags/example_setup_teardown_taskflow.py
[2023-10-28T19:29:43.308-0500] {processor.py:839} INFO - DAG(s) dict_keys(['example_setup_teardown_taskflow']) retrieved from /home/oscar_rincon/.pyenv/versions/3.10.6/envs/oscar_rincon/lib/python3.10/site-packages/airflow/example_dags/example_setup_teardown_taskflow.py
[2023-10-28T19:29:43.321-0500] {logging_mixin.py:151} INFO - [2023-10-28T19:29:43.321-0500] {dag.py:2915} INFO - Sync 1 DAGs
[2023-10-28T19:29:43.336-0500] {logging_mixin.py:151} INFO - [2023-10-28T19:29:43.336-0500] {dag.py:3696} INFO - Setting next_dagrun for example_setup_teardown_taskflow to 2023-10-28T00:29:43.336201+00:00, run_after=2023-10-29T00:29:43.336201+00:00
[2023-10-28T19:29:43.358-0500] {processor.py:179} INFO - Processing /home/oscar_rincon/.pyenv/versions/3.10.6/envs/oscar_rincon/lib/python3.10/site-packages/airflow/example_dags/example_setup_teardown_taskflow.py took 0.106 seconds
