[2023-10-28T19:18:29.550-0500] {processor.py:157} INFO - Started process (PID=77513) to work on /home/oscar_rincon/.pyenv/versions/3.10.6/envs/oscar_rincon/lib/python3.10/site-packages/airflow/example_dags/example_setup_teardown.py
[2023-10-28T19:18:29.551-0500] {processor.py:829} INFO - Processing file /home/oscar_rincon/.pyenv/versions/3.10.6/envs/oscar_rincon/lib/python3.10/site-packages/airflow/example_dags/example_setup_teardown.py for tasks to queue
[2023-10-28T19:18:29.552-0500] {logging_mixin.py:151} INFO - [2023-10-28T19:18:29.552-0500] {dagbag.py:539} INFO - Filling up the DagBag from /home/oscar_rincon/.pyenv/versions/3.10.6/envs/oscar_rincon/lib/python3.10/site-packages/airflow/example_dags/example_setup_teardown.py
[2023-10-28T19:18:29.559-0500] {processor.py:839} INFO - DAG(s) dict_keys(['example_setup_teardown']) retrieved from /home/oscar_rincon/.pyenv/versions/3.10.6/envs/oscar_rincon/lib/python3.10/site-packages/airflow/example_dags/example_setup_teardown.py
[2023-10-28T19:18:29.647-0500] {logging_mixin.py:151} INFO - [2023-10-28T19:18:29.646-0500] {manager.py:499} INFO - Created Permission View: %s
[2023-10-28T19:18:29.659-0500] {logging_mixin.py:151} INFO - [2023-10-28T19:18:29.659-0500] {manager.py:499} INFO - Created Permission View: %s
[2023-10-28T19:18:29.669-0500] {logging_mixin.py:151} INFO - [2023-10-28T19:18:29.669-0500] {manager.py:499} INFO - Created Permission View: %s
[2023-10-28T19:18:29.670-0500] {logging_mixin.py:151} INFO - [2023-10-28T19:18:29.670-0500] {security.py:708} INFO - Not syncing DAG-level permissions for DAG 'DAG:example_setup_teardown' as access control is unset.
[2023-10-28T19:18:29.670-0500] {logging_mixin.py:151} INFO - [2023-10-28T19:18:29.670-0500] {dag.py:2915} INFO - Sync 1 DAGs
[2023-10-28T19:18:29.679-0500] {logging_mixin.py:151} INFO - [2023-10-28T19:18:29.679-0500] {dag.py:2937} INFO - Creating ORM DAG for example_setup_teardown
[2023-10-28T19:18:29.689-0500] {logging_mixin.py:151} INFO - [2023-10-28T19:18:29.688-0500] {dag.py:3696} INFO - Setting next_dagrun for example_setup_teardown to 2023-10-28T00:18:29.688702+00:00, run_after=2023-10-29T00:18:29.688702+00:00
[2023-10-28T19:18:29.711-0500] {processor.py:179} INFO - Processing /home/oscar_rincon/.pyenv/versions/3.10.6/envs/oscar_rincon/lib/python3.10/site-packages/airflow/example_dags/example_setup_teardown.py took 0.165 seconds
[2023-10-28T19:29:05.447-0500] {processor.py:157} INFO - Started process (PID=80723) to work on /home/oscar_rincon/.pyenv/versions/3.10.6/envs/oscar_rincon/lib/python3.10/site-packages/airflow/example_dags/example_setup_teardown.py
[2023-10-28T19:29:05.448-0500] {processor.py:829} INFO - Processing file /home/oscar_rincon/.pyenv/versions/3.10.6/envs/oscar_rincon/lib/python3.10/site-packages/airflow/example_dags/example_setup_teardown.py for tasks to queue
[2023-10-28T19:29:05.449-0500] {logging_mixin.py:151} INFO - [2023-10-28T19:29:05.449-0500] {dagbag.py:539} INFO - Filling up the DagBag from /home/oscar_rincon/.pyenv/versions/3.10.6/envs/oscar_rincon/lib/python3.10/site-packages/airflow/example_dags/example_setup_teardown.py
[2023-10-28T19:29:05.456-0500] {processor.py:839} INFO - DAG(s) dict_keys(['example_setup_teardown']) retrieved from /home/oscar_rincon/.pyenv/versions/3.10.6/envs/oscar_rincon/lib/python3.10/site-packages/airflow/example_dags/example_setup_teardown.py
[2023-10-28T19:29:05.470-0500] {logging_mixin.py:151} INFO - [2023-10-28T19:29:05.470-0500] {dag.py:2915} INFO - Sync 1 DAGs
[2023-10-28T19:29:05.487-0500] {logging_mixin.py:151} INFO - [2023-10-28T19:29:05.487-0500] {dag.py:3696} INFO - Setting next_dagrun for example_setup_teardown to 2023-10-28T00:29:05.486935+00:00, run_after=2023-10-29T00:29:05.486935+00:00
[2023-10-28T19:29:05.514-0500] {processor.py:179} INFO - Processing /home/oscar_rincon/.pyenv/versions/3.10.6/envs/oscar_rincon/lib/python3.10/site-packages/airflow/example_dags/example_setup_teardown.py took 0.069 seconds
[2023-10-28T19:29:57.067-0500] {processor.py:157} INFO - Started process (PID=80851) to work on /home/oscar_rincon/.pyenv/versions/3.10.6/envs/oscar_rincon/lib/python3.10/site-packages/airflow/example_dags/example_setup_teardown.py
[2023-10-28T19:29:57.107-0500] {processor.py:829} INFO - Processing file /home/oscar_rincon/.pyenv/versions/3.10.6/envs/oscar_rincon/lib/python3.10/site-packages/airflow/example_dags/example_setup_teardown.py for tasks to queue
[2023-10-28T19:29:57.110-0500] {logging_mixin.py:151} INFO - [2023-10-28T19:29:57.109-0500] {dagbag.py:539} INFO - Filling up the DagBag from /home/oscar_rincon/.pyenv/versions/3.10.6/envs/oscar_rincon/lib/python3.10/site-packages/airflow/example_dags/example_setup_teardown.py
[2023-10-28T19:29:57.120-0500] {processor.py:839} INFO - DAG(s) dict_keys(['example_setup_teardown']) retrieved from /home/oscar_rincon/.pyenv/versions/3.10.6/envs/oscar_rincon/lib/python3.10/site-packages/airflow/example_dags/example_setup_teardown.py
[2023-10-28T19:29:57.133-0500] {logging_mixin.py:151} INFO - [2023-10-28T19:29:57.133-0500] {dag.py:2915} INFO - Sync 1 DAGs
[2023-10-28T19:29:57.148-0500] {logging_mixin.py:151} INFO - [2023-10-28T19:29:57.148-0500] {dag.py:3696} INFO - Setting next_dagrun for example_setup_teardown to 2023-10-28T00:29:57.148067+00:00, run_after=2023-10-29T00:29:57.148067+00:00
[2023-10-28T19:29:57.170-0500] {processor.py:179} INFO - Processing /home/oscar_rincon/.pyenv/versions/3.10.6/envs/oscar_rincon/lib/python3.10/site-packages/airflow/example_dags/example_setup_teardown.py took 0.105 seconds
