[2023-10-28T19:18:36.235-0500] {processor.py:157} INFO - Started process (PID=77519) to work on /home/oscar_rincon/.pyenv/versions/3.10.6/envs/oscar_rincon/lib/python3.10/site-packages/airflow/example_dags/example_branch_labels.py
[2023-10-28T19:18:36.236-0500] {processor.py:829} INFO - Processing file /home/oscar_rincon/.pyenv/versions/3.10.6/envs/oscar_rincon/lib/python3.10/site-packages/airflow/example_dags/example_branch_labels.py for tasks to queue
[2023-10-28T19:18:36.237-0500] {logging_mixin.py:151} INFO - [2023-10-28T19:18:36.236-0500] {dagbag.py:539} INFO - Filling up the DagBag from /home/oscar_rincon/.pyenv/versions/3.10.6/envs/oscar_rincon/lib/python3.10/site-packages/airflow/example_dags/example_branch_labels.py
[2023-10-28T19:18:36.244-0500] {processor.py:839} INFO - DAG(s) dict_keys(['example_branch_labels']) retrieved from /home/oscar_rincon/.pyenv/versions/3.10.6/envs/oscar_rincon/lib/python3.10/site-packages/airflow/example_dags/example_branch_labels.py
[2023-10-28T19:18:36.341-0500] {logging_mixin.py:151} INFO - [2023-10-28T19:18:36.341-0500] {manager.py:499} INFO - Created Permission View: %s
[2023-10-28T19:18:36.355-0500] {logging_mixin.py:151} INFO - [2023-10-28T19:18:36.355-0500] {manager.py:499} INFO - Created Permission View: %s
[2023-10-28T19:18:36.367-0500] {logging_mixin.py:151} INFO - [2023-10-28T19:18:36.367-0500] {manager.py:499} INFO - Created Permission View: %s
[2023-10-28T19:18:36.367-0500] {logging_mixin.py:151} INFO - [2023-10-28T19:18:36.367-0500] {security.py:708} INFO - Not syncing DAG-level permissions for DAG 'DAG:example_branch_labels' as access control is unset.
[2023-10-28T19:18:36.367-0500] {logging_mixin.py:151} INFO - [2023-10-28T19:18:36.367-0500] {dag.py:2915} INFO - Sync 1 DAGs
[2023-10-28T19:18:36.377-0500] {logging_mixin.py:151} INFO - [2023-10-28T19:18:36.377-0500] {dag.py:2937} INFO - Creating ORM DAG for example_branch_labels
[2023-10-28T19:18:36.387-0500] {logging_mixin.py:151} INFO - [2023-10-28T19:18:36.387-0500] {dag.py:3696} INFO - Setting next_dagrun for example_branch_labels to 2023-10-28T00:00:00+00:00, run_after=2023-10-29T00:00:00+00:00
[2023-10-28T19:18:36.409-0500] {processor.py:179} INFO - Processing /home/oscar_rincon/.pyenv/versions/3.10.6/envs/oscar_rincon/lib/python3.10/site-packages/airflow/example_dags/example_branch_labels.py took 0.176 seconds
[2023-10-28T19:29:11.617-0500] {processor.py:157} INFO - Started process (PID=80729) to work on /home/oscar_rincon/.pyenv/versions/3.10.6/envs/oscar_rincon/lib/python3.10/site-packages/airflow/example_dags/example_branch_labels.py
[2023-10-28T19:29:11.619-0500] {processor.py:829} INFO - Processing file /home/oscar_rincon/.pyenv/versions/3.10.6/envs/oscar_rincon/lib/python3.10/site-packages/airflow/example_dags/example_branch_labels.py for tasks to queue
[2023-10-28T19:29:11.620-0500] {logging_mixin.py:151} INFO - [2023-10-28T19:29:11.620-0500] {dagbag.py:539} INFO - Filling up the DagBag from /home/oscar_rincon/.pyenv/versions/3.10.6/envs/oscar_rincon/lib/python3.10/site-packages/airflow/example_dags/example_branch_labels.py
[2023-10-28T19:29:11.626-0500] {processor.py:839} INFO - DAG(s) dict_keys(['example_branch_labels']) retrieved from /home/oscar_rincon/.pyenv/versions/3.10.6/envs/oscar_rincon/lib/python3.10/site-packages/airflow/example_dags/example_branch_labels.py
[2023-10-28T19:29:11.639-0500] {logging_mixin.py:151} INFO - [2023-10-28T19:29:11.639-0500] {dag.py:2915} INFO - Sync 1 DAGs
[2023-10-28T19:29:11.657-0500] {logging_mixin.py:151} INFO - [2023-10-28T19:29:11.656-0500] {dag.py:3696} INFO - Setting next_dagrun for example_branch_labels to 2023-10-28T00:00:00+00:00, run_after=2023-10-29T00:00:00+00:00
[2023-10-28T19:29:11.679-0500] {processor.py:179} INFO - Processing /home/oscar_rincon/.pyenv/versions/3.10.6/envs/oscar_rincon/lib/python3.10/site-packages/airflow/example_dags/example_branch_labels.py took 0.064 seconds
[2023-10-28T19:30:04.377-0500] {processor.py:157} INFO - Started process (PID=80860) to work on /home/oscar_rincon/.pyenv/versions/3.10.6/envs/oscar_rincon/lib/python3.10/site-packages/airflow/example_dags/example_branch_labels.py
[2023-10-28T19:30:04.378-0500] {processor.py:829} INFO - Processing file /home/oscar_rincon/.pyenv/versions/3.10.6/envs/oscar_rincon/lib/python3.10/site-packages/airflow/example_dags/example_branch_labels.py for tasks to queue
[2023-10-28T19:30:04.379-0500] {logging_mixin.py:151} INFO - [2023-10-28T19:30:04.379-0500] {dagbag.py:539} INFO - Filling up the DagBag from /home/oscar_rincon/.pyenv/versions/3.10.6/envs/oscar_rincon/lib/python3.10/site-packages/airflow/example_dags/example_branch_labels.py
[2023-10-28T19:30:04.386-0500] {processor.py:839} INFO - DAG(s) dict_keys(['example_branch_labels']) retrieved from /home/oscar_rincon/.pyenv/versions/3.10.6/envs/oscar_rincon/lib/python3.10/site-packages/airflow/example_dags/example_branch_labels.py
[2023-10-28T19:30:04.400-0500] {logging_mixin.py:151} INFO - [2023-10-28T19:30:04.400-0500] {dag.py:2915} INFO - Sync 1 DAGs
[2023-10-28T19:30:04.416-0500] {logging_mixin.py:151} INFO - [2023-10-28T19:30:04.416-0500] {dag.py:3696} INFO - Setting next_dagrun for example_branch_labels to 2023-10-28T00:00:00+00:00, run_after=2023-10-29T00:00:00+00:00
[2023-10-28T19:30:04.438-0500] {processor.py:179} INFO - Processing /home/oscar_rincon/.pyenv/versions/3.10.6/envs/oscar_rincon/lib/python3.10/site-packages/airflow/example_dags/example_branch_labels.py took 0.063 seconds
