[2023-10-28T19:18:24.551-0500] {processor.py:157} INFO - Started process (PID=77508) to work on /home/oscar_rincon/.pyenv/versions/3.10.6/envs/oscar_rincon/lib/python3.10/site-packages/airflow/example_dags/example_short_circuit_decorator.py
[2023-10-28T19:18:24.552-0500] {processor.py:829} INFO - Processing file /home/oscar_rincon/.pyenv/versions/3.10.6/envs/oscar_rincon/lib/python3.10/site-packages/airflow/example_dags/example_short_circuit_decorator.py for tasks to queue
[2023-10-28T19:18:24.553-0500] {logging_mixin.py:151} INFO - [2023-10-28T19:18:24.553-0500] {dagbag.py:539} INFO - Filling up the DagBag from /home/oscar_rincon/.pyenv/versions/3.10.6/envs/oscar_rincon/lib/python3.10/site-packages/airflow/example_dags/example_short_circuit_decorator.py
[2023-10-28T19:18:24.561-0500] {processor.py:839} INFO - DAG(s) dict_keys(['example_short_circuit_decorator']) retrieved from /home/oscar_rincon/.pyenv/versions/3.10.6/envs/oscar_rincon/lib/python3.10/site-packages/airflow/example_dags/example_short_circuit_decorator.py
[2023-10-28T19:18:24.702-0500] {logging_mixin.py:151} INFO - [2023-10-28T19:18:24.702-0500] {manager.py:499} INFO - Created Permission View: %s
[2023-10-28T19:18:24.716-0500] {logging_mixin.py:151} INFO - [2023-10-28T19:18:24.715-0500] {manager.py:499} INFO - Created Permission View: %s
[2023-10-28T19:18:24.729-0500] {logging_mixin.py:151} INFO - [2023-10-28T19:18:24.729-0500] {manager.py:499} INFO - Created Permission View: %s
[2023-10-28T19:18:24.729-0500] {logging_mixin.py:151} INFO - [2023-10-28T19:18:24.729-0500] {security.py:708} INFO - Not syncing DAG-level permissions for DAG 'DAG:example_short_circuit_decorator' as access control is unset.
[2023-10-28T19:18:24.729-0500] {logging_mixin.py:151} INFO - [2023-10-28T19:18:24.729-0500] {dag.py:2915} INFO - Sync 1 DAGs
[2023-10-28T19:18:24.738-0500] {logging_mixin.py:151} INFO - [2023-10-28T19:18:24.737-0500] {dag.py:2937} INFO - Creating ORM DAG for example_short_circuit_decorator
[2023-10-28T19:18:24.745-0500] {logging_mixin.py:151} INFO - [2023-10-28T19:18:24.744-0500] {dag.py:3696} INFO - Setting next_dagrun for example_short_circuit_decorator to 2023-10-28T00:18:24.744740+00:00, run_after=2023-10-29T00:18:24.744740+00:00
[2023-10-28T19:18:24.769-0500] {processor.py:179} INFO - Processing /home/oscar_rincon/.pyenv/versions/3.10.6/envs/oscar_rincon/lib/python3.10/site-packages/airflow/example_dags/example_short_circuit_decorator.py took 0.221 seconds
[2023-10-28T19:19:11.635-0500] {processor.py:157} INFO - Started process (PID=77562) to work on /home/oscar_rincon/.pyenv/versions/3.10.6/envs/oscar_rincon/lib/python3.10/site-packages/airflow/example_dags/example_short_circuit_decorator.py
[2023-10-28T19:19:11.636-0500] {processor.py:829} INFO - Processing file /home/oscar_rincon/.pyenv/versions/3.10.6/envs/oscar_rincon/lib/python3.10/site-packages/airflow/example_dags/example_short_circuit_decorator.py for tasks to queue
[2023-10-28T19:19:11.637-0500] {logging_mixin.py:151} INFO - [2023-10-28T19:19:11.637-0500] {dagbag.py:539} INFO - Filling up the DagBag from /home/oscar_rincon/.pyenv/versions/3.10.6/envs/oscar_rincon/lib/python3.10/site-packages/airflow/example_dags/example_short_circuit_decorator.py
[2023-10-28T19:19:11.648-0500] {processor.py:839} INFO - DAG(s) dict_keys(['example_short_circuit_decorator']) retrieved from /home/oscar_rincon/.pyenv/versions/3.10.6/envs/oscar_rincon/lib/python3.10/site-packages/airflow/example_dags/example_short_circuit_decorator.py
[2023-10-28T19:19:11.667-0500] {logging_mixin.py:151} INFO - [2023-10-28T19:19:11.666-0500] {dag.py:2915} INFO - Sync 1 DAGs
[2023-10-28T19:19:11.687-0500] {logging_mixin.py:151} INFO - [2023-10-28T19:19:11.687-0500] {dag.py:3696} INFO - Setting next_dagrun for example_short_circuit_decorator to 2023-10-28T00:19:11.686902+00:00, run_after=2023-10-29T00:19:11.686902+00:00
[2023-10-28T19:19:11.711-0500] {processor.py:179} INFO - Processing /home/oscar_rincon/.pyenv/versions/3.10.6/envs/oscar_rincon/lib/python3.10/site-packages/airflow/example_dags/example_short_circuit_decorator.py took 0.079 seconds
[2023-10-28T19:29:00.086-0500] {processor.py:157} INFO - Started process (PID=80718) to work on /home/oscar_rincon/.pyenv/versions/3.10.6/envs/oscar_rincon/lib/python3.10/site-packages/airflow/example_dags/example_short_circuit_decorator.py
[2023-10-28T19:29:00.088-0500] {processor.py:829} INFO - Processing file /home/oscar_rincon/.pyenv/versions/3.10.6/envs/oscar_rincon/lib/python3.10/site-packages/airflow/example_dags/example_short_circuit_decorator.py for tasks to queue
[2023-10-28T19:29:00.088-0500] {logging_mixin.py:151} INFO - [2023-10-28T19:29:00.088-0500] {dagbag.py:539} INFO - Filling up the DagBag from /home/oscar_rincon/.pyenv/versions/3.10.6/envs/oscar_rincon/lib/python3.10/site-packages/airflow/example_dags/example_short_circuit_decorator.py
[2023-10-28T19:29:00.097-0500] {processor.py:839} INFO - DAG(s) dict_keys(['example_short_circuit_decorator']) retrieved from /home/oscar_rincon/.pyenv/versions/3.10.6/envs/oscar_rincon/lib/python3.10/site-packages/airflow/example_dags/example_short_circuit_decorator.py
[2023-10-28T19:29:00.112-0500] {logging_mixin.py:151} INFO - [2023-10-28T19:29:00.112-0500] {dag.py:2915} INFO - Sync 1 DAGs
[2023-10-28T19:29:00.127-0500] {logging_mixin.py:151} INFO - [2023-10-28T19:29:00.127-0500] {dag.py:3696} INFO - Setting next_dagrun for example_short_circuit_decorator to 2023-10-28T00:29:00.126990+00:00, run_after=2023-10-29T00:29:00.126990+00:00
[2023-10-28T19:29:00.153-0500] {processor.py:179} INFO - Processing /home/oscar_rincon/.pyenv/versions/3.10.6/envs/oscar_rincon/lib/python3.10/site-packages/airflow/example_dags/example_short_circuit_decorator.py took 0.069 seconds
[2023-10-28T19:29:46.822-0500] {processor.py:157} INFO - Started process (PID=80841) to work on /home/oscar_rincon/.pyenv/versions/3.10.6/envs/oscar_rincon/lib/python3.10/site-packages/airflow/example_dags/example_short_circuit_decorator.py
[2023-10-28T19:29:46.862-0500] {processor.py:829} INFO - Processing file /home/oscar_rincon/.pyenv/versions/3.10.6/envs/oscar_rincon/lib/python3.10/site-packages/airflow/example_dags/example_short_circuit_decorator.py for tasks to queue
[2023-10-28T19:29:46.864-0500] {logging_mixin.py:151} INFO - [2023-10-28T19:29:46.863-0500] {dagbag.py:539} INFO - Filling up the DagBag from /home/oscar_rincon/.pyenv/versions/3.10.6/envs/oscar_rincon/lib/python3.10/site-packages/airflow/example_dags/example_short_circuit_decorator.py
[2023-10-28T19:29:46.876-0500] {processor.py:839} INFO - DAG(s) dict_keys(['example_short_circuit_decorator']) retrieved from /home/oscar_rincon/.pyenv/versions/3.10.6/envs/oscar_rincon/lib/python3.10/site-packages/airflow/example_dags/example_short_circuit_decorator.py
[2023-10-28T19:29:46.890-0500] {logging_mixin.py:151} INFO - [2023-10-28T19:29:46.890-0500] {dag.py:2915} INFO - Sync 1 DAGs
[2023-10-28T19:29:46.905-0500] {logging_mixin.py:151} INFO - [2023-10-28T19:29:46.905-0500] {dag.py:3696} INFO - Setting next_dagrun for example_short_circuit_decorator to 2023-10-28T00:29:46.905262+00:00, run_after=2023-10-29T00:29:46.905262+00:00
[2023-10-28T19:29:46.927-0500] {processor.py:179} INFO - Processing /home/oscar_rincon/.pyenv/versions/3.10.6/envs/oscar_rincon/lib/python3.10/site-packages/airflow/example_dags/example_short_circuit_decorator.py took 0.108 seconds
