[2023-10-28T19:18:16.901-0500] {processor.py:157} INFO - Started process (PID=77472) to work on /home/oscar_rincon/.pyenv/versions/3.10.6/envs/oscar_rincon/lib/python3.10/site-packages/airflow/example_dags/example_bash_operator.py
[2023-10-28T19:18:16.902-0500] {processor.py:829} INFO - Processing file /home/oscar_rincon/.pyenv/versions/3.10.6/envs/oscar_rincon/lib/python3.10/site-packages/airflow/example_dags/example_bash_operator.py for tasks to queue
[2023-10-28T19:18:16.903-0500] {logging_mixin.py:151} INFO - [2023-10-28T19:18:16.903-0500] {dagbag.py:539} INFO - Filling up the DagBag from /home/oscar_rincon/.pyenv/versions/3.10.6/envs/oscar_rincon/lib/python3.10/site-packages/airflow/example_dags/example_bash_operator.py
[2023-10-28T19:18:16.917-0500] {processor.py:839} INFO - DAG(s) dict_keys(['example_bash_operator']) retrieved from /home/oscar_rincon/.pyenv/versions/3.10.6/envs/oscar_rincon/lib/python3.10/site-packages/airflow/example_dags/example_bash_operator.py
[2023-10-28T19:18:17.046-0500] {logging_mixin.py:151} INFO - [2023-10-28T19:18:17.045-0500] {manager.py:499} INFO - Created Permission View: %s
[2023-10-28T19:18:17.062-0500] {logging_mixin.py:151} INFO - [2023-10-28T19:18:17.062-0500] {manager.py:499} INFO - Created Permission View: %s
[2023-10-28T19:18:17.075-0500] {logging_mixin.py:151} INFO - [2023-10-28T19:18:17.074-0500] {manager.py:499} INFO - Created Permission View: %s
[2023-10-28T19:18:17.075-0500] {logging_mixin.py:151} INFO - [2023-10-28T19:18:17.075-0500] {security.py:708} INFO - Not syncing DAG-level permissions for DAG 'DAG:example_bash_operator' as access control is unset.
[2023-10-28T19:18:17.075-0500] {logging_mixin.py:151} INFO - [2023-10-28T19:18:17.075-0500] {dag.py:2915} INFO - Sync 1 DAGs
[2023-10-28T19:18:17.087-0500] {logging_mixin.py:151} INFO - [2023-10-28T19:18:17.086-0500] {dag.py:2937} INFO - Creating ORM DAG for example_bash_operator
[2023-10-28T19:18:17.098-0500] {logging_mixin.py:151} INFO - [2023-10-28T19:18:17.098-0500] {dag.py:3696} INFO - Setting next_dagrun for example_bash_operator to 2023-10-28T00:00:00+00:00, run_after=2023-10-29T00:00:00+00:00
[2023-10-28T19:18:17.133-0500] {processor.py:179} INFO - Processing /home/oscar_rincon/.pyenv/versions/3.10.6/envs/oscar_rincon/lib/python3.10/site-packages/airflow/example_dags/example_bash_operator.py took 0.235 seconds
[2023-10-28T19:19:05.435-0500] {processor.py:157} INFO - Started process (PID=77556) to work on /home/oscar_rincon/.pyenv/versions/3.10.6/envs/oscar_rincon/lib/python3.10/site-packages/airflow/example_dags/example_bash_operator.py
[2023-10-28T19:19:05.437-0500] {processor.py:829} INFO - Processing file /home/oscar_rincon/.pyenv/versions/3.10.6/envs/oscar_rincon/lib/python3.10/site-packages/airflow/example_dags/example_bash_operator.py for tasks to queue
[2023-10-28T19:19:05.437-0500] {logging_mixin.py:151} INFO - [2023-10-28T19:19:05.437-0500] {dagbag.py:539} INFO - Filling up the DagBag from /home/oscar_rincon/.pyenv/versions/3.10.6/envs/oscar_rincon/lib/python3.10/site-packages/airflow/example_dags/example_bash_operator.py
[2023-10-28T19:19:05.446-0500] {processor.py:839} INFO - DAG(s) dict_keys(['example_bash_operator']) retrieved from /home/oscar_rincon/.pyenv/versions/3.10.6/envs/oscar_rincon/lib/python3.10/site-packages/airflow/example_dags/example_bash_operator.py
[2023-10-28T19:19:05.465-0500] {logging_mixin.py:151} INFO - [2023-10-28T19:19:05.465-0500] {dag.py:2915} INFO - Sync 1 DAGs
[2023-10-28T19:19:05.482-0500] {logging_mixin.py:151} INFO - [2023-10-28T19:19:05.482-0500] {dag.py:3696} INFO - Setting next_dagrun for example_bash_operator to 2023-10-28T00:00:00+00:00, run_after=2023-10-29T00:00:00+00:00
[2023-10-28T19:19:05.512-0500] {processor.py:179} INFO - Processing /home/oscar_rincon/.pyenv/versions/3.10.6/envs/oscar_rincon/lib/python3.10/site-packages/airflow/example_dags/example_bash_operator.py took 0.079 seconds
[2023-10-28T19:28:54.938-0500] {processor.py:157} INFO - Started process (PID=80712) to work on /home/oscar_rincon/.pyenv/versions/3.10.6/envs/oscar_rincon/lib/python3.10/site-packages/airflow/example_dags/example_bash_operator.py
[2023-10-28T19:28:54.939-0500] {processor.py:829} INFO - Processing file /home/oscar_rincon/.pyenv/versions/3.10.6/envs/oscar_rincon/lib/python3.10/site-packages/airflow/example_dags/example_bash_operator.py for tasks to queue
[2023-10-28T19:28:54.940-0500] {logging_mixin.py:151} INFO - [2023-10-28T19:28:54.940-0500] {dagbag.py:539} INFO - Filling up the DagBag from /home/oscar_rincon/.pyenv/versions/3.10.6/envs/oscar_rincon/lib/python3.10/site-packages/airflow/example_dags/example_bash_operator.py
[2023-10-28T19:28:54.949-0500] {processor.py:839} INFO - DAG(s) dict_keys(['example_bash_operator']) retrieved from /home/oscar_rincon/.pyenv/versions/3.10.6/envs/oscar_rincon/lib/python3.10/site-packages/airflow/example_dags/example_bash_operator.py
[2023-10-28T19:28:54.971-0500] {logging_mixin.py:151} INFO - [2023-10-28T19:28:54.971-0500] {dag.py:2915} INFO - Sync 1 DAGs
[2023-10-28T19:28:54.989-0500] {logging_mixin.py:151} INFO - [2023-10-28T19:28:54.989-0500] {dag.py:3696} INFO - Setting next_dagrun for example_bash_operator to 2023-10-28T00:00:00+00:00, run_after=2023-10-29T00:00:00+00:00
[2023-10-28T19:28:55.014-0500] {processor.py:179} INFO - Processing /home/oscar_rincon/.pyenv/versions/3.10.6/envs/oscar_rincon/lib/python3.10/site-packages/airflow/example_dags/example_bash_operator.py took 0.079 seconds
[2023-10-28T19:29:40.875-0500] {processor.py:157} INFO - Started process (PID=80835) to work on /home/oscar_rincon/.pyenv/versions/3.10.6/envs/oscar_rincon/lib/python3.10/site-packages/airflow/example_dags/example_bash_operator.py
[2023-10-28T19:29:40.877-0500] {processor.py:829} INFO - Processing file /home/oscar_rincon/.pyenv/versions/3.10.6/envs/oscar_rincon/lib/python3.10/site-packages/airflow/example_dags/example_bash_operator.py for tasks to queue
[2023-10-28T19:29:40.877-0500] {logging_mixin.py:151} INFO - [2023-10-28T19:29:40.877-0500] {dagbag.py:539} INFO - Filling up the DagBag from /home/oscar_rincon/.pyenv/versions/3.10.6/envs/oscar_rincon/lib/python3.10/site-packages/airflow/example_dags/example_bash_operator.py
[2023-10-28T19:29:40.886-0500] {processor.py:839} INFO - DAG(s) dict_keys(['example_bash_operator']) retrieved from /home/oscar_rincon/.pyenv/versions/3.10.6/envs/oscar_rincon/lib/python3.10/site-packages/airflow/example_dags/example_bash_operator.py
[2023-10-28T19:29:40.906-0500] {logging_mixin.py:151} INFO - [2023-10-28T19:29:40.906-0500] {dag.py:2915} INFO - Sync 1 DAGs
[2023-10-28T19:29:40.924-0500] {logging_mixin.py:151} INFO - [2023-10-28T19:29:40.924-0500] {dag.py:3696} INFO - Setting next_dagrun for example_bash_operator to 2023-10-28T00:00:00+00:00, run_after=2023-10-29T00:00:00+00:00
[2023-10-28T19:29:40.947-0500] {processor.py:179} INFO - Processing /home/oscar_rincon/.pyenv/versions/3.10.6/envs/oscar_rincon/lib/python3.10/site-packages/airflow/example_dags/example_bash_operator.py took 0.074 seconds
