[2023-10-28T19:18:04.055-0500] {processor.py:157} INFO - Started process (PID=77369) to work on /home/oscar_rincon/.pyenv/versions/3.10.6/envs/oscar_rincon/lib/python3.10/site-packages/airflow/example_dags/example_branch_operator.py
[2023-10-28T19:18:04.055-0500] {processor.py:829} INFO - Processing file /home/oscar_rincon/.pyenv/versions/3.10.6/envs/oscar_rincon/lib/python3.10/site-packages/airflow/example_dags/example_branch_operator.py for tasks to queue
[2023-10-28T19:18:04.056-0500] {logging_mixin.py:151} INFO - [2023-10-28T19:18:04.056-0500] {dagbag.py:539} INFO - Filling up the DagBag from /home/oscar_rincon/.pyenv/versions/3.10.6/envs/oscar_rincon/lib/python3.10/site-packages/airflow/example_dags/example_branch_operator.py
[2023-10-28T19:18:04.075-0500] {processor.py:839} INFO - DAG(s) dict_keys(['example_branch_operator']) retrieved from /home/oscar_rincon/.pyenv/versions/3.10.6/envs/oscar_rincon/lib/python3.10/site-packages/airflow/example_dags/example_branch_operator.py
[2023-10-28T19:18:04.189-0500] {logging_mixin.py:151} INFO - [2023-10-28T19:18:04.189-0500] {manager.py:499} INFO - Created Permission View: %s
[2023-10-28T19:18:04.204-0500] {logging_mixin.py:151} INFO - [2023-10-28T19:18:04.204-0500] {manager.py:499} INFO - Created Permission View: %s
[2023-10-28T19:18:04.215-0500] {logging_mixin.py:151} INFO - [2023-10-28T19:18:04.215-0500] {manager.py:499} INFO - Created Permission View: %s
[2023-10-28T19:18:04.215-0500] {logging_mixin.py:151} INFO - [2023-10-28T19:18:04.215-0500] {security.py:708} INFO - Not syncing DAG-level permissions for DAG 'DAG:example_branch_operator' as access control is unset.
[2023-10-28T19:18:04.215-0500] {logging_mixin.py:151} INFO - [2023-10-28T19:18:04.215-0500] {dag.py:2915} INFO - Sync 1 DAGs
[2023-10-28T19:18:04.224-0500] {logging_mixin.py:151} INFO - [2023-10-28T19:18:04.224-0500] {dag.py:2937} INFO - Creating ORM DAG for example_branch_operator
[2023-10-28T19:18:04.234-0500] {logging_mixin.py:151} INFO - [2023-10-28T19:18:04.234-0500] {dag.py:3696} INFO - Setting next_dagrun for example_branch_operator to 2023-10-28T00:00:00+00:00, run_after=2023-10-29T00:00:00+00:00
[2023-10-28T19:18:04.258-0500] {processor.py:179} INFO - Processing /home/oscar_rincon/.pyenv/versions/3.10.6/envs/oscar_rincon/lib/python3.10/site-packages/airflow/example_dags/example_branch_operator.py took 0.206 seconds
[2023-10-28T19:18:55.039-0500] {processor.py:157} INFO - Started process (PID=77546) to work on /home/oscar_rincon/.pyenv/versions/3.10.6/envs/oscar_rincon/lib/python3.10/site-packages/airflow/example_dags/example_branch_operator.py
[2023-10-28T19:18:55.041-0500] {processor.py:829} INFO - Processing file /home/oscar_rincon/.pyenv/versions/3.10.6/envs/oscar_rincon/lib/python3.10/site-packages/airflow/example_dags/example_branch_operator.py for tasks to queue
[2023-10-28T19:18:55.042-0500] {logging_mixin.py:151} INFO - [2023-10-28T19:18:55.041-0500] {dagbag.py:539} INFO - Filling up the DagBag from /home/oscar_rincon/.pyenv/versions/3.10.6/envs/oscar_rincon/lib/python3.10/site-packages/airflow/example_dags/example_branch_operator.py
[2023-10-28T19:18:55.049-0500] {processor.py:839} INFO - DAG(s) dict_keys(['example_branch_operator']) retrieved from /home/oscar_rincon/.pyenv/versions/3.10.6/envs/oscar_rincon/lib/python3.10/site-packages/airflow/example_dags/example_branch_operator.py
[2023-10-28T19:18:55.064-0500] {logging_mixin.py:151} INFO - [2023-10-28T19:18:55.064-0500] {dag.py:2915} INFO - Sync 1 DAGs
[2023-10-28T19:18:55.082-0500] {logging_mixin.py:151} INFO - [2023-10-28T19:18:55.082-0500] {dag.py:3696} INFO - Setting next_dagrun for example_branch_operator to 2023-10-28T00:00:00+00:00, run_after=2023-10-29T00:00:00+00:00
[2023-10-28T19:18:55.106-0500] {processor.py:179} INFO - Processing /home/oscar_rincon/.pyenv/versions/3.10.6/envs/oscar_rincon/lib/python3.10/site-packages/airflow/example_dags/example_branch_operator.py took 0.070 seconds
[2023-10-28T19:19:54.543-0500] {processor.py:157} INFO - Started process (PID=77933) to work on /home/oscar_rincon/.pyenv/versions/3.10.6/envs/oscar_rincon/lib/python3.10/site-packages/airflow/example_dags/example_branch_operator.py
[2023-10-28T19:19:54.583-0500] {processor.py:829} INFO - Processing file /home/oscar_rincon/.pyenv/versions/3.10.6/envs/oscar_rincon/lib/python3.10/site-packages/airflow/example_dags/example_branch_operator.py for tasks to queue
[2023-10-28T19:19:54.585-0500] {logging_mixin.py:151} INFO - [2023-10-28T19:19:54.584-0500] {dagbag.py:539} INFO - Filling up the DagBag from /home/oscar_rincon/.pyenv/versions/3.10.6/envs/oscar_rincon/lib/python3.10/site-packages/airflow/example_dags/example_branch_operator.py
[2023-10-28T19:19:54.598-0500] {processor.py:839} INFO - DAG(s) dict_keys(['example_branch_operator']) retrieved from /home/oscar_rincon/.pyenv/versions/3.10.6/envs/oscar_rincon/lib/python3.10/site-packages/airflow/example_dags/example_branch_operator.py
[2023-10-28T19:19:54.619-0500] {logging_mixin.py:151} INFO - [2023-10-28T19:19:54.619-0500] {dag.py:2915} INFO - Sync 1 DAGs
[2023-10-28T19:19:54.635-0500] {logging_mixin.py:151} INFO - [2023-10-28T19:19:54.635-0500] {dag.py:3696} INFO - Setting next_dagrun for example_branch_operator to 2023-10-28T00:00:00+00:00, run_after=2023-10-29T00:00:00+00:00
[2023-10-28T19:19:54.658-0500] {processor.py:179} INFO - Processing /home/oscar_rincon/.pyenv/versions/3.10.6/envs/oscar_rincon/lib/python3.10/site-packages/airflow/example_dags/example_branch_operator.py took 0.117 seconds
[2023-10-28T19:28:44.423-0500] {processor.py:157} INFO - Started process (PID=80639) to work on /home/oscar_rincon/.pyenv/versions/3.10.6/envs/oscar_rincon/lib/python3.10/site-packages/airflow/example_dags/example_branch_operator.py
[2023-10-28T19:28:44.425-0500] {processor.py:829} INFO - Processing file /home/oscar_rincon/.pyenv/versions/3.10.6/envs/oscar_rincon/lib/python3.10/site-packages/airflow/example_dags/example_branch_operator.py for tasks to queue
[2023-10-28T19:28:44.426-0500] {logging_mixin.py:151} INFO - [2023-10-28T19:28:44.426-0500] {dagbag.py:539} INFO - Filling up the DagBag from /home/oscar_rincon/.pyenv/versions/3.10.6/envs/oscar_rincon/lib/python3.10/site-packages/airflow/example_dags/example_branch_operator.py
[2023-10-28T19:28:44.436-0500] {processor.py:839} INFO - DAG(s) dict_keys(['example_branch_operator']) retrieved from /home/oscar_rincon/.pyenv/versions/3.10.6/envs/oscar_rincon/lib/python3.10/site-packages/airflow/example_dags/example_branch_operator.py
[2023-10-28T19:28:44.458-0500] {logging_mixin.py:151} INFO - [2023-10-28T19:28:44.457-0500] {dag.py:2915} INFO - Sync 1 DAGs
[2023-10-28T19:28:44.476-0500] {logging_mixin.py:151} INFO - [2023-10-28T19:28:44.476-0500] {dag.py:3696} INFO - Setting next_dagrun for example_branch_operator to 2023-10-28T00:00:00+00:00, run_after=2023-10-29T00:00:00+00:00
[2023-10-28T19:28:44.499-0500] {processor.py:179} INFO - Processing /home/oscar_rincon/.pyenv/versions/3.10.6/envs/oscar_rincon/lib/python3.10/site-packages/airflow/example_dags/example_branch_operator.py took 0.078 seconds
[2023-10-28T19:29:30.557-0500] {processor.py:157} INFO - Started process (PID=80819) to work on /home/oscar_rincon/.pyenv/versions/3.10.6/envs/oscar_rincon/lib/python3.10/site-packages/airflow/example_dags/example_branch_operator.py
[2023-10-28T19:29:30.597-0500] {processor.py:829} INFO - Processing file /home/oscar_rincon/.pyenv/versions/3.10.6/envs/oscar_rincon/lib/python3.10/site-packages/airflow/example_dags/example_branch_operator.py for tasks to queue
[2023-10-28T19:29:30.599-0500] {logging_mixin.py:151} INFO - [2023-10-28T19:29:30.598-0500] {dagbag.py:539} INFO - Filling up the DagBag from /home/oscar_rincon/.pyenv/versions/3.10.6/envs/oscar_rincon/lib/python3.10/site-packages/airflow/example_dags/example_branch_operator.py
[2023-10-28T19:29:30.608-0500] {processor.py:839} INFO - DAG(s) dict_keys(['example_branch_operator']) retrieved from /home/oscar_rincon/.pyenv/versions/3.10.6/envs/oscar_rincon/lib/python3.10/site-packages/airflow/example_dags/example_branch_operator.py
[2023-10-28T19:29:30.626-0500] {logging_mixin.py:151} INFO - [2023-10-28T19:29:30.626-0500] {dag.py:2915} INFO - Sync 1 DAGs
[2023-10-28T19:29:30.644-0500] {logging_mixin.py:151} INFO - [2023-10-28T19:29:30.644-0500] {dag.py:3696} INFO - Setting next_dagrun for example_branch_operator to 2023-10-28T00:00:00+00:00, run_after=2023-10-29T00:00:00+00:00
[2023-10-28T19:29:30.665-0500] {processor.py:179} INFO - Processing /home/oscar_rincon/.pyenv/versions/3.10.6/envs/oscar_rincon/lib/python3.10/site-packages/airflow/example_dags/example_branch_operator.py took 0.110 seconds
[2023-10-28T19:30:18.637-0500] {processor.py:157} INFO - Started process (PID=80943) to work on /home/oscar_rincon/.pyenv/versions/3.10.6/envs/oscar_rincon/lib/python3.10/site-packages/airflow/example_dags/example_branch_operator.py
[2023-10-28T19:30:18.640-0500] {processor.py:829} INFO - Processing file /home/oscar_rincon/.pyenv/versions/3.10.6/envs/oscar_rincon/lib/python3.10/site-packages/airflow/example_dags/example_branch_operator.py for tasks to queue
[2023-10-28T19:30:18.642-0500] {logging_mixin.py:151} INFO - [2023-10-28T19:30:18.641-0500] {dagbag.py:539} INFO - Filling up the DagBag from /home/oscar_rincon/.pyenv/versions/3.10.6/envs/oscar_rincon/lib/python3.10/site-packages/airflow/example_dags/example_branch_operator.py
[2023-10-28T19:30:18.649-0500] {processor.py:839} INFO - DAG(s) dict_keys(['example_branch_operator']) retrieved from /home/oscar_rincon/.pyenv/versions/3.10.6/envs/oscar_rincon/lib/python3.10/site-packages/airflow/example_dags/example_branch_operator.py
[2023-10-28T19:30:18.666-0500] {logging_mixin.py:151} INFO - [2023-10-28T19:30:18.666-0500] {dag.py:2915} INFO - Sync 1 DAGs
[2023-10-28T19:30:18.687-0500] {logging_mixin.py:151} INFO - [2023-10-28T19:30:18.687-0500] {dag.py:3696} INFO - Setting next_dagrun for example_branch_operator to 2023-10-28T00:00:00+00:00, run_after=2023-10-29T00:00:00+00:00
[2023-10-28T19:30:18.716-0500] {processor.py:179} INFO - Processing /home/oscar_rincon/.pyenv/versions/3.10.6/envs/oscar_rincon/lib/python3.10/site-packages/airflow/example_dags/example_branch_operator.py took 0.082 seconds
