[2023-10-28T19:18:15.552-0500] {processor.py:157} INFO - Started process (PID=77456) to work on /home/oscar_rincon/.pyenv/versions/3.10.6/envs/oscar_rincon/lib/python3.10/site-packages/airflow/example_dags/example_params_trigger_ui.py
[2023-10-28T19:18:15.553-0500] {processor.py:829} INFO - Processing file /home/oscar_rincon/.pyenv/versions/3.10.6/envs/oscar_rincon/lib/python3.10/site-packages/airflow/example_dags/example_params_trigger_ui.py for tasks to queue
[2023-10-28T19:18:15.554-0500] {logging_mixin.py:151} INFO - [2023-10-28T19:18:15.553-0500] {dagbag.py:539} INFO - Filling up the DagBag from /home/oscar_rincon/.pyenv/versions/3.10.6/envs/oscar_rincon/lib/python3.10/site-packages/airflow/example_dags/example_params_trigger_ui.py
[2023-10-28T19:18:15.571-0500] {processor.py:839} INFO - DAG(s) dict_keys(['example_params_trigger_ui']) retrieved from /home/oscar_rincon/.pyenv/versions/3.10.6/envs/oscar_rincon/lib/python3.10/site-packages/airflow/example_dags/example_params_trigger_ui.py
[2023-10-28T19:18:15.700-0500] {logging_mixin.py:151} INFO - [2023-10-28T19:18:15.700-0500] {manager.py:499} INFO - Created Permission View: %s
[2023-10-28T19:18:15.715-0500] {logging_mixin.py:151} INFO - [2023-10-28T19:18:15.715-0500] {manager.py:499} INFO - Created Permission View: %s
[2023-10-28T19:18:15.726-0500] {logging_mixin.py:151} INFO - [2023-10-28T19:18:15.726-0500] {manager.py:499} INFO - Created Permission View: %s
[2023-10-28T19:18:15.727-0500] {logging_mixin.py:151} INFO - [2023-10-28T19:18:15.727-0500] {security.py:708} INFO - Not syncing DAG-level permissions for DAG 'DAG:example_params_trigger_ui' as access control is unset.
[2023-10-28T19:18:15.727-0500] {logging_mixin.py:151} INFO - [2023-10-28T19:18:15.727-0500] {dag.py:2915} INFO - Sync 1 DAGs
[2023-10-28T19:18:15.740-0500] {logging_mixin.py:151} INFO - [2023-10-28T19:18:15.740-0500] {dag.py:2937} INFO - Creating ORM DAG for example_params_trigger_ui
[2023-10-28T19:18:15.741-0500] {logging_mixin.py:151} INFO - [2023-10-28T19:18:15.741-0500] {dag.py:3696} INFO - Setting next_dagrun for example_params_trigger_ui to None, run_after=None
[2023-10-28T19:18:15.774-0500] {processor.py:179} INFO - Processing /home/oscar_rincon/.pyenv/versions/3.10.6/envs/oscar_rincon/lib/python3.10/site-packages/airflow/example_dags/example_params_trigger_ui.py took 0.224 seconds
[2023-10-28T19:19:04.194-0500] {processor.py:157} INFO - Started process (PID=77555) to work on /home/oscar_rincon/.pyenv/versions/3.10.6/envs/oscar_rincon/lib/python3.10/site-packages/airflow/example_dags/example_params_trigger_ui.py
[2023-10-28T19:19:04.196-0500] {processor.py:829} INFO - Processing file /home/oscar_rincon/.pyenv/versions/3.10.6/envs/oscar_rincon/lib/python3.10/site-packages/airflow/example_dags/example_params_trigger_ui.py for tasks to queue
[2023-10-28T19:19:04.197-0500] {logging_mixin.py:151} INFO - [2023-10-28T19:19:04.197-0500] {dagbag.py:539} INFO - Filling up the DagBag from /home/oscar_rincon/.pyenv/versions/3.10.6/envs/oscar_rincon/lib/python3.10/site-packages/airflow/example_dags/example_params_trigger_ui.py
[2023-10-28T19:19:04.214-0500] {processor.py:839} INFO - DAG(s) dict_keys(['example_params_trigger_ui']) retrieved from /home/oscar_rincon/.pyenv/versions/3.10.6/envs/oscar_rincon/lib/python3.10/site-packages/airflow/example_dags/example_params_trigger_ui.py
[2023-10-28T19:19:04.257-0500] {logging_mixin.py:151} INFO - [2023-10-28T19:19:04.256-0500] {dag.py:2915} INFO - Sync 1 DAGs
[2023-10-28T19:19:04.271-0500] {logging_mixin.py:151} INFO - [2023-10-28T19:19:04.271-0500] {dag.py:3696} INFO - Setting next_dagrun for example_params_trigger_ui to None, run_after=None
[2023-10-28T19:19:04.296-0500] {processor.py:179} INFO - Processing /home/oscar_rincon/.pyenv/versions/3.10.6/envs/oscar_rincon/lib/python3.10/site-packages/airflow/example_dags/example_params_trigger_ui.py took 0.105 seconds
[2023-10-28T19:28:53.701-0500] {processor.py:157} INFO - Started process (PID=80696) to work on /home/oscar_rincon/.pyenv/versions/3.10.6/envs/oscar_rincon/lib/python3.10/site-packages/airflow/example_dags/example_params_trigger_ui.py
[2023-10-28T19:28:53.741-0500] {processor.py:829} INFO - Processing file /home/oscar_rincon/.pyenv/versions/3.10.6/envs/oscar_rincon/lib/python3.10/site-packages/airflow/example_dags/example_params_trigger_ui.py for tasks to queue
[2023-10-28T19:28:53.743-0500] {logging_mixin.py:151} INFO - [2023-10-28T19:28:53.742-0500] {dagbag.py:539} INFO - Filling up the DagBag from /home/oscar_rincon/.pyenv/versions/3.10.6/envs/oscar_rincon/lib/python3.10/site-packages/airflow/example_dags/example_params_trigger_ui.py
[2023-10-28T19:28:53.760-0500] {processor.py:839} INFO - DAG(s) dict_keys(['example_params_trigger_ui']) retrieved from /home/oscar_rincon/.pyenv/versions/3.10.6/envs/oscar_rincon/lib/python3.10/site-packages/airflow/example_dags/example_params_trigger_ui.py
[2023-10-28T19:28:53.794-0500] {logging_mixin.py:151} INFO - [2023-10-28T19:28:53.793-0500] {dag.py:2915} INFO - Sync 1 DAGs
[2023-10-28T19:28:53.802-0500] {logging_mixin.py:151} INFO - [2023-10-28T19:28:53.802-0500] {dag.py:3696} INFO - Setting next_dagrun for example_params_trigger_ui to None, run_after=None
[2023-10-28T19:28:53.827-0500] {processor.py:179} INFO - Processing /home/oscar_rincon/.pyenv/versions/3.10.6/envs/oscar_rincon/lib/python3.10/site-packages/airflow/example_dags/example_params_trigger_ui.py took 0.129 seconds
[2023-10-28T19:29:39.728-0500] {processor.py:157} INFO - Started process (PID=80834) to work on /home/oscar_rincon/.pyenv/versions/3.10.6/envs/oscar_rincon/lib/python3.10/site-packages/airflow/example_dags/example_params_trigger_ui.py
[2023-10-28T19:29:39.769-0500] {processor.py:829} INFO - Processing file /home/oscar_rincon/.pyenv/versions/3.10.6/envs/oscar_rincon/lib/python3.10/site-packages/airflow/example_dags/example_params_trigger_ui.py for tasks to queue
[2023-10-28T19:29:39.771-0500] {logging_mixin.py:151} INFO - [2023-10-28T19:29:39.770-0500] {dagbag.py:539} INFO - Filling up the DagBag from /home/oscar_rincon/.pyenv/versions/3.10.6/envs/oscar_rincon/lib/python3.10/site-packages/airflow/example_dags/example_params_trigger_ui.py
[2023-10-28T19:29:39.788-0500] {processor.py:839} INFO - DAG(s) dict_keys(['example_params_trigger_ui']) retrieved from /home/oscar_rincon/.pyenv/versions/3.10.6/envs/oscar_rincon/lib/python3.10/site-packages/airflow/example_dags/example_params_trigger_ui.py
[2023-10-28T19:29:39.821-0500] {logging_mixin.py:151} INFO - [2023-10-28T19:29:39.821-0500] {dag.py:2915} INFO - Sync 1 DAGs
[2023-10-28T19:29:39.830-0500] {logging_mixin.py:151} INFO - [2023-10-28T19:29:39.830-0500] {dag.py:3696} INFO - Setting next_dagrun for example_params_trigger_ui to None, run_after=None
[2023-10-28T19:29:39.852-0500] {processor.py:179} INFO - Processing /home/oscar_rincon/.pyenv/versions/3.10.6/envs/oscar_rincon/lib/python3.10/site-packages/airflow/example_dags/example_params_trigger_ui.py took 0.126 seconds
