[2023-10-28T19:18:00.005-0500] {processor.py:157} INFO - Started process (PID=77351) to work on /home/oscar_rincon/.pyenv/versions/3.10.6/envs/oscar_rincon/lib/python3.10/site-packages/airflow/example_dags/example_dynamic_task_mapping_with_no_taskflow_operators.py
[2023-10-28T19:18:00.006-0500] {processor.py:829} INFO - Processing file /home/oscar_rincon/.pyenv/versions/3.10.6/envs/oscar_rincon/lib/python3.10/site-packages/airflow/example_dags/example_dynamic_task_mapping_with_no_taskflow_operators.py for tasks to queue
[2023-10-28T19:18:00.007-0500] {logging_mixin.py:151} INFO - [2023-10-28T19:18:00.006-0500] {dagbag.py:539} INFO - Filling up the DagBag from /home/oscar_rincon/.pyenv/versions/3.10.6/envs/oscar_rincon/lib/python3.10/site-packages/airflow/example_dags/example_dynamic_task_mapping_with_no_taskflow_operators.py
[2023-10-28T19:18:00.017-0500] {processor.py:839} INFO - DAG(s) dict_keys(['example_dynamic_task_mapping_with_no_taskflow_operators']) retrieved from /home/oscar_rincon/.pyenv/versions/3.10.6/envs/oscar_rincon/lib/python3.10/site-packages/airflow/example_dags/example_dynamic_task_mapping_with_no_taskflow_operators.py
[2023-10-28T19:18:00.170-0500] {logging_mixin.py:151} INFO - [2023-10-28T19:18:00.169-0500] {manager.py:499} INFO - Created Permission View: %s
[2023-10-28T19:18:00.180-0500] {logging_mixin.py:151} INFO - [2023-10-28T19:18:00.179-0500] {manager.py:499} INFO - Created Permission View: %s
[2023-10-28T19:18:00.189-0500] {logging_mixin.py:151} INFO - [2023-10-28T19:18:00.189-0500] {manager.py:499} INFO - Created Permission View: %s
[2023-10-28T19:18:00.190-0500] {logging_mixin.py:151} INFO - [2023-10-28T19:18:00.190-0500] {security.py:708} INFO - Not syncing DAG-level permissions for DAG 'DAG:example_dynamic_task_mapping_with_no_taskflow_operators' as access control is unset.
[2023-10-28T19:18:00.190-0500] {logging_mixin.py:151} INFO - [2023-10-28T19:18:00.190-0500] {dag.py:2915} INFO - Sync 1 DAGs
[2023-10-28T19:18:00.201-0500] {logging_mixin.py:151} INFO - [2023-10-28T19:18:00.200-0500] {dag.py:2937} INFO - Creating ORM DAG for example_dynamic_task_mapping_with_no_taskflow_operators
[2023-10-28T19:18:00.209-0500] {logging_mixin.py:151} INFO - [2023-10-28T19:18:00.209-0500] {dag.py:3696} INFO - Setting next_dagrun for example_dynamic_task_mapping_with_no_taskflow_operators to 2023-10-28T00:18:00.209114+00:00, run_after=2023-10-29T00:18:00.209114+00:00
[2023-10-28T19:18:00.232-0500] {processor.py:179} INFO - Processing /home/oscar_rincon/.pyenv/versions/3.10.6/envs/oscar_rincon/lib/python3.10/site-packages/airflow/example_dags/example_dynamic_task_mapping_with_no_taskflow_operators.py took 0.229 seconds
[2023-10-28T19:18:52.365-0500] {processor.py:157} INFO - Started process (PID=77543) to work on /home/oscar_rincon/.pyenv/versions/3.10.6/envs/oscar_rincon/lib/python3.10/site-packages/airflow/example_dags/example_dynamic_task_mapping_with_no_taskflow_operators.py
[2023-10-28T19:18:52.405-0500] {processor.py:829} INFO - Processing file /home/oscar_rincon/.pyenv/versions/3.10.6/envs/oscar_rincon/lib/python3.10/site-packages/airflow/example_dags/example_dynamic_task_mapping_with_no_taskflow_operators.py for tasks to queue
[2023-10-28T19:18:52.407-0500] {logging_mixin.py:151} INFO - [2023-10-28T19:18:52.407-0500] {dagbag.py:539} INFO - Filling up the DagBag from /home/oscar_rincon/.pyenv/versions/3.10.6/envs/oscar_rincon/lib/python3.10/site-packages/airflow/example_dags/example_dynamic_task_mapping_with_no_taskflow_operators.py
[2023-10-28T19:18:52.416-0500] {processor.py:839} INFO - DAG(s) dict_keys(['example_dynamic_task_mapping_with_no_taskflow_operators']) retrieved from /home/oscar_rincon/.pyenv/versions/3.10.6/envs/oscar_rincon/lib/python3.10/site-packages/airflow/example_dags/example_dynamic_task_mapping_with_no_taskflow_operators.py
[2023-10-28T19:18:52.428-0500] {logging_mixin.py:151} INFO - [2023-10-28T19:18:52.428-0500] {dag.py:2915} INFO - Sync 1 DAGs
[2023-10-28T19:18:52.444-0500] {logging_mixin.py:151} INFO - [2023-10-28T19:18:52.444-0500] {dag.py:3696} INFO - Setting next_dagrun for example_dynamic_task_mapping_with_no_taskflow_operators to 2023-10-28T00:18:52.444185+00:00, run_after=2023-10-29T00:18:52.444185+00:00
[2023-10-28T19:18:52.465-0500] {processor.py:179} INFO - Processing /home/oscar_rincon/.pyenv/versions/3.10.6/envs/oscar_rincon/lib/python3.10/site-packages/airflow/example_dags/example_dynamic_task_mapping_with_no_taskflow_operators.py took 0.103 seconds
[2023-10-28T19:19:50.800-0500] {processor.py:157} INFO - Started process (PID=77930) to work on /home/oscar_rincon/.pyenv/versions/3.10.6/envs/oscar_rincon/lib/python3.10/site-packages/airflow/example_dags/example_dynamic_task_mapping_with_no_taskflow_operators.py
[2023-10-28T19:19:50.840-0500] {processor.py:829} INFO - Processing file /home/oscar_rincon/.pyenv/versions/3.10.6/envs/oscar_rincon/lib/python3.10/site-packages/airflow/example_dags/example_dynamic_task_mapping_with_no_taskflow_operators.py for tasks to queue
[2023-10-28T19:19:50.842-0500] {logging_mixin.py:151} INFO - [2023-10-28T19:19:50.841-0500] {dagbag.py:539} INFO - Filling up the DagBag from /home/oscar_rincon/.pyenv/versions/3.10.6/envs/oscar_rincon/lib/python3.10/site-packages/airflow/example_dags/example_dynamic_task_mapping_with_no_taskflow_operators.py
[2023-10-28T19:19:50.852-0500] {processor.py:839} INFO - DAG(s) dict_keys(['example_dynamic_task_mapping_with_no_taskflow_operators']) retrieved from /home/oscar_rincon/.pyenv/versions/3.10.6/envs/oscar_rincon/lib/python3.10/site-packages/airflow/example_dags/example_dynamic_task_mapping_with_no_taskflow_operators.py
[2023-10-28T19:19:50.869-0500] {logging_mixin.py:151} INFO - [2023-10-28T19:19:50.869-0500] {dag.py:2915} INFO - Sync 1 DAGs
[2023-10-28T19:19:50.884-0500] {logging_mixin.py:151} INFO - [2023-10-28T19:19:50.884-0500] {dag.py:3696} INFO - Setting next_dagrun for example_dynamic_task_mapping_with_no_taskflow_operators to 2023-10-28T00:19:50.884035+00:00, run_after=2023-10-29T00:19:50.884035+00:00
[2023-10-28T19:19:50.904-0500] {processor.py:179} INFO - Processing /home/oscar_rincon/.pyenv/versions/3.10.6/envs/oscar_rincon/lib/python3.10/site-packages/airflow/example_dags/example_dynamic_task_mapping_with_no_taskflow_operators.py took 0.107 seconds
[2023-10-28T19:28:40.798-0500] {processor.py:157} INFO - Started process (PID=80636) to work on /home/oscar_rincon/.pyenv/versions/3.10.6/envs/oscar_rincon/lib/python3.10/site-packages/airflow/example_dags/example_dynamic_task_mapping_with_no_taskflow_operators.py
[2023-10-28T19:28:40.838-0500] {processor.py:829} INFO - Processing file /home/oscar_rincon/.pyenv/versions/3.10.6/envs/oscar_rincon/lib/python3.10/site-packages/airflow/example_dags/example_dynamic_task_mapping_with_no_taskflow_operators.py for tasks to queue
[2023-10-28T19:28:40.840-0500] {logging_mixin.py:151} INFO - [2023-10-28T19:28:40.839-0500] {dagbag.py:539} INFO - Filling up the DagBag from /home/oscar_rincon/.pyenv/versions/3.10.6/envs/oscar_rincon/lib/python3.10/site-packages/airflow/example_dags/example_dynamic_task_mapping_with_no_taskflow_operators.py
[2023-10-28T19:28:40.851-0500] {processor.py:839} INFO - DAG(s) dict_keys(['example_dynamic_task_mapping_with_no_taskflow_operators']) retrieved from /home/oscar_rincon/.pyenv/versions/3.10.6/envs/oscar_rincon/lib/python3.10/site-packages/airflow/example_dags/example_dynamic_task_mapping_with_no_taskflow_operators.py
[2023-10-28T19:28:40.868-0500] {logging_mixin.py:151} INFO - [2023-10-28T19:28:40.868-0500] {dag.py:2915} INFO - Sync 1 DAGs
[2023-10-28T19:28:40.883-0500] {logging_mixin.py:151} INFO - [2023-10-28T19:28:40.883-0500] {dag.py:3696} INFO - Setting next_dagrun for example_dynamic_task_mapping_with_no_taskflow_operators to 2023-10-28T00:28:40.882944+00:00, run_after=2023-10-29T00:28:40.882944+00:00
[2023-10-28T19:28:40.905-0500] {processor.py:179} INFO - Processing /home/oscar_rincon/.pyenv/versions/3.10.6/envs/oscar_rincon/lib/python3.10/site-packages/airflow/example_dags/example_dynamic_task_mapping_with_no_taskflow_operators.py took 0.109 seconds
[2023-10-28T19:29:27.572-0500] {processor.py:157} INFO - Started process (PID=80816) to work on /home/oscar_rincon/.pyenv/versions/3.10.6/envs/oscar_rincon/lib/python3.10/site-packages/airflow/example_dags/example_dynamic_task_mapping_with_no_taskflow_operators.py
[2023-10-28T19:29:27.612-0500] {processor.py:829} INFO - Processing file /home/oscar_rincon/.pyenv/versions/3.10.6/envs/oscar_rincon/lib/python3.10/site-packages/airflow/example_dags/example_dynamic_task_mapping_with_no_taskflow_operators.py for tasks to queue
[2023-10-28T19:29:27.613-0500] {logging_mixin.py:151} INFO - [2023-10-28T19:29:27.613-0500] {dagbag.py:539} INFO - Filling up the DagBag from /home/oscar_rincon/.pyenv/versions/3.10.6/envs/oscar_rincon/lib/python3.10/site-packages/airflow/example_dags/example_dynamic_task_mapping_with_no_taskflow_operators.py
[2023-10-28T19:29:27.620-0500] {processor.py:839} INFO - DAG(s) dict_keys(['example_dynamic_task_mapping_with_no_taskflow_operators']) retrieved from /home/oscar_rincon/.pyenv/versions/3.10.6/envs/oscar_rincon/lib/python3.10/site-packages/airflow/example_dags/example_dynamic_task_mapping_with_no_taskflow_operators.py
[2023-10-28T19:29:27.632-0500] {logging_mixin.py:151} INFO - [2023-10-28T19:29:27.632-0500] {dag.py:2915} INFO - Sync 1 DAGs
[2023-10-28T19:29:27.648-0500] {logging_mixin.py:151} INFO - [2023-10-28T19:29:27.648-0500] {dag.py:3696} INFO - Setting next_dagrun for example_dynamic_task_mapping_with_no_taskflow_operators to 2023-10-28T00:29:27.647953+00:00, run_after=2023-10-29T00:29:27.647953+00:00
[2023-10-28T19:29:27.669-0500] {processor.py:179} INFO - Processing /home/oscar_rincon/.pyenv/versions/3.10.6/envs/oscar_rincon/lib/python3.10/site-packages/airflow/example_dags/example_dynamic_task_mapping_with_no_taskflow_operators.py took 0.101 seconds
[2023-10-28T19:30:15.694-0500] {processor.py:157} INFO - Started process (PID=80940) to work on /home/oscar_rincon/.pyenv/versions/3.10.6/envs/oscar_rincon/lib/python3.10/site-packages/airflow/example_dags/example_dynamic_task_mapping_with_no_taskflow_operators.py
[2023-10-28T19:30:15.695-0500] {processor.py:829} INFO - Processing file /home/oscar_rincon/.pyenv/versions/3.10.6/envs/oscar_rincon/lib/python3.10/site-packages/airflow/example_dags/example_dynamic_task_mapping_with_no_taskflow_operators.py for tasks to queue
[2023-10-28T19:30:15.696-0500] {logging_mixin.py:151} INFO - [2023-10-28T19:30:15.695-0500] {dagbag.py:539} INFO - Filling up the DagBag from /home/oscar_rincon/.pyenv/versions/3.10.6/envs/oscar_rincon/lib/python3.10/site-packages/airflow/example_dags/example_dynamic_task_mapping_with_no_taskflow_operators.py
[2023-10-28T19:30:15.701-0500] {processor.py:839} INFO - DAG(s) dict_keys(['example_dynamic_task_mapping_with_no_taskflow_operators']) retrieved from /home/oscar_rincon/.pyenv/versions/3.10.6/envs/oscar_rincon/lib/python3.10/site-packages/airflow/example_dags/example_dynamic_task_mapping_with_no_taskflow_operators.py
[2023-10-28T19:30:15.712-0500] {logging_mixin.py:151} INFO - [2023-10-28T19:30:15.712-0500] {dag.py:2915} INFO - Sync 1 DAGs
[2023-10-28T19:30:15.733-0500] {logging_mixin.py:151} INFO - [2023-10-28T19:30:15.733-0500] {dag.py:3696} INFO - Setting next_dagrun for example_dynamic_task_mapping_with_no_taskflow_operators to 2023-10-28T00:30:15.732968+00:00, run_after=2023-10-29T00:30:15.732968+00:00
[2023-10-28T19:30:15.758-0500] {processor.py:179} INFO - Processing /home/oscar_rincon/.pyenv/versions/3.10.6/envs/oscar_rincon/lib/python3.10/site-packages/airflow/example_dags/example_dynamic_task_mapping_with_no_taskflow_operators.py took 0.067 seconds
