[2023-10-28T19:18:02.707-0500] {processor.py:157} INFO - Started process (PID=77368) to work on /home/oscar_rincon/.pyenv/versions/3.10.6/envs/oscar_rincon/lib/python3.10/site-packages/airflow/example_dags/example_nested_branch_dag.py
[2023-10-28T19:18:02.707-0500] {processor.py:829} INFO - Processing file /home/oscar_rincon/.pyenv/versions/3.10.6/envs/oscar_rincon/lib/python3.10/site-packages/airflow/example_dags/example_nested_branch_dag.py for tasks to queue
[2023-10-28T19:18:02.708-0500] {logging_mixin.py:151} INFO - [2023-10-28T19:18:02.708-0500] {dagbag.py:539} INFO - Filling up the DagBag from /home/oscar_rincon/.pyenv/versions/3.10.6/envs/oscar_rincon/lib/python3.10/site-packages/airflow/example_dags/example_nested_branch_dag.py
[2023-10-28T19:18:02.723-0500] {processor.py:839} INFO - DAG(s) dict_keys(['example_nested_branch_dag']) retrieved from /home/oscar_rincon/.pyenv/versions/3.10.6/envs/oscar_rincon/lib/python3.10/site-packages/airflow/example_dags/example_nested_branch_dag.py
[2023-10-28T19:18:02.883-0500] {logging_mixin.py:151} INFO - [2023-10-28T19:18:02.882-0500] {manager.py:499} INFO - Created Permission View: %s
[2023-10-28T19:18:02.900-0500] {logging_mixin.py:151} INFO - [2023-10-28T19:18:02.899-0500] {manager.py:499} INFO - Created Permission View: %s
[2023-10-28T19:18:02.912-0500] {logging_mixin.py:151} INFO - [2023-10-28T19:18:02.911-0500] {manager.py:499} INFO - Created Permission View: %s
[2023-10-28T19:18:02.912-0500] {logging_mixin.py:151} INFO - [2023-10-28T19:18:02.912-0500] {security.py:708} INFO - Not syncing DAG-level permissions for DAG 'DAG:example_nested_branch_dag' as access control is unset.
[2023-10-28T19:18:02.912-0500] {logging_mixin.py:151} INFO - [2023-10-28T19:18:02.912-0500] {dag.py:2915} INFO - Sync 1 DAGs
[2023-10-28T19:18:02.927-0500] {logging_mixin.py:151} INFO - [2023-10-28T19:18:02.927-0500] {dag.py:2937} INFO - Creating ORM DAG for example_nested_branch_dag
[2023-10-28T19:18:02.941-0500] {logging_mixin.py:151} INFO - [2023-10-28T19:18:02.941-0500] {dag.py:3696} INFO - Setting next_dagrun for example_nested_branch_dag to 2023-10-28T00:00:00+00:00, run_after=2023-10-29T00:00:00+00:00
[2023-10-28T19:18:02.978-0500] {processor.py:179} INFO - Processing /home/oscar_rincon/.pyenv/versions/3.10.6/envs/oscar_rincon/lib/python3.10/site-packages/airflow/example_dags/example_nested_branch_dag.py took 0.274 seconds
[2023-10-28T19:18:53.798-0500] {processor.py:157} INFO - Started process (PID=77545) to work on /home/oscar_rincon/.pyenv/versions/3.10.6/envs/oscar_rincon/lib/python3.10/site-packages/airflow/example_dags/example_nested_branch_dag.py
[2023-10-28T19:18:53.838-0500] {processor.py:829} INFO - Processing file /home/oscar_rincon/.pyenv/versions/3.10.6/envs/oscar_rincon/lib/python3.10/site-packages/airflow/example_dags/example_nested_branch_dag.py for tasks to queue
[2023-10-28T19:18:53.841-0500] {logging_mixin.py:151} INFO - [2023-10-28T19:18:53.840-0500] {dagbag.py:539} INFO - Filling up the DagBag from /home/oscar_rincon/.pyenv/versions/3.10.6/envs/oscar_rincon/lib/python3.10/site-packages/airflow/example_dags/example_nested_branch_dag.py
[2023-10-28T19:18:53.850-0500] {processor.py:839} INFO - DAG(s) dict_keys(['example_nested_branch_dag']) retrieved from /home/oscar_rincon/.pyenv/versions/3.10.6/envs/oscar_rincon/lib/python3.10/site-packages/airflow/example_dags/example_nested_branch_dag.py
[2023-10-28T19:18:53.864-0500] {logging_mixin.py:151} INFO - [2023-10-28T19:18:53.864-0500] {dag.py:2915} INFO - Sync 1 DAGs
[2023-10-28T19:18:53.881-0500] {logging_mixin.py:151} INFO - [2023-10-28T19:18:53.881-0500] {dag.py:3696} INFO - Setting next_dagrun for example_nested_branch_dag to 2023-10-28T00:00:00+00:00, run_after=2023-10-29T00:00:00+00:00
[2023-10-28T19:18:53.904-0500] {processor.py:179} INFO - Processing /home/oscar_rincon/.pyenv/versions/3.10.6/envs/oscar_rincon/lib/python3.10/site-packages/airflow/example_dags/example_nested_branch_dag.py took 0.108 seconds
[2023-10-28T19:19:53.297-0500] {processor.py:157} INFO - Started process (PID=77932) to work on /home/oscar_rincon/.pyenv/versions/3.10.6/envs/oscar_rincon/lib/python3.10/site-packages/airflow/example_dags/example_nested_branch_dag.py
[2023-10-28T19:19:53.338-0500] {processor.py:829} INFO - Processing file /home/oscar_rincon/.pyenv/versions/3.10.6/envs/oscar_rincon/lib/python3.10/site-packages/airflow/example_dags/example_nested_branch_dag.py for tasks to queue
[2023-10-28T19:19:53.340-0500] {logging_mixin.py:151} INFO - [2023-10-28T19:19:53.339-0500] {dagbag.py:539} INFO - Filling up the DagBag from /home/oscar_rincon/.pyenv/versions/3.10.6/envs/oscar_rincon/lib/python3.10/site-packages/airflow/example_dags/example_nested_branch_dag.py
[2023-10-28T19:19:53.352-0500] {processor.py:839} INFO - DAG(s) dict_keys(['example_nested_branch_dag']) retrieved from /home/oscar_rincon/.pyenv/versions/3.10.6/envs/oscar_rincon/lib/python3.10/site-packages/airflow/example_dags/example_nested_branch_dag.py
[2023-10-28T19:19:53.373-0500] {logging_mixin.py:151} INFO - [2023-10-28T19:19:53.373-0500] {dag.py:2915} INFO - Sync 1 DAGs
[2023-10-28T19:19:53.389-0500] {logging_mixin.py:151} INFO - [2023-10-28T19:19:53.389-0500] {dag.py:3696} INFO - Setting next_dagrun for example_nested_branch_dag to 2023-10-28T00:00:00+00:00, run_after=2023-10-29T00:00:00+00:00
[2023-10-28T19:19:53.413-0500] {processor.py:179} INFO - Processing /home/oscar_rincon/.pyenv/versions/3.10.6/envs/oscar_rincon/lib/python3.10/site-packages/airflow/example_dags/example_nested_branch_dag.py took 0.118 seconds
[2023-10-28T19:28:43.288-0500] {processor.py:157} INFO - Started process (PID=80638) to work on /home/oscar_rincon/.pyenv/versions/3.10.6/envs/oscar_rincon/lib/python3.10/site-packages/airflow/example_dags/example_nested_branch_dag.py
[2023-10-28T19:28:43.289-0500] {processor.py:829} INFO - Processing file /home/oscar_rincon/.pyenv/versions/3.10.6/envs/oscar_rincon/lib/python3.10/site-packages/airflow/example_dags/example_nested_branch_dag.py for tasks to queue
[2023-10-28T19:28:43.290-0500] {logging_mixin.py:151} INFO - [2023-10-28T19:28:43.290-0500] {dagbag.py:539} INFO - Filling up the DagBag from /home/oscar_rincon/.pyenv/versions/3.10.6/envs/oscar_rincon/lib/python3.10/site-packages/airflow/example_dags/example_nested_branch_dag.py
[2023-10-28T19:28:43.303-0500] {processor.py:839} INFO - DAG(s) dict_keys(['example_nested_branch_dag']) retrieved from /home/oscar_rincon/.pyenv/versions/3.10.6/envs/oscar_rincon/lib/python3.10/site-packages/airflow/example_dags/example_nested_branch_dag.py
[2023-10-28T19:28:43.327-0500] {logging_mixin.py:151} INFO - [2023-10-28T19:28:43.327-0500] {dag.py:2915} INFO - Sync 1 DAGs
[2023-10-28T19:28:43.346-0500] {logging_mixin.py:151} INFO - [2023-10-28T19:28:43.345-0500] {dag.py:3696} INFO - Setting next_dagrun for example_nested_branch_dag to 2023-10-28T00:00:00+00:00, run_after=2023-10-29T00:00:00+00:00
[2023-10-28T19:28:43.369-0500] {processor.py:179} INFO - Processing /home/oscar_rincon/.pyenv/versions/3.10.6/envs/oscar_rincon/lib/python3.10/site-packages/airflow/example_dags/example_nested_branch_dag.py took 0.084 seconds
[2023-10-28T19:29:29.418-0500] {processor.py:157} INFO - Started process (PID=80818) to work on /home/oscar_rincon/.pyenv/versions/3.10.6/envs/oscar_rincon/lib/python3.10/site-packages/airflow/example_dags/example_nested_branch_dag.py
[2023-10-28T19:29:29.420-0500] {processor.py:829} INFO - Processing file /home/oscar_rincon/.pyenv/versions/3.10.6/envs/oscar_rincon/lib/python3.10/site-packages/airflow/example_dags/example_nested_branch_dag.py for tasks to queue
[2023-10-28T19:29:29.421-0500] {logging_mixin.py:151} INFO - [2023-10-28T19:29:29.421-0500] {dagbag.py:539} INFO - Filling up the DagBag from /home/oscar_rincon/.pyenv/versions/3.10.6/envs/oscar_rincon/lib/python3.10/site-packages/airflow/example_dags/example_nested_branch_dag.py
[2023-10-28T19:29:29.432-0500] {processor.py:839} INFO - DAG(s) dict_keys(['example_nested_branch_dag']) retrieved from /home/oscar_rincon/.pyenv/versions/3.10.6/envs/oscar_rincon/lib/python3.10/site-packages/airflow/example_dags/example_nested_branch_dag.py
[2023-10-28T19:29:29.449-0500] {logging_mixin.py:151} INFO - [2023-10-28T19:29:29.449-0500] {dag.py:2915} INFO - Sync 1 DAGs
[2023-10-28T19:29:29.473-0500] {logging_mixin.py:151} INFO - [2023-10-28T19:29:29.472-0500] {dag.py:3696} INFO - Setting next_dagrun for example_nested_branch_dag to 2023-10-28T00:00:00+00:00, run_after=2023-10-29T00:00:00+00:00
[2023-10-28T19:29:29.499-0500] {processor.py:179} INFO - Processing /home/oscar_rincon/.pyenv/versions/3.10.6/envs/oscar_rincon/lib/python3.10/site-packages/airflow/example_dags/example_nested_branch_dag.py took 0.083 seconds
[2023-10-28T19:30:17.391-0500] {processor.py:157} INFO - Started process (PID=80942) to work on /home/oscar_rincon/.pyenv/versions/3.10.6/envs/oscar_rincon/lib/python3.10/site-packages/airflow/example_dags/example_nested_branch_dag.py
[2023-10-28T19:30:17.425-0500] {processor.py:829} INFO - Processing file /home/oscar_rincon/.pyenv/versions/3.10.6/envs/oscar_rincon/lib/python3.10/site-packages/airflow/example_dags/example_nested_branch_dag.py for tasks to queue
[2023-10-28T19:30:17.428-0500] {logging_mixin.py:151} INFO - [2023-10-28T19:30:17.427-0500] {dagbag.py:539} INFO - Filling up the DagBag from /home/oscar_rincon/.pyenv/versions/3.10.6/envs/oscar_rincon/lib/python3.10/site-packages/airflow/example_dags/example_nested_branch_dag.py
[2023-10-28T19:30:17.438-0500] {processor.py:839} INFO - DAG(s) dict_keys(['example_nested_branch_dag']) retrieved from /home/oscar_rincon/.pyenv/versions/3.10.6/envs/oscar_rincon/lib/python3.10/site-packages/airflow/example_dags/example_nested_branch_dag.py
[2023-10-28T19:30:17.452-0500] {logging_mixin.py:151} INFO - [2023-10-28T19:30:17.452-0500] {dag.py:2915} INFO - Sync 1 DAGs
[2023-10-28T19:30:17.469-0500] {logging_mixin.py:151} INFO - [2023-10-28T19:30:17.469-0500] {dag.py:3696} INFO - Setting next_dagrun for example_nested_branch_dag to 2023-10-28T00:00:00+00:00, run_after=2023-10-29T00:00:00+00:00
[2023-10-28T19:30:17.491-0500] {processor.py:179} INFO - Processing /home/oscar_rincon/.pyenv/versions/3.10.6/envs/oscar_rincon/lib/python3.10/site-packages/airflow/example_dags/example_nested_branch_dag.py took 0.103 seconds
