[2023-10-28T19:18:05.363-0500] {processor.py:157} INFO - Started process (PID=77385) to work on /home/oscar_rincon/.pyenv/versions/3.10.6/envs/oscar_rincon/lib/python3.10/site-packages/airflow/example_dags/example_short_circuit_operator.py
[2023-10-28T19:18:05.364-0500] {processor.py:829} INFO - Processing file /home/oscar_rincon/.pyenv/versions/3.10.6/envs/oscar_rincon/lib/python3.10/site-packages/airflow/example_dags/example_short_circuit_operator.py for tasks to queue
[2023-10-28T19:18:05.367-0500] {logging_mixin.py:151} INFO - [2023-10-28T19:18:05.366-0500] {dagbag.py:539} INFO - Filling up the DagBag from /home/oscar_rincon/.pyenv/versions/3.10.6/envs/oscar_rincon/lib/python3.10/site-packages/airflow/example_dags/example_short_circuit_operator.py
[2023-10-28T19:18:05.382-0500] {processor.py:839} INFO - DAG(s) dict_keys(['example_short_circuit_operator']) retrieved from /home/oscar_rincon/.pyenv/versions/3.10.6/envs/oscar_rincon/lib/python3.10/site-packages/airflow/example_dags/example_short_circuit_operator.py
[2023-10-28T19:18:05.506-0500] {logging_mixin.py:151} INFO - [2023-10-28T19:18:05.505-0500] {manager.py:499} INFO - Created Permission View: %s
[2023-10-28T19:18:05.521-0500] {logging_mixin.py:151} INFO - [2023-10-28T19:18:05.520-0500] {manager.py:499} INFO - Created Permission View: %s
[2023-10-28T19:18:05.530-0500] {logging_mixin.py:151} INFO - [2023-10-28T19:18:05.529-0500] {manager.py:499} INFO - Created Permission View: %s
[2023-10-28T19:18:05.530-0500] {logging_mixin.py:151} INFO - [2023-10-28T19:18:05.530-0500] {security.py:708} INFO - Not syncing DAG-level permissions for DAG 'DAG:example_short_circuit_operator' as access control is unset.
[2023-10-28T19:18:05.531-0500] {logging_mixin.py:151} INFO - [2023-10-28T19:18:05.530-0500] {dag.py:2915} INFO - Sync 1 DAGs
[2023-10-28T19:18:05.542-0500] {logging_mixin.py:151} INFO - [2023-10-28T19:18:05.542-0500] {dag.py:2937} INFO - Creating ORM DAG for example_short_circuit_operator
[2023-10-28T19:18:05.553-0500] {logging_mixin.py:151} INFO - [2023-10-28T19:18:05.553-0500] {dag.py:3696} INFO - Setting next_dagrun for example_short_circuit_operator to 2023-10-28T00:18:05.552865+00:00, run_after=2023-10-29T00:18:05.552865+00:00
[2023-10-28T19:18:05.578-0500] {processor.py:179} INFO - Processing /home/oscar_rincon/.pyenv/versions/3.10.6/envs/oscar_rincon/lib/python3.10/site-packages/airflow/example_dags/example_short_circuit_operator.py took 0.218 seconds
[2023-10-28T19:18:55.378-0500] {processor.py:157} INFO - Started process (PID=77547) to work on /home/oscar_rincon/.pyenv/versions/3.10.6/envs/oscar_rincon/lib/python3.10/site-packages/airflow/example_dags/example_short_circuit_operator.py
[2023-10-28T19:18:55.418-0500] {processor.py:829} INFO - Processing file /home/oscar_rincon/.pyenv/versions/3.10.6/envs/oscar_rincon/lib/python3.10/site-packages/airflow/example_dags/example_short_circuit_operator.py for tasks to queue
[2023-10-28T19:18:55.420-0500] {logging_mixin.py:151} INFO - [2023-10-28T19:18:55.420-0500] {dagbag.py:539} INFO - Filling up the DagBag from /home/oscar_rincon/.pyenv/versions/3.10.6/envs/oscar_rincon/lib/python3.10/site-packages/airflow/example_dags/example_short_circuit_operator.py
[2023-10-28T19:18:55.431-0500] {processor.py:839} INFO - DAG(s) dict_keys(['example_short_circuit_operator']) retrieved from /home/oscar_rincon/.pyenv/versions/3.10.6/envs/oscar_rincon/lib/python3.10/site-packages/airflow/example_dags/example_short_circuit_operator.py
[2023-10-28T19:18:55.445-0500] {logging_mixin.py:151} INFO - [2023-10-28T19:18:55.445-0500] {dag.py:2915} INFO - Sync 1 DAGs
[2023-10-28T19:18:55.462-0500] {logging_mixin.py:151} INFO - [2023-10-28T19:18:55.462-0500] {dag.py:3696} INFO - Setting next_dagrun for example_short_circuit_operator to 2023-10-28T00:18:55.462063+00:00, run_after=2023-10-29T00:18:55.462063+00:00
[2023-10-28T19:18:55.485-0500] {processor.py:179} INFO - Processing /home/oscar_rincon/.pyenv/versions/3.10.6/envs/oscar_rincon/lib/python3.10/site-packages/airflow/example_dags/example_short_circuit_operator.py took 0.109 seconds
[2023-10-28T19:19:55.785-0500] {processor.py:157} INFO - Started process (PID=77934) to work on /home/oscar_rincon/.pyenv/versions/3.10.6/envs/oscar_rincon/lib/python3.10/site-packages/airflow/example_dags/example_short_circuit_operator.py
[2023-10-28T19:19:55.825-0500] {processor.py:829} INFO - Processing file /home/oscar_rincon/.pyenv/versions/3.10.6/envs/oscar_rincon/lib/python3.10/site-packages/airflow/example_dags/example_short_circuit_operator.py for tasks to queue
[2023-10-28T19:19:55.827-0500] {logging_mixin.py:151} INFO - [2023-10-28T19:19:55.826-0500] {dagbag.py:539} INFO - Filling up the DagBag from /home/oscar_rincon/.pyenv/versions/3.10.6/envs/oscar_rincon/lib/python3.10/site-packages/airflow/example_dags/example_short_circuit_operator.py
[2023-10-28T19:19:55.837-0500] {processor.py:839} INFO - DAG(s) dict_keys(['example_short_circuit_operator']) retrieved from /home/oscar_rincon/.pyenv/versions/3.10.6/envs/oscar_rincon/lib/python3.10/site-packages/airflow/example_dags/example_short_circuit_operator.py
[2023-10-28T19:19:55.857-0500] {logging_mixin.py:151} INFO - [2023-10-28T19:19:55.857-0500] {dag.py:2915} INFO - Sync 1 DAGs
[2023-10-28T19:19:55.874-0500] {logging_mixin.py:151} INFO - [2023-10-28T19:19:55.874-0500] {dag.py:3696} INFO - Setting next_dagrun for example_short_circuit_operator to 2023-10-28T00:19:55.874527+00:00, run_after=2023-10-29T00:19:55.874527+00:00
[2023-10-28T19:19:55.897-0500] {processor.py:179} INFO - Processing /home/oscar_rincon/.pyenv/versions/3.10.6/envs/oscar_rincon/lib/python3.10/site-packages/airflow/example_dags/example_short_circuit_operator.py took 0.115 seconds
[2023-10-28T19:28:45.560-0500] {processor.py:157} INFO - Started process (PID=80640) to work on /home/oscar_rincon/.pyenv/versions/3.10.6/envs/oscar_rincon/lib/python3.10/site-packages/airflow/example_dags/example_short_circuit_operator.py
[2023-10-28T19:28:45.601-0500] {processor.py:829} INFO - Processing file /home/oscar_rincon/.pyenv/versions/3.10.6/envs/oscar_rincon/lib/python3.10/site-packages/airflow/example_dags/example_short_circuit_operator.py for tasks to queue
[2023-10-28T19:28:45.603-0500] {logging_mixin.py:151} INFO - [2023-10-28T19:28:45.602-0500] {dagbag.py:539} INFO - Filling up the DagBag from /home/oscar_rincon/.pyenv/versions/3.10.6/envs/oscar_rincon/lib/python3.10/site-packages/airflow/example_dags/example_short_circuit_operator.py
[2023-10-28T19:28:45.614-0500] {processor.py:839} INFO - DAG(s) dict_keys(['example_short_circuit_operator']) retrieved from /home/oscar_rincon/.pyenv/versions/3.10.6/envs/oscar_rincon/lib/python3.10/site-packages/airflow/example_dags/example_short_circuit_operator.py
[2023-10-28T19:28:45.637-0500] {logging_mixin.py:151} INFO - [2023-10-28T19:28:45.637-0500] {dag.py:2915} INFO - Sync 1 DAGs
[2023-10-28T19:28:45.655-0500] {logging_mixin.py:151} INFO - [2023-10-28T19:28:45.654-0500] {dag.py:3696} INFO - Setting next_dagrun for example_short_circuit_operator to 2023-10-28T00:28:45.654660+00:00, run_after=2023-10-29T00:28:45.654660+00:00
[2023-10-28T19:28:45.680-0500] {processor.py:179} INFO - Processing /home/oscar_rincon/.pyenv/versions/3.10.6/envs/oscar_rincon/lib/python3.10/site-packages/airflow/example_dags/example_short_circuit_operator.py took 0.123 seconds
[2023-10-28T19:29:31.802-0500] {processor.py:157} INFO - Started process (PID=80820) to work on /home/oscar_rincon/.pyenv/versions/3.10.6/envs/oscar_rincon/lib/python3.10/site-packages/airflow/example_dags/example_short_circuit_operator.py
[2023-10-28T19:29:31.842-0500] {processor.py:829} INFO - Processing file /home/oscar_rincon/.pyenv/versions/3.10.6/envs/oscar_rincon/lib/python3.10/site-packages/airflow/example_dags/example_short_circuit_operator.py for tasks to queue
[2023-10-28T19:29:31.844-0500] {logging_mixin.py:151} INFO - [2023-10-28T19:29:31.843-0500] {dagbag.py:539} INFO - Filling up the DagBag from /home/oscar_rincon/.pyenv/versions/3.10.6/envs/oscar_rincon/lib/python3.10/site-packages/airflow/example_dags/example_short_circuit_operator.py
[2023-10-28T19:29:31.854-0500] {processor.py:839} INFO - DAG(s) dict_keys(['example_short_circuit_operator']) retrieved from /home/oscar_rincon/.pyenv/versions/3.10.6/envs/oscar_rincon/lib/python3.10/site-packages/airflow/example_dags/example_short_circuit_operator.py
[2023-10-28T19:29:31.868-0500] {logging_mixin.py:151} INFO - [2023-10-28T19:29:31.868-0500] {dag.py:2915} INFO - Sync 1 DAGs
[2023-10-28T19:29:31.884-0500] {logging_mixin.py:151} INFO - [2023-10-28T19:29:31.884-0500] {dag.py:3696} INFO - Setting next_dagrun for example_short_circuit_operator to 2023-10-28T00:29:31.884244+00:00, run_after=2023-10-29T00:29:31.884244+00:00
[2023-10-28T19:29:31.908-0500] {processor.py:179} INFO - Processing /home/oscar_rincon/.pyenv/versions/3.10.6/envs/oscar_rincon/lib/python3.10/site-packages/airflow/example_dags/example_short_circuit_operator.py took 0.109 seconds
[2023-10-28T19:30:19.780-0500] {processor.py:157} INFO - Started process (PID=80944) to work on /home/oscar_rincon/.pyenv/versions/3.10.6/envs/oscar_rincon/lib/python3.10/site-packages/airflow/example_dags/example_short_circuit_operator.py
[2023-10-28T19:30:19.785-0500] {processor.py:829} INFO - Processing file /home/oscar_rincon/.pyenv/versions/3.10.6/envs/oscar_rincon/lib/python3.10/site-packages/airflow/example_dags/example_short_circuit_operator.py for tasks to queue
[2023-10-28T19:30:19.786-0500] {logging_mixin.py:151} INFO - [2023-10-28T19:30:19.785-0500] {dagbag.py:539} INFO - Filling up the DagBag from /home/oscar_rincon/.pyenv/versions/3.10.6/envs/oscar_rincon/lib/python3.10/site-packages/airflow/example_dags/example_short_circuit_operator.py
[2023-10-28T19:30:19.793-0500] {processor.py:839} INFO - DAG(s) dict_keys(['example_short_circuit_operator']) retrieved from /home/oscar_rincon/.pyenv/versions/3.10.6/envs/oscar_rincon/lib/python3.10/site-packages/airflow/example_dags/example_short_circuit_operator.py
[2023-10-28T19:30:19.807-0500] {logging_mixin.py:151} INFO - [2023-10-28T19:30:19.807-0500] {dag.py:2915} INFO - Sync 1 DAGs
[2023-10-28T19:30:19.822-0500] {logging_mixin.py:151} INFO - [2023-10-28T19:30:19.822-0500] {dag.py:3696} INFO - Setting next_dagrun for example_short_circuit_operator to 2023-10-28T00:30:19.822476+00:00, run_after=2023-10-29T00:30:19.822476+00:00
[2023-10-28T19:30:19.847-0500] {processor.py:179} INFO - Processing /home/oscar_rincon/.pyenv/versions/3.10.6/envs/oscar_rincon/lib/python3.10/site-packages/airflow/example_dags/example_short_circuit_operator.py took 0.069 seconds
