[2023-10-28T19:18:08.072-0500] {processor.py:157} INFO - Started process (PID=77402) to work on /home/oscar_rincon/.pyenv/versions/3.10.6/envs/oscar_rincon/lib/python3.10/site-packages/airflow/example_dags/example_kubernetes_executor.py
[2023-10-28T19:18:08.073-0500] {processor.py:829} INFO - Processing file /home/oscar_rincon/.pyenv/versions/3.10.6/envs/oscar_rincon/lib/python3.10/site-packages/airflow/example_dags/example_kubernetes_executor.py for tasks to queue
[2023-10-28T19:18:08.074-0500] {logging_mixin.py:151} INFO - [2023-10-28T19:18:08.073-0500] {dagbag.py:539} INFO - Filling up the DagBag from /home/oscar_rincon/.pyenv/versions/3.10.6/envs/oscar_rincon/lib/python3.10/site-packages/airflow/example_dags/example_kubernetes_executor.py
[2023-10-28T19:18:08.076-0500] {logging_mixin.py:151} INFO - [2023-10-28T19:18:08.076-0500] {example_kubernetes_executor.py:38} WARNING - The example_kubernetes_executor example DAG requires the kubernetes provider. Please install it with: pip install apache-airflow[cncf.kubernetes]
[2023-10-28T19:18:08.076-0500] {processor.py:841} WARNING - No viable dags retrieved from /home/oscar_rincon/.pyenv/versions/3.10.6/envs/oscar_rincon/lib/python3.10/site-packages/airflow/example_dags/example_kubernetes_executor.py
[2023-10-28T19:18:08.084-0500] {processor.py:179} INFO - Processing /home/oscar_rincon/.pyenv/versions/3.10.6/envs/oscar_rincon/lib/python3.10/site-packages/airflow/example_dags/example_kubernetes_executor.py took 0.014 seconds
[2023-10-28T19:18:57.767-0500] {processor.py:157} INFO - Started process (PID=77549) to work on /home/oscar_rincon/.pyenv/versions/3.10.6/envs/oscar_rincon/lib/python3.10/site-packages/airflow/example_dags/example_kubernetes_executor.py
[2023-10-28T19:18:57.807-0500] {processor.py:829} INFO - Processing file /home/oscar_rincon/.pyenv/versions/3.10.6/envs/oscar_rincon/lib/python3.10/site-packages/airflow/example_dags/example_kubernetes_executor.py for tasks to queue
[2023-10-28T19:18:57.809-0500] {logging_mixin.py:151} INFO - [2023-10-28T19:18:57.808-0500] {dagbag.py:539} INFO - Filling up the DagBag from /home/oscar_rincon/.pyenv/versions/3.10.6/envs/oscar_rincon/lib/python3.10/site-packages/airflow/example_dags/example_kubernetes_executor.py
[2023-10-28T19:18:57.814-0500] {logging_mixin.py:151} INFO - [2023-10-28T19:18:57.814-0500] {example_kubernetes_executor.py:38} WARNING - The example_kubernetes_executor example DAG requires the kubernetes provider. Please install it with: pip install apache-airflow[cncf.kubernetes]
[2023-10-28T19:18:57.814-0500] {processor.py:841} WARNING - No viable dags retrieved from /home/oscar_rincon/.pyenv/versions/3.10.6/envs/oscar_rincon/lib/python3.10/site-packages/airflow/example_dags/example_kubernetes_executor.py
[2023-10-28T19:18:57.822-0500] {processor.py:179} INFO - Processing /home/oscar_rincon/.pyenv/versions/3.10.6/envs/oscar_rincon/lib/python3.10/site-packages/airflow/example_dags/example_kubernetes_executor.py took 0.058 seconds
[2023-10-28T19:19:57.213-0500] {processor.py:157} INFO - Started process (PID=77936) to work on /home/oscar_rincon/.pyenv/versions/3.10.6/envs/oscar_rincon/lib/python3.10/site-packages/airflow/example_dags/example_kubernetes_executor.py
[2023-10-28T19:19:57.214-0500] {processor.py:829} INFO - Processing file /home/oscar_rincon/.pyenv/versions/3.10.6/envs/oscar_rincon/lib/python3.10/site-packages/airflow/example_dags/example_kubernetes_executor.py for tasks to queue
[2023-10-28T19:19:57.215-0500] {logging_mixin.py:151} INFO - [2023-10-28T19:19:57.215-0500] {dagbag.py:539} INFO - Filling up the DagBag from /home/oscar_rincon/.pyenv/versions/3.10.6/envs/oscar_rincon/lib/python3.10/site-packages/airflow/example_dags/example_kubernetes_executor.py
[2023-10-28T19:19:57.217-0500] {logging_mixin.py:151} INFO - [2023-10-28T19:19:57.217-0500] {example_kubernetes_executor.py:38} WARNING - The example_kubernetes_executor example DAG requires the kubernetes provider. Please install it with: pip install apache-airflow[cncf.kubernetes]
[2023-10-28T19:19:57.218-0500] {processor.py:841} WARNING - No viable dags retrieved from /home/oscar_rincon/.pyenv/versions/3.10.6/envs/oscar_rincon/lib/python3.10/site-packages/airflow/example_dags/example_kubernetes_executor.py
[2023-10-28T19:19:57.225-0500] {processor.py:179} INFO - Processing /home/oscar_rincon/.pyenv/versions/3.10.6/envs/oscar_rincon/lib/python3.10/site-packages/airflow/example_dags/example_kubernetes_executor.py took 0.014 seconds
[2023-10-28T19:28:47.315-0500] {processor.py:157} INFO - Started process (PID=80644) to work on /home/oscar_rincon/.pyenv/versions/3.10.6/envs/oscar_rincon/lib/python3.10/site-packages/airflow/example_dags/example_kubernetes_executor.py
[2023-10-28T19:28:47.316-0500] {processor.py:829} INFO - Processing file /home/oscar_rincon/.pyenv/versions/3.10.6/envs/oscar_rincon/lib/python3.10/site-packages/airflow/example_dags/example_kubernetes_executor.py for tasks to queue
[2023-10-28T19:28:47.317-0500] {logging_mixin.py:151} INFO - [2023-10-28T19:28:47.317-0500] {dagbag.py:539} INFO - Filling up the DagBag from /home/oscar_rincon/.pyenv/versions/3.10.6/envs/oscar_rincon/lib/python3.10/site-packages/airflow/example_dags/example_kubernetes_executor.py
[2023-10-28T19:28:47.319-0500] {logging_mixin.py:151} INFO - [2023-10-28T19:28:47.319-0500] {example_kubernetes_executor.py:38} WARNING - The example_kubernetes_executor example DAG requires the kubernetes provider. Please install it with: pip install apache-airflow[cncf.kubernetes]
[2023-10-28T19:28:47.320-0500] {processor.py:841} WARNING - No viable dags retrieved from /home/oscar_rincon/.pyenv/versions/3.10.6/envs/oscar_rincon/lib/python3.10/site-packages/airflow/example_dags/example_kubernetes_executor.py
[2023-10-28T19:28:47.332-0500] {processor.py:179} INFO - Processing /home/oscar_rincon/.pyenv/versions/3.10.6/envs/oscar_rincon/lib/python3.10/site-packages/airflow/example_dags/example_kubernetes_executor.py took 0.019 seconds
[2023-10-28T19:29:33.419-0500] {processor.py:157} INFO - Started process (PID=80822) to work on /home/oscar_rincon/.pyenv/versions/3.10.6/envs/oscar_rincon/lib/python3.10/site-packages/airflow/example_dags/example_kubernetes_executor.py
[2023-10-28T19:29:33.450-0500] {processor.py:829} INFO - Processing file /home/oscar_rincon/.pyenv/versions/3.10.6/envs/oscar_rincon/lib/python3.10/site-packages/airflow/example_dags/example_kubernetes_executor.py for tasks to queue
[2023-10-28T19:29:33.451-0500] {logging_mixin.py:151} INFO - [2023-10-28T19:29:33.451-0500] {dagbag.py:539} INFO - Filling up the DagBag from /home/oscar_rincon/.pyenv/versions/3.10.6/envs/oscar_rincon/lib/python3.10/site-packages/airflow/example_dags/example_kubernetes_executor.py
[2023-10-28T19:29:33.456-0500] {logging_mixin.py:151} INFO - [2023-10-28T19:29:33.456-0500] {example_kubernetes_executor.py:38} WARNING - The example_kubernetes_executor example DAG requires the kubernetes provider. Please install it with: pip install apache-airflow[cncf.kubernetes]
[2023-10-28T19:29:33.456-0500] {processor.py:841} WARNING - No viable dags retrieved from /home/oscar_rincon/.pyenv/versions/3.10.6/envs/oscar_rincon/lib/python3.10/site-packages/airflow/example_dags/example_kubernetes_executor.py
[2023-10-28T19:29:33.464-0500] {processor.py:179} INFO - Processing /home/oscar_rincon/.pyenv/versions/3.10.6/envs/oscar_rincon/lib/python3.10/site-packages/airflow/example_dags/example_kubernetes_executor.py took 0.048 seconds
[2023-10-28T19:30:22.000-0500] {processor.py:157} INFO - Started process (PID=80946) to work on /home/oscar_rincon/.pyenv/versions/3.10.6/envs/oscar_rincon/lib/python3.10/site-packages/airflow/example_dags/example_kubernetes_executor.py
[2023-10-28T19:30:22.041-0500] {processor.py:829} INFO - Processing file /home/oscar_rincon/.pyenv/versions/3.10.6/envs/oscar_rincon/lib/python3.10/site-packages/airflow/example_dags/example_kubernetes_executor.py for tasks to queue
[2023-10-28T19:30:22.043-0500] {logging_mixin.py:151} INFO - [2023-10-28T19:30:22.042-0500] {dagbag.py:539} INFO - Filling up the DagBag from /home/oscar_rincon/.pyenv/versions/3.10.6/envs/oscar_rincon/lib/python3.10/site-packages/airflow/example_dags/example_kubernetes_executor.py
[2023-10-28T19:30:22.047-0500] {logging_mixin.py:151} INFO - [2023-10-28T19:30:22.047-0500] {example_kubernetes_executor.py:38} WARNING - The example_kubernetes_executor example DAG requires the kubernetes provider. Please install it with: pip install apache-airflow[cncf.kubernetes]
[2023-10-28T19:30:22.047-0500] {processor.py:841} WARNING - No viable dags retrieved from /home/oscar_rincon/.pyenv/versions/3.10.6/envs/oscar_rincon/lib/python3.10/site-packages/airflow/example_dags/example_kubernetes_executor.py
[2023-10-28T19:30:22.056-0500] {processor.py:179} INFO - Processing /home/oscar_rincon/.pyenv/versions/3.10.6/envs/oscar_rincon/lib/python3.10/site-packages/airflow/example_dags/example_kubernetes_executor.py took 0.059 seconds
