[2023-10-28T19:18:01.365-0500] {processor.py:157} INFO - Started process (PID=77367) to work on /home/oscar_rincon/.pyenv/versions/3.10.6/envs/oscar_rincon/lib/python3.10/site-packages/airflow/example_dags/example_sensor_decorator.py
[2023-10-28T19:18:01.367-0500] {processor.py:829} INFO - Processing file /home/oscar_rincon/.pyenv/versions/3.10.6/envs/oscar_rincon/lib/python3.10/site-packages/airflow/example_dags/example_sensor_decorator.py for tasks to queue
[2023-10-28T19:18:01.369-0500] {logging_mixin.py:151} INFO - [2023-10-28T19:18:01.368-0500] {dagbag.py:539} INFO - Filling up the DagBag from /home/oscar_rincon/.pyenv/versions/3.10.6/envs/oscar_rincon/lib/python3.10/site-packages/airflow/example_dags/example_sensor_decorator.py
[2023-10-28T19:18:01.377-0500] {processor.py:839} INFO - DAG(s) dict_keys(['example_sensor_decorator']) retrieved from /home/oscar_rincon/.pyenv/versions/3.10.6/envs/oscar_rincon/lib/python3.10/site-packages/airflow/example_dags/example_sensor_decorator.py
[2023-10-28T19:18:01.551-0500] {logging_mixin.py:151} INFO - [2023-10-28T19:18:01.550-0500] {manager.py:499} INFO - Created Permission View: %s
[2023-10-28T19:18:01.570-0500] {logging_mixin.py:151} INFO - [2023-10-28T19:18:01.570-0500] {manager.py:499} INFO - Created Permission View: %s
[2023-10-28T19:18:01.586-0500] {logging_mixin.py:151} INFO - [2023-10-28T19:18:01.586-0500] {manager.py:499} INFO - Created Permission View: %s
[2023-10-28T19:18:01.586-0500] {logging_mixin.py:151} INFO - [2023-10-28T19:18:01.586-0500] {security.py:708} INFO - Not syncing DAG-level permissions for DAG 'DAG:example_sensor_decorator' as access control is unset.
[2023-10-28T19:18:01.586-0500] {logging_mixin.py:151} INFO - [2023-10-28T19:18:01.586-0500] {dag.py:2915} INFO - Sync 1 DAGs
[2023-10-28T19:18:01.599-0500] {logging_mixin.py:151} INFO - [2023-10-28T19:18:01.598-0500] {dag.py:2937} INFO - Creating ORM DAG for example_sensor_decorator
[2023-10-28T19:18:01.601-0500] {logging_mixin.py:151} INFO - [2023-10-28T19:18:01.600-0500] {dag.py:3696} INFO - Setting next_dagrun for example_sensor_decorator to None, run_after=None
[2023-10-28T19:18:01.627-0500] {processor.py:179} INFO - Processing /home/oscar_rincon/.pyenv/versions/3.10.6/envs/oscar_rincon/lib/python3.10/site-packages/airflow/example_dags/example_sensor_decorator.py took 0.266 seconds
[2023-10-28T19:18:52.647-0500] {processor.py:157} INFO - Started process (PID=77544) to work on /home/oscar_rincon/.pyenv/versions/3.10.6/envs/oscar_rincon/lib/python3.10/site-packages/airflow/example_dags/example_sensor_decorator.py
[2023-10-28T19:18:52.649-0500] {processor.py:829} INFO - Processing file /home/oscar_rincon/.pyenv/versions/3.10.6/envs/oscar_rincon/lib/python3.10/site-packages/airflow/example_dags/example_sensor_decorator.py for tasks to queue
[2023-10-28T19:18:52.650-0500] {logging_mixin.py:151} INFO - [2023-10-28T19:18:52.650-0500] {dagbag.py:539} INFO - Filling up the DagBag from /home/oscar_rincon/.pyenv/versions/3.10.6/envs/oscar_rincon/lib/python3.10/site-packages/airflow/example_dags/example_sensor_decorator.py
[2023-10-28T19:18:52.654-0500] {processor.py:839} INFO - DAG(s) dict_keys(['example_sensor_decorator']) retrieved from /home/oscar_rincon/.pyenv/versions/3.10.6/envs/oscar_rincon/lib/python3.10/site-packages/airflow/example_dags/example_sensor_decorator.py
[2023-10-28T19:18:52.667-0500] {logging_mixin.py:151} INFO - [2023-10-28T19:18:52.666-0500] {dag.py:2915} INFO - Sync 1 DAGs
[2023-10-28T19:18:52.676-0500] {logging_mixin.py:151} INFO - [2023-10-28T19:18:52.676-0500] {dag.py:3696} INFO - Setting next_dagrun for example_sensor_decorator to None, run_after=None
[2023-10-28T19:18:52.697-0500] {processor.py:179} INFO - Processing /home/oscar_rincon/.pyenv/versions/3.10.6/envs/oscar_rincon/lib/python3.10/site-packages/airflow/example_dags/example_sensor_decorator.py took 0.051 seconds
[2023-10-28T19:19:52.058-0500] {processor.py:157} INFO - Started process (PID=77931) to work on /home/oscar_rincon/.pyenv/versions/3.10.6/envs/oscar_rincon/lib/python3.10/site-packages/airflow/example_dags/example_sensor_decorator.py
[2023-10-28T19:19:52.099-0500] {processor.py:829} INFO - Processing file /home/oscar_rincon/.pyenv/versions/3.10.6/envs/oscar_rincon/lib/python3.10/site-packages/airflow/example_dags/example_sensor_decorator.py for tasks to queue
[2023-10-28T19:19:52.101-0500] {logging_mixin.py:151} INFO - [2023-10-28T19:19:52.100-0500] {dagbag.py:539} INFO - Filling up the DagBag from /home/oscar_rincon/.pyenv/versions/3.10.6/envs/oscar_rincon/lib/python3.10/site-packages/airflow/example_dags/example_sensor_decorator.py
[2023-10-28T19:19:52.111-0500] {processor.py:839} INFO - DAG(s) dict_keys(['example_sensor_decorator']) retrieved from /home/oscar_rincon/.pyenv/versions/3.10.6/envs/oscar_rincon/lib/python3.10/site-packages/airflow/example_dags/example_sensor_decorator.py
[2023-10-28T19:19:52.129-0500] {logging_mixin.py:151} INFO - [2023-10-28T19:19:52.129-0500] {dag.py:2915} INFO - Sync 1 DAGs
[2023-10-28T19:19:52.138-0500] {logging_mixin.py:151} INFO - [2023-10-28T19:19:52.137-0500] {dag.py:3696} INFO - Setting next_dagrun for example_sensor_decorator to None, run_after=None
[2023-10-28T19:19:52.158-0500] {processor.py:179} INFO - Processing /home/oscar_rincon/.pyenv/versions/3.10.6/envs/oscar_rincon/lib/python3.10/site-packages/airflow/example_dags/example_sensor_decorator.py took 0.102 seconds
[2023-10-28T19:28:42.051-0500] {processor.py:157} INFO - Started process (PID=80637) to work on /home/oscar_rincon/.pyenv/versions/3.10.6/envs/oscar_rincon/lib/python3.10/site-packages/airflow/example_dags/example_sensor_decorator.py
[2023-10-28T19:28:42.091-0500] {processor.py:829} INFO - Processing file /home/oscar_rincon/.pyenv/versions/3.10.6/envs/oscar_rincon/lib/python3.10/site-packages/airflow/example_dags/example_sensor_decorator.py for tasks to queue
[2023-10-28T19:28:42.093-0500] {logging_mixin.py:151} INFO - [2023-10-28T19:28:42.092-0500] {dagbag.py:539} INFO - Filling up the DagBag from /home/oscar_rincon/.pyenv/versions/3.10.6/envs/oscar_rincon/lib/python3.10/site-packages/airflow/example_dags/example_sensor_decorator.py
[2023-10-28T19:28:42.102-0500] {processor.py:839} INFO - DAG(s) dict_keys(['example_sensor_decorator']) retrieved from /home/oscar_rincon/.pyenv/versions/3.10.6/envs/oscar_rincon/lib/python3.10/site-packages/airflow/example_dags/example_sensor_decorator.py
[2023-10-28T19:28:42.120-0500] {logging_mixin.py:151} INFO - [2023-10-28T19:28:42.120-0500] {dag.py:2915} INFO - Sync 1 DAGs
[2023-10-28T19:28:42.129-0500] {logging_mixin.py:151} INFO - [2023-10-28T19:28:42.129-0500] {dag.py:3696} INFO - Setting next_dagrun for example_sensor_decorator to None, run_after=None
[2023-10-28T19:28:42.151-0500] {processor.py:179} INFO - Processing /home/oscar_rincon/.pyenv/versions/3.10.6/envs/oscar_rincon/lib/python3.10/site-packages/airflow/example_dags/example_sensor_decorator.py took 0.102 seconds
[2023-10-28T19:29:28.266-0500] {processor.py:157} INFO - Started process (PID=80817) to work on /home/oscar_rincon/.pyenv/versions/3.10.6/envs/oscar_rincon/lib/python3.10/site-packages/airflow/example_dags/example_sensor_decorator.py
[2023-10-28T19:29:28.268-0500] {processor.py:829} INFO - Processing file /home/oscar_rincon/.pyenv/versions/3.10.6/envs/oscar_rincon/lib/python3.10/site-packages/airflow/example_dags/example_sensor_decorator.py for tasks to queue
[2023-10-28T19:29:28.269-0500] {logging_mixin.py:151} INFO - [2023-10-28T19:29:28.269-0500] {dagbag.py:539} INFO - Filling up the DagBag from /home/oscar_rincon/.pyenv/versions/3.10.6/envs/oscar_rincon/lib/python3.10/site-packages/airflow/example_dags/example_sensor_decorator.py
[2023-10-28T19:29:28.275-0500] {processor.py:839} INFO - DAG(s) dict_keys(['example_sensor_decorator']) retrieved from /home/oscar_rincon/.pyenv/versions/3.10.6/envs/oscar_rincon/lib/python3.10/site-packages/airflow/example_dags/example_sensor_decorator.py
[2023-10-28T19:29:28.287-0500] {logging_mixin.py:151} INFO - [2023-10-28T19:29:28.287-0500] {dag.py:2915} INFO - Sync 1 DAGs
[2023-10-28T19:29:28.298-0500] {logging_mixin.py:151} INFO - [2023-10-28T19:29:28.298-0500] {dag.py:3696} INFO - Setting next_dagrun for example_sensor_decorator to None, run_after=None
[2023-10-28T19:29:28.322-0500] {processor.py:179} INFO - Processing /home/oscar_rincon/.pyenv/versions/3.10.6/envs/oscar_rincon/lib/python3.10/site-packages/airflow/example_dags/example_sensor_decorator.py took 0.057 seconds
[2023-10-28T19:30:16.849-0500] {processor.py:157} INFO - Started process (PID=80941) to work on /home/oscar_rincon/.pyenv/versions/3.10.6/envs/oscar_rincon/lib/python3.10/site-packages/airflow/example_dags/example_sensor_decorator.py
[2023-10-28T19:30:16.890-0500] {processor.py:829} INFO - Processing file /home/oscar_rincon/.pyenv/versions/3.10.6/envs/oscar_rincon/lib/python3.10/site-packages/airflow/example_dags/example_sensor_decorator.py for tasks to queue
[2023-10-28T19:30:16.892-0500] {logging_mixin.py:151} INFO - [2023-10-28T19:30:16.891-0500] {dagbag.py:539} INFO - Filling up the DagBag from /home/oscar_rincon/.pyenv/versions/3.10.6/envs/oscar_rincon/lib/python3.10/site-packages/airflow/example_dags/example_sensor_decorator.py
[2023-10-28T19:30:16.900-0500] {processor.py:839} INFO - DAG(s) dict_keys(['example_sensor_decorator']) retrieved from /home/oscar_rincon/.pyenv/versions/3.10.6/envs/oscar_rincon/lib/python3.10/site-packages/airflow/example_dags/example_sensor_decorator.py
[2023-10-28T19:30:16.912-0500] {logging_mixin.py:151} INFO - [2023-10-28T19:30:16.912-0500] {dag.py:2915} INFO - Sync 1 DAGs
[2023-10-28T19:30:16.921-0500] {logging_mixin.py:151} INFO - [2023-10-28T19:30:16.921-0500] {dag.py:3696} INFO - Setting next_dagrun for example_sensor_decorator to None, run_after=None
[2023-10-28T19:30:16.943-0500] {processor.py:179} INFO - Processing /home/oscar_rincon/.pyenv/versions/3.10.6/envs/oscar_rincon/lib/python3.10/site-packages/airflow/example_dags/example_sensor_decorator.py took 0.097 seconds
