[2023-10-28T19:17:59.067-0500] {processor.py:157} INFO - Started process (PID=77335) to work on /home/oscar_rincon/.pyenv/versions/3.10.6/envs/oscar_rincon/lib/python3.10/site-packages/airflow/example_dags/example_dynamic_task_mapping.py
[2023-10-28T19:17:59.068-0500] {processor.py:829} INFO - Processing file /home/oscar_rincon/.pyenv/versions/3.10.6/envs/oscar_rincon/lib/python3.10/site-packages/airflow/example_dags/example_dynamic_task_mapping.py for tasks to queue
[2023-10-28T19:17:59.069-0500] {logging_mixin.py:151} INFO - [2023-10-28T19:17:59.069-0500] {dagbag.py:539} INFO - Filling up the DagBag from /home/oscar_rincon/.pyenv/versions/3.10.6/envs/oscar_rincon/lib/python3.10/site-packages/airflow/example_dags/example_dynamic_task_mapping.py
[2023-10-28T19:17:59.080-0500] {processor.py:839} INFO - DAG(s) dict_keys(['example_dynamic_task_mapping']) retrieved from /home/oscar_rincon/.pyenv/versions/3.10.6/envs/oscar_rincon/lib/python3.10/site-packages/airflow/example_dags/example_dynamic_task_mapping.py
[2023-10-28T19:17:59.187-0500] {logging_mixin.py:151} INFO - [2023-10-28T19:17:59.187-0500] {manager.py:499} INFO - Created Permission View: %s
[2023-10-28T19:17:59.201-0500] {logging_mixin.py:151} INFO - [2023-10-28T19:17:59.200-0500] {manager.py:499} INFO - Created Permission View: %s
[2023-10-28T19:17:59.211-0500] {logging_mixin.py:151} INFO - [2023-10-28T19:17:59.210-0500] {manager.py:499} INFO - Created Permission View: %s
[2023-10-28T19:17:59.211-0500] {logging_mixin.py:151} INFO - [2023-10-28T19:17:59.211-0500] {security.py:708} INFO - Not syncing DAG-level permissions for DAG 'DAG:example_dynamic_task_mapping' as access control is unset.
[2023-10-28T19:17:59.211-0500] {logging_mixin.py:151} INFO - [2023-10-28T19:17:59.211-0500] {dag.py:2915} INFO - Sync 1 DAGs
[2023-10-28T19:17:59.221-0500] {logging_mixin.py:151} INFO - [2023-10-28T19:17:59.221-0500] {dag.py:2937} INFO - Creating ORM DAG for example_dynamic_task_mapping
[2023-10-28T19:17:59.236-0500] {logging_mixin.py:151} INFO - [2023-10-28T19:17:59.236-0500] {dag.py:3696} INFO - Setting next_dagrun for example_dynamic_task_mapping to 2022-03-04T00:00:00+00:00, run_after=2022-03-05T00:00:00+00:00
[2023-10-28T19:17:59.261-0500] {processor.py:179} INFO - Processing /home/oscar_rincon/.pyenv/versions/3.10.6/envs/oscar_rincon/lib/python3.10/site-packages/airflow/example_dags/example_dynamic_task_mapping.py took 0.198 seconds
[2023-10-28T19:18:51.126-0500] {processor.py:157} INFO - Started process (PID=77542) to work on /home/oscar_rincon/.pyenv/versions/3.10.6/envs/oscar_rincon/lib/python3.10/site-packages/airflow/example_dags/example_dynamic_task_mapping.py
[2023-10-28T19:18:51.166-0500] {processor.py:829} INFO - Processing file /home/oscar_rincon/.pyenv/versions/3.10.6/envs/oscar_rincon/lib/python3.10/site-packages/airflow/example_dags/example_dynamic_task_mapping.py for tasks to queue
[2023-10-28T19:18:51.167-0500] {logging_mixin.py:151} INFO - [2023-10-28T19:18:51.166-0500] {dagbag.py:539} INFO - Filling up the DagBag from /home/oscar_rincon/.pyenv/versions/3.10.6/envs/oscar_rincon/lib/python3.10/site-packages/airflow/example_dags/example_dynamic_task_mapping.py
[2023-10-28T19:18:51.174-0500] {processor.py:839} INFO - DAG(s) dict_keys(['example_dynamic_task_mapping']) retrieved from /home/oscar_rincon/.pyenv/versions/3.10.6/envs/oscar_rincon/lib/python3.10/site-packages/airflow/example_dags/example_dynamic_task_mapping.py
[2023-10-28T19:18:51.190-0500] {logging_mixin.py:151} INFO - [2023-10-28T19:18:51.190-0500] {dag.py:2915} INFO - Sync 1 DAGs
[2023-10-28T19:18:51.212-0500] {logging_mixin.py:151} INFO - [2023-10-28T19:18:51.212-0500] {dag.py:3696} INFO - Setting next_dagrun for example_dynamic_task_mapping to 2022-03-04T00:00:00+00:00, run_after=2022-03-05T00:00:00+00:00
[2023-10-28T19:18:51.240-0500] {processor.py:179} INFO - Processing /home/oscar_rincon/.pyenv/versions/3.10.6/envs/oscar_rincon/lib/python3.10/site-packages/airflow/example_dags/example_dynamic_task_mapping.py took 0.116 seconds
[2023-10-28T19:19:50.423-0500] {processor.py:157} INFO - Started process (PID=77929) to work on /home/oscar_rincon/.pyenv/versions/3.10.6/envs/oscar_rincon/lib/python3.10/site-packages/airflow/example_dags/example_dynamic_task_mapping.py
[2023-10-28T19:19:50.424-0500] {processor.py:829} INFO - Processing file /home/oscar_rincon/.pyenv/versions/3.10.6/envs/oscar_rincon/lib/python3.10/site-packages/airflow/example_dags/example_dynamic_task_mapping.py for tasks to queue
[2023-10-28T19:19:50.425-0500] {logging_mixin.py:151} INFO - [2023-10-28T19:19:50.424-0500] {dagbag.py:539} INFO - Filling up the DagBag from /home/oscar_rincon/.pyenv/versions/3.10.6/envs/oscar_rincon/lib/python3.10/site-packages/airflow/example_dags/example_dynamic_task_mapping.py
[2023-10-28T19:19:50.432-0500] {processor.py:839} INFO - DAG(s) dict_keys(['example_dynamic_task_mapping']) retrieved from /home/oscar_rincon/.pyenv/versions/3.10.6/envs/oscar_rincon/lib/python3.10/site-packages/airflow/example_dags/example_dynamic_task_mapping.py
[2023-10-28T19:19:50.450-0500] {logging_mixin.py:151} INFO - [2023-10-28T19:19:50.450-0500] {dag.py:2915} INFO - Sync 1 DAGs
[2023-10-28T19:19:50.466-0500] {logging_mixin.py:151} INFO - [2023-10-28T19:19:50.465-0500] {dag.py:3696} INFO - Setting next_dagrun for example_dynamic_task_mapping to 2022-03-04T00:00:00+00:00, run_after=2022-03-05T00:00:00+00:00
[2023-10-28T19:19:50.487-0500] {processor.py:179} INFO - Processing /home/oscar_rincon/.pyenv/versions/3.10.6/envs/oscar_rincon/lib/python3.10/site-packages/airflow/example_dags/example_dynamic_task_mapping.py took 0.066 seconds
[2023-10-28T19:28:40.193-0500] {processor.py:157} INFO - Started process (PID=80635) to work on /home/oscar_rincon/.pyenv/versions/3.10.6/envs/oscar_rincon/lib/python3.10/site-packages/airflow/example_dags/example_dynamic_task_mapping.py
[2023-10-28T19:28:40.195-0500] {processor.py:829} INFO - Processing file /home/oscar_rincon/.pyenv/versions/3.10.6/envs/oscar_rincon/lib/python3.10/site-packages/airflow/example_dags/example_dynamic_task_mapping.py for tasks to queue
[2023-10-28T19:28:40.196-0500] {logging_mixin.py:151} INFO - [2023-10-28T19:28:40.195-0500] {dagbag.py:539} INFO - Filling up the DagBag from /home/oscar_rincon/.pyenv/versions/3.10.6/envs/oscar_rincon/lib/python3.10/site-packages/airflow/example_dags/example_dynamic_task_mapping.py
[2023-10-28T19:28:40.203-0500] {processor.py:839} INFO - DAG(s) dict_keys(['example_dynamic_task_mapping']) retrieved from /home/oscar_rincon/.pyenv/versions/3.10.6/envs/oscar_rincon/lib/python3.10/site-packages/airflow/example_dags/example_dynamic_task_mapping.py
[2023-10-28T19:28:40.221-0500] {logging_mixin.py:151} INFO - [2023-10-28T19:28:40.221-0500] {dag.py:2915} INFO - Sync 1 DAGs
[2023-10-28T19:28:40.236-0500] {logging_mixin.py:151} INFO - [2023-10-28T19:28:40.236-0500] {dag.py:3696} INFO - Setting next_dagrun for example_dynamic_task_mapping to 2022-03-04T00:00:00+00:00, run_after=2022-03-05T00:00:00+00:00
[2023-10-28T19:28:40.257-0500] {processor.py:179} INFO - Processing /home/oscar_rincon/.pyenv/versions/3.10.6/envs/oscar_rincon/lib/python3.10/site-packages/airflow/example_dags/example_dynamic_task_mapping.py took 0.066 seconds
[2023-10-28T19:29:26.430-0500] {processor.py:157} INFO - Started process (PID=80815) to work on /home/oscar_rincon/.pyenv/versions/3.10.6/envs/oscar_rincon/lib/python3.10/site-packages/airflow/example_dags/example_dynamic_task_mapping.py
[2023-10-28T19:29:26.431-0500] {processor.py:829} INFO - Processing file /home/oscar_rincon/.pyenv/versions/3.10.6/envs/oscar_rincon/lib/python3.10/site-packages/airflow/example_dags/example_dynamic_task_mapping.py for tasks to queue
[2023-10-28T19:29:26.432-0500] {logging_mixin.py:151} INFO - [2023-10-28T19:29:26.432-0500] {dagbag.py:539} INFO - Filling up the DagBag from /home/oscar_rincon/.pyenv/versions/3.10.6/envs/oscar_rincon/lib/python3.10/site-packages/airflow/example_dags/example_dynamic_task_mapping.py
[2023-10-28T19:29:26.438-0500] {processor.py:839} INFO - DAG(s) dict_keys(['example_dynamic_task_mapping']) retrieved from /home/oscar_rincon/.pyenv/versions/3.10.6/envs/oscar_rincon/lib/python3.10/site-packages/airflow/example_dags/example_dynamic_task_mapping.py
[2023-10-28T19:29:26.452-0500] {logging_mixin.py:151} INFO - [2023-10-28T19:29:26.452-0500] {dag.py:2915} INFO - Sync 1 DAGs
[2023-10-28T19:29:26.469-0500] {logging_mixin.py:151} INFO - [2023-10-28T19:29:26.469-0500] {dag.py:3696} INFO - Setting next_dagrun for example_dynamic_task_mapping to 2022-03-04T00:00:00+00:00, run_after=2022-03-05T00:00:00+00:00
[2023-10-28T19:29:26.492-0500] {processor.py:179} INFO - Processing /home/oscar_rincon/.pyenv/versions/3.10.6/envs/oscar_rincon/lib/python3.10/site-packages/airflow/example_dags/example_dynamic_task_mapping.py took 0.065 seconds
[2023-10-28T19:30:14.786-0500] {processor.py:157} INFO - Started process (PID=80939) to work on /home/oscar_rincon/.pyenv/versions/3.10.6/envs/oscar_rincon/lib/python3.10/site-packages/airflow/example_dags/example_dynamic_task_mapping.py
[2023-10-28T19:30:14.788-0500] {processor.py:829} INFO - Processing file /home/oscar_rincon/.pyenv/versions/3.10.6/envs/oscar_rincon/lib/python3.10/site-packages/airflow/example_dags/example_dynamic_task_mapping.py for tasks to queue
[2023-10-28T19:30:14.789-0500] {logging_mixin.py:151} INFO - [2023-10-28T19:30:14.788-0500] {dagbag.py:539} INFO - Filling up the DagBag from /home/oscar_rincon/.pyenv/versions/3.10.6/envs/oscar_rincon/lib/python3.10/site-packages/airflow/example_dags/example_dynamic_task_mapping.py
[2023-10-28T19:30:14.798-0500] {processor.py:839} INFO - DAG(s) dict_keys(['example_dynamic_task_mapping']) retrieved from /home/oscar_rincon/.pyenv/versions/3.10.6/envs/oscar_rincon/lib/python3.10/site-packages/airflow/example_dags/example_dynamic_task_mapping.py
[2023-10-28T19:30:14.811-0500] {logging_mixin.py:151} INFO - [2023-10-28T19:30:14.810-0500] {dag.py:2915} INFO - Sync 1 DAGs
[2023-10-28T19:30:14.832-0500] {logging_mixin.py:151} INFO - [2023-10-28T19:30:14.831-0500] {dag.py:3696} INFO - Setting next_dagrun for example_dynamic_task_mapping to 2022-03-04T00:00:00+00:00, run_after=2022-03-05T00:00:00+00:00
[2023-10-28T19:30:14.858-0500] {processor.py:179} INFO - Processing /home/oscar_rincon/.pyenv/versions/3.10.6/envs/oscar_rincon/lib/python3.10/site-packages/airflow/example_dags/example_dynamic_task_mapping.py took 0.074 seconds
