[2023-10-28T19:17:58.482-0500] {processor.py:157} INFO - Started process (PID=77331) to work on /home/oscar_rincon/.pyenv/versions/3.10.6/envs/oscar_rincon/lib/python3.10/site-packages/airflow/example_dags/example_branch_operator_decorator.py
[2023-10-28T19:17:58.483-0500] {processor.py:829} INFO - Processing file /home/oscar_rincon/.pyenv/versions/3.10.6/envs/oscar_rincon/lib/python3.10/site-packages/airflow/example_dags/example_branch_operator_decorator.py for tasks to queue
[2023-10-28T19:17:58.485-0500] {logging_mixin.py:151} INFO - [2023-10-28T19:17:58.484-0500] {dagbag.py:539} INFO - Filling up the DagBag from /home/oscar_rincon/.pyenv/versions/3.10.6/envs/oscar_rincon/lib/python3.10/site-packages/airflow/example_dags/example_branch_operator_decorator.py
[2023-10-28T19:17:58.498-0500] {processor.py:839} INFO - DAG(s) dict_keys(['example_branch_python_operator_decorator']) retrieved from /home/oscar_rincon/.pyenv/versions/3.10.6/envs/oscar_rincon/lib/python3.10/site-packages/airflow/example_dags/example_branch_operator_decorator.py
[2023-10-28T19:17:58.685-0500] {logging_mixin.py:151} INFO - [2023-10-28T19:17:58.684-0500] {manager.py:499} INFO - Created Permission View: %s
[2023-10-28T19:17:58.720-0500] {logging_mixin.py:151} INFO - [2023-10-28T19:17:58.719-0500] {manager.py:499} INFO - Created Permission View: %s
[2023-10-28T19:17:58.731-0500] {logging_mixin.py:151} INFO - [2023-10-28T19:17:58.730-0500] {manager.py:499} INFO - Created Permission View: %s
[2023-10-28T19:17:58.733-0500] {logging_mixin.py:151} INFO - [2023-10-28T19:17:58.733-0500] {security.py:708} INFO - Not syncing DAG-level permissions for DAG 'DAG:example_branch_python_operator_decorator' as access control is unset.
[2023-10-28T19:17:58.733-0500] {logging_mixin.py:151} INFO - [2023-10-28T19:17:58.733-0500] {dag.py:2915} INFO - Sync 1 DAGs
[2023-10-28T19:17:58.746-0500] {logging_mixin.py:151} INFO - [2023-10-28T19:17:58.746-0500] {dag.py:2937} INFO - Creating ORM DAG for example_branch_python_operator_decorator
[2023-10-28T19:17:58.761-0500] {logging_mixin.py:151} INFO - [2023-10-28T19:17:58.761-0500] {dag.py:3696} INFO - Setting next_dagrun for example_branch_python_operator_decorator to 2023-10-28T00:00:00+00:00, run_after=2023-10-29T00:00:00+00:00
[2023-10-28T19:17:58.796-0500] {processor.py:179} INFO - Processing /home/oscar_rincon/.pyenv/versions/3.10.6/envs/oscar_rincon/lib/python3.10/site-packages/airflow/example_dags/example_branch_operator_decorator.py took 0.317 seconds
[2023-10-28T19:18:49.885-0500] {processor.py:157} INFO - Started process (PID=77541) to work on /home/oscar_rincon/.pyenv/versions/3.10.6/envs/oscar_rincon/lib/python3.10/site-packages/airflow/example_dags/example_branch_operator_decorator.py
[2023-10-28T19:18:49.926-0500] {processor.py:829} INFO - Processing file /home/oscar_rincon/.pyenv/versions/3.10.6/envs/oscar_rincon/lib/python3.10/site-packages/airflow/example_dags/example_branch_operator_decorator.py for tasks to queue
[2023-10-28T19:18:49.928-0500] {logging_mixin.py:151} INFO - [2023-10-28T19:18:49.927-0500] {dagbag.py:539} INFO - Filling up the DagBag from /home/oscar_rincon/.pyenv/versions/3.10.6/envs/oscar_rincon/lib/python3.10/site-packages/airflow/example_dags/example_branch_operator_decorator.py
[2023-10-28T19:18:49.938-0500] {processor.py:839} INFO - DAG(s) dict_keys(['example_branch_python_operator_decorator']) retrieved from /home/oscar_rincon/.pyenv/versions/3.10.6/envs/oscar_rincon/lib/python3.10/site-packages/airflow/example_dags/example_branch_operator_decorator.py
[2023-10-28T19:18:49.953-0500] {logging_mixin.py:151} INFO - [2023-10-28T19:18:49.953-0500] {dag.py:2915} INFO - Sync 1 DAGs
[2023-10-28T19:18:49.973-0500] {logging_mixin.py:151} INFO - [2023-10-28T19:18:49.973-0500] {dag.py:3696} INFO - Setting next_dagrun for example_branch_python_operator_decorator to 2023-10-28T00:00:00+00:00, run_after=2023-10-29T00:00:00+00:00
[2023-10-28T19:18:49.998-0500] {processor.py:179} INFO - Processing /home/oscar_rincon/.pyenv/versions/3.10.6/envs/oscar_rincon/lib/python3.10/site-packages/airflow/example_dags/example_branch_operator_decorator.py took 0.116 seconds
[2023-10-28T19:19:49.184-0500] {processor.py:157} INFO - Started process (PID=77928) to work on /home/oscar_rincon/.pyenv/versions/3.10.6/envs/oscar_rincon/lib/python3.10/site-packages/airflow/example_dags/example_branch_operator_decorator.py
[2023-10-28T19:19:49.224-0500] {processor.py:829} INFO - Processing file /home/oscar_rincon/.pyenv/versions/3.10.6/envs/oscar_rincon/lib/python3.10/site-packages/airflow/example_dags/example_branch_operator_decorator.py for tasks to queue
[2023-10-28T19:19:49.225-0500] {logging_mixin.py:151} INFO - [2023-10-28T19:19:49.225-0500] {dagbag.py:539} INFO - Filling up the DagBag from /home/oscar_rincon/.pyenv/versions/3.10.6/envs/oscar_rincon/lib/python3.10/site-packages/airflow/example_dags/example_branch_operator_decorator.py
[2023-10-28T19:19:49.241-0500] {processor.py:839} INFO - DAG(s) dict_keys(['example_branch_python_operator_decorator']) retrieved from /home/oscar_rincon/.pyenv/versions/3.10.6/envs/oscar_rincon/lib/python3.10/site-packages/airflow/example_dags/example_branch_operator_decorator.py
[2023-10-28T19:19:49.261-0500] {logging_mixin.py:151} INFO - [2023-10-28T19:19:49.261-0500] {dag.py:2915} INFO - Sync 1 DAGs
[2023-10-28T19:19:49.277-0500] {logging_mixin.py:151} INFO - [2023-10-28T19:19:49.277-0500] {dag.py:3696} INFO - Setting next_dagrun for example_branch_python_operator_decorator to 2023-10-28T00:00:00+00:00, run_after=2023-10-29T00:00:00+00:00
[2023-10-28T19:19:49.299-0500] {processor.py:179} INFO - Processing /home/oscar_rincon/.pyenv/versions/3.10.6/envs/oscar_rincon/lib/python3.10/site-packages/airflow/example_dags/example_branch_operator_decorator.py took 0.118 seconds
[2023-10-28T19:28:39.173-0500] {processor.py:157} INFO - Started process (PID=80634) to work on /home/oscar_rincon/.pyenv/versions/3.10.6/envs/oscar_rincon/lib/python3.10/site-packages/airflow/example_dags/example_branch_operator_decorator.py
[2023-10-28T19:28:39.213-0500] {processor.py:829} INFO - Processing file /home/oscar_rincon/.pyenv/versions/3.10.6/envs/oscar_rincon/lib/python3.10/site-packages/airflow/example_dags/example_branch_operator_decorator.py for tasks to queue
[2023-10-28T19:28:39.215-0500] {logging_mixin.py:151} INFO - [2023-10-28T19:28:39.214-0500] {dagbag.py:539} INFO - Filling up the DagBag from /home/oscar_rincon/.pyenv/versions/3.10.6/envs/oscar_rincon/lib/python3.10/site-packages/airflow/example_dags/example_branch_operator_decorator.py
[2023-10-28T19:28:39.226-0500] {processor.py:839} INFO - DAG(s) dict_keys(['example_branch_python_operator_decorator']) retrieved from /home/oscar_rincon/.pyenv/versions/3.10.6/envs/oscar_rincon/lib/python3.10/site-packages/airflow/example_dags/example_branch_operator_decorator.py
[2023-10-28T19:28:39.246-0500] {logging_mixin.py:151} INFO - [2023-10-28T19:28:39.246-0500] {dag.py:2915} INFO - Sync 1 DAGs
[2023-10-28T19:28:39.263-0500] {logging_mixin.py:151} INFO - [2023-10-28T19:28:39.262-0500] {dag.py:3696} INFO - Setting next_dagrun for example_branch_python_operator_decorator to 2023-10-28T00:00:00+00:00, run_after=2023-10-29T00:00:00+00:00
[2023-10-28T19:28:39.285-0500] {processor.py:179} INFO - Processing /home/oscar_rincon/.pyenv/versions/3.10.6/envs/oscar_rincon/lib/python3.10/site-packages/airflow/example_dags/example_branch_operator_decorator.py took 0.114 seconds
[2023-10-28T19:29:25.621-0500] {processor.py:157} INFO - Started process (PID=80814) to work on /home/oscar_rincon/.pyenv/versions/3.10.6/envs/oscar_rincon/lib/python3.10/site-packages/airflow/example_dags/example_branch_operator_decorator.py
[2023-10-28T19:29:25.661-0500] {processor.py:829} INFO - Processing file /home/oscar_rincon/.pyenv/versions/3.10.6/envs/oscar_rincon/lib/python3.10/site-packages/airflow/example_dags/example_branch_operator_decorator.py for tasks to queue
[2023-10-28T19:29:25.663-0500] {logging_mixin.py:151} INFO - [2023-10-28T19:29:25.663-0500] {dagbag.py:539} INFO - Filling up the DagBag from /home/oscar_rincon/.pyenv/versions/3.10.6/envs/oscar_rincon/lib/python3.10/site-packages/airflow/example_dags/example_branch_operator_decorator.py
[2023-10-28T19:29:25.674-0500] {processor.py:839} INFO - DAG(s) dict_keys(['example_branch_python_operator_decorator']) retrieved from /home/oscar_rincon/.pyenv/versions/3.10.6/envs/oscar_rincon/lib/python3.10/site-packages/airflow/example_dags/example_branch_operator_decorator.py
[2023-10-28T19:29:25.691-0500] {logging_mixin.py:151} INFO - [2023-10-28T19:29:25.691-0500] {dag.py:2915} INFO - Sync 1 DAGs
[2023-10-28T19:29:25.710-0500] {logging_mixin.py:151} INFO - [2023-10-28T19:29:25.710-0500] {dag.py:3696} INFO - Setting next_dagrun for example_branch_python_operator_decorator to 2023-10-28T00:00:00+00:00, run_after=2023-10-29T00:00:00+00:00
[2023-10-28T19:29:25.731-0500] {processor.py:179} INFO - Processing /home/oscar_rincon/.pyenv/versions/3.10.6/envs/oscar_rincon/lib/python3.10/site-packages/airflow/example_dags/example_branch_operator_decorator.py took 0.113 seconds
[2023-10-28T19:30:13.648-0500] {processor.py:157} INFO - Started process (PID=80925) to work on /home/oscar_rincon/.pyenv/versions/3.10.6/envs/oscar_rincon/lib/python3.10/site-packages/airflow/example_dags/example_branch_operator_decorator.py
[2023-10-28T19:30:13.650-0500] {processor.py:829} INFO - Processing file /home/oscar_rincon/.pyenv/versions/3.10.6/envs/oscar_rincon/lib/python3.10/site-packages/airflow/example_dags/example_branch_operator_decorator.py for tasks to queue
[2023-10-28T19:30:13.650-0500] {logging_mixin.py:151} INFO - [2023-10-28T19:30:13.650-0500] {dagbag.py:539} INFO - Filling up the DagBag from /home/oscar_rincon/.pyenv/versions/3.10.6/envs/oscar_rincon/lib/python3.10/site-packages/airflow/example_dags/example_branch_operator_decorator.py
[2023-10-28T19:30:13.659-0500] {processor.py:839} INFO - DAG(s) dict_keys(['example_branch_python_operator_decorator']) retrieved from /home/oscar_rincon/.pyenv/versions/3.10.6/envs/oscar_rincon/lib/python3.10/site-packages/airflow/example_dags/example_branch_operator_decorator.py
[2023-10-28T19:30:13.674-0500] {logging_mixin.py:151} INFO - [2023-10-28T19:30:13.673-0500] {dag.py:2915} INFO - Sync 1 DAGs
[2023-10-28T19:30:13.690-0500] {logging_mixin.py:151} INFO - [2023-10-28T19:30:13.690-0500] {dag.py:3696} INFO - Setting next_dagrun for example_branch_python_operator_decorator to 2023-10-28T00:00:00+00:00, run_after=2023-10-29T00:00:00+00:00
[2023-10-28T19:30:13.714-0500] {processor.py:179} INFO - Processing /home/oscar_rincon/.pyenv/versions/3.10.6/envs/oscar_rincon/lib/python3.10/site-packages/airflow/example_dags/example_branch_operator_decorator.py took 0.068 seconds
