[2023-10-28T19:18:06.720-0500] {processor.py:157} INFO - Started process (PID=77401) to work on /home/oscar_rincon/.pyenv/versions/3.10.6/envs/oscar_rincon/lib/python3.10/site-packages/airflow/example_dags/example_subdag_operator.py
[2023-10-28T19:18:06.721-0500] {processor.py:829} INFO - Processing file /home/oscar_rincon/.pyenv/versions/3.10.6/envs/oscar_rincon/lib/python3.10/site-packages/airflow/example_dags/example_subdag_operator.py for tasks to queue
[2023-10-28T19:18:06.722-0500] {logging_mixin.py:151} INFO - [2023-10-28T19:18:06.721-0500] {dagbag.py:539} INFO - Filling up the DagBag from /home/oscar_rincon/.pyenv/versions/3.10.6/envs/oscar_rincon/lib/python3.10/site-packages/airflow/example_dags/example_subdag_operator.py
[2023-10-28T19:18:06.744-0500] {processor.py:839} INFO - DAG(s) dict_keys(['example_subdag_operator.section-1', 'example_subdag_operator.section-2', 'example_subdag_operator']) retrieved from /home/oscar_rincon/.pyenv/versions/3.10.6/envs/oscar_rincon/lib/python3.10/site-packages/airflow/example_dags/example_subdag_operator.py
[2023-10-28T19:18:06.902-0500] {logging_mixin.py:151} INFO - [2023-10-28T19:18:06.901-0500] {manager.py:499} INFO - Created Permission View: %s
[2023-10-28T19:18:06.919-0500] {logging_mixin.py:151} INFO - [2023-10-28T19:18:06.918-0500] {manager.py:499} INFO - Created Permission View: %s
[2023-10-28T19:18:06.937-0500] {logging_mixin.py:151} INFO - [2023-10-28T19:18:06.937-0500] {manager.py:499} INFO - Created Permission View: %s
[2023-10-28T19:18:06.937-0500] {logging_mixin.py:151} INFO - [2023-10-28T19:18:06.937-0500] {security.py:708} INFO - Not syncing DAG-level permissions for DAG 'DAG:example_subdag_operator' as access control is unset.
[2023-10-28T19:18:06.938-0500] {logging_mixin.py:151} INFO - [2023-10-28T19:18:06.937-0500] {dag.py:2915} INFO - Sync 3 DAGs
[2023-10-28T19:18:06.954-0500] {logging_mixin.py:151} INFO - [2023-10-28T19:18:06.954-0500] {dag.py:2937} INFO - Creating ORM DAG for example_subdag_operator.section-2
[2023-10-28T19:18:06.954-0500] {logging_mixin.py:151} INFO - [2023-10-28T19:18:06.954-0500] {dag.py:2937} INFO - Creating ORM DAG for example_subdag_operator.section-1
[2023-10-28T19:18:06.955-0500] {logging_mixin.py:151} INFO - [2023-10-28T19:18:06.955-0500] {dag.py:2937} INFO - Creating ORM DAG for example_subdag_operator
[2023-10-28T19:18:06.967-0500] {logging_mixin.py:151} INFO - [2023-10-28T19:18:06.966-0500] {dag.py:3696} INFO - Setting next_dagrun for example_subdag_operator to 2022-01-01T00:00:00+00:00, run_after=2022-01-01T00:00:00+00:00
[2023-10-28T19:18:06.968-0500] {logging_mixin.py:151} INFO - [2023-10-28T19:18:06.968-0500] {dag.py:3696} INFO - Setting next_dagrun for example_subdag_operator.section-1 to None, run_after=None
[2023-10-28T19:18:06.969-0500] {logging_mixin.py:151} INFO - [2023-10-28T19:18:06.969-0500] {dag.py:3696} INFO - Setting next_dagrun for example_subdag_operator.section-2 to None, run_after=None
[2023-10-28T19:18:06.979-0500] {logging_mixin.py:151} INFO - [2023-10-28T19:18:06.979-0500] {dag.py:2915} INFO - Sync 2 DAGs
[2023-10-28T19:18:06.988-0500] {logging_mixin.py:151} INFO - [2023-10-28T19:18:06.988-0500] {dag.py:3696} INFO - Setting next_dagrun for example_subdag_operator.section-1 to None, run_after=None
[2023-10-28T19:18:06.991-0500] {logging_mixin.py:151} INFO - [2023-10-28T19:18:06.991-0500] {dag.py:3696} INFO - Setting next_dagrun for example_subdag_operator.section-2 to None, run_after=None
[2023-10-28T19:18:07.013-0500] {processor.py:179} INFO - Processing /home/oscar_rincon/.pyenv/versions/3.10.6/envs/oscar_rincon/lib/python3.10/site-packages/airflow/example_dags/example_subdag_operator.py took 0.296 seconds
[2023-10-28T19:18:56.625-0500] {processor.py:157} INFO - Started process (PID=77548) to work on /home/oscar_rincon/.pyenv/versions/3.10.6/envs/oscar_rincon/lib/python3.10/site-packages/airflow/example_dags/example_subdag_operator.py
[2023-10-28T19:18:56.626-0500] {processor.py:829} INFO - Processing file /home/oscar_rincon/.pyenv/versions/3.10.6/envs/oscar_rincon/lib/python3.10/site-packages/airflow/example_dags/example_subdag_operator.py for tasks to queue
[2023-10-28T19:18:56.627-0500] {logging_mixin.py:151} INFO - [2023-10-28T19:18:56.627-0500] {dagbag.py:539} INFO - Filling up the DagBag from /home/oscar_rincon/.pyenv/versions/3.10.6/envs/oscar_rincon/lib/python3.10/site-packages/airflow/example_dags/example_subdag_operator.py
[2023-10-28T19:18:56.644-0500] {processor.py:839} INFO - DAG(s) dict_keys(['example_subdag_operator.section-1', 'example_subdag_operator.section-2', 'example_subdag_operator']) retrieved from /home/oscar_rincon/.pyenv/versions/3.10.6/envs/oscar_rincon/lib/python3.10/site-packages/airflow/example_dags/example_subdag_operator.py
[2023-10-28T19:18:56.656-0500] {logging_mixin.py:151} INFO - [2023-10-28T19:18:56.656-0500] {dag.py:2915} INFO - Sync 3 DAGs
[2023-10-28T19:18:56.672-0500] {logging_mixin.py:151} INFO - [2023-10-28T19:18:56.672-0500] {dag.py:3696} INFO - Setting next_dagrun for example_subdag_operator to 2022-01-01T00:00:00+00:00, run_after=2022-01-01T00:00:00+00:00
[2023-10-28T19:18:56.675-0500] {logging_mixin.py:151} INFO - [2023-10-28T19:18:56.675-0500] {dag.py:3696} INFO - Setting next_dagrun for example_subdag_operator.section-1 to None, run_after=None
[2023-10-28T19:18:56.676-0500] {logging_mixin.py:151} INFO - [2023-10-28T19:18:56.675-0500] {dag.py:3696} INFO - Setting next_dagrun for example_subdag_operator.section-2 to None, run_after=None
[2023-10-28T19:18:56.682-0500] {logging_mixin.py:151} INFO - [2023-10-28T19:18:56.682-0500] {dag.py:2915} INFO - Sync 2 DAGs
[2023-10-28T19:18:56.687-0500] {logging_mixin.py:151} INFO - [2023-10-28T19:18:56.687-0500] {dag.py:3696} INFO - Setting next_dagrun for example_subdag_operator.section-1 to None, run_after=None
[2023-10-28T19:18:56.687-0500] {logging_mixin.py:151} INFO - [2023-10-28T19:18:56.687-0500] {dag.py:3696} INFO - Setting next_dagrun for example_subdag_operator.section-2 to None, run_after=None
[2023-10-28T19:18:56.706-0500] {processor.py:179} INFO - Processing /home/oscar_rincon/.pyenv/versions/3.10.6/envs/oscar_rincon/lib/python3.10/site-packages/airflow/example_dags/example_subdag_operator.py took 0.084 seconds
[2023-10-28T19:19:56.062-0500] {processor.py:157} INFO - Started process (PID=77935) to work on /home/oscar_rincon/.pyenv/versions/3.10.6/envs/oscar_rincon/lib/python3.10/site-packages/airflow/example_dags/example_subdag_operator.py
[2023-10-28T19:19:56.064-0500] {processor.py:829} INFO - Processing file /home/oscar_rincon/.pyenv/versions/3.10.6/envs/oscar_rincon/lib/python3.10/site-packages/airflow/example_dags/example_subdag_operator.py for tasks to queue
[2023-10-28T19:19:56.065-0500] {logging_mixin.py:151} INFO - [2023-10-28T19:19:56.064-0500] {dagbag.py:539} INFO - Filling up the DagBag from /home/oscar_rincon/.pyenv/versions/3.10.6/envs/oscar_rincon/lib/python3.10/site-packages/airflow/example_dags/example_subdag_operator.py
[2023-10-28T19:19:56.083-0500] {processor.py:839} INFO - DAG(s) dict_keys(['example_subdag_operator.section-1', 'example_subdag_operator.section-2', 'example_subdag_operator']) retrieved from /home/oscar_rincon/.pyenv/versions/3.10.6/envs/oscar_rincon/lib/python3.10/site-packages/airflow/example_dags/example_subdag_operator.py
[2023-10-28T19:19:56.100-0500] {logging_mixin.py:151} INFO - [2023-10-28T19:19:56.100-0500] {dag.py:2915} INFO - Sync 3 DAGs
[2023-10-28T19:19:56.117-0500] {logging_mixin.py:151} INFO - [2023-10-28T19:19:56.117-0500] {dag.py:3696} INFO - Setting next_dagrun for example_subdag_operator to 2022-01-01T00:00:00+00:00, run_after=2022-01-01T00:00:00+00:00
[2023-10-28T19:19:56.119-0500] {logging_mixin.py:151} INFO - [2023-10-28T19:19:56.119-0500] {dag.py:3696} INFO - Setting next_dagrun for example_subdag_operator.section-1 to None, run_after=None
[2023-10-28T19:19:56.120-0500] {logging_mixin.py:151} INFO - [2023-10-28T19:19:56.120-0500] {dag.py:3696} INFO - Setting next_dagrun for example_subdag_operator.section-2 to None, run_after=None
[2023-10-28T19:19:56.124-0500] {logging_mixin.py:151} INFO - [2023-10-28T19:19:56.124-0500] {dag.py:2915} INFO - Sync 2 DAGs
[2023-10-28T19:19:56.127-0500] {logging_mixin.py:151} INFO - [2023-10-28T19:19:56.127-0500] {dag.py:3696} INFO - Setting next_dagrun for example_subdag_operator.section-1 to None, run_after=None
[2023-10-28T19:19:56.127-0500] {logging_mixin.py:151} INFO - [2023-10-28T19:19:56.127-0500] {dag.py:3696} INFO - Setting next_dagrun for example_subdag_operator.section-2 to None, run_after=None
[2023-10-28T19:19:56.144-0500] {processor.py:179} INFO - Processing /home/oscar_rincon/.pyenv/versions/3.10.6/envs/oscar_rincon/lib/python3.10/site-packages/airflow/example_dags/example_subdag_operator.py took 0.084 seconds
[2023-10-28T19:28:46.055-0500] {processor.py:157} INFO - Started process (PID=80641) to work on /home/oscar_rincon/.pyenv/versions/3.10.6/envs/oscar_rincon/lib/python3.10/site-packages/airflow/example_dags/example_subdag_operator.py
[2023-10-28T19:28:46.057-0500] {processor.py:829} INFO - Processing file /home/oscar_rincon/.pyenv/versions/3.10.6/envs/oscar_rincon/lib/python3.10/site-packages/airflow/example_dags/example_subdag_operator.py for tasks to queue
[2023-10-28T19:28:46.059-0500] {logging_mixin.py:151} INFO - [2023-10-28T19:28:46.058-0500] {dagbag.py:539} INFO - Filling up the DagBag from /home/oscar_rincon/.pyenv/versions/3.10.6/envs/oscar_rincon/lib/python3.10/site-packages/airflow/example_dags/example_subdag_operator.py
[2023-10-28T19:28:46.083-0500] {processor.py:839} INFO - DAG(s) dict_keys(['example_subdag_operator.section-1', 'example_subdag_operator.section-2', 'example_subdag_operator']) retrieved from /home/oscar_rincon/.pyenv/versions/3.10.6/envs/oscar_rincon/lib/python3.10/site-packages/airflow/example_dags/example_subdag_operator.py
[2023-10-28T19:28:46.106-0500] {logging_mixin.py:151} INFO - [2023-10-28T19:28:46.105-0500] {dag.py:2915} INFO - Sync 3 DAGs
[2023-10-28T19:28:46.126-0500] {logging_mixin.py:151} INFO - [2023-10-28T19:28:46.125-0500] {dag.py:3696} INFO - Setting next_dagrun for example_subdag_operator to 2022-01-01T00:00:00+00:00, run_after=2022-01-01T00:00:00+00:00
[2023-10-28T19:28:46.131-0500] {logging_mixin.py:151} INFO - [2023-10-28T19:28:46.130-0500] {dag.py:3696} INFO - Setting next_dagrun for example_subdag_operator.section-1 to None, run_after=None
[2023-10-28T19:28:46.131-0500] {logging_mixin.py:151} INFO - [2023-10-28T19:28:46.131-0500] {dag.py:3696} INFO - Setting next_dagrun for example_subdag_operator.section-2 to None, run_after=None
[2023-10-28T19:28:46.136-0500] {logging_mixin.py:151} INFO - [2023-10-28T19:28:46.136-0500] {dag.py:2915} INFO - Sync 2 DAGs
[2023-10-28T19:28:46.140-0500] {logging_mixin.py:151} INFO - [2023-10-28T19:28:46.140-0500] {dag.py:3696} INFO - Setting next_dagrun for example_subdag_operator.section-1 to None, run_after=None
[2023-10-28T19:28:46.140-0500] {logging_mixin.py:151} INFO - [2023-10-28T19:28:46.140-0500] {dag.py:3696} INFO - Setting next_dagrun for example_subdag_operator.section-2 to None, run_after=None
[2023-10-28T19:28:46.168-0500] {processor.py:179} INFO - Processing /home/oscar_rincon/.pyenv/versions/3.10.6/envs/oscar_rincon/lib/python3.10/site-packages/airflow/example_dags/example_subdag_operator.py took 0.114 seconds
[2023-10-28T19:29:33.040-0500] {processor.py:157} INFO - Started process (PID=80821) to work on /home/oscar_rincon/.pyenv/versions/3.10.6/envs/oscar_rincon/lib/python3.10/site-packages/airflow/example_dags/example_subdag_operator.py
[2023-10-28T19:29:33.080-0500] {processor.py:829} INFO - Processing file /home/oscar_rincon/.pyenv/versions/3.10.6/envs/oscar_rincon/lib/python3.10/site-packages/airflow/example_dags/example_subdag_operator.py for tasks to queue
[2023-10-28T19:29:33.082-0500] {logging_mixin.py:151} INFO - [2023-10-28T19:29:33.082-0500] {dagbag.py:539} INFO - Filling up the DagBag from /home/oscar_rincon/.pyenv/versions/3.10.6/envs/oscar_rincon/lib/python3.10/site-packages/airflow/example_dags/example_subdag_operator.py
[2023-10-28T19:29:33.099-0500] {processor.py:839} INFO - DAG(s) dict_keys(['example_subdag_operator.section-1', 'example_subdag_operator.section-2', 'example_subdag_operator']) retrieved from /home/oscar_rincon/.pyenv/versions/3.10.6/envs/oscar_rincon/lib/python3.10/site-packages/airflow/example_dags/example_subdag_operator.py
[2023-10-28T19:29:33.111-0500] {logging_mixin.py:151} INFO - [2023-10-28T19:29:33.110-0500] {dag.py:2915} INFO - Sync 3 DAGs
[2023-10-28T19:29:33.127-0500] {logging_mixin.py:151} INFO - [2023-10-28T19:29:33.127-0500] {dag.py:3696} INFO - Setting next_dagrun for example_subdag_operator to 2022-01-01T00:00:00+00:00, run_after=2022-01-01T00:00:00+00:00
[2023-10-28T19:29:33.130-0500] {logging_mixin.py:151} INFO - [2023-10-28T19:29:33.130-0500] {dag.py:3696} INFO - Setting next_dagrun for example_subdag_operator.section-1 to None, run_after=None
[2023-10-28T19:29:33.131-0500] {logging_mixin.py:151} INFO - [2023-10-28T19:29:33.130-0500] {dag.py:3696} INFO - Setting next_dagrun for example_subdag_operator.section-2 to None, run_after=None
[2023-10-28T19:29:33.135-0500] {logging_mixin.py:151} INFO - [2023-10-28T19:29:33.135-0500] {dag.py:2915} INFO - Sync 2 DAGs
[2023-10-28T19:29:33.138-0500] {logging_mixin.py:151} INFO - [2023-10-28T19:29:33.138-0500] {dag.py:3696} INFO - Setting next_dagrun for example_subdag_operator.section-1 to None, run_after=None
[2023-10-28T19:29:33.138-0500] {logging_mixin.py:151} INFO - [2023-10-28T19:29:33.138-0500] {dag.py:3696} INFO - Setting next_dagrun for example_subdag_operator.section-2 to None, run_after=None
[2023-10-28T19:29:33.156-0500] {processor.py:179} INFO - Processing /home/oscar_rincon/.pyenv/versions/3.10.6/envs/oscar_rincon/lib/python3.10/site-packages/airflow/example_dags/example_subdag_operator.py took 0.119 seconds
[2023-10-28T19:30:20.851-0500] {processor.py:157} INFO - Started process (PID=80945) to work on /home/oscar_rincon/.pyenv/versions/3.10.6/envs/oscar_rincon/lib/python3.10/site-packages/airflow/example_dags/example_subdag_operator.py
[2023-10-28T19:30:20.862-0500] {processor.py:829} INFO - Processing file /home/oscar_rincon/.pyenv/versions/3.10.6/envs/oscar_rincon/lib/python3.10/site-packages/airflow/example_dags/example_subdag_operator.py for tasks to queue
[2023-10-28T19:30:20.864-0500] {logging_mixin.py:151} INFO - [2023-10-28T19:30:20.863-0500] {dagbag.py:539} INFO - Filling up the DagBag from /home/oscar_rincon/.pyenv/versions/3.10.6/envs/oscar_rincon/lib/python3.10/site-packages/airflow/example_dags/example_subdag_operator.py
[2023-10-28T19:30:20.881-0500] {processor.py:839} INFO - DAG(s) dict_keys(['example_subdag_operator.section-1', 'example_subdag_operator.section-2', 'example_subdag_operator']) retrieved from /home/oscar_rincon/.pyenv/versions/3.10.6/envs/oscar_rincon/lib/python3.10/site-packages/airflow/example_dags/example_subdag_operator.py
[2023-10-28T19:30:20.893-0500] {logging_mixin.py:151} INFO - [2023-10-28T19:30:20.893-0500] {dag.py:2915} INFO - Sync 3 DAGs
[2023-10-28T19:30:20.908-0500] {logging_mixin.py:151} INFO - [2023-10-28T19:30:20.908-0500] {dag.py:3696} INFO - Setting next_dagrun for example_subdag_operator to 2022-01-01T00:00:00+00:00, run_after=2022-01-01T00:00:00+00:00
[2023-10-28T19:30:20.911-0500] {logging_mixin.py:151} INFO - [2023-10-28T19:30:20.911-0500] {dag.py:3696} INFO - Setting next_dagrun for example_subdag_operator.section-1 to None, run_after=None
[2023-10-28T19:30:20.912-0500] {logging_mixin.py:151} INFO - [2023-10-28T19:30:20.912-0500] {dag.py:3696} INFO - Setting next_dagrun for example_subdag_operator.section-2 to None, run_after=None
[2023-10-28T19:30:20.916-0500] {logging_mixin.py:151} INFO - [2023-10-28T19:30:20.916-0500] {dag.py:2915} INFO - Sync 2 DAGs
[2023-10-28T19:30:20.920-0500] {logging_mixin.py:151} INFO - [2023-10-28T19:30:20.919-0500] {dag.py:3696} INFO - Setting next_dagrun for example_subdag_operator.section-1 to None, run_after=None
[2023-10-28T19:30:20.920-0500] {logging_mixin.py:151} INFO - [2023-10-28T19:30:20.920-0500] {dag.py:3696} INFO - Setting next_dagrun for example_subdag_operator.section-2 to None, run_after=None
[2023-10-28T19:30:20.935-0500] {processor.py:179} INFO - Processing /home/oscar_rincon/.pyenv/versions/3.10.6/envs/oscar_rincon/lib/python3.10/site-packages/airflow/example_dags/example_subdag_operator.py took 0.087 seconds
