[2023-10-28T19:18:34.890-0500] {processor.py:157} INFO - Started process (PID=77518) to work on /home/oscar_rincon/.pyenv/versions/3.10.6/envs/oscar_rincon/lib/python3.10/site-packages/airflow/example_dags/example_branch_day_of_week_operator.py
[2023-10-28T19:18:34.891-0500] {processor.py:829} INFO - Processing file /home/oscar_rincon/.pyenv/versions/3.10.6/envs/oscar_rincon/lib/python3.10/site-packages/airflow/example_dags/example_branch_day_of_week_operator.py for tasks to queue
[2023-10-28T19:18:34.891-0500] {logging_mixin.py:151} INFO - [2023-10-28T19:18:34.891-0500] {dagbag.py:539} INFO - Filling up the DagBag from /home/oscar_rincon/.pyenv/versions/3.10.6/envs/oscar_rincon/lib/python3.10/site-packages/airflow/example_dags/example_branch_day_of_week_operator.py
[2023-10-28T19:18:34.897-0500] {processor.py:839} INFO - DAG(s) dict_keys(['example_weekday_branch_operator']) retrieved from /home/oscar_rincon/.pyenv/versions/3.10.6/envs/oscar_rincon/lib/python3.10/site-packages/airflow/example_dags/example_branch_day_of_week_operator.py
[2023-10-28T19:18:35.028-0500] {logging_mixin.py:151} INFO - [2023-10-28T19:18:35.028-0500] {manager.py:499} INFO - Created Permission View: %s
[2023-10-28T19:18:35.045-0500] {logging_mixin.py:151} INFO - [2023-10-28T19:18:35.044-0500] {manager.py:499} INFO - Created Permission View: %s
[2023-10-28T19:18:35.055-0500] {logging_mixin.py:151} INFO - [2023-10-28T19:18:35.055-0500] {manager.py:499} INFO - Created Permission View: %s
[2023-10-28T19:18:35.056-0500] {logging_mixin.py:151} INFO - [2023-10-28T19:18:35.056-0500] {security.py:708} INFO - Not syncing DAG-level permissions for DAG 'DAG:example_weekday_branch_operator' as access control is unset.
[2023-10-28T19:18:35.056-0500] {logging_mixin.py:151} INFO - [2023-10-28T19:18:35.056-0500] {dag.py:2915} INFO - Sync 1 DAGs
[2023-10-28T19:18:35.065-0500] {logging_mixin.py:151} INFO - [2023-10-28T19:18:35.065-0500] {dag.py:2937} INFO - Creating ORM DAG for example_weekday_branch_operator
[2023-10-28T19:18:35.073-0500] {logging_mixin.py:151} INFO - [2023-10-28T19:18:35.073-0500] {dag.py:3696} INFO - Setting next_dagrun for example_weekday_branch_operator to 2023-10-28T00:00:00+00:00, run_after=2023-10-29T00:00:00+00:00
[2023-10-28T19:18:35.096-0500] {processor.py:179} INFO - Processing /home/oscar_rincon/.pyenv/versions/3.10.6/envs/oscar_rincon/lib/python3.10/site-packages/airflow/example_dags/example_branch_day_of_week_operator.py took 0.209 seconds
[2023-10-28T19:29:10.480-0500] {processor.py:157} INFO - Started process (PID=80728) to work on /home/oscar_rincon/.pyenv/versions/3.10.6/envs/oscar_rincon/lib/python3.10/site-packages/airflow/example_dags/example_branch_day_of_week_operator.py
[2023-10-28T19:29:10.487-0500] {processor.py:829} INFO - Processing file /home/oscar_rincon/.pyenv/versions/3.10.6/envs/oscar_rincon/lib/python3.10/site-packages/airflow/example_dags/example_branch_day_of_week_operator.py for tasks to queue
[2023-10-28T19:29:10.487-0500] {logging_mixin.py:151} INFO - [2023-10-28T19:29:10.487-0500] {dagbag.py:539} INFO - Filling up the DagBag from /home/oscar_rincon/.pyenv/versions/3.10.6/envs/oscar_rincon/lib/python3.10/site-packages/airflow/example_dags/example_branch_day_of_week_operator.py
[2023-10-28T19:29:10.497-0500] {processor.py:839} INFO - DAG(s) dict_keys(['example_weekday_branch_operator']) retrieved from /home/oscar_rincon/.pyenv/versions/3.10.6/envs/oscar_rincon/lib/python3.10/site-packages/airflow/example_dags/example_branch_day_of_week_operator.py
[2023-10-28T19:29:10.514-0500] {logging_mixin.py:151} INFO - [2023-10-28T19:29:10.514-0500] {dag.py:2915} INFO - Sync 1 DAGs
[2023-10-28T19:29:10.536-0500] {logging_mixin.py:151} INFO - [2023-10-28T19:29:10.536-0500] {dag.py:3696} INFO - Setting next_dagrun for example_weekday_branch_operator to 2023-10-28T00:00:00+00:00, run_after=2023-10-29T00:00:00+00:00
[2023-10-28T19:29:10.560-0500] {processor.py:179} INFO - Processing /home/oscar_rincon/.pyenv/versions/3.10.6/envs/oscar_rincon/lib/python3.10/site-packages/airflow/example_dags/example_branch_day_of_week_operator.py took 0.083 seconds
[2023-10-28T19:30:03.135-0500] {processor.py:157} INFO - Started process (PID=80859) to work on /home/oscar_rincon/.pyenv/versions/3.10.6/envs/oscar_rincon/lib/python3.10/site-packages/airflow/example_dags/example_branch_day_of_week_operator.py
[2023-10-28T19:30:03.175-0500] {processor.py:829} INFO - Processing file /home/oscar_rincon/.pyenv/versions/3.10.6/envs/oscar_rincon/lib/python3.10/site-packages/airflow/example_dags/example_branch_day_of_week_operator.py for tasks to queue
[2023-10-28T19:30:03.177-0500] {logging_mixin.py:151} INFO - [2023-10-28T19:30:03.177-0500] {dagbag.py:539} INFO - Filling up the DagBag from /home/oscar_rincon/.pyenv/versions/3.10.6/envs/oscar_rincon/lib/python3.10/site-packages/airflow/example_dags/example_branch_day_of_week_operator.py
[2023-10-28T19:30:03.187-0500] {processor.py:839} INFO - DAG(s) dict_keys(['example_weekday_branch_operator']) retrieved from /home/oscar_rincon/.pyenv/versions/3.10.6/envs/oscar_rincon/lib/python3.10/site-packages/airflow/example_dags/example_branch_day_of_week_operator.py
[2023-10-28T19:30:03.201-0500] {logging_mixin.py:151} INFO - [2023-10-28T19:30:03.200-0500] {dag.py:2915} INFO - Sync 1 DAGs
[2023-10-28T19:30:03.217-0500] {logging_mixin.py:151} INFO - [2023-10-28T19:30:03.217-0500] {dag.py:3696} INFO - Setting next_dagrun for example_weekday_branch_operator to 2023-10-28T00:00:00+00:00, run_after=2023-10-29T00:00:00+00:00
[2023-10-28T19:30:03.238-0500] {processor.py:179} INFO - Processing /home/oscar_rincon/.pyenv/versions/3.10.6/envs/oscar_rincon/lib/python3.10/site-packages/airflow/example_dags/example_branch_day_of_week_operator.py took 0.106 seconds
