[2023-10-28T19:18:09.214-0500] {processor.py:157} INFO - Started process (PID=77403) to work on /home/oscar_rincon/.pyenv/versions/3.10.6/envs/oscar_rincon/lib/python3.10/site-packages/airflow/example_dags/example_external_task_marker_dag.py
[2023-10-28T19:18:09.215-0500] {processor.py:829} INFO - Processing file /home/oscar_rincon/.pyenv/versions/3.10.6/envs/oscar_rincon/lib/python3.10/site-packages/airflow/example_dags/example_external_task_marker_dag.py for tasks to queue
[2023-10-28T19:18:09.215-0500] {logging_mixin.py:151} INFO - [2023-10-28T19:18:09.215-0500] {dagbag.py:539} INFO - Filling up the DagBag from /home/oscar_rincon/.pyenv/versions/3.10.6/envs/oscar_rincon/lib/python3.10/site-packages/airflow/example_dags/example_external_task_marker_dag.py
[2023-10-28T19:18:09.220-0500] {processor.py:839} INFO - DAG(s) dict_keys(['example_external_task_marker_child', 'example_external_task_marker_parent']) retrieved from /home/oscar_rincon/.pyenv/versions/3.10.6/envs/oscar_rincon/lib/python3.10/site-packages/airflow/example_dags/example_external_task_marker_dag.py
[2023-10-28T19:18:09.322-0500] {logging_mixin.py:151} INFO - [2023-10-28T19:18:09.322-0500] {manager.py:499} INFO - Created Permission View: %s
[2023-10-28T19:18:09.336-0500] {logging_mixin.py:151} INFO - [2023-10-28T19:18:09.335-0500] {manager.py:499} INFO - Created Permission View: %s
[2023-10-28T19:18:09.345-0500] {logging_mixin.py:151} INFO - [2023-10-28T19:18:09.344-0500] {manager.py:499} INFO - Created Permission View: %s
[2023-10-28T19:18:09.345-0500] {logging_mixin.py:151} INFO - [2023-10-28T19:18:09.345-0500] {security.py:708} INFO - Not syncing DAG-level permissions for DAG 'DAG:example_external_task_marker_child' as access control is unset.
[2023-10-28T19:18:09.362-0500] {logging_mixin.py:151} INFO - [2023-10-28T19:18:09.362-0500] {manager.py:499} INFO - Created Permission View: %s
[2023-10-28T19:18:09.373-0500] {logging_mixin.py:151} INFO - [2023-10-28T19:18:09.372-0500] {manager.py:499} INFO - Created Permission View: %s
[2023-10-28T19:18:09.384-0500] {logging_mixin.py:151} INFO - [2023-10-28T19:18:09.384-0500] {manager.py:499} INFO - Created Permission View: %s
[2023-10-28T19:18:09.385-0500] {logging_mixin.py:151} INFO - [2023-10-28T19:18:09.384-0500] {security.py:708} INFO - Not syncing DAG-level permissions for DAG 'DAG:example_external_task_marker_parent' as access control is unset.
[2023-10-28T19:18:09.385-0500] {logging_mixin.py:151} INFO - [2023-10-28T19:18:09.385-0500] {dag.py:2915} INFO - Sync 2 DAGs
[2023-10-28T19:18:09.394-0500] {logging_mixin.py:151} INFO - [2023-10-28T19:18:09.394-0500] {dag.py:2937} INFO - Creating ORM DAG for example_external_task_marker_child
[2023-10-28T19:18:09.394-0500] {logging_mixin.py:151} INFO - [2023-10-28T19:18:09.394-0500] {dag.py:2937} INFO - Creating ORM DAG for example_external_task_marker_parent
[2023-10-28T19:18:09.395-0500] {logging_mixin.py:151} INFO - [2023-10-28T19:18:09.394-0500] {dag.py:3696} INFO - Setting next_dagrun for example_external_task_marker_child to None, run_after=None
[2023-10-28T19:18:09.395-0500] {logging_mixin.py:151} INFO - [2023-10-28T19:18:09.395-0500] {dag.py:3696} INFO - Setting next_dagrun for example_external_task_marker_parent to None, run_after=None
[2023-10-28T19:18:09.424-0500] {processor.py:179} INFO - Processing /home/oscar_rincon/.pyenv/versions/3.10.6/envs/oscar_rincon/lib/python3.10/site-packages/airflow/example_dags/example_external_task_marker_dag.py took 0.214 seconds
[2023-10-28T19:18:58.920-0500] {processor.py:157} INFO - Started process (PID=77550) to work on /home/oscar_rincon/.pyenv/versions/3.10.6/envs/oscar_rincon/lib/python3.10/site-packages/airflow/example_dags/example_external_task_marker_dag.py
[2023-10-28T19:18:58.960-0500] {processor.py:829} INFO - Processing file /home/oscar_rincon/.pyenv/versions/3.10.6/envs/oscar_rincon/lib/python3.10/site-packages/airflow/example_dags/example_external_task_marker_dag.py for tasks to queue
[2023-10-28T19:18:58.962-0500] {logging_mixin.py:151} INFO - [2023-10-28T19:18:58.962-0500] {dagbag.py:539} INFO - Filling up the DagBag from /home/oscar_rincon/.pyenv/versions/3.10.6/envs/oscar_rincon/lib/python3.10/site-packages/airflow/example_dags/example_external_task_marker_dag.py
[2023-10-28T19:18:58.969-0500] {processor.py:839} INFO - DAG(s) dict_keys(['example_external_task_marker_child', 'example_external_task_marker_parent']) retrieved from /home/oscar_rincon/.pyenv/versions/3.10.6/envs/oscar_rincon/lib/python3.10/site-packages/airflow/example_dags/example_external_task_marker_dag.py
[2023-10-28T19:18:58.985-0500] {logging_mixin.py:151} INFO - [2023-10-28T19:18:58.984-0500] {dag.py:2915} INFO - Sync 2 DAGs
[2023-10-28T19:18:58.994-0500] {logging_mixin.py:151} INFO - [2023-10-28T19:18:58.993-0500] {dag.py:3696} INFO - Setting next_dagrun for example_external_task_marker_child to None, run_after=None
[2023-10-28T19:18:58.996-0500] {logging_mixin.py:151} INFO - [2023-10-28T19:18:58.996-0500] {dag.py:3696} INFO - Setting next_dagrun for example_external_task_marker_parent to None, run_after=None
[2023-10-28T19:18:59.018-0500] {processor.py:179} INFO - Processing /home/oscar_rincon/.pyenv/versions/3.10.6/envs/oscar_rincon/lib/python3.10/site-packages/airflow/example_dags/example_external_task_marker_dag.py took 0.100 seconds
[2023-10-28T19:19:58.356-0500] {processor.py:157} INFO - Started process (PID=77937) to work on /home/oscar_rincon/.pyenv/versions/3.10.6/envs/oscar_rincon/lib/python3.10/site-packages/airflow/example_dags/example_external_task_marker_dag.py
[2023-10-28T19:19:58.357-0500] {processor.py:829} INFO - Processing file /home/oscar_rincon/.pyenv/versions/3.10.6/envs/oscar_rincon/lib/python3.10/site-packages/airflow/example_dags/example_external_task_marker_dag.py for tasks to queue
[2023-10-28T19:19:58.358-0500] {logging_mixin.py:151} INFO - [2023-10-28T19:19:58.358-0500] {dagbag.py:539} INFO - Filling up the DagBag from /home/oscar_rincon/.pyenv/versions/3.10.6/envs/oscar_rincon/lib/python3.10/site-packages/airflow/example_dags/example_external_task_marker_dag.py
[2023-10-28T19:19:58.363-0500] {processor.py:839} INFO - DAG(s) dict_keys(['example_external_task_marker_parent', 'example_external_task_marker_child']) retrieved from /home/oscar_rincon/.pyenv/versions/3.10.6/envs/oscar_rincon/lib/python3.10/site-packages/airflow/example_dags/example_external_task_marker_dag.py
[2023-10-28T19:19:58.379-0500] {logging_mixin.py:151} INFO - [2023-10-28T19:19:58.379-0500] {dag.py:2915} INFO - Sync 2 DAGs
[2023-10-28T19:19:58.388-0500] {logging_mixin.py:151} INFO - [2023-10-28T19:19:58.388-0500] {dag.py:3696} INFO - Setting next_dagrun for example_external_task_marker_child to None, run_after=None
[2023-10-28T19:19:58.391-0500] {logging_mixin.py:151} INFO - [2023-10-28T19:19:58.391-0500] {dag.py:3696} INFO - Setting next_dagrun for example_external_task_marker_parent to None, run_after=None
[2023-10-28T19:19:58.413-0500] {processor.py:179} INFO - Processing /home/oscar_rincon/.pyenv/versions/3.10.6/envs/oscar_rincon/lib/python3.10/site-packages/airflow/example_dags/example_external_task_marker_dag.py took 0.059 seconds
[2023-10-28T19:28:48.449-0500] {processor.py:157} INFO - Started process (PID=80661) to work on /home/oscar_rincon/.pyenv/versions/3.10.6/envs/oscar_rincon/lib/python3.10/site-packages/airflow/example_dags/example_external_task_marker_dag.py
[2023-10-28T19:28:48.451-0500] {processor.py:829} INFO - Processing file /home/oscar_rincon/.pyenv/versions/3.10.6/envs/oscar_rincon/lib/python3.10/site-packages/airflow/example_dags/example_external_task_marker_dag.py for tasks to queue
[2023-10-28T19:28:48.451-0500] {logging_mixin.py:151} INFO - [2023-10-28T19:28:48.451-0500] {dagbag.py:539} INFO - Filling up the DagBag from /home/oscar_rincon/.pyenv/versions/3.10.6/envs/oscar_rincon/lib/python3.10/site-packages/airflow/example_dags/example_external_task_marker_dag.py
[2023-10-28T19:28:48.456-0500] {processor.py:839} INFO - DAG(s) dict_keys(['example_external_task_marker_child', 'example_external_task_marker_parent']) retrieved from /home/oscar_rincon/.pyenv/versions/3.10.6/envs/oscar_rincon/lib/python3.10/site-packages/airflow/example_dags/example_external_task_marker_dag.py
[2023-10-28T19:28:48.473-0500] {logging_mixin.py:151} INFO - [2023-10-28T19:28:48.473-0500] {dag.py:2915} INFO - Sync 2 DAGs
[2023-10-28T19:28:48.486-0500] {logging_mixin.py:151} INFO - [2023-10-28T19:28:48.486-0500] {dag.py:3696} INFO - Setting next_dagrun for example_external_task_marker_child to None, run_after=None
[2023-10-28T19:28:48.488-0500] {logging_mixin.py:151} INFO - [2023-10-28T19:28:48.488-0500] {dag.py:3696} INFO - Setting next_dagrun for example_external_task_marker_parent to None, run_after=None
[2023-10-28T19:28:48.515-0500] {processor.py:179} INFO - Processing /home/oscar_rincon/.pyenv/versions/3.10.6/envs/oscar_rincon/lib/python3.10/site-packages/airflow/example_dags/example_external_task_marker_dag.py took 0.068 seconds
[2023-10-28T19:29:34.574-0500] {processor.py:157} INFO - Started process (PID=80829) to work on /home/oscar_rincon/.pyenv/versions/3.10.6/envs/oscar_rincon/lib/python3.10/site-packages/airflow/example_dags/example_external_task_marker_dag.py
[2023-10-28T19:29:34.614-0500] {processor.py:829} INFO - Processing file /home/oscar_rincon/.pyenv/versions/3.10.6/envs/oscar_rincon/lib/python3.10/site-packages/airflow/example_dags/example_external_task_marker_dag.py for tasks to queue
[2023-10-28T19:29:34.616-0500] {logging_mixin.py:151} INFO - [2023-10-28T19:29:34.615-0500] {dagbag.py:539} INFO - Filling up the DagBag from /home/oscar_rincon/.pyenv/versions/3.10.6/envs/oscar_rincon/lib/python3.10/site-packages/airflow/example_dags/example_external_task_marker_dag.py
[2023-10-28T19:29:34.626-0500] {processor.py:839} INFO - DAG(s) dict_keys(['example_external_task_marker_child', 'example_external_task_marker_parent']) retrieved from /home/oscar_rincon/.pyenv/versions/3.10.6/envs/oscar_rincon/lib/python3.10/site-packages/airflow/example_dags/example_external_task_marker_dag.py
[2023-10-28T19:29:34.645-0500] {logging_mixin.py:151} INFO - [2023-10-28T19:29:34.645-0500] {dag.py:2915} INFO - Sync 2 DAGs
[2023-10-28T19:29:34.656-0500] {logging_mixin.py:151} INFO - [2023-10-28T19:29:34.656-0500] {dag.py:3696} INFO - Setting next_dagrun for example_external_task_marker_child to None, run_after=None
[2023-10-28T19:29:34.660-0500] {logging_mixin.py:151} INFO - [2023-10-28T19:29:34.660-0500] {dag.py:3696} INFO - Setting next_dagrun for example_external_task_marker_parent to None, run_after=None
[2023-10-28T19:29:34.681-0500] {processor.py:179} INFO - Processing /home/oscar_rincon/.pyenv/versions/3.10.6/envs/oscar_rincon/lib/python3.10/site-packages/airflow/example_dags/example_external_task_marker_dag.py took 0.112 seconds
[2023-10-28T19:30:23.141-0500] {processor.py:157} INFO - Started process (PID=80947) to work on /home/oscar_rincon/.pyenv/versions/3.10.6/envs/oscar_rincon/lib/python3.10/site-packages/airflow/example_dags/example_external_task_marker_dag.py
[2023-10-28T19:30:23.182-0500] {processor.py:829} INFO - Processing file /home/oscar_rincon/.pyenv/versions/3.10.6/envs/oscar_rincon/lib/python3.10/site-packages/airflow/example_dags/example_external_task_marker_dag.py for tasks to queue
[2023-10-28T19:30:23.184-0500] {logging_mixin.py:151} INFO - [2023-10-28T19:30:23.183-0500] {dagbag.py:539} INFO - Filling up the DagBag from /home/oscar_rincon/.pyenv/versions/3.10.6/envs/oscar_rincon/lib/python3.10/site-packages/airflow/example_dags/example_external_task_marker_dag.py
[2023-10-28T19:30:23.193-0500] {processor.py:839} INFO - DAG(s) dict_keys(['example_external_task_marker_child', 'example_external_task_marker_parent']) retrieved from /home/oscar_rincon/.pyenv/versions/3.10.6/envs/oscar_rincon/lib/python3.10/site-packages/airflow/example_dags/example_external_task_marker_dag.py
[2023-10-28T19:30:23.207-0500] {logging_mixin.py:151} INFO - [2023-10-28T19:30:23.207-0500] {dag.py:2915} INFO - Sync 2 DAGs
[2023-10-28T19:30:23.216-0500] {logging_mixin.py:151} INFO - [2023-10-28T19:30:23.216-0500] {dag.py:3696} INFO - Setting next_dagrun for example_external_task_marker_child to None, run_after=None
[2023-10-28T19:30:23.218-0500] {logging_mixin.py:151} INFO - [2023-10-28T19:30:23.218-0500] {dag.py:3696} INFO - Setting next_dagrun for example_external_task_marker_parent to None, run_after=None
[2023-10-28T19:30:23.241-0500] {processor.py:179} INFO - Processing /home/oscar_rincon/.pyenv/versions/3.10.6/envs/oscar_rincon/lib/python3.10/site-packages/airflow/example_dags/example_external_task_marker_dag.py took 0.102 seconds
