[2023-10-28T19:18:26.179-0500] {processor.py:157} INFO - Started process (PID=77510) to work on /home/oscar_rincon/.pyenv/versions/3.10.6/envs/oscar_rincon/lib/python3.10/site-packages/airflow/example_dags/example_latest_only.py
[2023-10-28T19:18:26.180-0500] {processor.py:829} INFO - Processing file /home/oscar_rincon/.pyenv/versions/3.10.6/envs/oscar_rincon/lib/python3.10/site-packages/airflow/example_dags/example_latest_only.py for tasks to queue
[2023-10-28T19:18:26.180-0500] {logging_mixin.py:151} INFO - [2023-10-28T19:18:26.180-0500] {dagbag.py:539} INFO - Filling up the DagBag from /home/oscar_rincon/.pyenv/versions/3.10.6/envs/oscar_rincon/lib/python3.10/site-packages/airflow/example_dags/example_latest_only.py
[2023-10-28T19:18:26.187-0500] {processor.py:839} INFO - DAG(s) dict_keys(['latest_only']) retrieved from /home/oscar_rincon/.pyenv/versions/3.10.6/envs/oscar_rincon/lib/python3.10/site-packages/airflow/example_dags/example_latest_only.py
[2023-10-28T19:18:26.290-0500] {logging_mixin.py:151} INFO - [2023-10-28T19:18:26.290-0500] {manager.py:499} INFO - Created Permission View: %s
[2023-10-28T19:18:26.302-0500] {logging_mixin.py:151} INFO - [2023-10-28T19:18:26.302-0500] {manager.py:499} INFO - Created Permission View: %s
[2023-10-28T19:18:26.313-0500] {logging_mixin.py:151} INFO - [2023-10-28T19:18:26.313-0500] {manager.py:499} INFO - Created Permission View: %s
[2023-10-28T19:18:26.313-0500] {logging_mixin.py:151} INFO - [2023-10-28T19:18:26.313-0500] {security.py:708} INFO - Not syncing DAG-level permissions for DAG 'DAG:latest_only' as access control is unset.
[2023-10-28T19:18:26.313-0500] {logging_mixin.py:151} INFO - [2023-10-28T19:18:26.313-0500] {dag.py:2915} INFO - Sync 1 DAGs
[2023-10-28T19:18:26.322-0500] {logging_mixin.py:151} INFO - [2023-10-28T19:18:26.322-0500] {dag.py:2937} INFO - Creating ORM DAG for latest_only
[2023-10-28T19:18:26.331-0500] {logging_mixin.py:151} INFO - [2023-10-28T19:18:26.330-0500] {dag.py:3696} INFO - Setting next_dagrun for latest_only to 2023-10-28T20:18:26.330796+00:00, run_after=2023-10-29T00:18:26.330796+00:00
[2023-10-28T19:18:26.353-0500] {processor.py:179} INFO - Processing /home/oscar_rincon/.pyenv/versions/3.10.6/envs/oscar_rincon/lib/python3.10/site-packages/airflow/example_dags/example_latest_only.py took 0.177 seconds
[2023-10-28T19:19:13.266-0500] {processor.py:157} INFO - Started process (PID=77564) to work on /home/oscar_rincon/.pyenv/versions/3.10.6/envs/oscar_rincon/lib/python3.10/site-packages/airflow/example_dags/example_latest_only.py
[2023-10-28T19:19:13.268-0500] {processor.py:829} INFO - Processing file /home/oscar_rincon/.pyenv/versions/3.10.6/envs/oscar_rincon/lib/python3.10/site-packages/airflow/example_dags/example_latest_only.py for tasks to queue
[2023-10-28T19:19:13.270-0500] {logging_mixin.py:151} INFO - [2023-10-28T19:19:13.269-0500] {dagbag.py:539} INFO - Filling up the DagBag from /home/oscar_rincon/.pyenv/versions/3.10.6/envs/oscar_rincon/lib/python3.10/site-packages/airflow/example_dags/example_latest_only.py
[2023-10-28T19:19:13.278-0500] {processor.py:839} INFO - DAG(s) dict_keys(['latest_only']) retrieved from /home/oscar_rincon/.pyenv/versions/3.10.6/envs/oscar_rincon/lib/python3.10/site-packages/airflow/example_dags/example_latest_only.py
[2023-10-28T19:19:13.299-0500] {logging_mixin.py:151} INFO - [2023-10-28T19:19:13.298-0500] {dag.py:2915} INFO - Sync 1 DAGs
[2023-10-28T19:19:13.316-0500] {logging_mixin.py:151} INFO - [2023-10-28T19:19:13.316-0500] {dag.py:3696} INFO - Setting next_dagrun for latest_only to 2023-10-28T20:19:13.316227+00:00, run_after=2023-10-29T00:19:13.316227+00:00
[2023-10-28T19:19:13.337-0500] {processor.py:179} INFO - Processing /home/oscar_rincon/.pyenv/versions/3.10.6/envs/oscar_rincon/lib/python3.10/site-packages/airflow/example_dags/example_latest_only.py took 0.076 seconds
[2023-10-28T19:29:01.712-0500] {processor.py:157} INFO - Started process (PID=80720) to work on /home/oscar_rincon/.pyenv/versions/3.10.6/envs/oscar_rincon/lib/python3.10/site-packages/airflow/example_dags/example_latest_only.py
[2023-10-28T19:29:01.751-0500] {processor.py:829} INFO - Processing file /home/oscar_rincon/.pyenv/versions/3.10.6/envs/oscar_rincon/lib/python3.10/site-packages/airflow/example_dags/example_latest_only.py for tasks to queue
[2023-10-28T19:29:01.752-0500] {logging_mixin.py:151} INFO - [2023-10-28T19:29:01.752-0500] {dagbag.py:539} INFO - Filling up the DagBag from /home/oscar_rincon/.pyenv/versions/3.10.6/envs/oscar_rincon/lib/python3.10/site-packages/airflow/example_dags/example_latest_only.py
[2023-10-28T19:29:01.758-0500] {processor.py:839} INFO - DAG(s) dict_keys(['latest_only']) retrieved from /home/oscar_rincon/.pyenv/versions/3.10.6/envs/oscar_rincon/lib/python3.10/site-packages/airflow/example_dags/example_latest_only.py
[2023-10-28T19:29:01.774-0500] {logging_mixin.py:151} INFO - [2023-10-28T19:29:01.774-0500] {dag.py:2915} INFO - Sync 1 DAGs
[2023-10-28T19:29:01.795-0500] {logging_mixin.py:151} INFO - [2023-10-28T19:29:01.795-0500] {dag.py:3696} INFO - Setting next_dagrun for latest_only to 2023-10-28T20:29:01.794945+00:00, run_after=2023-10-29T00:29:01.794945+00:00
[2023-10-28T19:29:01.821-0500] {processor.py:179} INFO - Processing /home/oscar_rincon/.pyenv/versions/3.10.6/envs/oscar_rincon/lib/python3.10/site-packages/airflow/example_dags/example_latest_only.py took 0.111 seconds
[2023-10-28T19:29:54.239-0500] {processor.py:157} INFO - Started process (PID=80848) to work on /home/oscar_rincon/.pyenv/versions/3.10.6/envs/oscar_rincon/lib/python3.10/site-packages/airflow/example_dags/example_latest_only.py
[2023-10-28T19:29:54.280-0500] {processor.py:829} INFO - Processing file /home/oscar_rincon/.pyenv/versions/3.10.6/envs/oscar_rincon/lib/python3.10/site-packages/airflow/example_dags/example_latest_only.py for tasks to queue
[2023-10-28T19:29:54.282-0500] {logging_mixin.py:151} INFO - [2023-10-28T19:29:54.281-0500] {dagbag.py:539} INFO - Filling up the DagBag from /home/oscar_rincon/.pyenv/versions/3.10.6/envs/oscar_rincon/lib/python3.10/site-packages/airflow/example_dags/example_latest_only.py
[2023-10-28T19:29:54.289-0500] {processor.py:839} INFO - DAG(s) dict_keys(['latest_only']) retrieved from /home/oscar_rincon/.pyenv/versions/3.10.6/envs/oscar_rincon/lib/python3.10/site-packages/airflow/example_dags/example_latest_only.py
[2023-10-28T19:29:54.301-0500] {logging_mixin.py:151} INFO - [2023-10-28T19:29:54.300-0500] {dag.py:2915} INFO - Sync 1 DAGs
[2023-10-28T19:29:54.316-0500] {logging_mixin.py:151} INFO - [2023-10-28T19:29:54.316-0500] {dag.py:3696} INFO - Setting next_dagrun for latest_only to 2023-10-28T20:29:54.316334+00:00, run_after=2023-10-29T00:29:54.316334+00:00
[2023-10-28T19:29:54.338-0500] {processor.py:179} INFO - Processing /home/oscar_rincon/.pyenv/versions/3.10.6/envs/oscar_rincon/lib/python3.10/site-packages/airflow/example_dags/example_latest_only.py took 0.101 seconds
