[2023-10-28T19:18:20.815-0500] {processor.py:157} INFO - Started process (PID=77505) to work on /home/oscar_rincon/.pyenv/versions/3.10.6/envs/oscar_rincon/lib/python3.10/site-packages/airflow/example_dags/example_skip_dag.py
[2023-10-28T19:18:20.817-0500] {processor.py:829} INFO - Processing file /home/oscar_rincon/.pyenv/versions/3.10.6/envs/oscar_rincon/lib/python3.10/site-packages/airflow/example_dags/example_skip_dag.py for tasks to queue
[2023-10-28T19:18:20.818-0500] {logging_mixin.py:151} INFO - [2023-10-28T19:18:20.817-0500] {dagbag.py:539} INFO - Filling up the DagBag from /home/oscar_rincon/.pyenv/versions/3.10.6/envs/oscar_rincon/lib/python3.10/site-packages/airflow/example_dags/example_skip_dag.py
[2023-10-28T19:18:20.824-0500] {processor.py:839} INFO - DAG(s) dict_keys(['example_skip_dag']) retrieved from /home/oscar_rincon/.pyenv/versions/3.10.6/envs/oscar_rincon/lib/python3.10/site-packages/airflow/example_dags/example_skip_dag.py
[2023-10-28T19:18:20.947-0500] {logging_mixin.py:151} INFO - [2023-10-28T19:18:20.947-0500] {manager.py:499} INFO - Created Permission View: %s
[2023-10-28T19:18:20.962-0500] {logging_mixin.py:151} INFO - [2023-10-28T19:18:20.962-0500] {manager.py:499} INFO - Created Permission View: %s
[2023-10-28T19:18:20.975-0500] {logging_mixin.py:151} INFO - [2023-10-28T19:18:20.975-0500] {manager.py:499} INFO - Created Permission View: %s
[2023-10-28T19:18:20.976-0500] {logging_mixin.py:151} INFO - [2023-10-28T19:18:20.975-0500] {security.py:708} INFO - Not syncing DAG-level permissions for DAG 'DAG:example_skip_dag' as access control is unset.
[2023-10-28T19:18:20.976-0500] {logging_mixin.py:151} INFO - [2023-10-28T19:18:20.976-0500] {dag.py:2915} INFO - Sync 1 DAGs
[2023-10-28T19:18:20.987-0500] {logging_mixin.py:151} INFO - [2023-10-28T19:18:20.987-0500] {dag.py:2937} INFO - Creating ORM DAG for example_skip_dag
[2023-10-28T19:18:20.997-0500] {logging_mixin.py:151} INFO - [2023-10-28T19:18:20.997-0500] {dag.py:3696} INFO - Setting next_dagrun for example_skip_dag to 2023-10-28T00:18:20.996821+00:00, run_after=2023-10-29T00:18:20.996821+00:00
[2023-10-28T19:18:21.023-0500] {processor.py:179} INFO - Processing /home/oscar_rincon/.pyenv/versions/3.10.6/envs/oscar_rincon/lib/python3.10/site-packages/airflow/example_dags/example_skip_dag.py took 0.211 seconds
[2023-10-28T19:19:08.006-0500] {processor.py:157} INFO - Started process (PID=77559) to work on /home/oscar_rincon/.pyenv/versions/3.10.6/envs/oscar_rincon/lib/python3.10/site-packages/airflow/example_dags/example_skip_dag.py
[2023-10-28T19:19:08.046-0500] {processor.py:829} INFO - Processing file /home/oscar_rincon/.pyenv/versions/3.10.6/envs/oscar_rincon/lib/python3.10/site-packages/airflow/example_dags/example_skip_dag.py for tasks to queue
[2023-10-28T19:19:08.048-0500] {logging_mixin.py:151} INFO - [2023-10-28T19:19:08.047-0500] {dagbag.py:539} INFO - Filling up the DagBag from /home/oscar_rincon/.pyenv/versions/3.10.6/envs/oscar_rincon/lib/python3.10/site-packages/airflow/example_dags/example_skip_dag.py
[2023-10-28T19:19:08.057-0500] {processor.py:839} INFO - DAG(s) dict_keys(['example_skip_dag']) retrieved from /home/oscar_rincon/.pyenv/versions/3.10.6/envs/oscar_rincon/lib/python3.10/site-packages/airflow/example_dags/example_skip_dag.py
[2023-10-28T19:19:08.075-0500] {logging_mixin.py:151} INFO - [2023-10-28T19:19:08.075-0500] {dag.py:2915} INFO - Sync 1 DAGs
[2023-10-28T19:19:08.101-0500] {logging_mixin.py:151} INFO - [2023-10-28T19:19:08.101-0500] {dag.py:3696} INFO - Setting next_dagrun for example_skip_dag to 2023-10-28T00:19:08.100946+00:00, run_after=2023-10-29T00:19:08.100946+00:00
[2023-10-28T19:19:08.124-0500] {processor.py:179} INFO - Processing /home/oscar_rincon/.pyenv/versions/3.10.6/envs/oscar_rincon/lib/python3.10/site-packages/airflow/example_dags/example_skip_dag.py took 0.120 seconds
[2023-10-28T19:28:56.463-0500] {processor.py:157} INFO - Started process (PID=80715) to work on /home/oscar_rincon/.pyenv/versions/3.10.6/envs/oscar_rincon/lib/python3.10/site-packages/airflow/example_dags/example_skip_dag.py
[2023-10-28T19:28:56.503-0500] {processor.py:829} INFO - Processing file /home/oscar_rincon/.pyenv/versions/3.10.6/envs/oscar_rincon/lib/python3.10/site-packages/airflow/example_dags/example_skip_dag.py for tasks to queue
[2023-10-28T19:28:56.505-0500] {logging_mixin.py:151} INFO - [2023-10-28T19:28:56.505-0500] {dagbag.py:539} INFO - Filling up the DagBag from /home/oscar_rincon/.pyenv/versions/3.10.6/envs/oscar_rincon/lib/python3.10/site-packages/airflow/example_dags/example_skip_dag.py
[2023-10-28T19:28:56.516-0500] {processor.py:839} INFO - DAG(s) dict_keys(['example_skip_dag']) retrieved from /home/oscar_rincon/.pyenv/versions/3.10.6/envs/oscar_rincon/lib/python3.10/site-packages/airflow/example_dags/example_skip_dag.py
[2023-10-28T19:28:56.529-0500] {logging_mixin.py:151} INFO - [2023-10-28T19:28:56.529-0500] {dag.py:2915} INFO - Sync 1 DAGs
[2023-10-28T19:28:56.545-0500] {logging_mixin.py:151} INFO - [2023-10-28T19:28:56.545-0500] {dag.py:3696} INFO - Setting next_dagrun for example_skip_dag to 2023-10-28T00:28:56.545222+00:00, run_after=2023-10-29T00:28:56.545222+00:00
[2023-10-28T19:28:56.567-0500] {processor.py:179} INFO - Processing /home/oscar_rincon/.pyenv/versions/3.10.6/envs/oscar_rincon/lib/python3.10/site-packages/airflow/example_dags/example_skip_dag.py took 0.106 seconds
[2023-10-28T19:29:43.731-0500] {processor.py:157} INFO - Started process (PID=80838) to work on /home/oscar_rincon/.pyenv/versions/3.10.6/envs/oscar_rincon/lib/python3.10/site-packages/airflow/example_dags/example_skip_dag.py
[2023-10-28T19:29:43.771-0500] {processor.py:829} INFO - Processing file /home/oscar_rincon/.pyenv/versions/3.10.6/envs/oscar_rincon/lib/python3.10/site-packages/airflow/example_dags/example_skip_dag.py for tasks to queue
[2023-10-28T19:29:43.773-0500] {logging_mixin.py:151} INFO - [2023-10-28T19:29:43.772-0500] {dagbag.py:539} INFO - Filling up the DagBag from /home/oscar_rincon/.pyenv/versions/3.10.6/envs/oscar_rincon/lib/python3.10/site-packages/airflow/example_dags/example_skip_dag.py
[2023-10-28T19:29:43.783-0500] {processor.py:839} INFO - DAG(s) dict_keys(['example_skip_dag']) retrieved from /home/oscar_rincon/.pyenv/versions/3.10.6/envs/oscar_rincon/lib/python3.10/site-packages/airflow/example_dags/example_skip_dag.py
[2023-10-28T19:29:43.796-0500] {logging_mixin.py:151} INFO - [2023-10-28T19:29:43.795-0500] {dag.py:2915} INFO - Sync 1 DAGs
[2023-10-28T19:29:43.811-0500] {logging_mixin.py:151} INFO - [2023-10-28T19:29:43.811-0500] {dag.py:3696} INFO - Setting next_dagrun for example_skip_dag to 2023-10-28T00:29:43.811028+00:00, run_after=2023-10-29T00:29:43.811028+00:00
[2023-10-28T19:29:43.833-0500] {processor.py:179} INFO - Processing /home/oscar_rincon/.pyenv/versions/3.10.6/envs/oscar_rincon/lib/python3.10/site-packages/airflow/example_dags/example_skip_dag.py took 0.105 seconds
