[2023-10-28T19:18:14.192-0500] {processor.py:157} INFO - Started process (PID=77440) to work on /home/oscar_rincon/.pyenv/versions/3.10.6/envs/oscar_rincon/lib/python3.10/site-packages/airflow/example_dags/example_sla_dag.py
[2023-10-28T19:18:14.193-0500] {processor.py:829} INFO - Processing file /home/oscar_rincon/.pyenv/versions/3.10.6/envs/oscar_rincon/lib/python3.10/site-packages/airflow/example_dags/example_sla_dag.py for tasks to queue
[2023-10-28T19:18:14.194-0500] {logging_mixin.py:151} INFO - [2023-10-28T19:18:14.194-0500] {dagbag.py:539} INFO - Filling up the DagBag from /home/oscar_rincon/.pyenv/versions/3.10.6/envs/oscar_rincon/lib/python3.10/site-packages/airflow/example_dags/example_sla_dag.py
[2023-10-28T19:18:14.204-0500] {processor.py:839} INFO - DAG(s) dict_keys(['example_sla_dag']) retrieved from /home/oscar_rincon/.pyenv/versions/3.10.6/envs/oscar_rincon/lib/python3.10/site-packages/airflow/example_dags/example_sla_dag.py
[2023-10-28T19:18:14.312-0500] {logging_mixin.py:151} INFO - [2023-10-28T19:18:14.311-0500] {manager.py:499} INFO - Created Permission View: %s
[2023-10-28T19:18:14.328-0500] {logging_mixin.py:151} INFO - [2023-10-28T19:18:14.328-0500] {manager.py:499} INFO - Created Permission View: %s
[2023-10-28T19:18:14.340-0500] {logging_mixin.py:151} INFO - [2023-10-28T19:18:14.339-0500] {manager.py:499} INFO - Created Permission View: %s
[2023-10-28T19:18:14.340-0500] {logging_mixin.py:151} INFO - [2023-10-28T19:18:14.340-0500] {security.py:708} INFO - Not syncing DAG-level permissions for DAG 'DAG:example_sla_dag' as access control is unset.
[2023-10-28T19:18:14.340-0500] {logging_mixin.py:151} INFO - [2023-10-28T19:18:14.340-0500] {dag.py:2915} INFO - Sync 1 DAGs
[2023-10-28T19:18:14.351-0500] {logging_mixin.py:151} INFO - [2023-10-28T19:18:14.351-0500] {dag.py:2937} INFO - Creating ORM DAG for example_sla_dag
[2023-10-28T19:18:14.363-0500] {logging_mixin.py:151} INFO - [2023-10-28T19:18:14.363-0500] {dag.py:3696} INFO - Setting next_dagrun for example_sla_dag to 2023-10-29T00:16:00+00:00, run_after=2023-10-29T00:18:00+00:00
[2023-10-28T19:18:14.394-0500] {processor.py:179} INFO - Processing /home/oscar_rincon/.pyenv/versions/3.10.6/envs/oscar_rincon/lib/python3.10/site-packages/airflow/example_dags/example_sla_dag.py took 0.205 seconds
[2023-10-28T19:19:02.925-0500] {processor.py:157} INFO - Started process (PID=77554) to work on /home/oscar_rincon/.pyenv/versions/3.10.6/envs/oscar_rincon/lib/python3.10/site-packages/airflow/example_dags/example_sla_dag.py
[2023-10-28T19:19:02.926-0500] {processor.py:829} INFO - Processing file /home/oscar_rincon/.pyenv/versions/3.10.6/envs/oscar_rincon/lib/python3.10/site-packages/airflow/example_dags/example_sla_dag.py for tasks to queue
[2023-10-28T19:19:02.928-0500] {logging_mixin.py:151} INFO - [2023-10-28T19:19:02.927-0500] {dagbag.py:539} INFO - Filling up the DagBag from /home/oscar_rincon/.pyenv/versions/3.10.6/envs/oscar_rincon/lib/python3.10/site-packages/airflow/example_dags/example_sla_dag.py
[2023-10-28T19:19:02.942-0500] {processor.py:839} INFO - DAG(s) dict_keys(['example_sla_dag']) retrieved from /home/oscar_rincon/.pyenv/versions/3.10.6/envs/oscar_rincon/lib/python3.10/site-packages/airflow/example_dags/example_sla_dag.py
[2023-10-28T19:19:02.981-0500] {logging_mixin.py:151} INFO - [2023-10-28T19:19:02.980-0500] {dag.py:2915} INFO - Sync 1 DAGs
[2023-10-28T19:19:03.020-0500] {logging_mixin.py:151} INFO - [2023-10-28T19:19:03.019-0500] {dag.py:3696} INFO - Setting next_dagrun for example_sla_dag to 2023-10-29T00:16:00+00:00, run_after=2023-10-29T00:18:00+00:00
[2023-10-28T19:19:03.055-0500] {processor.py:179} INFO - Processing /home/oscar_rincon/.pyenv/versions/3.10.6/envs/oscar_rincon/lib/python3.10/site-packages/airflow/example_dags/example_sla_dag.py took 0.134 seconds
[2023-10-28T19:28:52.459-0500] {processor.py:157} INFO - Started process (PID=80680) to work on /home/oscar_rincon/.pyenv/versions/3.10.6/envs/oscar_rincon/lib/python3.10/site-packages/airflow/example_dags/example_sla_dag.py
[2023-10-28T19:28:52.499-0500] {processor.py:829} INFO - Processing file /home/oscar_rincon/.pyenv/versions/3.10.6/envs/oscar_rincon/lib/python3.10/site-packages/airflow/example_dags/example_sla_dag.py for tasks to queue
[2023-10-28T19:28:52.501-0500] {logging_mixin.py:151} INFO - [2023-10-28T19:28:52.500-0500] {dagbag.py:539} INFO - Filling up the DagBag from /home/oscar_rincon/.pyenv/versions/3.10.6/envs/oscar_rincon/lib/python3.10/site-packages/airflow/example_dags/example_sla_dag.py
[2023-10-28T19:28:52.510-0500] {processor.py:839} INFO - DAG(s) dict_keys(['example_sla_dag']) retrieved from /home/oscar_rincon/.pyenv/versions/3.10.6/envs/oscar_rincon/lib/python3.10/site-packages/airflow/example_dags/example_sla_dag.py
[2023-10-28T19:28:52.531-0500] {logging_mixin.py:151} INFO - [2023-10-28T19:28:52.531-0500] {dag.py:2915} INFO - Sync 1 DAGs
[2023-10-28T19:28:52.556-0500] {logging_mixin.py:151} INFO - [2023-10-28T19:28:52.556-0500] {dag.py:3696} INFO - Setting next_dagrun for example_sla_dag to 2023-10-29T00:26:00+00:00, run_after=2023-10-29T00:28:00+00:00
[2023-10-28T19:28:52.580-0500] {processor.py:179} INFO - Processing /home/oscar_rincon/.pyenv/versions/3.10.6/envs/oscar_rincon/lib/python3.10/site-packages/airflow/example_dags/example_sla_dag.py took 0.124 seconds
[2023-10-28T19:29:38.573-0500] {processor.py:157} INFO - Started process (PID=80833) to work on /home/oscar_rincon/.pyenv/versions/3.10.6/envs/oscar_rincon/lib/python3.10/site-packages/airflow/example_dags/example_sla_dag.py
[2023-10-28T19:29:38.575-0500] {processor.py:829} INFO - Processing file /home/oscar_rincon/.pyenv/versions/3.10.6/envs/oscar_rincon/lib/python3.10/site-packages/airflow/example_dags/example_sla_dag.py for tasks to queue
[2023-10-28T19:29:38.576-0500] {logging_mixin.py:151} INFO - [2023-10-28T19:29:38.575-0500] {dagbag.py:539} INFO - Filling up the DagBag from /home/oscar_rincon/.pyenv/versions/3.10.6/envs/oscar_rincon/lib/python3.10/site-packages/airflow/example_dags/example_sla_dag.py
[2023-10-28T19:29:38.584-0500] {processor.py:839} INFO - DAG(s) dict_keys(['example_sla_dag']) retrieved from /home/oscar_rincon/.pyenv/versions/3.10.6/envs/oscar_rincon/lib/python3.10/site-packages/airflow/example_dags/example_sla_dag.py
[2023-10-28T19:29:38.599-0500] {logging_mixin.py:151} INFO - [2023-10-28T19:29:38.598-0500] {dag.py:2915} INFO - Sync 1 DAGs
[2023-10-28T19:29:38.626-0500] {logging_mixin.py:151} INFO - [2023-10-28T19:29:38.626-0500] {dag.py:3696} INFO - Setting next_dagrun for example_sla_dag to 2023-10-29T00:26:00+00:00, run_after=2023-10-29T00:28:00+00:00
[2023-10-28T19:29:38.648-0500] {processor.py:179} INFO - Processing /home/oscar_rincon/.pyenv/versions/3.10.6/envs/oscar_rincon/lib/python3.10/site-packages/airflow/example_dags/example_sla_dag.py took 0.079 seconds
