[2023-10-28T19:17:57.140-0500] {processor.py:157} INFO - Started process (PID=77330) to work on /home/oscar_rincon/.pyenv/versions/3.10.6/envs/oscar_rincon/lib/python3.10/site-packages/airflow/example_dags/example_python_operator.py
[2023-10-28T19:17:57.141-0500] {processor.py:829} INFO - Processing file /home/oscar_rincon/.pyenv/versions/3.10.6/envs/oscar_rincon/lib/python3.10/site-packages/airflow/example_dags/example_python_operator.py for tasks to queue
[2023-10-28T19:17:57.142-0500] {logging_mixin.py:151} INFO - [2023-10-28T19:17:57.142-0500] {dagbag.py:539} INFO - Filling up the DagBag from /home/oscar_rincon/.pyenv/versions/3.10.6/envs/oscar_rincon/lib/python3.10/site-packages/airflow/example_dags/example_python_operator.py
[2023-10-28T19:17:57.188-0500] {logging_mixin.py:151} INFO - [2023-10-28T19:17:57.188-0500] {example_python_operator.py:89} WARNING - The virtalenv_python example task requires virtualenv, please install it.
[2023-10-28T19:17:57.191-0500] {processor.py:839} INFO - DAG(s) dict_keys(['example_python_operator']) retrieved from /home/oscar_rincon/.pyenv/versions/3.10.6/envs/oscar_rincon/lib/python3.10/site-packages/airflow/example_dags/example_python_operator.py
[2023-10-28T19:17:57.348-0500] {logging_mixin.py:151} INFO - [2023-10-28T19:17:57.348-0500] {manager.py:499} INFO - Created Permission View: %s
[2023-10-28T19:17:57.364-0500] {logging_mixin.py:151} INFO - [2023-10-28T19:17:57.363-0500] {manager.py:499} INFO - Created Permission View: %s
[2023-10-28T19:17:57.379-0500] {logging_mixin.py:151} INFO - [2023-10-28T19:17:57.379-0500] {manager.py:499} INFO - Created Permission View: %s
[2023-10-28T19:17:57.379-0500] {logging_mixin.py:151} INFO - [2023-10-28T19:17:57.379-0500] {security.py:708} INFO - Not syncing DAG-level permissions for DAG 'DAG:example_python_operator' as access control is unset.
[2023-10-28T19:17:57.380-0500] {logging_mixin.py:151} INFO - [2023-10-28T19:17:57.379-0500] {dag.py:2915} INFO - Sync 1 DAGs
[2023-10-28T19:17:57.394-0500] {logging_mixin.py:151} INFO - [2023-10-28T19:17:57.393-0500] {dag.py:2937} INFO - Creating ORM DAG for example_python_operator
[2023-10-28T19:17:57.394-0500] {logging_mixin.py:151} INFO - [2023-10-28T19:17:57.394-0500] {dag.py:3696} INFO - Setting next_dagrun for example_python_operator to None, run_after=None
[2023-10-28T19:17:57.428-0500] {processor.py:179} INFO - Processing /home/oscar_rincon/.pyenv/versions/3.10.6/envs/oscar_rincon/lib/python3.10/site-packages/airflow/example_dags/example_python_operator.py took 0.290 seconds
[2023-10-28T19:18:48.648-0500] {processor.py:157} INFO - Started process (PID=77540) to work on /home/oscar_rincon/.pyenv/versions/3.10.6/envs/oscar_rincon/lib/python3.10/site-packages/airflow/example_dags/example_python_operator.py
[2023-10-28T19:18:48.665-0500] {processor.py:829} INFO - Processing file /home/oscar_rincon/.pyenv/versions/3.10.6/envs/oscar_rincon/lib/python3.10/site-packages/airflow/example_dags/example_python_operator.py for tasks to queue
[2023-10-28T19:18:48.665-0500] {logging_mixin.py:151} INFO - [2023-10-28T19:18:48.665-0500] {dagbag.py:539} INFO - Filling up the DagBag from /home/oscar_rincon/.pyenv/versions/3.10.6/envs/oscar_rincon/lib/python3.10/site-packages/airflow/example_dags/example_python_operator.py
[2023-10-28T19:18:48.714-0500] {logging_mixin.py:151} INFO - [2023-10-28T19:18:48.713-0500] {example_python_operator.py:89} WARNING - The virtalenv_python example task requires virtualenv, please install it.
[2023-10-28T19:18:48.714-0500] {processor.py:839} INFO - DAG(s) dict_keys(['example_python_operator']) retrieved from /home/oscar_rincon/.pyenv/versions/3.10.6/envs/oscar_rincon/lib/python3.10/site-packages/airflow/example_dags/example_python_operator.py
[2023-10-28T19:18:48.730-0500] {logging_mixin.py:151} INFO - [2023-10-28T19:18:48.730-0500] {dag.py:2915} INFO - Sync 1 DAGs
[2023-10-28T19:18:48.740-0500] {logging_mixin.py:151} INFO - [2023-10-28T19:18:48.740-0500] {dag.py:3696} INFO - Setting next_dagrun for example_python_operator to None, run_after=None
[2023-10-28T19:18:48.766-0500] {processor.py:179} INFO - Processing /home/oscar_rincon/.pyenv/versions/3.10.6/envs/oscar_rincon/lib/python3.10/site-packages/airflow/example_dags/example_python_operator.py took 0.121 seconds
[2023-10-28T19:19:47.942-0500] {processor.py:157} INFO - Started process (PID=77927) to work on /home/oscar_rincon/.pyenv/versions/3.10.6/envs/oscar_rincon/lib/python3.10/site-packages/airflow/example_dags/example_python_operator.py
[2023-10-28T19:19:47.982-0500] {processor.py:829} INFO - Processing file /home/oscar_rincon/.pyenv/versions/3.10.6/envs/oscar_rincon/lib/python3.10/site-packages/airflow/example_dags/example_python_operator.py for tasks to queue
[2023-10-28T19:19:47.984-0500] {logging_mixin.py:151} INFO - [2023-10-28T19:19:47.983-0500] {dagbag.py:539} INFO - Filling up the DagBag from /home/oscar_rincon/.pyenv/versions/3.10.6/envs/oscar_rincon/lib/python3.10/site-packages/airflow/example_dags/example_python_operator.py
[2023-10-28T19:19:48.045-0500] {logging_mixin.py:151} INFO - [2023-10-28T19:19:48.044-0500] {example_python_operator.py:89} WARNING - The virtalenv_python example task requires virtualenv, please install it.
[2023-10-28T19:19:48.047-0500] {processor.py:839} INFO - DAG(s) dict_keys(['example_python_operator']) retrieved from /home/oscar_rincon/.pyenv/versions/3.10.6/envs/oscar_rincon/lib/python3.10/site-packages/airflow/example_dags/example_python_operator.py
[2023-10-28T19:19:48.066-0500] {logging_mixin.py:151} INFO - [2023-10-28T19:19:48.066-0500] {dag.py:2915} INFO - Sync 1 DAGs
[2023-10-28T19:19:48.075-0500] {logging_mixin.py:151} INFO - [2023-10-28T19:19:48.075-0500] {dag.py:3696} INFO - Setting next_dagrun for example_python_operator to None, run_after=None
[2023-10-28T19:19:48.097-0500] {processor.py:179} INFO - Processing /home/oscar_rincon/.pyenv/versions/3.10.6/envs/oscar_rincon/lib/python3.10/site-packages/airflow/example_dags/example_python_operator.py took 0.158 seconds
[2023-10-28T19:28:37.934-0500] {processor.py:157} INFO - Started process (PID=80633) to work on /home/oscar_rincon/.pyenv/versions/3.10.6/envs/oscar_rincon/lib/python3.10/site-packages/airflow/example_dags/example_python_operator.py
[2023-10-28T19:28:37.935-0500] {processor.py:829} INFO - Processing file /home/oscar_rincon/.pyenv/versions/3.10.6/envs/oscar_rincon/lib/python3.10/site-packages/airflow/example_dags/example_python_operator.py for tasks to queue
[2023-10-28T19:28:37.936-0500] {logging_mixin.py:151} INFO - [2023-10-28T19:28:37.936-0500] {dagbag.py:539} INFO - Filling up the DagBag from /home/oscar_rincon/.pyenv/versions/3.10.6/envs/oscar_rincon/lib/python3.10/site-packages/airflow/example_dags/example_python_operator.py
[2023-10-28T19:28:37.994-0500] {logging_mixin.py:151} INFO - [2023-10-28T19:28:37.993-0500] {example_python_operator.py:89} WARNING - The virtalenv_python example task requires virtualenv, please install it.
[2023-10-28T19:28:37.996-0500] {processor.py:839} INFO - DAG(s) dict_keys(['example_python_operator']) retrieved from /home/oscar_rincon/.pyenv/versions/3.10.6/envs/oscar_rincon/lib/python3.10/site-packages/airflow/example_dags/example_python_operator.py
[2023-10-28T19:28:38.016-0500] {logging_mixin.py:151} INFO - [2023-10-28T19:28:38.016-0500] {dag.py:2915} INFO - Sync 1 DAGs
[2023-10-28T19:28:38.024-0500] {logging_mixin.py:151} INFO - [2023-10-28T19:28:38.024-0500] {dag.py:3696} INFO - Setting next_dagrun for example_python_operator to None, run_after=None
[2023-10-28T19:28:38.047-0500] {processor.py:179} INFO - Processing /home/oscar_rincon/.pyenv/versions/3.10.6/envs/oscar_rincon/lib/python3.10/site-packages/airflow/example_dags/example_python_operator.py took 0.115 seconds
[2023-10-28T19:29:25.192-0500] {processor.py:157} INFO - Started process (PID=80798) to work on /home/oscar_rincon/.pyenv/versions/3.10.6/envs/oscar_rincon/lib/python3.10/site-packages/airflow/example_dags/example_python_operator.py
[2023-10-28T19:29:25.194-0500] {processor.py:829} INFO - Processing file /home/oscar_rincon/.pyenv/versions/3.10.6/envs/oscar_rincon/lib/python3.10/site-packages/airflow/example_dags/example_python_operator.py for tasks to queue
[2023-10-28T19:29:25.195-0500] {logging_mixin.py:151} INFO - [2023-10-28T19:29:25.195-0500] {dagbag.py:539} INFO - Filling up the DagBag from /home/oscar_rincon/.pyenv/versions/3.10.6/envs/oscar_rincon/lib/python3.10/site-packages/airflow/example_dags/example_python_operator.py
[2023-10-28T19:29:25.251-0500] {logging_mixin.py:151} INFO - [2023-10-28T19:29:25.251-0500] {example_python_operator.py:89} WARNING - The virtalenv_python example task requires virtualenv, please install it.
[2023-10-28T19:29:25.252-0500] {processor.py:839} INFO - DAG(s) dict_keys(['example_python_operator']) retrieved from /home/oscar_rincon/.pyenv/versions/3.10.6/envs/oscar_rincon/lib/python3.10/site-packages/airflow/example_dags/example_python_operator.py
[2023-10-28T19:29:25.265-0500] {logging_mixin.py:151} INFO - [2023-10-28T19:29:25.265-0500] {dag.py:2915} INFO - Sync 1 DAGs
[2023-10-28T19:29:25.275-0500] {logging_mixin.py:151} INFO - [2023-10-28T19:29:25.275-0500] {dag.py:3696} INFO - Setting next_dagrun for example_python_operator to None, run_after=None
[2023-10-28T19:29:25.298-0500] {processor.py:179} INFO - Processing /home/oscar_rincon/.pyenv/versions/3.10.6/envs/oscar_rincon/lib/python3.10/site-packages/airflow/example_dags/example_python_operator.py took 0.110 seconds
[2023-10-28T19:30:12.409-0500] {processor.py:157} INFO - Started process (PID=80910) to work on /home/oscar_rincon/.pyenv/versions/3.10.6/envs/oscar_rincon/lib/python3.10/site-packages/airflow/example_dags/example_python_operator.py
[2023-10-28T19:30:12.411-0500] {processor.py:829} INFO - Processing file /home/oscar_rincon/.pyenv/versions/3.10.6/envs/oscar_rincon/lib/python3.10/site-packages/airflow/example_dags/example_python_operator.py for tasks to queue
[2023-10-28T19:30:12.412-0500] {logging_mixin.py:151} INFO - [2023-10-28T19:30:12.412-0500] {dagbag.py:539} INFO - Filling up the DagBag from /home/oscar_rincon/.pyenv/versions/3.10.6/envs/oscar_rincon/lib/python3.10/site-packages/airflow/example_dags/example_python_operator.py
[2023-10-28T19:30:12.460-0500] {logging_mixin.py:151} INFO - [2023-10-28T19:30:12.460-0500] {example_python_operator.py:89} WARNING - The virtalenv_python example task requires virtualenv, please install it.
[2023-10-28T19:30:12.461-0500] {processor.py:839} INFO - DAG(s) dict_keys(['example_python_operator']) retrieved from /home/oscar_rincon/.pyenv/versions/3.10.6/envs/oscar_rincon/lib/python3.10/site-packages/airflow/example_dags/example_python_operator.py
[2023-10-28T19:30:12.477-0500] {logging_mixin.py:151} INFO - [2023-10-28T19:30:12.477-0500] {dag.py:2915} INFO - Sync 1 DAGs
[2023-10-28T19:30:12.488-0500] {logging_mixin.py:151} INFO - [2023-10-28T19:30:12.487-0500] {dag.py:3696} INFO - Setting next_dagrun for example_python_operator to None, run_after=None
[2023-10-28T19:30:12.511-0500] {processor.py:179} INFO - Processing /home/oscar_rincon/.pyenv/versions/3.10.6/envs/oscar_rincon/lib/python3.10/site-packages/airflow/example_dags/example_python_operator.py took 0.105 seconds
