[2023-10-28T19:18:11.812-0500] {processor.py:157} INFO - Started process (PID=77435) to work on /home/oscar_rincon/.pyenv/versions/3.10.6/envs/oscar_rincon/lib/python3.10/site-packages/airflow/example_dags/example_task_group.py
[2023-10-28T19:18:11.813-0500] {processor.py:829} INFO - Processing file /home/oscar_rincon/.pyenv/versions/3.10.6/envs/oscar_rincon/lib/python3.10/site-packages/airflow/example_dags/example_task_group.py for tasks to queue
[2023-10-28T19:18:11.814-0500] {logging_mixin.py:151} INFO - [2023-10-28T19:18:11.813-0500] {dagbag.py:539} INFO - Filling up the DagBag from /home/oscar_rincon/.pyenv/versions/3.10.6/envs/oscar_rincon/lib/python3.10/site-packages/airflow/example_dags/example_task_group.py
[2023-10-28T19:18:11.821-0500] {processor.py:839} INFO - DAG(s) dict_keys(['example_task_group']) retrieved from /home/oscar_rincon/.pyenv/versions/3.10.6/envs/oscar_rincon/lib/python3.10/site-packages/airflow/example_dags/example_task_group.py
[2023-10-28T19:18:11.920-0500] {logging_mixin.py:151} INFO - [2023-10-28T19:18:11.920-0500] {manager.py:499} INFO - Created Permission View: %s
[2023-10-28T19:18:11.933-0500] {logging_mixin.py:151} INFO - [2023-10-28T19:18:11.933-0500] {manager.py:499} INFO - Created Permission View: %s
[2023-10-28T19:18:11.943-0500] {logging_mixin.py:151} INFO - [2023-10-28T19:18:11.943-0500] {manager.py:499} INFO - Created Permission View: %s
[2023-10-28T19:18:11.944-0500] {logging_mixin.py:151} INFO - [2023-10-28T19:18:11.944-0500] {security.py:708} INFO - Not syncing DAG-level permissions for DAG 'DAG:example_task_group' as access control is unset.
[2023-10-28T19:18:11.944-0500] {logging_mixin.py:151} INFO - [2023-10-28T19:18:11.944-0500] {dag.py:2915} INFO - Sync 1 DAGs
[2023-10-28T19:18:11.954-0500] {logging_mixin.py:151} INFO - [2023-10-28T19:18:11.954-0500] {dag.py:2937} INFO - Creating ORM DAG for example_task_group
[2023-10-28T19:18:11.964-0500] {logging_mixin.py:151} INFO - [2023-10-28T19:18:11.964-0500] {dag.py:3696} INFO - Setting next_dagrun for example_task_group to 2023-10-28T00:18:11.964133+00:00, run_after=2023-10-29T00:18:11.964133+00:00
[2023-10-28T19:18:11.999-0500] {processor.py:179} INFO - Processing /home/oscar_rincon/.pyenv/versions/3.10.6/envs/oscar_rincon/lib/python3.10/site-packages/airflow/example_dags/example_task_group.py took 0.189 seconds
[2023-10-28T19:19:01.106-0500] {processor.py:157} INFO - Started process (PID=77552) to work on /home/oscar_rincon/.pyenv/versions/3.10.6/envs/oscar_rincon/lib/python3.10/site-packages/airflow/example_dags/example_task_group.py
[2023-10-28T19:19:01.108-0500] {processor.py:829} INFO - Processing file /home/oscar_rincon/.pyenv/versions/3.10.6/envs/oscar_rincon/lib/python3.10/site-packages/airflow/example_dags/example_task_group.py for tasks to queue
[2023-10-28T19:19:01.109-0500] {logging_mixin.py:151} INFO - [2023-10-28T19:19:01.108-0500] {dagbag.py:539} INFO - Filling up the DagBag from /home/oscar_rincon/.pyenv/versions/3.10.6/envs/oscar_rincon/lib/python3.10/site-packages/airflow/example_dags/example_task_group.py
[2023-10-28T19:19:01.117-0500] {processor.py:839} INFO - DAG(s) dict_keys(['example_task_group']) retrieved from /home/oscar_rincon/.pyenv/versions/3.10.6/envs/oscar_rincon/lib/python3.10/site-packages/airflow/example_dags/example_task_group.py
[2023-10-28T19:19:01.132-0500] {logging_mixin.py:151} INFO - [2023-10-28T19:19:01.132-0500] {dag.py:2915} INFO - Sync 1 DAGs
[2023-10-28T19:19:01.149-0500] {logging_mixin.py:151} INFO - [2023-10-28T19:19:01.149-0500] {dag.py:3696} INFO - Setting next_dagrun for example_task_group to 2023-10-28T00:19:01.148957+00:00, run_after=2023-10-29T00:19:01.148957+00:00
[2023-10-28T19:19:01.169-0500] {processor.py:179} INFO - Processing /home/oscar_rincon/.pyenv/versions/3.10.6/envs/oscar_rincon/lib/python3.10/site-packages/airflow/example_dags/example_task_group.py took 0.065 seconds
[2023-10-28T19:20:00.738-0500] {processor.py:157} INFO - Started process (PID=77939) to work on /home/oscar_rincon/.pyenv/versions/3.10.6/envs/oscar_rincon/lib/python3.10/site-packages/airflow/example_dags/example_task_group.py
[2023-10-28T19:20:00.778-0500] {processor.py:829} INFO - Processing file /home/oscar_rincon/.pyenv/versions/3.10.6/envs/oscar_rincon/lib/python3.10/site-packages/airflow/example_dags/example_task_group.py for tasks to queue
[2023-10-28T19:20:00.781-0500] {logging_mixin.py:151} INFO - [2023-10-28T19:20:00.780-0500] {dagbag.py:539} INFO - Filling up the DagBag from /home/oscar_rincon/.pyenv/versions/3.10.6/envs/oscar_rincon/lib/python3.10/site-packages/airflow/example_dags/example_task_group.py
[2023-10-28T19:20:00.788-0500] {processor.py:839} INFO - DAG(s) dict_keys(['example_task_group']) retrieved from /home/oscar_rincon/.pyenv/versions/3.10.6/envs/oscar_rincon/lib/python3.10/site-packages/airflow/example_dags/example_task_group.py
[2023-10-28T19:20:00.802-0500] {logging_mixin.py:151} INFO - [2023-10-28T19:20:00.802-0500] {dag.py:2915} INFO - Sync 1 DAGs
[2023-10-28T19:20:00.819-0500] {logging_mixin.py:151} INFO - [2023-10-28T19:20:00.819-0500] {dag.py:3696} INFO - Setting next_dagrun for example_task_group to 2023-10-28T00:20:00.819525+00:00, run_after=2023-10-29T00:20:00.819525+00:00
[2023-10-28T19:20:00.844-0500] {processor.py:179} INFO - Processing /home/oscar_rincon/.pyenv/versions/3.10.6/envs/oscar_rincon/lib/python3.10/site-packages/airflow/example_dags/example_task_group.py took 0.108 seconds
[2023-10-28T19:28:50.850-0500] {processor.py:157} INFO - Started process (PID=80678) to work on /home/oscar_rincon/.pyenv/versions/3.10.6/envs/oscar_rincon/lib/python3.10/site-packages/airflow/example_dags/example_task_group.py
[2023-10-28T19:28:50.890-0500] {processor.py:829} INFO - Processing file /home/oscar_rincon/.pyenv/versions/3.10.6/envs/oscar_rincon/lib/python3.10/site-packages/airflow/example_dags/example_task_group.py for tasks to queue
[2023-10-28T19:28:50.892-0500] {logging_mixin.py:151} INFO - [2023-10-28T19:28:50.891-0500] {dagbag.py:539} INFO - Filling up the DagBag from /home/oscar_rincon/.pyenv/versions/3.10.6/envs/oscar_rincon/lib/python3.10/site-packages/airflow/example_dags/example_task_group.py
[2023-10-28T19:28:50.900-0500] {processor.py:839} INFO - DAG(s) dict_keys(['example_task_group']) retrieved from /home/oscar_rincon/.pyenv/versions/3.10.6/envs/oscar_rincon/lib/python3.10/site-packages/airflow/example_dags/example_task_group.py
[2023-10-28T19:28:50.919-0500] {logging_mixin.py:151} INFO - [2023-10-28T19:28:50.919-0500] {dag.py:2915} INFO - Sync 1 DAGs
[2023-10-28T19:28:50.940-0500] {logging_mixin.py:151} INFO - [2023-10-28T19:28:50.939-0500] {dag.py:3696} INFO - Setting next_dagrun for example_task_group to 2023-10-28T00:28:50.939713+00:00, run_after=2023-10-29T00:28:50.939713+00:00
[2023-10-28T19:28:50.968-0500] {processor.py:179} INFO - Processing /home/oscar_rincon/.pyenv/versions/3.10.6/envs/oscar_rincon/lib/python3.10/site-packages/airflow/example_dags/example_task_group.py took 0.122 seconds
[2023-10-28T19:29:36.574-0500] {processor.py:157} INFO - Started process (PID=80831) to work on /home/oscar_rincon/.pyenv/versions/3.10.6/envs/oscar_rincon/lib/python3.10/site-packages/airflow/example_dags/example_task_group.py
[2023-10-28T19:29:36.614-0500] {processor.py:829} INFO - Processing file /home/oscar_rincon/.pyenv/versions/3.10.6/envs/oscar_rincon/lib/python3.10/site-packages/airflow/example_dags/example_task_group.py for tasks to queue
[2023-10-28T19:29:36.616-0500] {logging_mixin.py:151} INFO - [2023-10-28T19:29:36.616-0500] {dagbag.py:539} INFO - Filling up the DagBag from /home/oscar_rincon/.pyenv/versions/3.10.6/envs/oscar_rincon/lib/python3.10/site-packages/airflow/example_dags/example_task_group.py
[2023-10-28T19:29:36.627-0500] {processor.py:839} INFO - DAG(s) dict_keys(['example_task_group']) retrieved from /home/oscar_rincon/.pyenv/versions/3.10.6/envs/oscar_rincon/lib/python3.10/site-packages/airflow/example_dags/example_task_group.py
[2023-10-28T19:29:36.640-0500] {logging_mixin.py:151} INFO - [2023-10-28T19:29:36.640-0500] {dag.py:2915} INFO - Sync 1 DAGs
[2023-10-28T19:29:36.656-0500] {logging_mixin.py:151} INFO - [2023-10-28T19:29:36.656-0500] {dag.py:3696} INFO - Setting next_dagrun for example_task_group to 2023-10-28T00:29:36.656363+00:00, run_after=2023-10-29T00:29:36.656363+00:00
[2023-10-28T19:29:36.679-0500] {processor.py:179} INFO - Processing /home/oscar_rincon/.pyenv/versions/3.10.6/envs/oscar_rincon/lib/python3.10/site-packages/airflow/example_dags/example_task_group.py took 0.107 seconds
[2023-10-28T19:30:28.795-0500] {processor.py:157} INFO - Started process (PID=80954) to work on /home/oscar_rincon/.pyenv/versions/3.10.6/envs/oscar_rincon/lib/python3.10/site-packages/airflow/example_dags/example_task_group.py
[2023-10-28T19:30:28.796-0500] {processor.py:829} INFO - Processing file /home/oscar_rincon/.pyenv/versions/3.10.6/envs/oscar_rincon/lib/python3.10/site-packages/airflow/example_dags/example_task_group.py for tasks to queue
[2023-10-28T19:30:28.797-0500] {logging_mixin.py:151} INFO - [2023-10-28T19:30:28.797-0500] {dagbag.py:539} INFO - Filling up the DagBag from /home/oscar_rincon/.pyenv/versions/3.10.6/envs/oscar_rincon/lib/python3.10/site-packages/airflow/example_dags/example_task_group.py
[2023-10-28T19:30:28.804-0500] {processor.py:839} INFO - DAG(s) dict_keys(['example_task_group']) retrieved from /home/oscar_rincon/.pyenv/versions/3.10.6/envs/oscar_rincon/lib/python3.10/site-packages/airflow/example_dags/example_task_group.py
[2023-10-28T19:30:28.817-0500] {logging_mixin.py:151} INFO - [2023-10-28T19:30:28.816-0500] {dag.py:2915} INFO - Sync 1 DAGs
[2023-10-28T19:30:28.832-0500] {logging_mixin.py:151} INFO - [2023-10-28T19:30:28.832-0500] {dag.py:3696} INFO - Setting next_dagrun for example_task_group to 2023-10-28T00:30:28.832486+00:00, run_after=2023-10-29T00:30:28.832486+00:00
[2023-10-28T19:30:28.854-0500] {processor.py:179} INFO - Processing /home/oscar_rincon/.pyenv/versions/3.10.6/envs/oscar_rincon/lib/python3.10/site-packages/airflow/example_dags/example_task_group.py took 0.061 seconds
