[2023-10-28T19:18:18.243-0500] {processor.py:157} INFO - Started process (PID=77473) to work on /home/oscar_rincon/.pyenv/versions/3.10.6/envs/oscar_rincon/lib/python3.10/site-packages/airflow/example_dags/example_trigger_controller_dag.py
[2023-10-28T19:18:18.243-0500] {processor.py:829} INFO - Processing file /home/oscar_rincon/.pyenv/versions/3.10.6/envs/oscar_rincon/lib/python3.10/site-packages/airflow/example_dags/example_trigger_controller_dag.py for tasks to queue
[2023-10-28T19:18:18.244-0500] {logging_mixin.py:151} INFO - [2023-10-28T19:18:18.244-0500] {dagbag.py:539} INFO - Filling up the DagBag from /home/oscar_rincon/.pyenv/versions/3.10.6/envs/oscar_rincon/lib/python3.10/site-packages/airflow/example_dags/example_trigger_controller_dag.py
[2023-10-28T19:18:18.249-0500] {processor.py:839} INFO - DAG(s) dict_keys(['example_trigger_controller_dag']) retrieved from /home/oscar_rincon/.pyenv/versions/3.10.6/envs/oscar_rincon/lib/python3.10/site-packages/airflow/example_dags/example_trigger_controller_dag.py
[2023-10-28T19:18:18.411-0500] {logging_mixin.py:151} INFO - [2023-10-28T19:18:18.411-0500] {manager.py:499} INFO - Created Permission View: %s
[2023-10-28T19:18:18.429-0500] {logging_mixin.py:151} INFO - [2023-10-28T19:18:18.428-0500] {manager.py:499} INFO - Created Permission View: %s
[2023-10-28T19:18:18.448-0500] {logging_mixin.py:151} INFO - [2023-10-28T19:18:18.447-0500] {manager.py:499} INFO - Created Permission View: %s
[2023-10-28T19:18:18.448-0500] {logging_mixin.py:151} INFO - [2023-10-28T19:18:18.448-0500] {security.py:708} INFO - Not syncing DAG-level permissions for DAG 'DAG:example_trigger_controller_dag' as access control is unset.
[2023-10-28T19:18:18.449-0500] {logging_mixin.py:151} INFO - [2023-10-28T19:18:18.449-0500] {dag.py:2915} INFO - Sync 1 DAGs
[2023-10-28T19:18:18.462-0500] {logging_mixin.py:151} INFO - [2023-10-28T19:18:18.462-0500] {dag.py:2937} INFO - Creating ORM DAG for example_trigger_controller_dag
[2023-10-28T19:18:18.475-0500] {logging_mixin.py:151} INFO - [2023-10-28T19:18:18.475-0500] {dag.py:3696} INFO - Setting next_dagrun for example_trigger_controller_dag to 2021-01-01T00:00:00+00:00, run_after=2021-01-01T00:00:00+00:00
[2023-10-28T19:18:18.506-0500] {processor.py:179} INFO - Processing /home/oscar_rincon/.pyenv/versions/3.10.6/envs/oscar_rincon/lib/python3.10/site-packages/airflow/example_dags/example_trigger_controller_dag.py took 0.266 seconds
[2023-10-28T19:19:05.628-0500] {processor.py:157} INFO - Started process (PID=77557) to work on /home/oscar_rincon/.pyenv/versions/3.10.6/envs/oscar_rincon/lib/python3.10/site-packages/airflow/example_dags/example_trigger_controller_dag.py
[2023-10-28T19:19:05.630-0500] {processor.py:829} INFO - Processing file /home/oscar_rincon/.pyenv/versions/3.10.6/envs/oscar_rincon/lib/python3.10/site-packages/airflow/example_dags/example_trigger_controller_dag.py for tasks to queue
[2023-10-28T19:19:05.631-0500] {logging_mixin.py:151} INFO - [2023-10-28T19:19:05.631-0500] {dagbag.py:539} INFO - Filling up the DagBag from /home/oscar_rincon/.pyenv/versions/3.10.6/envs/oscar_rincon/lib/python3.10/site-packages/airflow/example_dags/example_trigger_controller_dag.py
[2023-10-28T19:19:05.635-0500] {processor.py:839} INFO - DAG(s) dict_keys(['example_trigger_controller_dag']) retrieved from /home/oscar_rincon/.pyenv/versions/3.10.6/envs/oscar_rincon/lib/python3.10/site-packages/airflow/example_dags/example_trigger_controller_dag.py
[2023-10-28T19:19:05.652-0500] {logging_mixin.py:151} INFO - [2023-10-28T19:19:05.652-0500] {dag.py:2915} INFO - Sync 1 DAGs
[2023-10-28T19:19:05.668-0500] {logging_mixin.py:151} INFO - [2023-10-28T19:19:05.668-0500] {dag.py:3696} INFO - Setting next_dagrun for example_trigger_controller_dag to 2021-01-01T00:00:00+00:00, run_after=2021-01-01T00:00:00+00:00
[2023-10-28T19:19:05.689-0500] {processor.py:179} INFO - Processing /home/oscar_rincon/.pyenv/versions/3.10.6/envs/oscar_rincon/lib/python3.10/site-packages/airflow/example_dags/example_trigger_controller_dag.py took 0.065 seconds
[2023-10-28T19:28:55.334-0500] {processor.py:157} INFO - Started process (PID=80713) to work on /home/oscar_rincon/.pyenv/versions/3.10.6/envs/oscar_rincon/lib/python3.10/site-packages/airflow/example_dags/example_trigger_controller_dag.py
[2023-10-28T19:28:55.335-0500] {processor.py:829} INFO - Processing file /home/oscar_rincon/.pyenv/versions/3.10.6/envs/oscar_rincon/lib/python3.10/site-packages/airflow/example_dags/example_trigger_controller_dag.py for tasks to queue
[2023-10-28T19:28:55.336-0500] {logging_mixin.py:151} INFO - [2023-10-28T19:28:55.335-0500] {dagbag.py:539} INFO - Filling up the DagBag from /home/oscar_rincon/.pyenv/versions/3.10.6/envs/oscar_rincon/lib/python3.10/site-packages/airflow/example_dags/example_trigger_controller_dag.py
[2023-10-28T19:28:55.339-0500] {processor.py:839} INFO - DAG(s) dict_keys(['example_trigger_controller_dag']) retrieved from /home/oscar_rincon/.pyenv/versions/3.10.6/envs/oscar_rincon/lib/python3.10/site-packages/airflow/example_dags/example_trigger_controller_dag.py
[2023-10-28T19:28:55.351-0500] {logging_mixin.py:151} INFO - [2023-10-28T19:28:55.351-0500] {dag.py:2915} INFO - Sync 1 DAGs
[2023-10-28T19:28:55.366-0500] {logging_mixin.py:151} INFO - [2023-10-28T19:28:55.366-0500] {dag.py:3696} INFO - Setting next_dagrun for example_trigger_controller_dag to 2021-01-01T00:00:00+00:00, run_after=2021-01-01T00:00:00+00:00
[2023-10-28T19:28:55.395-0500] {processor.py:179} INFO - Processing /home/oscar_rincon/.pyenv/versions/3.10.6/envs/oscar_rincon/lib/python3.10/site-packages/airflow/example_dags/example_trigger_controller_dag.py took 0.063 seconds
[2023-10-28T19:29:42.015-0500] {processor.py:157} INFO - Started process (PID=80836) to work on /home/oscar_rincon/.pyenv/versions/3.10.6/envs/oscar_rincon/lib/python3.10/site-packages/airflow/example_dags/example_trigger_controller_dag.py
[2023-10-28T19:29:42.056-0500] {processor.py:829} INFO - Processing file /home/oscar_rincon/.pyenv/versions/3.10.6/envs/oscar_rincon/lib/python3.10/site-packages/airflow/example_dags/example_trigger_controller_dag.py for tasks to queue
[2023-10-28T19:29:42.058-0500] {logging_mixin.py:151} INFO - [2023-10-28T19:29:42.057-0500] {dagbag.py:539} INFO - Filling up the DagBag from /home/oscar_rincon/.pyenv/versions/3.10.6/envs/oscar_rincon/lib/python3.10/site-packages/airflow/example_dags/example_trigger_controller_dag.py
[2023-10-28T19:29:42.065-0500] {processor.py:839} INFO - DAG(s) dict_keys(['example_trigger_controller_dag']) retrieved from /home/oscar_rincon/.pyenv/versions/3.10.6/envs/oscar_rincon/lib/python3.10/site-packages/airflow/example_dags/example_trigger_controller_dag.py
[2023-10-28T19:29:42.079-0500] {logging_mixin.py:151} INFO - [2023-10-28T19:29:42.079-0500] {dag.py:2915} INFO - Sync 1 DAGs
[2023-10-28T19:29:42.094-0500] {logging_mixin.py:151} INFO - [2023-10-28T19:29:42.094-0500] {dag.py:3696} INFO - Setting next_dagrun for example_trigger_controller_dag to 2021-01-01T00:00:00+00:00, run_after=2021-01-01T00:00:00+00:00
[2023-10-28T19:29:42.115-0500] {processor.py:179} INFO - Processing /home/oscar_rincon/.pyenv/versions/3.10.6/envs/oscar_rincon/lib/python3.10/site-packages/airflow/example_dags/example_trigger_controller_dag.py took 0.102 seconds
