[2023-10-28T19:18:10.553-0500] {processor.py:157} INFO - Started process (PID=77419) to work on /home/oscar_rincon/.pyenv/versions/3.10.6/envs/oscar_rincon/lib/python3.10/site-packages/airflow/example_dags/example_task_group_decorator.py
[2023-10-28T19:18:10.554-0500] {processor.py:829} INFO - Processing file /home/oscar_rincon/.pyenv/versions/3.10.6/envs/oscar_rincon/lib/python3.10/site-packages/airflow/example_dags/example_task_group_decorator.py for tasks to queue
[2023-10-28T19:18:10.555-0500] {logging_mixin.py:151} INFO - [2023-10-28T19:18:10.554-0500] {dagbag.py:539} INFO - Filling up the DagBag from /home/oscar_rincon/.pyenv/versions/3.10.6/envs/oscar_rincon/lib/python3.10/site-packages/airflow/example_dags/example_task_group_decorator.py
[2023-10-28T19:18:10.571-0500] {processor.py:839} INFO - DAG(s) dict_keys(['example_task_group_decorator']) retrieved from /home/oscar_rincon/.pyenv/versions/3.10.6/envs/oscar_rincon/lib/python3.10/site-packages/airflow/example_dags/example_task_group_decorator.py
[2023-10-28T19:18:10.678-0500] {logging_mixin.py:151} INFO - [2023-10-28T19:18:10.678-0500] {manager.py:499} INFO - Created Permission View: %s
[2023-10-28T19:18:10.689-0500] {logging_mixin.py:151} INFO - [2023-10-28T19:18:10.689-0500] {manager.py:499} INFO - Created Permission View: %s
[2023-10-28T19:18:10.698-0500] {logging_mixin.py:151} INFO - [2023-10-28T19:18:10.698-0500] {manager.py:499} INFO - Created Permission View: %s
[2023-10-28T19:18:10.698-0500] {logging_mixin.py:151} INFO - [2023-10-28T19:18:10.698-0500] {security.py:708} INFO - Not syncing DAG-level permissions for DAG 'DAG:example_task_group_decorator' as access control is unset.
[2023-10-28T19:18:10.699-0500] {logging_mixin.py:151} INFO - [2023-10-28T19:18:10.698-0500] {dag.py:2915} INFO - Sync 1 DAGs
[2023-10-28T19:18:10.707-0500] {logging_mixin.py:151} INFO - [2023-10-28T19:18:10.707-0500] {dag.py:2937} INFO - Creating ORM DAG for example_task_group_decorator
[2023-10-28T19:18:10.714-0500] {logging_mixin.py:151} INFO - [2023-10-28T19:18:10.714-0500] {dag.py:3696} INFO - Setting next_dagrun for example_task_group_decorator to 2023-10-28T00:18:10.714348+00:00, run_after=2023-10-29T00:18:10.714348+00:00
[2023-10-28T19:18:10.747-0500] {processor.py:179} INFO - Processing /home/oscar_rincon/.pyenv/versions/3.10.6/envs/oscar_rincon/lib/python3.10/site-packages/airflow/example_dags/example_task_group_decorator.py took 0.195 seconds
[2023-10-28T19:18:59.966-0500] {processor.py:157} INFO - Started process (PID=77551) to work on /home/oscar_rincon/.pyenv/versions/3.10.6/envs/oscar_rincon/lib/python3.10/site-packages/airflow/example_dags/example_task_group_decorator.py
[2023-10-28T19:18:59.968-0500] {processor.py:829} INFO - Processing file /home/oscar_rincon/.pyenv/versions/3.10.6/envs/oscar_rincon/lib/python3.10/site-packages/airflow/example_dags/example_task_group_decorator.py for tasks to queue
[2023-10-28T19:18:59.969-0500] {logging_mixin.py:151} INFO - [2023-10-28T19:18:59.968-0500] {dagbag.py:539} INFO - Filling up the DagBag from /home/oscar_rincon/.pyenv/versions/3.10.6/envs/oscar_rincon/lib/python3.10/site-packages/airflow/example_dags/example_task_group_decorator.py
[2023-10-28T19:18:59.981-0500] {processor.py:839} INFO - DAG(s) dict_keys(['example_task_group_decorator']) retrieved from /home/oscar_rincon/.pyenv/versions/3.10.6/envs/oscar_rincon/lib/python3.10/site-packages/airflow/example_dags/example_task_group_decorator.py
[2023-10-28T19:18:59.997-0500] {logging_mixin.py:151} INFO - [2023-10-28T19:18:59.997-0500] {dag.py:2915} INFO - Sync 1 DAGs
[2023-10-28T19:19:00.017-0500] {logging_mixin.py:151} INFO - [2023-10-28T19:19:00.017-0500] {dag.py:3696} INFO - Setting next_dagrun for example_task_group_decorator to 2023-10-28T00:19:00.017331+00:00, run_after=2023-10-29T00:19:00.017331+00:00
[2023-10-28T19:19:00.041-0500] {processor.py:179} INFO - Processing /home/oscar_rincon/.pyenv/versions/3.10.6/envs/oscar_rincon/lib/python3.10/site-packages/airflow/example_dags/example_task_group_decorator.py took 0.078 seconds
[2023-10-28T19:19:59.497-0500] {processor.py:157} INFO - Started process (PID=77938) to work on /home/oscar_rincon/.pyenv/versions/3.10.6/envs/oscar_rincon/lib/python3.10/site-packages/airflow/example_dags/example_task_group_decorator.py
[2023-10-28T19:19:59.537-0500] {processor.py:829} INFO - Processing file /home/oscar_rincon/.pyenv/versions/3.10.6/envs/oscar_rincon/lib/python3.10/site-packages/airflow/example_dags/example_task_group_decorator.py for tasks to queue
[2023-10-28T19:19:59.539-0500] {logging_mixin.py:151} INFO - [2023-10-28T19:19:59.538-0500] {dagbag.py:539} INFO - Filling up the DagBag from /home/oscar_rincon/.pyenv/versions/3.10.6/envs/oscar_rincon/lib/python3.10/site-packages/airflow/example_dags/example_task_group_decorator.py
[2023-10-28T19:19:59.553-0500] {processor.py:839} INFO - DAG(s) dict_keys(['example_task_group_decorator']) retrieved from /home/oscar_rincon/.pyenv/versions/3.10.6/envs/oscar_rincon/lib/python3.10/site-packages/airflow/example_dags/example_task_group_decorator.py
[2023-10-28T19:19:59.569-0500] {logging_mixin.py:151} INFO - [2023-10-28T19:19:59.568-0500] {dag.py:2915} INFO - Sync 1 DAGs
[2023-10-28T19:19:59.584-0500] {logging_mixin.py:151} INFO - [2023-10-28T19:19:59.584-0500] {dag.py:3696} INFO - Setting next_dagrun for example_task_group_decorator to 2023-10-28T00:19:59.583818+00:00, run_after=2023-10-29T00:19:59.583818+00:00
[2023-10-28T19:19:59.607-0500] {processor.py:179} INFO - Processing /home/oscar_rincon/.pyenv/versions/3.10.6/envs/oscar_rincon/lib/python3.10/site-packages/airflow/example_dags/example_task_group_decorator.py took 0.112 seconds
[2023-10-28T19:28:49.612-0500] {processor.py:157} INFO - Started process (PID=80677) to work on /home/oscar_rincon/.pyenv/versions/3.10.6/envs/oscar_rincon/lib/python3.10/site-packages/airflow/example_dags/example_task_group_decorator.py
[2023-10-28T19:28:49.652-0500] {processor.py:829} INFO - Processing file /home/oscar_rincon/.pyenv/versions/3.10.6/envs/oscar_rincon/lib/python3.10/site-packages/airflow/example_dags/example_task_group_decorator.py for tasks to queue
[2023-10-28T19:28:49.653-0500] {logging_mixin.py:151} INFO - [2023-10-28T19:28:49.653-0500] {dagbag.py:539} INFO - Filling up the DagBag from /home/oscar_rincon/.pyenv/versions/3.10.6/envs/oscar_rincon/lib/python3.10/site-packages/airflow/example_dags/example_task_group_decorator.py
[2023-10-28T19:28:49.669-0500] {processor.py:839} INFO - DAG(s) dict_keys(['example_task_group_decorator']) retrieved from /home/oscar_rincon/.pyenv/versions/3.10.6/envs/oscar_rincon/lib/python3.10/site-packages/airflow/example_dags/example_task_group_decorator.py
[2023-10-28T19:28:49.694-0500] {logging_mixin.py:151} INFO - [2023-10-28T19:28:49.693-0500] {dag.py:2915} INFO - Sync 1 DAGs
[2023-10-28T19:28:49.715-0500] {logging_mixin.py:151} INFO - [2023-10-28T19:28:49.715-0500] {dag.py:3696} INFO - Setting next_dagrun for example_task_group_decorator to 2023-10-28T00:28:49.715190+00:00, run_after=2023-10-29T00:28:49.715190+00:00
[2023-10-28T19:28:49.747-0500] {processor.py:179} INFO - Processing /home/oscar_rincon/.pyenv/versions/3.10.6/envs/oscar_rincon/lib/python3.10/site-packages/airflow/example_dags/example_task_group_decorator.py took 0.141 seconds
[2023-10-28T19:29:35.816-0500] {processor.py:157} INFO - Started process (PID=80830) to work on /home/oscar_rincon/.pyenv/versions/3.10.6/envs/oscar_rincon/lib/python3.10/site-packages/airflow/example_dags/example_task_group_decorator.py
[2023-10-28T19:29:35.817-0500] {processor.py:829} INFO - Processing file /home/oscar_rincon/.pyenv/versions/3.10.6/envs/oscar_rincon/lib/python3.10/site-packages/airflow/example_dags/example_task_group_decorator.py for tasks to queue
[2023-10-28T19:29:35.818-0500] {logging_mixin.py:151} INFO - [2023-10-28T19:29:35.818-0500] {dagbag.py:539} INFO - Filling up the DagBag from /home/oscar_rincon/.pyenv/versions/3.10.6/envs/oscar_rincon/lib/python3.10/site-packages/airflow/example_dags/example_task_group_decorator.py
[2023-10-28T19:29:35.831-0500] {processor.py:839} INFO - DAG(s) dict_keys(['example_task_group_decorator']) retrieved from /home/oscar_rincon/.pyenv/versions/3.10.6/envs/oscar_rincon/lib/python3.10/site-packages/airflow/example_dags/example_task_group_decorator.py
[2023-10-28T19:29:35.848-0500] {logging_mixin.py:151} INFO - [2023-10-28T19:29:35.847-0500] {dag.py:2915} INFO - Sync 1 DAGs
[2023-10-28T19:29:35.864-0500] {logging_mixin.py:151} INFO - [2023-10-28T19:29:35.863-0500] {dag.py:3696} INFO - Setting next_dagrun for example_task_group_decorator to 2023-10-28T00:29:35.863721+00:00, run_after=2023-10-29T00:29:35.863721+00:00
[2023-10-28T19:29:35.886-0500] {processor.py:179} INFO - Processing /home/oscar_rincon/.pyenv/versions/3.10.6/envs/oscar_rincon/lib/python3.10/site-packages/airflow/example_dags/example_task_group_decorator.py took 0.073 seconds
[2023-10-28T19:30:24.381-0500] {processor.py:157} INFO - Started process (PID=80948) to work on /home/oscar_rincon/.pyenv/versions/3.10.6/envs/oscar_rincon/lib/python3.10/site-packages/airflow/example_dags/example_task_group_decorator.py
[2023-10-28T19:30:24.420-0500] {processor.py:829} INFO - Processing file /home/oscar_rincon/.pyenv/versions/3.10.6/envs/oscar_rincon/lib/python3.10/site-packages/airflow/example_dags/example_task_group_decorator.py for tasks to queue
[2023-10-28T19:30:24.422-0500] {logging_mixin.py:151} INFO - [2023-10-28T19:30:24.422-0500] {dagbag.py:539} INFO - Filling up the DagBag from /home/oscar_rincon/.pyenv/versions/3.10.6/envs/oscar_rincon/lib/python3.10/site-packages/airflow/example_dags/example_task_group_decorator.py
[2023-10-28T19:30:24.436-0500] {processor.py:839} INFO - DAG(s) dict_keys(['example_task_group_decorator']) retrieved from /home/oscar_rincon/.pyenv/versions/3.10.6/envs/oscar_rincon/lib/python3.10/site-packages/airflow/example_dags/example_task_group_decorator.py
[2023-10-28T19:30:24.450-0500] {logging_mixin.py:151} INFO - [2023-10-28T19:30:24.450-0500] {dag.py:2915} INFO - Sync 1 DAGs
[2023-10-28T19:30:24.465-0500] {logging_mixin.py:151} INFO - [2023-10-28T19:30:24.465-0500] {dag.py:3696} INFO - Setting next_dagrun for example_task_group_decorator to 2023-10-28T00:30:24.465468+00:00, run_after=2023-10-29T00:30:24.465468+00:00
[2023-10-28T19:30:24.486-0500] {processor.py:179} INFO - Processing /home/oscar_rincon/.pyenv/versions/3.10.6/envs/oscar_rincon/lib/python3.10/site-packages/airflow/example_dags/example_task_group_decorator.py took 0.108 seconds
