[2023-10-28T19:17:50.409-0500] {processor.py:157} INFO - Started process (PID=77303) to work on /home/oscar_rincon/.pyenv/versions/3.10.6/envs/oscar_rincon/lib/python3.10/site-packages/airflow/example_dags/tutorial_taskflow_api.py
[2023-10-28T19:17:50.410-0500] {processor.py:829} INFO - Processing file /home/oscar_rincon/.pyenv/versions/3.10.6/envs/oscar_rincon/lib/python3.10/site-packages/airflow/example_dags/tutorial_taskflow_api.py for tasks to queue
[2023-10-28T19:17:50.411-0500] {logging_mixin.py:151} INFO - [2023-10-28T19:17:50.411-0500] {dagbag.py:539} INFO - Filling up the DagBag from /home/oscar_rincon/.pyenv/versions/3.10.6/envs/oscar_rincon/lib/python3.10/site-packages/airflow/example_dags/tutorial_taskflow_api.py
[2023-10-28T19:17:50.423-0500] {processor.py:839} INFO - DAG(s) dict_keys(['tutorial_taskflow_api']) retrieved from /home/oscar_rincon/.pyenv/versions/3.10.6/envs/oscar_rincon/lib/python3.10/site-packages/airflow/example_dags/tutorial_taskflow_api.py
[2023-10-28T19:17:50.680-0500] {logging_mixin.py:151} INFO - [2023-10-28T19:17:50.679-0500] {manager.py:499} INFO - Created Permission View: %s
[2023-10-28T19:17:50.706-0500] {logging_mixin.py:151} INFO - [2023-10-28T19:17:50.705-0500] {manager.py:499} INFO - Created Permission View: %s
[2023-10-28T19:17:50.722-0500] {logging_mixin.py:151} INFO - [2023-10-28T19:17:50.721-0500] {manager.py:499} INFO - Created Permission View: %s
[2023-10-28T19:17:50.722-0500] {logging_mixin.py:151} INFO - [2023-10-28T19:17:50.722-0500] {security.py:708} INFO - Not syncing DAG-level permissions for DAG 'DAG:tutorial_taskflow_api' as access control is unset.
[2023-10-28T19:17:50.722-0500] {logging_mixin.py:151} INFO - [2023-10-28T19:17:50.722-0500] {dag.py:2915} INFO - Sync 1 DAGs
[2023-10-28T19:17:50.734-0500] {logging_mixin.py:151} INFO - [2023-10-28T19:17:50.733-0500] {dag.py:2937} INFO - Creating ORM DAG for tutorial_taskflow_api
[2023-10-28T19:17:50.736-0500] {logging_mixin.py:151} INFO - [2023-10-28T19:17:50.735-0500] {dag.py:3696} INFO - Setting next_dagrun for tutorial_taskflow_api to None, run_after=None
[2023-10-28T19:17:50.761-0500] {processor.py:179} INFO - Processing /home/oscar_rincon/.pyenv/versions/3.10.6/envs/oscar_rincon/lib/python3.10/site-packages/airflow/example_dags/tutorial_taskflow_api.py took 0.354 seconds
[2023-10-28T19:18:43.485-0500] {processor.py:157} INFO - Started process (PID=77526) to work on /home/oscar_rincon/.pyenv/versions/3.10.6/envs/oscar_rincon/lib/python3.10/site-packages/airflow/example_dags/tutorial_taskflow_api.py
[2023-10-28T19:18:43.525-0500] {processor.py:829} INFO - Processing file /home/oscar_rincon/.pyenv/versions/3.10.6/envs/oscar_rincon/lib/python3.10/site-packages/airflow/example_dags/tutorial_taskflow_api.py for tasks to queue
[2023-10-28T19:18:43.527-0500] {logging_mixin.py:151} INFO - [2023-10-28T19:18:43.526-0500] {dagbag.py:539} INFO - Filling up the DagBag from /home/oscar_rincon/.pyenv/versions/3.10.6/envs/oscar_rincon/lib/python3.10/site-packages/airflow/example_dags/tutorial_taskflow_api.py
[2023-10-28T19:18:43.535-0500] {processor.py:839} INFO - DAG(s) dict_keys(['tutorial_taskflow_api']) retrieved from /home/oscar_rincon/.pyenv/versions/3.10.6/envs/oscar_rincon/lib/python3.10/site-packages/airflow/example_dags/tutorial_taskflow_api.py
[2023-10-28T19:18:43.547-0500] {logging_mixin.py:151} INFO - [2023-10-28T19:18:43.547-0500] {dag.py:2915} INFO - Sync 1 DAGs
[2023-10-28T19:18:43.556-0500] {logging_mixin.py:151} INFO - [2023-10-28T19:18:43.556-0500] {dag.py:3696} INFO - Setting next_dagrun for tutorial_taskflow_api to None, run_after=None
[2023-10-28T19:18:43.581-0500] {processor.py:179} INFO - Processing /home/oscar_rincon/.pyenv/versions/3.10.6/envs/oscar_rincon/lib/python3.10/site-packages/airflow/example_dags/tutorial_taskflow_api.py took 0.098 seconds
[2023-10-28T19:19:40.536-0500] {processor.py:157} INFO - Started process (PID=77913) to work on /home/oscar_rincon/.pyenv/versions/3.10.6/envs/oscar_rincon/lib/python3.10/site-packages/airflow/example_dags/tutorial_taskflow_api.py
[2023-10-28T19:19:40.538-0500] {processor.py:829} INFO - Processing file /home/oscar_rincon/.pyenv/versions/3.10.6/envs/oscar_rincon/lib/python3.10/site-packages/airflow/example_dags/tutorial_taskflow_api.py for tasks to queue
[2023-10-28T19:19:40.538-0500] {logging_mixin.py:151} INFO - [2023-10-28T19:19:40.538-0500] {dagbag.py:539} INFO - Filling up the DagBag from /home/oscar_rincon/.pyenv/versions/3.10.6/envs/oscar_rincon/lib/python3.10/site-packages/airflow/example_dags/tutorial_taskflow_api.py
[2023-10-28T19:19:40.545-0500] {processor.py:839} INFO - DAG(s) dict_keys(['tutorial_taskflow_api']) retrieved from /home/oscar_rincon/.pyenv/versions/3.10.6/envs/oscar_rincon/lib/python3.10/site-packages/airflow/example_dags/tutorial_taskflow_api.py
[2023-10-28T19:19:40.564-0500] {logging_mixin.py:151} INFO - [2023-10-28T19:19:40.564-0500] {dag.py:2915} INFO - Sync 1 DAGs
[2023-10-28T19:19:40.573-0500] {logging_mixin.py:151} INFO - [2023-10-28T19:19:40.573-0500] {dag.py:3696} INFO - Setting next_dagrun for tutorial_taskflow_api to None, run_after=None
[2023-10-28T19:19:40.595-0500] {processor.py:179} INFO - Processing /home/oscar_rincon/.pyenv/versions/3.10.6/envs/oscar_rincon/lib/python3.10/site-packages/airflow/example_dags/tutorial_taskflow_api.py took 0.063 seconds
[2023-10-28T19:28:31.283-0500] {processor.py:157} INFO - Started process (PID=80619) to work on /home/oscar_rincon/.pyenv/versions/3.10.6/envs/oscar_rincon/lib/python3.10/site-packages/airflow/example_dags/tutorial_taskflow_api.py
[2023-10-28T19:28:31.323-0500] {processor.py:829} INFO - Processing file /home/oscar_rincon/.pyenv/versions/3.10.6/envs/oscar_rincon/lib/python3.10/site-packages/airflow/example_dags/tutorial_taskflow_api.py for tasks to queue
[2023-10-28T19:28:31.325-0500] {logging_mixin.py:151} INFO - [2023-10-28T19:28:31.324-0500] {dagbag.py:539} INFO - Filling up the DagBag from /home/oscar_rincon/.pyenv/versions/3.10.6/envs/oscar_rincon/lib/python3.10/site-packages/airflow/example_dags/tutorial_taskflow_api.py
[2023-10-28T19:28:31.335-0500] {processor.py:839} INFO - DAG(s) dict_keys(['tutorial_taskflow_api']) retrieved from /home/oscar_rincon/.pyenv/versions/3.10.6/envs/oscar_rincon/lib/python3.10/site-packages/airflow/example_dags/tutorial_taskflow_api.py
[2023-10-28T19:28:31.354-0500] {logging_mixin.py:151} INFO - [2023-10-28T19:28:31.354-0500] {dag.py:2915} INFO - Sync 1 DAGs
[2023-10-28T19:28:31.363-0500] {logging_mixin.py:151} INFO - [2023-10-28T19:28:31.363-0500] {dag.py:3696} INFO - Setting next_dagrun for tutorial_taskflow_api to None, run_after=None
[2023-10-28T19:28:31.385-0500] {processor.py:179} INFO - Processing /home/oscar_rincon/.pyenv/versions/3.10.6/envs/oscar_rincon/lib/python3.10/site-packages/airflow/example_dags/tutorial_taskflow_api.py took 0.104 seconds
[2023-10-28T19:29:18.573-0500] {processor.py:157} INFO - Started process (PID=80738) to work on /home/oscar_rincon/.pyenv/versions/3.10.6/envs/oscar_rincon/lib/python3.10/site-packages/airflow/example_dags/tutorial_taskflow_api.py
[2023-10-28T19:29:18.575-0500] {processor.py:829} INFO - Processing file /home/oscar_rincon/.pyenv/versions/3.10.6/envs/oscar_rincon/lib/python3.10/site-packages/airflow/example_dags/tutorial_taskflow_api.py for tasks to queue
[2023-10-28T19:29:18.576-0500] {logging_mixin.py:151} INFO - [2023-10-28T19:29:18.575-0500] {dagbag.py:539} INFO - Filling up the DagBag from /home/oscar_rincon/.pyenv/versions/3.10.6/envs/oscar_rincon/lib/python3.10/site-packages/airflow/example_dags/tutorial_taskflow_api.py
[2023-10-28T19:29:18.581-0500] {processor.py:839} INFO - DAG(s) dict_keys(['tutorial_taskflow_api']) retrieved from /home/oscar_rincon/.pyenv/versions/3.10.6/envs/oscar_rincon/lib/python3.10/site-packages/airflow/example_dags/tutorial_taskflow_api.py
[2023-10-28T19:29:18.605-0500] {logging_mixin.py:151} INFO - [2023-10-28T19:29:18.605-0500] {dag.py:2915} INFO - Sync 1 DAGs
[2023-10-28T19:29:18.628-0500] {logging_mixin.py:151} INFO - [2023-10-28T19:29:18.628-0500] {dag.py:3696} INFO - Setting next_dagrun for tutorial_taskflow_api to None, run_after=None
[2023-10-28T19:29:18.667-0500] {processor.py:179} INFO - Processing /home/oscar_rincon/.pyenv/versions/3.10.6/envs/oscar_rincon/lib/python3.10/site-packages/airflow/example_dags/tutorial_taskflow_api.py took 0.096 seconds
[2023-10-28T19:30:06.003-0500] {processor.py:157} INFO - Started process (PID=80862) to work on /home/oscar_rincon/.pyenv/versions/3.10.6/envs/oscar_rincon/lib/python3.10/site-packages/airflow/example_dags/tutorial_taskflow_api.py
[2023-10-28T19:30:06.042-0500] {processor.py:829} INFO - Processing file /home/oscar_rincon/.pyenv/versions/3.10.6/envs/oscar_rincon/lib/python3.10/site-packages/airflow/example_dags/tutorial_taskflow_api.py for tasks to queue
[2023-10-28T19:30:06.044-0500] {logging_mixin.py:151} INFO - [2023-10-28T19:30:06.043-0500] {dagbag.py:539} INFO - Filling up the DagBag from /home/oscar_rincon/.pyenv/versions/3.10.6/envs/oscar_rincon/lib/python3.10/site-packages/airflow/example_dags/tutorial_taskflow_api.py
[2023-10-28T19:30:06.049-0500] {processor.py:839} INFO - DAG(s) dict_keys(['tutorial_taskflow_api']) retrieved from /home/oscar_rincon/.pyenv/versions/3.10.6/envs/oscar_rincon/lib/python3.10/site-packages/airflow/example_dags/tutorial_taskflow_api.py
[2023-10-28T19:30:06.064-0500] {logging_mixin.py:151} INFO - [2023-10-28T19:30:06.064-0500] {dag.py:2915} INFO - Sync 1 DAGs
[2023-10-28T19:30:06.075-0500] {logging_mixin.py:151} INFO - [2023-10-28T19:30:06.075-0500] {dag.py:3696} INFO - Setting next_dagrun for tutorial_taskflow_api to None, run_after=None
[2023-10-28T19:30:06.098-0500] {processor.py:179} INFO - Processing /home/oscar_rincon/.pyenv/versions/3.10.6/envs/oscar_rincon/lib/python3.10/site-packages/airflow/example_dags/tutorial_taskflow_api.py took 0.097 seconds
[2023-10-28T19:32:26.584-0500] {processor.py:157} INFO - Started process (PID=81500) to work on /home/oscar_rincon/.pyenv/versions/3.10.6/envs/oscar_rincon/lib/python3.10/site-packages/airflow/example_dags/tutorial_taskflow_api.py
[2023-10-28T19:32:26.586-0500] {processor.py:829} INFO - Processing file /home/oscar_rincon/.pyenv/versions/3.10.6/envs/oscar_rincon/lib/python3.10/site-packages/airflow/example_dags/tutorial_taskflow_api.py for tasks to queue
[2023-10-28T19:32:26.586-0500] {logging_mixin.py:151} INFO - [2023-10-28T19:32:26.586-0500] {dagbag.py:539} INFO - Filling up the DagBag from /home/oscar_rincon/.pyenv/versions/3.10.6/envs/oscar_rincon/lib/python3.10/site-packages/airflow/example_dags/tutorial_taskflow_api.py
[2023-10-28T19:32:26.594-0500] {processor.py:839} INFO - DAG(s) dict_keys(['tutorial_taskflow_api']) retrieved from /home/oscar_rincon/.pyenv/versions/3.10.6/envs/oscar_rincon/lib/python3.10/site-packages/airflow/example_dags/tutorial_taskflow_api.py
[2023-10-28T19:32:26.612-0500] {logging_mixin.py:151} INFO - [2023-10-28T19:32:26.612-0500] {dag.py:2915} INFO - Sync 1 DAGs
[2023-10-28T19:32:26.621-0500] {logging_mixin.py:151} INFO - [2023-10-28T19:32:26.621-0500] {dag.py:3696} INFO - Setting next_dagrun for tutorial_taskflow_api to None, run_after=None
[2023-10-28T19:32:26.642-0500] {processor.py:179} INFO - Processing /home/oscar_rincon/.pyenv/versions/3.10.6/envs/oscar_rincon/lib/python3.10/site-packages/airflow/example_dags/tutorial_taskflow_api.py took 0.059 seconds
