[2023-10-28T19:17:44.152-0500] {processor.py:157} INFO - Started process (PID=77249) to work on /home/oscar_rincon/.pyenv/versions/3.10.6/envs/oscar_rincon/lib/python3.10/site-packages/airflow/example_dags/tutorial.py
[2023-10-28T19:17:44.153-0500] {processor.py:829} INFO - Processing file /home/oscar_rincon/.pyenv/versions/3.10.6/envs/oscar_rincon/lib/python3.10/site-packages/airflow/example_dags/tutorial.py for tasks to queue
[2023-10-28T19:17:44.153-0500] {logging_mixin.py:151} INFO - [2023-10-28T19:17:44.153-0500] {dagbag.py:539} INFO - Filling up the DagBag from /home/oscar_rincon/.pyenv/versions/3.10.6/envs/oscar_rincon/lib/python3.10/site-packages/airflow/example_dags/tutorial.py
[2023-10-28T19:17:44.162-0500] {processor.py:839} INFO - DAG(s) dict_keys(['tutorial']) retrieved from /home/oscar_rincon/.pyenv/versions/3.10.6/envs/oscar_rincon/lib/python3.10/site-packages/airflow/example_dags/tutorial.py
[2023-10-28T19:17:44.313-0500] {logging_mixin.py:151} INFO - [2023-10-28T19:17:44.312-0500] {manager.py:499} INFO - Created Permission View: %s
[2023-10-28T19:17:44.327-0500] {logging_mixin.py:151} INFO - [2023-10-28T19:17:44.327-0500] {manager.py:499} INFO - Created Permission View: %s
[2023-10-28T19:17:44.341-0500] {logging_mixin.py:151} INFO - [2023-10-28T19:17:44.340-0500] {manager.py:499} INFO - Created Permission View: %s
[2023-10-28T19:17:44.341-0500] {logging_mixin.py:151} INFO - [2023-10-28T19:17:44.341-0500] {security.py:708} INFO - Not syncing DAG-level permissions for DAG 'DAG:tutorial' as access control is unset.
[2023-10-28T19:17:44.341-0500] {logging_mixin.py:151} INFO - [2023-10-28T19:17:44.341-0500] {dag.py:2915} INFO - Sync 1 DAGs
[2023-10-28T19:17:44.350-0500] {logging_mixin.py:151} INFO - [2023-10-28T19:17:44.350-0500] {dag.py:2937} INFO - Creating ORM DAG for tutorial
[2023-10-28T19:17:44.357-0500] {logging_mixin.py:151} INFO - [2023-10-28T19:17:44.357-0500] {dag.py:3696} INFO - Setting next_dagrun for tutorial to 2023-10-28T00:17:44.357531+00:00, run_after=2023-10-29T00:17:44.357531+00:00
[2023-10-28T19:17:44.382-0500] {processor.py:179} INFO - Processing /home/oscar_rincon/.pyenv/versions/3.10.6/envs/oscar_rincon/lib/python3.10/site-packages/airflow/example_dags/tutorial.py took 0.232 seconds
[2023-10-28T19:18:38.334-0500] {processor.py:157} INFO - Started process (PID=77521) to work on /home/oscar_rincon/.pyenv/versions/3.10.6/envs/oscar_rincon/lib/python3.10/site-packages/airflow/example_dags/tutorial.py
[2023-10-28T19:18:38.374-0500] {processor.py:829} INFO - Processing file /home/oscar_rincon/.pyenv/versions/3.10.6/envs/oscar_rincon/lib/python3.10/site-packages/airflow/example_dags/tutorial.py for tasks to queue
[2023-10-28T19:18:38.376-0500] {logging_mixin.py:151} INFO - [2023-10-28T19:18:38.376-0500] {dagbag.py:539} INFO - Filling up the DagBag from /home/oscar_rincon/.pyenv/versions/3.10.6/envs/oscar_rincon/lib/python3.10/site-packages/airflow/example_dags/tutorial.py
[2023-10-28T19:18:38.386-0500] {processor.py:839} INFO - DAG(s) dict_keys(['tutorial']) retrieved from /home/oscar_rincon/.pyenv/versions/3.10.6/envs/oscar_rincon/lib/python3.10/site-packages/airflow/example_dags/tutorial.py
[2023-10-28T19:18:38.398-0500] {logging_mixin.py:151} INFO - [2023-10-28T19:18:38.398-0500] {dag.py:2915} INFO - Sync 1 DAGs
[2023-10-28T19:18:38.417-0500] {logging_mixin.py:151} INFO - [2023-10-28T19:18:38.417-0500] {dag.py:3696} INFO - Setting next_dagrun for tutorial to 2023-10-28T00:18:38.417190+00:00, run_after=2023-10-29T00:18:38.417190+00:00
[2023-10-28T19:18:38.439-0500] {processor.py:179} INFO - Processing /home/oscar_rincon/.pyenv/versions/3.10.6/envs/oscar_rincon/lib/python3.10/site-packages/airflow/example_dags/tutorial.py took 0.107 seconds
[2023-10-28T19:19:15.103-0500] {processor.py:157} INFO - Started process (PID=77566) to work on /home/oscar_rincon/.pyenv/versions/3.10.6/envs/oscar_rincon/lib/python3.10/site-packages/airflow/example_dags/tutorial.py
[2023-10-28T19:19:15.142-0500] {processor.py:829} INFO - Processing file /home/oscar_rincon/.pyenv/versions/3.10.6/envs/oscar_rincon/lib/python3.10/site-packages/airflow/example_dags/tutorial.py for tasks to queue
[2023-10-28T19:19:15.143-0500] {logging_mixin.py:151} INFO - [2023-10-28T19:19:15.143-0500] {dagbag.py:539} INFO - Filling up the DagBag from /home/oscar_rincon/.pyenv/versions/3.10.6/envs/oscar_rincon/lib/python3.10/site-packages/airflow/example_dags/tutorial.py
[2023-10-28T19:19:15.151-0500] {processor.py:839} INFO - DAG(s) dict_keys(['tutorial']) retrieved from /home/oscar_rincon/.pyenv/versions/3.10.6/envs/oscar_rincon/lib/python3.10/site-packages/airflow/example_dags/tutorial.py
[2023-10-28T19:19:15.168-0500] {logging_mixin.py:151} INFO - [2023-10-28T19:19:15.168-0500] {dag.py:2915} INFO - Sync 1 DAGs
[2023-10-28T19:19:15.190-0500] {logging_mixin.py:151} INFO - [2023-10-28T19:19:15.190-0500] {dag.py:3696} INFO - Setting next_dagrun for tutorial to 2023-10-28T00:19:15.190132+00:00, run_after=2023-10-29T00:19:15.190132+00:00
[2023-10-28T19:19:15.216-0500] {processor.py:179} INFO - Processing /home/oscar_rincon/.pyenv/versions/3.10.6/envs/oscar_rincon/lib/python3.10/site-packages/airflow/example_dags/tutorial.py took 0.115 seconds
[2023-10-28T19:19:35.592-0500] {processor.py:157} INFO - Started process (PID=77876) to work on /home/oscar_rincon/.pyenv/versions/3.10.6/envs/oscar_rincon/lib/python3.10/site-packages/airflow/example_dags/tutorial.py
[2023-10-28T19:19:35.594-0500] {processor.py:829} INFO - Processing file /home/oscar_rincon/.pyenv/versions/3.10.6/envs/oscar_rincon/lib/python3.10/site-packages/airflow/example_dags/tutorial.py for tasks to queue
[2023-10-28T19:19:35.594-0500] {logging_mixin.py:151} INFO - [2023-10-28T19:19:35.594-0500] {dagbag.py:539} INFO - Filling up the DagBag from /home/oscar_rincon/.pyenv/versions/3.10.6/envs/oscar_rincon/lib/python3.10/site-packages/airflow/example_dags/tutorial.py
[2023-10-28T19:19:35.602-0500] {processor.py:839} INFO - DAG(s) dict_keys(['tutorial']) retrieved from /home/oscar_rincon/.pyenv/versions/3.10.6/envs/oscar_rincon/lib/python3.10/site-packages/airflow/example_dags/tutorial.py
[2023-10-28T19:19:35.619-0500] {logging_mixin.py:151} INFO - [2023-10-28T19:19:35.619-0500] {dag.py:2915} INFO - Sync 1 DAGs
[2023-10-28T19:19:35.635-0500] {logging_mixin.py:151} INFO - [2023-10-28T19:19:35.635-0500] {dag.py:3696} INFO - Setting next_dagrun for tutorial to 2023-10-28T00:19:35.635615+00:00, run_after=2023-10-29T00:19:35.635615+00:00
[2023-10-28T19:19:35.658-0500] {processor.py:179} INFO - Processing /home/oscar_rincon/.pyenv/versions/3.10.6/envs/oscar_rincon/lib/python3.10/site-packages/airflow/example_dags/tutorial.py took 0.068 seconds
[2023-10-28T19:20:11.700-0500] {processor.py:157} INFO - Started process (PID=78131) to work on /home/oscar_rincon/.pyenv/versions/3.10.6/envs/oscar_rincon/lib/python3.10/site-packages/airflow/example_dags/tutorial.py
[2023-10-28T19:20:11.702-0500] {processor.py:829} INFO - Processing file /home/oscar_rincon/.pyenv/versions/3.10.6/envs/oscar_rincon/lib/python3.10/site-packages/airflow/example_dags/tutorial.py for tasks to queue
[2023-10-28T19:20:11.702-0500] {logging_mixin.py:151} INFO - [2023-10-28T19:20:11.702-0500] {dagbag.py:539} INFO - Filling up the DagBag from /home/oscar_rincon/.pyenv/versions/3.10.6/envs/oscar_rincon/lib/python3.10/site-packages/airflow/example_dags/tutorial.py
[2023-10-28T19:20:11.712-0500] {processor.py:839} INFO - DAG(s) dict_keys(['tutorial']) retrieved from /home/oscar_rincon/.pyenv/versions/3.10.6/envs/oscar_rincon/lib/python3.10/site-packages/airflow/example_dags/tutorial.py
[2023-10-28T19:20:11.728-0500] {logging_mixin.py:151} INFO - [2023-10-28T19:20:11.728-0500] {dag.py:2915} INFO - Sync 1 DAGs
[2023-10-28T19:20:11.746-0500] {logging_mixin.py:151} INFO - [2023-10-28T19:20:11.746-0500] {dag.py:3696} INFO - Setting next_dagrun for tutorial to 2023-10-28T00:20:11.745704+00:00, run_after=2023-10-29T00:20:11.745704+00:00
[2023-10-28T19:20:11.766-0500] {processor.py:179} INFO - Processing /home/oscar_rincon/.pyenv/versions/3.10.6/envs/oscar_rincon/lib/python3.10/site-packages/airflow/example_dags/tutorial.py took 0.069 seconds
[2023-10-28T19:27:14.476-0500] {processor.py:157} INFO - Started process (PID=79981) to work on /home/oscar_rincon/.pyenv/versions/3.10.6/envs/oscar_rincon/lib/python3.10/site-packages/airflow/example_dags/tutorial.py
[2023-10-28T19:27:14.478-0500] {processor.py:829} INFO - Processing file /home/oscar_rincon/.pyenv/versions/3.10.6/envs/oscar_rincon/lib/python3.10/site-packages/airflow/example_dags/tutorial.py for tasks to queue
[2023-10-28T19:27:14.479-0500] {logging_mixin.py:151} INFO - [2023-10-28T19:27:14.479-0500] {dagbag.py:539} INFO - Filling up the DagBag from /home/oscar_rincon/.pyenv/versions/3.10.6/envs/oscar_rincon/lib/python3.10/site-packages/airflow/example_dags/tutorial.py
[2023-10-28T19:27:14.488-0500] {processor.py:839} INFO - DAG(s) dict_keys(['tutorial']) retrieved from /home/oscar_rincon/.pyenv/versions/3.10.6/envs/oscar_rincon/lib/python3.10/site-packages/airflow/example_dags/tutorial.py
[2023-10-28T19:27:14.506-0500] {logging_mixin.py:151} INFO - [2023-10-28T19:27:14.506-0500] {dag.py:2915} INFO - Sync 1 DAGs
[2023-10-28T19:27:14.523-0500] {logging_mixin.py:151} INFO - [2023-10-28T19:27:14.523-0500] {dag.py:3696} INFO - Setting next_dagrun for tutorial to 2023-10-28T00:27:14.523406+00:00, run_after=2023-10-29T00:27:14.523406+00:00
[2023-10-28T19:27:14.551-0500] {processor.py:179} INFO - Processing /home/oscar_rincon/.pyenv/versions/3.10.6/envs/oscar_rincon/lib/python3.10/site-packages/airflow/example_dags/tutorial.py took 0.082 seconds
[2023-10-28T19:27:30.818-0500] {processor.py:157} INFO - Started process (PID=80275) to work on /home/oscar_rincon/.pyenv/versions/3.10.6/envs/oscar_rincon/lib/python3.10/site-packages/airflow/example_dags/tutorial.py
[2023-10-28T19:27:30.820-0500] {processor.py:829} INFO - Processing file /home/oscar_rincon/.pyenv/versions/3.10.6/envs/oscar_rincon/lib/python3.10/site-packages/airflow/example_dags/tutorial.py for tasks to queue
[2023-10-28T19:27:30.821-0500] {logging_mixin.py:151} INFO - [2023-10-28T19:27:30.820-0500] {dagbag.py:539} INFO - Filling up the DagBag from /home/oscar_rincon/.pyenv/versions/3.10.6/envs/oscar_rincon/lib/python3.10/site-packages/airflow/example_dags/tutorial.py
[2023-10-28T19:27:30.830-0500] {processor.py:839} INFO - DAG(s) dict_keys(['tutorial']) retrieved from /home/oscar_rincon/.pyenv/versions/3.10.6/envs/oscar_rincon/lib/python3.10/site-packages/airflow/example_dags/tutorial.py
[2023-10-28T19:27:30.847-0500] {logging_mixin.py:151} INFO - [2023-10-28T19:27:30.847-0500] {dag.py:2915} INFO - Sync 1 DAGs
[2023-10-28T19:27:30.864-0500] {logging_mixin.py:151} INFO - [2023-10-28T19:27:30.864-0500] {dag.py:3696} INFO - Setting next_dagrun for tutorial to 2023-10-28T00:27:30.864105+00:00, run_after=2023-10-29T00:27:30.864105+00:00
[2023-10-28T19:27:30.886-0500] {processor.py:179} INFO - Processing /home/oscar_rincon/.pyenv/versions/3.10.6/envs/oscar_rincon/lib/python3.10/site-packages/airflow/example_dags/tutorial.py took 0.071 seconds
[2023-10-28T19:28:25.239-0500] {processor.py:157} INFO - Started process (PID=80582) to work on /home/oscar_rincon/.pyenv/versions/3.10.6/envs/oscar_rincon/lib/python3.10/site-packages/airflow/example_dags/tutorial.py
[2023-10-28T19:28:25.241-0500] {processor.py:829} INFO - Processing file /home/oscar_rincon/.pyenv/versions/3.10.6/envs/oscar_rincon/lib/python3.10/site-packages/airflow/example_dags/tutorial.py for tasks to queue
[2023-10-28T19:28:25.241-0500] {logging_mixin.py:151} INFO - [2023-10-28T19:28:25.241-0500] {dagbag.py:539} INFO - Filling up the DagBag from /home/oscar_rincon/.pyenv/versions/3.10.6/envs/oscar_rincon/lib/python3.10/site-packages/airflow/example_dags/tutorial.py
[2023-10-28T19:28:25.250-0500] {processor.py:839} INFO - DAG(s) dict_keys(['tutorial']) retrieved from /home/oscar_rincon/.pyenv/versions/3.10.6/envs/oscar_rincon/lib/python3.10/site-packages/airflow/example_dags/tutorial.py
[2023-10-28T19:28:25.267-0500] {logging_mixin.py:151} INFO - [2023-10-28T19:28:25.267-0500] {dag.py:2915} INFO - Sync 1 DAGs
[2023-10-28T19:28:25.284-0500] {logging_mixin.py:151} INFO - [2023-10-28T19:28:25.284-0500] {dag.py:3696} INFO - Setting next_dagrun for tutorial to 2023-10-28T00:28:25.283951+00:00, run_after=2023-10-29T00:28:25.283951+00:00
[2023-10-28T19:28:25.305-0500] {processor.py:179} INFO - Processing /home/oscar_rincon/.pyenv/versions/3.10.6/envs/oscar_rincon/lib/python3.10/site-packages/airflow/example_dags/tutorial.py took 0.068 seconds
[2023-10-28T19:29:13.460-0500] {processor.py:157} INFO - Started process (PID=80731) to work on /home/oscar_rincon/.pyenv/versions/3.10.6/envs/oscar_rincon/lib/python3.10/site-packages/airflow/example_dags/tutorial.py
[2023-10-28T19:29:13.462-0500] {processor.py:829} INFO - Processing file /home/oscar_rincon/.pyenv/versions/3.10.6/envs/oscar_rincon/lib/python3.10/site-packages/airflow/example_dags/tutorial.py for tasks to queue
[2023-10-28T19:29:13.462-0500] {logging_mixin.py:151} INFO - [2023-10-28T19:29:13.462-0500] {dagbag.py:539} INFO - Filling up the DagBag from /home/oscar_rincon/.pyenv/versions/3.10.6/envs/oscar_rincon/lib/python3.10/site-packages/airflow/example_dags/tutorial.py
[2023-10-28T19:29:13.468-0500] {processor.py:839} INFO - DAG(s) dict_keys(['tutorial']) retrieved from /home/oscar_rincon/.pyenv/versions/3.10.6/envs/oscar_rincon/lib/python3.10/site-packages/airflow/example_dags/tutorial.py
[2023-10-28T19:29:13.480-0500] {logging_mixin.py:151} INFO - [2023-10-28T19:29:13.480-0500] {dag.py:2915} INFO - Sync 1 DAGs
[2023-10-28T19:29:13.497-0500] {logging_mixin.py:151} INFO - [2023-10-28T19:29:13.497-0500] {dag.py:3696} INFO - Setting next_dagrun for tutorial to 2023-10-28T00:29:13.497435+00:00, run_after=2023-10-29T00:29:13.497435+00:00
[2023-10-28T19:29:13.520-0500] {processor.py:179} INFO - Processing /home/oscar_rincon/.pyenv/versions/3.10.6/envs/oscar_rincon/lib/python3.10/site-packages/airflow/example_dags/tutorial.py took 0.063 seconds
[2023-10-28T19:29:48.069-0500] {processor.py:157} INFO - Started process (PID=80842) to work on /home/oscar_rincon/.pyenv/versions/3.10.6/envs/oscar_rincon/lib/python3.10/site-packages/airflow/example_dags/tutorial.py
[2023-10-28T19:29:48.109-0500] {processor.py:829} INFO - Processing file /home/oscar_rincon/.pyenv/versions/3.10.6/envs/oscar_rincon/lib/python3.10/site-packages/airflow/example_dags/tutorial.py for tasks to queue
[2023-10-28T19:29:48.111-0500] {logging_mixin.py:151} INFO - [2023-10-28T19:29:48.111-0500] {dagbag.py:539} INFO - Filling up the DagBag from /home/oscar_rincon/.pyenv/versions/3.10.6/envs/oscar_rincon/lib/python3.10/site-packages/airflow/example_dags/tutorial.py
[2023-10-28T19:29:48.122-0500] {processor.py:839} INFO - DAG(s) dict_keys(['tutorial']) retrieved from /home/oscar_rincon/.pyenv/versions/3.10.6/envs/oscar_rincon/lib/python3.10/site-packages/airflow/example_dags/tutorial.py
[2023-10-28T19:29:48.134-0500] {logging_mixin.py:151} INFO - [2023-10-28T19:29:48.134-0500] {dag.py:2915} INFO - Sync 1 DAGs
[2023-10-28T19:29:48.150-0500] {logging_mixin.py:151} INFO - [2023-10-28T19:29:48.149-0500] {dag.py:3696} INFO - Setting next_dagrun for tutorial to 2023-10-28T00:29:48.149803+00:00, run_after=2023-10-29T00:29:48.149803+00:00
[2023-10-28T19:29:48.173-0500] {processor.py:179} INFO - Processing /home/oscar_rincon/.pyenv/versions/3.10.6/envs/oscar_rincon/lib/python3.10/site-packages/airflow/example_dags/tutorial.py took 0.106 seconds
[2023-10-28T19:30:25.194-0500] {processor.py:157} INFO - Started process (PID=80949) to work on /home/oscar_rincon/.pyenv/versions/3.10.6/envs/oscar_rincon/lib/python3.10/site-packages/airflow/example_dags/tutorial.py
[2023-10-28T19:30:25.195-0500] {processor.py:829} INFO - Processing file /home/oscar_rincon/.pyenv/versions/3.10.6/envs/oscar_rincon/lib/python3.10/site-packages/airflow/example_dags/tutorial.py for tasks to queue
[2023-10-28T19:30:25.196-0500] {logging_mixin.py:151} INFO - [2023-10-28T19:30:25.195-0500] {dagbag.py:539} INFO - Filling up the DagBag from /home/oscar_rincon/.pyenv/versions/3.10.6/envs/oscar_rincon/lib/python3.10/site-packages/airflow/example_dags/tutorial.py
[2023-10-28T19:30:25.202-0500] {processor.py:839} INFO - DAG(s) dict_keys(['tutorial']) retrieved from /home/oscar_rincon/.pyenv/versions/3.10.6/envs/oscar_rincon/lib/python3.10/site-packages/airflow/example_dags/tutorial.py
[2023-10-28T19:30:25.217-0500] {logging_mixin.py:151} INFO - [2023-10-28T19:30:25.217-0500] {dag.py:2915} INFO - Sync 1 DAGs
[2023-10-28T19:30:25.234-0500] {logging_mixin.py:151} INFO - [2023-10-28T19:30:25.234-0500] {dag.py:3696} INFO - Setting next_dagrun for tutorial to 2023-10-28T00:30:25.234215+00:00, run_after=2023-10-29T00:30:25.234215+00:00
[2023-10-28T19:30:25.257-0500] {processor.py:179} INFO - Processing /home/oscar_rincon/.pyenv/versions/3.10.6/envs/oscar_rincon/lib/python3.10/site-packages/airflow/example_dags/tutorial.py took 0.066 seconds
[2023-10-28T19:32:21.642-0500] {processor.py:157} INFO - Started process (PID=81463) to work on /home/oscar_rincon/.pyenv/versions/3.10.6/envs/oscar_rincon/lib/python3.10/site-packages/airflow/example_dags/tutorial.py
[2023-10-28T19:32:21.644-0500] {processor.py:829} INFO - Processing file /home/oscar_rincon/.pyenv/versions/3.10.6/envs/oscar_rincon/lib/python3.10/site-packages/airflow/example_dags/tutorial.py for tasks to queue
[2023-10-28T19:32:21.645-0500] {logging_mixin.py:151} INFO - [2023-10-28T19:32:21.644-0500] {dagbag.py:539} INFO - Filling up the DagBag from /home/oscar_rincon/.pyenv/versions/3.10.6/envs/oscar_rincon/lib/python3.10/site-packages/airflow/example_dags/tutorial.py
[2023-10-28T19:32:21.654-0500] {processor.py:839} INFO - DAG(s) dict_keys(['tutorial']) retrieved from /home/oscar_rincon/.pyenv/versions/3.10.6/envs/oscar_rincon/lib/python3.10/site-packages/airflow/example_dags/tutorial.py
[2023-10-28T19:32:21.674-0500] {logging_mixin.py:151} INFO - [2023-10-28T19:32:21.674-0500] {dag.py:2915} INFO - Sync 1 DAGs
[2023-10-28T19:32:21.695-0500] {logging_mixin.py:151} INFO - [2023-10-28T19:32:21.694-0500] {dag.py:3696} INFO - Setting next_dagrun for tutorial to 2023-10-28T00:32:21.694459+00:00, run_after=2023-10-29T00:32:21.694459+00:00
[2023-10-28T19:32:21.717-0500] {processor.py:179} INFO - Processing /home/oscar_rincon/.pyenv/versions/3.10.6/envs/oscar_rincon/lib/python3.10/site-packages/airflow/example_dags/tutorial.py took 0.077 seconds
