[2023-10-28T19:17:51.864-0500] {processor.py:157} INFO - Started process (PID=77317) to work on /home/oscar_rincon/.pyenv/versions/3.10.6/envs/oscar_rincon/lib/python3.10/site-packages/airflow/example_dags/tutorial_dag.py
[2023-10-28T19:17:51.865-0500] {processor.py:829} INFO - Processing file /home/oscar_rincon/.pyenv/versions/3.10.6/envs/oscar_rincon/lib/python3.10/site-packages/airflow/example_dags/tutorial_dag.py for tasks to queue
[2023-10-28T19:17:51.867-0500] {logging_mixin.py:151} INFO - [2023-10-28T19:17:51.866-0500] {dagbag.py:539} INFO - Filling up the DagBag from /home/oscar_rincon/.pyenv/versions/3.10.6/envs/oscar_rincon/lib/python3.10/site-packages/airflow/example_dags/tutorial_dag.py
[2023-10-28T19:17:51.873-0500] {processor.py:839} INFO - DAG(s) dict_keys(['tutorial_dag']) retrieved from /home/oscar_rincon/.pyenv/versions/3.10.6/envs/oscar_rincon/lib/python3.10/site-packages/airflow/example_dags/tutorial_dag.py
[2023-10-28T19:17:52.014-0500] {logging_mixin.py:151} INFO - [2023-10-28T19:17:52.014-0500] {manager.py:499} INFO - Created Permission View: %s
[2023-10-28T19:17:52.030-0500] {logging_mixin.py:151} INFO - [2023-10-28T19:17:52.030-0500] {manager.py:499} INFO - Created Permission View: %s
[2023-10-28T19:17:52.043-0500] {logging_mixin.py:151} INFO - [2023-10-28T19:17:52.043-0500] {manager.py:499} INFO - Created Permission View: %s
[2023-10-28T19:17:52.044-0500] {logging_mixin.py:151} INFO - [2023-10-28T19:17:52.043-0500] {security.py:708} INFO - Not syncing DAG-level permissions for DAG 'DAG:tutorial_dag' as access control is unset.
[2023-10-28T19:17:52.044-0500] {logging_mixin.py:151} INFO - [2023-10-28T19:17:52.044-0500] {dag.py:2915} INFO - Sync 1 DAGs
[2023-10-28T19:17:52.053-0500] {logging_mixin.py:151} INFO - [2023-10-28T19:17:52.053-0500] {dag.py:2937} INFO - Creating ORM DAG for tutorial_dag
[2023-10-28T19:17:52.054-0500] {logging_mixin.py:151} INFO - [2023-10-28T19:17:52.054-0500] {dag.py:3696} INFO - Setting next_dagrun for tutorial_dag to None, run_after=None
[2023-10-28T19:17:52.081-0500] {processor.py:179} INFO - Processing /home/oscar_rincon/.pyenv/versions/3.10.6/envs/oscar_rincon/lib/python3.10/site-packages/airflow/example_dags/tutorial_dag.py took 0.218 seconds
[2023-10-28T19:18:44.063-0500] {processor.py:157} INFO - Started process (PID=77527) to work on /home/oscar_rincon/.pyenv/versions/3.10.6/envs/oscar_rincon/lib/python3.10/site-packages/airflow/example_dags/tutorial_dag.py
[2023-10-28T19:18:44.104-0500] {processor.py:829} INFO - Processing file /home/oscar_rincon/.pyenv/versions/3.10.6/envs/oscar_rincon/lib/python3.10/site-packages/airflow/example_dags/tutorial_dag.py for tasks to queue
[2023-10-28T19:18:44.106-0500] {logging_mixin.py:151} INFO - [2023-10-28T19:18:44.105-0500] {dagbag.py:539} INFO - Filling up the DagBag from /home/oscar_rincon/.pyenv/versions/3.10.6/envs/oscar_rincon/lib/python3.10/site-packages/airflow/example_dags/tutorial_dag.py
[2023-10-28T19:18:44.112-0500] {processor.py:839} INFO - DAG(s) dict_keys(['tutorial_dag']) retrieved from /home/oscar_rincon/.pyenv/versions/3.10.6/envs/oscar_rincon/lib/python3.10/site-packages/airflow/example_dags/tutorial_dag.py
[2023-10-28T19:18:44.124-0500] {logging_mixin.py:151} INFO - [2023-10-28T19:18:44.123-0500] {dag.py:2915} INFO - Sync 1 DAGs
[2023-10-28T19:18:44.133-0500] {logging_mixin.py:151} INFO - [2023-10-28T19:18:44.133-0500] {dag.py:3696} INFO - Setting next_dagrun for tutorial_dag to None, run_after=None
[2023-10-28T19:18:44.155-0500] {processor.py:179} INFO - Processing /home/oscar_rincon/.pyenv/versions/3.10.6/envs/oscar_rincon/lib/python3.10/site-packages/airflow/example_dags/tutorial_dag.py took 0.094 seconds
[2023-10-28T19:19:41.675-0500] {processor.py:157} INFO - Started process (PID=77914) to work on /home/oscar_rincon/.pyenv/versions/3.10.6/envs/oscar_rincon/lib/python3.10/site-packages/airflow/example_dags/tutorial_dag.py
[2023-10-28T19:19:41.715-0500] {processor.py:829} INFO - Processing file /home/oscar_rincon/.pyenv/versions/3.10.6/envs/oscar_rincon/lib/python3.10/site-packages/airflow/example_dags/tutorial_dag.py for tasks to queue
[2023-10-28T19:19:41.717-0500] {logging_mixin.py:151} INFO - [2023-10-28T19:19:41.717-0500] {dagbag.py:539} INFO - Filling up the DagBag from /home/oscar_rincon/.pyenv/versions/3.10.6/envs/oscar_rincon/lib/python3.10/site-packages/airflow/example_dags/tutorial_dag.py
[2023-10-28T19:19:41.725-0500] {processor.py:839} INFO - DAG(s) dict_keys(['tutorial_dag']) retrieved from /home/oscar_rincon/.pyenv/versions/3.10.6/envs/oscar_rincon/lib/python3.10/site-packages/airflow/example_dags/tutorial_dag.py
[2023-10-28T19:19:41.745-0500] {logging_mixin.py:151} INFO - [2023-10-28T19:19:41.744-0500] {dag.py:2915} INFO - Sync 1 DAGs
[2023-10-28T19:19:41.753-0500] {logging_mixin.py:151} INFO - [2023-10-28T19:19:41.753-0500] {dag.py:3696} INFO - Setting next_dagrun for tutorial_dag to None, run_after=None
[2023-10-28T19:19:41.776-0500] {processor.py:179} INFO - Processing /home/oscar_rincon/.pyenv/versions/3.10.6/envs/oscar_rincon/lib/python3.10/site-packages/airflow/example_dags/tutorial_dag.py took 0.103 seconds
[2023-10-28T19:28:32.523-0500] {processor.py:157} INFO - Started process (PID=80620) to work on /home/oscar_rincon/.pyenv/versions/3.10.6/envs/oscar_rincon/lib/python3.10/site-packages/airflow/example_dags/tutorial_dag.py
[2023-10-28T19:28:32.564-0500] {processor.py:829} INFO - Processing file /home/oscar_rincon/.pyenv/versions/3.10.6/envs/oscar_rincon/lib/python3.10/site-packages/airflow/example_dags/tutorial_dag.py for tasks to queue
[2023-10-28T19:28:32.565-0500] {logging_mixin.py:151} INFO - [2023-10-28T19:28:32.565-0500] {dagbag.py:539} INFO - Filling up the DagBag from /home/oscar_rincon/.pyenv/versions/3.10.6/envs/oscar_rincon/lib/python3.10/site-packages/airflow/example_dags/tutorial_dag.py
[2023-10-28T19:28:32.576-0500] {processor.py:839} INFO - DAG(s) dict_keys(['tutorial_dag']) retrieved from /home/oscar_rincon/.pyenv/versions/3.10.6/envs/oscar_rincon/lib/python3.10/site-packages/airflow/example_dags/tutorial_dag.py
[2023-10-28T19:28:32.594-0500] {logging_mixin.py:151} INFO - [2023-10-28T19:28:32.593-0500] {dag.py:2915} INFO - Sync 1 DAGs
[2023-10-28T19:28:32.602-0500] {logging_mixin.py:151} INFO - [2023-10-28T19:28:32.602-0500] {dag.py:3696} INFO - Setting next_dagrun for tutorial_dag to None, run_after=None
[2023-10-28T19:28:32.624-0500] {processor.py:179} INFO - Processing /home/oscar_rincon/.pyenv/versions/3.10.6/envs/oscar_rincon/lib/python3.10/site-packages/airflow/example_dags/tutorial_dag.py took 0.103 seconds
[2023-10-28T19:29:19.716-0500] {processor.py:157} INFO - Started process (PID=80755) to work on /home/oscar_rincon/.pyenv/versions/3.10.6/envs/oscar_rincon/lib/python3.10/site-packages/airflow/example_dags/tutorial_dag.py
[2023-10-28T19:29:19.742-0500] {processor.py:829} INFO - Processing file /home/oscar_rincon/.pyenv/versions/3.10.6/envs/oscar_rincon/lib/python3.10/site-packages/airflow/example_dags/tutorial_dag.py for tasks to queue
[2023-10-28T19:29:19.743-0500] {logging_mixin.py:151} INFO - [2023-10-28T19:29:19.742-0500] {dagbag.py:539} INFO - Filling up the DagBag from /home/oscar_rincon/.pyenv/versions/3.10.6/envs/oscar_rincon/lib/python3.10/site-packages/airflow/example_dags/tutorial_dag.py
[2023-10-28T19:29:19.748-0500] {processor.py:839} INFO - DAG(s) dict_keys(['tutorial_dag']) retrieved from /home/oscar_rincon/.pyenv/versions/3.10.6/envs/oscar_rincon/lib/python3.10/site-packages/airflow/example_dags/tutorial_dag.py
[2023-10-28T19:29:19.770-0500] {logging_mixin.py:151} INFO - [2023-10-28T19:29:19.770-0500] {dag.py:2915} INFO - Sync 1 DAGs
[2023-10-28T19:29:19.789-0500] {logging_mixin.py:151} INFO - [2023-10-28T19:29:19.788-0500] {dag.py:3696} INFO - Setting next_dagrun for tutorial_dag to None, run_after=None
[2023-10-28T19:29:19.824-0500] {processor.py:179} INFO - Processing /home/oscar_rincon/.pyenv/versions/3.10.6/envs/oscar_rincon/lib/python3.10/site-packages/airflow/example_dags/tutorial_dag.py took 0.111 seconds
[2023-10-28T19:30:07.144-0500] {processor.py:157} INFO - Started process (PID=80863) to work on /home/oscar_rincon/.pyenv/versions/3.10.6/envs/oscar_rincon/lib/python3.10/site-packages/airflow/example_dags/tutorial_dag.py
[2023-10-28T19:30:07.184-0500] {processor.py:829} INFO - Processing file /home/oscar_rincon/.pyenv/versions/3.10.6/envs/oscar_rincon/lib/python3.10/site-packages/airflow/example_dags/tutorial_dag.py for tasks to queue
[2023-10-28T19:30:07.185-0500] {logging_mixin.py:151} INFO - [2023-10-28T19:30:07.185-0500] {dagbag.py:539} INFO - Filling up the DagBag from /home/oscar_rincon/.pyenv/versions/3.10.6/envs/oscar_rincon/lib/python3.10/site-packages/airflow/example_dags/tutorial_dag.py
[2023-10-28T19:30:07.191-0500] {processor.py:839} INFO - DAG(s) dict_keys(['tutorial_dag']) retrieved from /home/oscar_rincon/.pyenv/versions/3.10.6/envs/oscar_rincon/lib/python3.10/site-packages/airflow/example_dags/tutorial_dag.py
[2023-10-28T19:30:07.204-0500] {logging_mixin.py:151} INFO - [2023-10-28T19:30:07.204-0500] {dag.py:2915} INFO - Sync 1 DAGs
[2023-10-28T19:30:07.213-0500] {logging_mixin.py:151} INFO - [2023-10-28T19:30:07.213-0500] {dag.py:3696} INFO - Setting next_dagrun for tutorial_dag to None, run_after=None
[2023-10-28T19:30:07.240-0500] {processor.py:179} INFO - Processing /home/oscar_rincon/.pyenv/versions/3.10.6/envs/oscar_rincon/lib/python3.10/site-packages/airflow/example_dags/tutorial_dag.py took 0.098 seconds
[2023-10-28T19:32:27.729-0500] {processor.py:157} INFO - Started process (PID=81501) to work on /home/oscar_rincon/.pyenv/versions/3.10.6/envs/oscar_rincon/lib/python3.10/site-packages/airflow/example_dags/tutorial_dag.py
[2023-10-28T19:32:27.731-0500] {processor.py:829} INFO - Processing file /home/oscar_rincon/.pyenv/versions/3.10.6/envs/oscar_rincon/lib/python3.10/site-packages/airflow/example_dags/tutorial_dag.py for tasks to queue
[2023-10-28T19:32:27.732-0500] {logging_mixin.py:151} INFO - [2023-10-28T19:32:27.731-0500] {dagbag.py:539} INFO - Filling up the DagBag from /home/oscar_rincon/.pyenv/versions/3.10.6/envs/oscar_rincon/lib/python3.10/site-packages/airflow/example_dags/tutorial_dag.py
[2023-10-28T19:32:27.738-0500] {processor.py:839} INFO - DAG(s) dict_keys(['tutorial_dag']) retrieved from /home/oscar_rincon/.pyenv/versions/3.10.6/envs/oscar_rincon/lib/python3.10/site-packages/airflow/example_dags/tutorial_dag.py
[2023-10-28T19:32:27.758-0500] {logging_mixin.py:151} INFO - [2023-10-28T19:32:27.758-0500] {dag.py:2915} INFO - Sync 1 DAGs
[2023-10-28T19:32:27.768-0500] {logging_mixin.py:151} INFO - [2023-10-28T19:32:27.767-0500] {dag.py:3696} INFO - Setting next_dagrun for tutorial_dag to None, run_after=None
[2023-10-28T19:32:27.789-0500] {processor.py:179} INFO - Processing /home/oscar_rincon/.pyenv/versions/3.10.6/envs/oscar_rincon/lib/python3.10/site-packages/airflow/example_dags/tutorial_dag.py took 0.063 seconds
