[2023-10-29T23:00:34.523-0500] {taskinstance.py:1087} INFO - Dependencies all met for <TaskInstance: example_bash_operator.also_run_this backfill__2015-01-02T00:00:00+00:00 [queued]>
[2023-10-29T23:00:34.548-0500] {taskinstance.py:1087} INFO - Dependencies all met for <TaskInstance: example_bash_operator.also_run_this backfill__2015-01-02T00:00:00+00:00 [queued]>
[2023-10-29T23:00:34.549-0500] {taskinstance.py:1283} INFO - 
--------------------------------------------------------------------------------
[2023-10-29T23:00:34.549-0500] {taskinstance.py:1284} INFO - Starting attempt 1 of 1
[2023-10-29T23:00:34.550-0500] {taskinstance.py:1285} INFO - 
--------------------------------------------------------------------------------
[2023-10-29T23:00:34.587-0500] {taskinstance.py:1304} INFO - Executing <Task(BashOperator): also_run_this> on 2015-01-02 00:00:00+00:00
[2023-10-29T23:00:34.597-0500] {standard_task_runner.py:55} INFO - Started process 199088 to run task
[2023-10-29T23:00:34.612-0500] {standard_task_runner.py:82} INFO - Running: ['***', 'tasks', 'run', 'example_bash_operator', 'also_run_this', 'backfill__2015-01-02T00:00:00+00:00', '--job-id', '4', '--pool', 'default_pool', '--raw', '--subdir', '/home/oscar_rincon/code/oscar-rincon/ml-engineering-course/venv/lib/python3.10/site-packages/***/example_dags/example_bash_operator.py', '--cfg-path', '/tmp/tmpruaxwhr1']
[2023-10-29T23:00:34.617-0500] {standard_task_runner.py:83} INFO - Job 4: Subtask also_run_this
[2023-10-29T23:00:34.894-0500] {task_command.py:389} INFO - Running <TaskInstance: example_bash_operator.also_run_this backfill__2015-01-02T00:00:00+00:00 [running]> on host DESKTOP-D8R6NL8.
[2023-10-29T23:00:35.103-0500] {taskinstance.py:1511} INFO - Exporting the following env vars:
AIRFLOW_CTX_DAG_OWNER=***
AIRFLOW_CTX_DAG_ID=example_bash_operator
AIRFLOW_CTX_TASK_ID=also_run_this
AIRFLOW_CTX_EXECUTION_DATE=2015-01-02T00:00:00+00:00
AIRFLOW_CTX_TRY_NUMBER=1
AIRFLOW_CTX_DAG_RUN_ID=backfill__2015-01-02T00:00:00+00:00
[2023-10-29T23:00:35.105-0500] {subprocess.py:63} INFO - Tmp dir root location: 
 /tmp
[2023-10-29T23:00:35.107-0500] {subprocess.py:75} INFO - Running command: ['/usr/bin/bash', '-c', 'echo "ti_key=example_bash_operator__also_run_this__20150102"']
[2023-10-29T23:00:35.118-0500] {subprocess.py:86} INFO - Output:
[2023-10-29T23:00:35.121-0500] {subprocess.py:93} INFO - ti_key=example_bash_operator__also_run_this__20150102
[2023-10-29T23:00:35.122-0500] {subprocess.py:97} INFO - Command exited with return code 0
[2023-10-29T23:00:35.207-0500] {taskinstance.py:1322} INFO - Marking task as SUCCESS. dag_id=example_bash_operator, task_id=also_run_this, execution_date=20150102T000000, start_date=20231030T040034, end_date=20231030T040035
[2023-10-29T23:00:35.266-0500] {local_task_job.py:159} INFO - Task exited with return code 0
[2023-10-29T23:00:35.296-0500] {taskinstance.py:2582} INFO - 0 downstream tasks scheduled from follow-on schedule check
