[2023-10-28T19:17:53.213-0500] {processor.py:157} INFO - Started process (PID=77318) to work on /home/oscar_rincon/.pyenv/versions/3.10.6/envs/oscar_rincon/lib/python3.10/site-packages/airflow/example_dags/subdags/subdag.py
[2023-10-28T19:17:53.214-0500] {processor.py:829} INFO - Processing file /home/oscar_rincon/.pyenv/versions/3.10.6/envs/oscar_rincon/lib/python3.10/site-packages/airflow/example_dags/subdags/subdag.py for tasks to queue
[2023-10-28T19:17:53.215-0500] {logging_mixin.py:151} INFO - [2023-10-28T19:17:53.214-0500] {dagbag.py:539} INFO - Filling up the DagBag from /home/oscar_rincon/.pyenv/versions/3.10.6/envs/oscar_rincon/lib/python3.10/site-packages/airflow/example_dags/subdags/subdag.py
[2023-10-28T19:17:53.217-0500] {processor.py:841} WARNING - No viable dags retrieved from /home/oscar_rincon/.pyenv/versions/3.10.6/envs/oscar_rincon/lib/python3.10/site-packages/airflow/example_dags/subdags/subdag.py
[2023-10-28T19:17:53.225-0500] {processor.py:179} INFO - Processing /home/oscar_rincon/.pyenv/versions/3.10.6/envs/oscar_rincon/lib/python3.10/site-packages/airflow/example_dags/subdags/subdag.py took 0.014 seconds
[2023-10-28T19:18:44.790-0500] {processor.py:157} INFO - Started process (PID=77528) to work on /home/oscar_rincon/.pyenv/versions/3.10.6/envs/oscar_rincon/lib/python3.10/site-packages/airflow/example_dags/subdags/subdag.py
[2023-10-28T19:18:44.791-0500] {processor.py:829} INFO - Processing file /home/oscar_rincon/.pyenv/versions/3.10.6/envs/oscar_rincon/lib/python3.10/site-packages/airflow/example_dags/subdags/subdag.py for tasks to queue
[2023-10-28T19:18:44.792-0500] {logging_mixin.py:151} INFO - [2023-10-28T19:18:44.792-0500] {dagbag.py:539} INFO - Filling up the DagBag from /home/oscar_rincon/.pyenv/versions/3.10.6/envs/oscar_rincon/lib/python3.10/site-packages/airflow/example_dags/subdags/subdag.py
[2023-10-28T19:18:44.794-0500] {processor.py:841} WARNING - No viable dags retrieved from /home/oscar_rincon/.pyenv/versions/3.10.6/envs/oscar_rincon/lib/python3.10/site-packages/airflow/example_dags/subdags/subdag.py
[2023-10-28T19:18:44.801-0500] {processor.py:179} INFO - Processing /home/oscar_rincon/.pyenv/versions/3.10.6/envs/oscar_rincon/lib/python3.10/site-packages/airflow/example_dags/subdags/subdag.py took 0.014 seconds
[2023-10-28T19:19:42.920-0500] {processor.py:157} INFO - Started process (PID=77915) to work on /home/oscar_rincon/.pyenv/versions/3.10.6/envs/oscar_rincon/lib/python3.10/site-packages/airflow/example_dags/subdags/subdag.py
[2023-10-28T19:19:42.961-0500] {processor.py:829} INFO - Processing file /home/oscar_rincon/.pyenv/versions/3.10.6/envs/oscar_rincon/lib/python3.10/site-packages/airflow/example_dags/subdags/subdag.py for tasks to queue
[2023-10-28T19:19:42.963-0500] {logging_mixin.py:151} INFO - [2023-10-28T19:19:42.962-0500] {dagbag.py:539} INFO - Filling up the DagBag from /home/oscar_rincon/.pyenv/versions/3.10.6/envs/oscar_rincon/lib/python3.10/site-packages/airflow/example_dags/subdags/subdag.py
[2023-10-28T19:19:42.967-0500] {processor.py:841} WARNING - No viable dags retrieved from /home/oscar_rincon/.pyenv/versions/3.10.6/envs/oscar_rincon/lib/python3.10/site-packages/airflow/example_dags/subdags/subdag.py
[2023-10-28T19:19:42.976-0500] {processor.py:179} INFO - Processing /home/oscar_rincon/.pyenv/versions/3.10.6/envs/oscar_rincon/lib/python3.10/site-packages/airflow/example_dags/subdags/subdag.py took 0.058 seconds
[2023-10-28T19:28:33.764-0500] {processor.py:157} INFO - Started process (PID=80621) to work on /home/oscar_rincon/.pyenv/versions/3.10.6/envs/oscar_rincon/lib/python3.10/site-packages/airflow/example_dags/subdags/subdag.py
[2023-10-28T19:28:33.805-0500] {processor.py:829} INFO - Processing file /home/oscar_rincon/.pyenv/versions/3.10.6/envs/oscar_rincon/lib/python3.10/site-packages/airflow/example_dags/subdags/subdag.py for tasks to queue
[2023-10-28T19:28:33.806-0500] {logging_mixin.py:151} INFO - [2023-10-28T19:28:33.806-0500] {dagbag.py:539} INFO - Filling up the DagBag from /home/oscar_rincon/.pyenv/versions/3.10.6/envs/oscar_rincon/lib/python3.10/site-packages/airflow/example_dags/subdags/subdag.py
[2023-10-28T19:28:33.810-0500] {processor.py:841} WARNING - No viable dags retrieved from /home/oscar_rincon/.pyenv/versions/3.10.6/envs/oscar_rincon/lib/python3.10/site-packages/airflow/example_dags/subdags/subdag.py
[2023-10-28T19:28:33.820-0500] {processor.py:179} INFO - Processing /home/oscar_rincon/.pyenv/versions/3.10.6/envs/oscar_rincon/lib/python3.10/site-packages/airflow/example_dags/subdags/subdag.py took 0.058 seconds
[2023-10-28T19:29:20.963-0500] {processor.py:157} INFO - Started process (PID=80771) to work on /home/oscar_rincon/.pyenv/versions/3.10.6/envs/oscar_rincon/lib/python3.10/site-packages/airflow/example_dags/subdags/subdag.py
[2023-10-28T19:29:20.965-0500] {processor.py:829} INFO - Processing file /home/oscar_rincon/.pyenv/versions/3.10.6/envs/oscar_rincon/lib/python3.10/site-packages/airflow/example_dags/subdags/subdag.py for tasks to queue
[2023-10-28T19:29:20.966-0500] {logging_mixin.py:151} INFO - [2023-10-28T19:29:20.965-0500] {dagbag.py:539} INFO - Filling up the DagBag from /home/oscar_rincon/.pyenv/versions/3.10.6/envs/oscar_rincon/lib/python3.10/site-packages/airflow/example_dags/subdags/subdag.py
[2023-10-28T19:29:20.968-0500] {processor.py:841} WARNING - No viable dags retrieved from /home/oscar_rincon/.pyenv/versions/3.10.6/envs/oscar_rincon/lib/python3.10/site-packages/airflow/example_dags/subdags/subdag.py
[2023-10-28T19:29:20.983-0500] {processor.py:179} INFO - Processing /home/oscar_rincon/.pyenv/versions/3.10.6/envs/oscar_rincon/lib/python3.10/site-packages/airflow/example_dags/subdags/subdag.py took 0.024 seconds
[2023-10-28T19:30:08.389-0500] {processor.py:157} INFO - Started process (PID=80866) to work on /home/oscar_rincon/.pyenv/versions/3.10.6/envs/oscar_rincon/lib/python3.10/site-packages/airflow/example_dags/subdags/subdag.py
[2023-10-28T19:30:08.429-0500] {processor.py:829} INFO - Processing file /home/oscar_rincon/.pyenv/versions/3.10.6/envs/oscar_rincon/lib/python3.10/site-packages/airflow/example_dags/subdags/subdag.py for tasks to queue
[2023-10-28T19:30:08.431-0500] {logging_mixin.py:151} INFO - [2023-10-28T19:30:08.430-0500] {dagbag.py:539} INFO - Filling up the DagBag from /home/oscar_rincon/.pyenv/versions/3.10.6/envs/oscar_rincon/lib/python3.10/site-packages/airflow/example_dags/subdags/subdag.py
[2023-10-28T19:30:08.433-0500] {processor.py:841} WARNING - No viable dags retrieved from /home/oscar_rincon/.pyenv/versions/3.10.6/envs/oscar_rincon/lib/python3.10/site-packages/airflow/example_dags/subdags/subdag.py
[2023-10-28T19:30:08.444-0500] {processor.py:179} INFO - Processing /home/oscar_rincon/.pyenv/versions/3.10.6/envs/oscar_rincon/lib/python3.10/site-packages/airflow/example_dags/subdags/subdag.py took 0.059 seconds
[2023-10-28T19:32:28.867-0500] {processor.py:157} INFO - Started process (PID=81502) to work on /home/oscar_rincon/.pyenv/versions/3.10.6/envs/oscar_rincon/lib/python3.10/site-packages/airflow/example_dags/subdags/subdag.py
[2023-10-28T19:32:28.907-0500] {processor.py:829} INFO - Processing file /home/oscar_rincon/.pyenv/versions/3.10.6/envs/oscar_rincon/lib/python3.10/site-packages/airflow/example_dags/subdags/subdag.py for tasks to queue
[2023-10-28T19:32:28.910-0500] {logging_mixin.py:151} INFO - [2023-10-28T19:32:28.909-0500] {dagbag.py:539} INFO - Filling up the DagBag from /home/oscar_rincon/.pyenv/versions/3.10.6/envs/oscar_rincon/lib/python3.10/site-packages/airflow/example_dags/subdags/subdag.py
[2023-10-28T19:32:28.914-0500] {processor.py:841} WARNING - No viable dags retrieved from /home/oscar_rincon/.pyenv/versions/3.10.6/envs/oscar_rincon/lib/python3.10/site-packages/airflow/example_dags/subdags/subdag.py
[2023-10-28T19:32:28.923-0500] {processor.py:179} INFO - Processing /home/oscar_rincon/.pyenv/versions/3.10.6/envs/oscar_rincon/lib/python3.10/site-packages/airflow/example_dags/subdags/subdag.py took 0.058 seconds
