[2023-10-29T23:00:34.526-0500] {taskinstance.py:1087} INFO - Dependencies all met for <TaskInstance: example_bash_operator.this_will_skip backfill__2015-01-02T00:00:00+00:00 [queued]>
[2023-10-29T23:00:34.567-0500] {taskinstance.py:1087} INFO - Dependencies all met for <TaskInstance: example_bash_operator.this_will_skip backfill__2015-01-02T00:00:00+00:00 [queued]>
[2023-10-29T23:00:34.568-0500] {taskinstance.py:1283} INFO - 
--------------------------------------------------------------------------------
[2023-10-29T23:00:34.569-0500] {taskinstance.py:1284} INFO - Starting attempt 1 of 1
[2023-10-29T23:00:34.576-0500] {taskinstance.py:1285} INFO - 
--------------------------------------------------------------------------------
[2023-10-29T23:00:34.622-0500] {taskinstance.py:1304} INFO - Executing <Task(BashOperator): this_will_skip> on 2015-01-02 00:00:00+00:00
[2023-10-29T23:00:34.630-0500] {standard_task_runner.py:55} INFO - Started process 199093 to run task
[2023-10-29T23:00:34.647-0500] {standard_task_runner.py:82} INFO - Running: ['***', 'tasks', 'run', 'example_bash_operator', 'this_will_skip', 'backfill__2015-01-02T00:00:00+00:00', '--job-id', '3', '--pool', 'default_pool', '--raw', '--subdir', '/home/oscar_rincon/code/oscar-rincon/ml-engineering-course/venv/lib/python3.10/site-packages/***/example_dags/example_bash_operator.py', '--cfg-path', '/tmp/tmpxpzvezco']
[2023-10-29T23:00:34.651-0500] {standard_task_runner.py:83} INFO - Job 3: Subtask this_will_skip
[2023-10-29T23:00:34.958-0500] {task_command.py:389} INFO - Running <TaskInstance: example_bash_operator.this_will_skip backfill__2015-01-02T00:00:00+00:00 [running]> on host DESKTOP-D8R6NL8.
[2023-10-29T23:00:35.210-0500] {taskinstance.py:1511} INFO - Exporting the following env vars:
AIRFLOW_CTX_DAG_OWNER=***
AIRFLOW_CTX_DAG_ID=example_bash_operator
AIRFLOW_CTX_TASK_ID=this_will_skip
AIRFLOW_CTX_EXECUTION_DATE=2015-01-02T00:00:00+00:00
AIRFLOW_CTX_TRY_NUMBER=1
AIRFLOW_CTX_DAG_RUN_ID=backfill__2015-01-02T00:00:00+00:00
[2023-10-29T23:00:35.212-0500] {subprocess.py:63} INFO - Tmp dir root location: 
 /tmp
[2023-10-29T23:00:35.214-0500] {subprocess.py:75} INFO - Running command: ['/usr/bin/bash', '-c', 'echo "hello world"; exit 99;']
[2023-10-29T23:00:35.235-0500] {subprocess.py:86} INFO - Output:
[2023-10-29T23:00:35.237-0500] {subprocess.py:93} INFO - hello world
[2023-10-29T23:00:35.238-0500] {subprocess.py:97} INFO - Command exited with return code 99
[2023-10-29T23:00:35.240-0500] {taskinstance.py:1402} INFO - Bash command returned exit code 99. Skipping.
[2023-10-29T23:00:35.266-0500] {taskinstance.py:1322} INFO - Marking task as SKIPPED. dag_id=example_bash_operator, task_id=this_will_skip, execution_date=20150102T000000, start_date=20231030T040034, end_date=20231030T040035
[2023-10-29T23:00:35.302-0500] {local_task_job.py:159} INFO - Task exited with return code 0
[2023-10-29T23:00:35.332-0500] {taskinstance.py:2582} INFO - 0 downstream tasks scheduled from follow-on schedule check
