[2023-10-29T23:00:34.582-0500] {taskinstance.py:1087} INFO - Dependencies all met for <TaskInstance: example_bash_operator.runme_2 backfill__2015-01-02T00:00:00+00:00 [queued]>
[2023-10-29T23:00:34.603-0500] {taskinstance.py:1087} INFO - Dependencies all met for <TaskInstance: example_bash_operator.runme_2 backfill__2015-01-02T00:00:00+00:00 [queued]>
[2023-10-29T23:00:34.604-0500] {taskinstance.py:1283} INFO - 
--------------------------------------------------------------------------------
[2023-10-29T23:00:34.605-0500] {taskinstance.py:1284} INFO - Starting attempt 1 of 1
[2023-10-29T23:00:34.605-0500] {taskinstance.py:1285} INFO - 
--------------------------------------------------------------------------------
[2023-10-29T23:00:34.638-0500] {taskinstance.py:1304} INFO - Executing <Task(BashOperator): runme_2> on 2015-01-02 00:00:00+00:00
[2023-10-29T23:00:34.645-0500] {standard_task_runner.py:55} INFO - Started process 199094 to run task
[2023-10-29T23:00:34.654-0500] {standard_task_runner.py:82} INFO - Running: ['***', 'tasks', 'run', 'example_bash_operator', 'runme_2', 'backfill__2015-01-02T00:00:00+00:00', '--job-id', '7', '--pool', 'default_pool', '--raw', '--subdir', '/home/oscar_rincon/code/oscar-rincon/ml-engineering-course/venv/lib/python3.10/site-packages/***/example_dags/example_bash_operator.py', '--cfg-path', '/tmp/tmpm4f9qap3']
[2023-10-29T23:00:34.668-0500] {standard_task_runner.py:83} INFO - Job 7: Subtask runme_2
[2023-10-29T23:00:34.929-0500] {task_command.py:389} INFO - Running <TaskInstance: example_bash_operator.runme_2 backfill__2015-01-02T00:00:00+00:00 [running]> on host DESKTOP-D8R6NL8.
[2023-10-29T23:00:35.169-0500] {taskinstance.py:1511} INFO - Exporting the following env vars:
AIRFLOW_CTX_DAG_OWNER=***
AIRFLOW_CTX_DAG_ID=example_bash_operator
AIRFLOW_CTX_TASK_ID=runme_2
AIRFLOW_CTX_EXECUTION_DATE=2015-01-02T00:00:00+00:00
AIRFLOW_CTX_TRY_NUMBER=1
AIRFLOW_CTX_DAG_RUN_ID=backfill__2015-01-02T00:00:00+00:00
[2023-10-29T23:00:35.171-0500] {subprocess.py:63} INFO - Tmp dir root location: 
 /tmp
[2023-10-29T23:00:35.173-0500] {subprocess.py:75} INFO - Running command: ['/usr/bin/bash', '-c', 'echo "example_bash_operator__runme_2__20150102" && sleep 1']
[2023-10-29T23:00:35.190-0500] {subprocess.py:86} INFO - Output:
[2023-10-29T23:00:35.197-0500] {subprocess.py:93} INFO - example_bash_operator__runme_2__20150102
[2023-10-29T23:00:36.202-0500] {subprocess.py:97} INFO - Command exited with return code 0
[2023-10-29T23:00:36.249-0500] {taskinstance.py:1322} INFO - Marking task as SUCCESS. dag_id=example_bash_operator, task_id=runme_2, execution_date=20150102T000000, start_date=20231030T040034, end_date=20231030T040036
[2023-10-29T23:00:36.298-0500] {local_task_job.py:159} INFO - Task exited with return code 0
[2023-10-29T23:00:36.343-0500] {taskinstance.py:2582} INFO - 1 downstream tasks scheduled from follow-on schedule check
