[2023-10-31T21:31:22.084-0500] {taskinstance.py:1087} INFO - Dependencies all met for <TaskInstance: fhv_ml_model_training.get_paths_data manual__2023-11-01T02:31:19.169387+00:00 [queued]>
[2023-10-31T21:31:22.093-0500] {taskinstance.py:1087} INFO - Dependencies all met for <TaskInstance: fhv_ml_model_training.get_paths_data manual__2023-11-01T02:31:19.169387+00:00 [queued]>
[2023-10-31T21:31:22.093-0500] {taskinstance.py:1283} INFO - 
--------------------------------------------------------------------------------
[2023-10-31T21:31:22.093-0500] {taskinstance.py:1284} INFO - Starting attempt 1 of 2
[2023-10-31T21:31:22.093-0500] {taskinstance.py:1285} INFO - 
--------------------------------------------------------------------------------
[2023-10-31T21:31:22.104-0500] {taskinstance.py:1304} INFO - Executing <Task(_PythonDecoratedOperator): get_paths_data> on 2023-11-01 02:31:19.169387+00:00
[2023-10-31T21:31:22.110-0500] {standard_task_runner.py:55} INFO - Started process 604774 to run task
[2023-10-31T21:31:22.113-0500] {standard_task_runner.py:82} INFO - Running: ['***', 'tasks', 'run', 'fhv_ml_model_training', 'get_paths_data', 'manual__2023-11-01T02:31:19.169387+00:00', '--job-id', '37', '--raw', '--subdir', 'DAGS_FOLDER/dag_train_ml_model.py', '--cfg-path', '/tmp/tmpr0cl20zj']
[2023-10-31T21:31:22.118-0500] {standard_task_runner.py:83} INFO - Job 37: Subtask get_paths_data
[2023-10-31T21:31:22.225-0500] {task_command.py:389} INFO - Running <TaskInstance: fhv_ml_model_training.get_paths_data manual__2023-11-01T02:31:19.169387+00:00 [running]> on host DESKTOP-D8R6NL8.
[2023-10-31T21:31:22.308-0500] {taskinstance.py:1511} INFO - Exporting the following env vars:
AIRFLOW_CTX_DAG_EMAIL=***@gmail.com
AIRFLOW_CTX_DAG_OWNER=***
AIRFLOW_CTX_DAG_ID=fhv_ml_model_training
AIRFLOW_CTX_TASK_ID=get_paths_data
AIRFLOW_CTX_EXECUTION_DATE=2023-11-01T02:31:19.169387+00:00
AIRFLOW_CTX_TRY_NUMBER=1
AIRFLOW_CTX_DAG_RUN_ID=manual__2023-11-01T02:31:19.169387+00:00
[2023-10-31T21:31:22.310-0500] {dag_train_ml_model.py:92} INFO - Getting the train and validation datasets...
[2023-10-31T21:31:22.310-0500] {dag_train_ml_model.py:102} INFO - The dataset path's were gotten properly!!!
[2023-10-31T21:31:22.310-0500] {python.py:177} INFO - Done. Returned value was: {'train_path': 'https://d37ci6vzurychx.cloudfront.net/trip-data/fhv_tripdata_2023-06.parquet', 'val_path': 'https://d37ci6vzurychx.cloudfront.net/trip-data/fhv_tripdata_2023-07.parquet'}
[2023-10-31T21:31:22.395-0500] {taskinstance.py:1322} INFO - Marking task as SUCCESS. dag_id=fhv_ml_model_training, task_id=get_paths_data, execution_date=20231101T023119, start_date=20231101T023122, end_date=20231101T023122
[2023-10-31T21:31:22.446-0500] {local_task_job.py:159} INFO - Task exited with return code 0
[2023-10-31T21:31:22.478-0500] {taskinstance.py:2582} INFO - 0 downstream tasks scheduled from follow-on schedule check
