[2023-10-29T23:27:05.226-0500] {processor.py:153} INFO - Started process (PID=218171) to work on /home/oscar_rincon/code/oscar-rincon/ml-engineering-course/venv/lib/python3.10/site-packages/airflow/example_dags/example_branch_operator.py
[2023-10-29T23:27:05.227-0500] {processor.py:743} INFO - Processing file /home/oscar_rincon/code/oscar-rincon/ml-engineering-course/venv/lib/python3.10/site-packages/airflow/example_dags/example_branch_operator.py for tasks to queue
[2023-10-29T23:27:05.227-0500] {logging_mixin.py:137} INFO - [2023-10-29T23:27:05.227-0500] {dagbag.py:538} INFO - Filling up the DagBag from /home/oscar_rincon/code/oscar-rincon/ml-engineering-course/venv/lib/python3.10/site-packages/airflow/example_dags/example_branch_operator.py
[2023-10-29T23:27:05.243-0500] {processor.py:753} INFO - DAG(s) dict_keys(['example_branch_operator']) retrieved from /home/oscar_rincon/code/oscar-rincon/ml-engineering-course/venv/lib/python3.10/site-packages/airflow/example_dags/example_branch_operator.py
[2023-10-29T23:27:05.374-0500] {logging_mixin.py:137} INFO - [2023-10-29T23:27:05.374-0500] {manager.py:504} INFO - Created Permission View: can delete on DAG:example_branch_operator
[2023-10-29T23:27:05.387-0500] {logging_mixin.py:137} INFO - [2023-10-29T23:27:05.387-0500] {manager.py:504} INFO - Created Permission View: can read on DAG:example_branch_operator
[2023-10-29T23:27:05.398-0500] {logging_mixin.py:137} INFO - [2023-10-29T23:27:05.398-0500] {manager.py:504} INFO - Created Permission View: can edit on DAG:example_branch_operator
[2023-10-29T23:27:05.398-0500] {logging_mixin.py:137} INFO - [2023-10-29T23:27:05.398-0500] {dag.py:2676} INFO - Sync 1 DAGs
[2023-10-29T23:27:05.406-0500] {logging_mixin.py:137} INFO - [2023-10-29T23:27:05.406-0500] {dag.py:2697} INFO - Creating ORM DAG for example_branch_operator
[2023-10-29T23:27:05.414-0500] {logging_mixin.py:137} INFO - [2023-10-29T23:27:05.414-0500] {dag.py:3423} INFO - Setting next_dagrun for example_branch_operator to 2023-10-29T00:00:00+00:00, run_after=2023-10-30T00:00:00+00:00
[2023-10-29T23:27:05.435-0500] {processor.py:175} INFO - Processing /home/oscar_rincon/code/oscar-rincon/ml-engineering-course/venv/lib/python3.10/site-packages/airflow/example_dags/example_branch_operator.py took 0.212 seconds
[2023-10-29T23:27:48.696-0500] {processor.py:153} INFO - Started process (PID=218421) to work on /home/oscar_rincon/code/oscar-rincon/ml-engineering-course/venv/lib/python3.10/site-packages/airflow/example_dags/example_branch_operator.py
[2023-10-29T23:27:48.697-0500] {processor.py:743} INFO - Processing file /home/oscar_rincon/code/oscar-rincon/ml-engineering-course/venv/lib/python3.10/site-packages/airflow/example_dags/example_branch_operator.py for tasks to queue
[2023-10-29T23:27:48.698-0500] {logging_mixin.py:137} INFO - [2023-10-29T23:27:48.698-0500] {dagbag.py:538} INFO - Filling up the DagBag from /home/oscar_rincon/code/oscar-rincon/ml-engineering-course/venv/lib/python3.10/site-packages/airflow/example_dags/example_branch_operator.py
[2023-10-29T23:27:48.716-0500] {processor.py:753} INFO - DAG(s) dict_keys(['example_branch_operator']) retrieved from /home/oscar_rincon/code/oscar-rincon/ml-engineering-course/venv/lib/python3.10/site-packages/airflow/example_dags/example_branch_operator.py
[2023-10-29T23:27:48.763-0500] {logging_mixin.py:137} INFO - [2023-10-29T23:27:48.762-0500] {dag.py:2676} INFO - Sync 1 DAGs
[2023-10-29T23:27:48.791-0500] {logging_mixin.py:137} INFO - [2023-10-29T23:27:48.791-0500] {dag.py:3423} INFO - Setting next_dagrun for example_branch_operator to 2023-10-29T00:00:00+00:00, run_after=2023-10-30T00:00:00+00:00
[2023-10-29T23:27:48.825-0500] {processor.py:175} INFO - Processing /home/oscar_rincon/code/oscar-rincon/ml-engineering-course/venv/lib/python3.10/site-packages/airflow/example_dags/example_branch_operator.py took 0.131 seconds
[2023-10-29T23:28:17.027-0500] {processor.py:153} INFO - Started process (PID=218630) to work on /home/oscar_rincon/code/oscar-rincon/ml-engineering-course/venv/lib/python3.10/site-packages/airflow/example_dags/example_branch_operator.py
[2023-10-29T23:28:17.056-0500] {processor.py:743} INFO - Processing file /home/oscar_rincon/code/oscar-rincon/ml-engineering-course/venv/lib/python3.10/site-packages/airflow/example_dags/example_branch_operator.py for tasks to queue
[2023-10-29T23:28:17.058-0500] {logging_mixin.py:137} INFO - [2023-10-29T23:28:17.057-0500] {dagbag.py:538} INFO - Filling up the DagBag from /home/oscar_rincon/code/oscar-rincon/ml-engineering-course/venv/lib/python3.10/site-packages/airflow/example_dags/example_branch_operator.py
[2023-10-29T23:28:17.076-0500] {processor.py:753} INFO - DAG(s) dict_keys(['example_branch_operator']) retrieved from /home/oscar_rincon/code/oscar-rincon/ml-engineering-course/venv/lib/python3.10/site-packages/airflow/example_dags/example_branch_operator.py
[2023-10-29T23:28:17.099-0500] {logging_mixin.py:137} INFO - [2023-10-29T23:28:17.099-0500] {dag.py:2676} INFO - Sync 1 DAGs
[2023-10-29T23:28:17.114-0500] {logging_mixin.py:137} INFO - [2023-10-29T23:28:17.114-0500] {dag.py:3423} INFO - Setting next_dagrun for example_branch_operator to 2023-10-29T00:00:00+00:00, run_after=2023-10-30T00:00:00+00:00
[2023-10-29T23:28:17.134-0500] {processor.py:175} INFO - Processing /home/oscar_rincon/code/oscar-rincon/ml-engineering-course/venv/lib/python3.10/site-packages/airflow/example_dags/example_branch_operator.py took 0.109 seconds
