[2023-10-29T23:27:11.791-0500] {processor.py:153} INFO - Started process (PID=218208) to work on /home/oscar_rincon/code/oscar-rincon/ml-engineering-course/venv/lib/python3.10/site-packages/airflow/example_dags/example_task_group_decorator.py
[2023-10-29T23:27:11.791-0500] {processor.py:743} INFO - Processing file /home/oscar_rincon/code/oscar-rincon/ml-engineering-course/venv/lib/python3.10/site-packages/airflow/example_dags/example_task_group_decorator.py for tasks to queue
[2023-10-29T23:27:11.792-0500] {logging_mixin.py:137} INFO - [2023-10-29T23:27:11.792-0500] {dagbag.py:538} INFO - Filling up the DagBag from /home/oscar_rincon/code/oscar-rincon/ml-engineering-course/venv/lib/python3.10/site-packages/airflow/example_dags/example_task_group_decorator.py
[2023-10-29T23:27:11.817-0500] {processor.py:753} INFO - DAG(s) dict_keys(['example_task_group_decorator']) retrieved from /home/oscar_rincon/code/oscar-rincon/ml-engineering-course/venv/lib/python3.10/site-packages/airflow/example_dags/example_task_group_decorator.py
[2023-10-29T23:27:11.917-0500] {logging_mixin.py:137} INFO - [2023-10-29T23:27:11.916-0500] {manager.py:504} INFO - Created Permission View: can delete on DAG:example_task_group_decorator
[2023-10-29T23:27:11.927-0500] {logging_mixin.py:137} INFO - [2023-10-29T23:27:11.927-0500] {manager.py:504} INFO - Created Permission View: can read on DAG:example_task_group_decorator
[2023-10-29T23:27:11.937-0500] {logging_mixin.py:137} INFO - [2023-10-29T23:27:11.936-0500] {manager.py:504} INFO - Created Permission View: can edit on DAG:example_task_group_decorator
[2023-10-29T23:27:11.937-0500] {logging_mixin.py:137} INFO - [2023-10-29T23:27:11.937-0500] {dag.py:2676} INFO - Sync 1 DAGs
[2023-10-29T23:27:11.947-0500] {logging_mixin.py:137} INFO - [2023-10-29T23:27:11.947-0500] {dag.py:2697} INFO - Creating ORM DAG for example_task_group_decorator
[2023-10-29T23:27:11.956-0500] {logging_mixin.py:137} INFO - [2023-10-29T23:27:11.956-0500] {dag.py:3423} INFO - Setting next_dagrun for example_task_group_decorator to 2023-10-29T04:27:11.956350+00:00, run_after=2023-10-30T04:27:11.956350+00:00
[2023-10-29T23:27:11.979-0500] {processor.py:175} INFO - Processing /home/oscar_rincon/code/oscar-rincon/ml-engineering-course/venv/lib/python3.10/site-packages/airflow/example_dags/example_task_group_decorator.py took 0.191 seconds
[2023-10-29T23:27:55.299-0500] {processor.py:153} INFO - Started process (PID=218468) to work on /home/oscar_rincon/code/oscar-rincon/ml-engineering-course/venv/lib/python3.10/site-packages/airflow/example_dags/example_task_group_decorator.py
[2023-10-29T23:27:55.339-0500] {processor.py:743} INFO - Processing file /home/oscar_rincon/code/oscar-rincon/ml-engineering-course/venv/lib/python3.10/site-packages/airflow/example_dags/example_task_group_decorator.py for tasks to queue
[2023-10-29T23:27:55.340-0500] {logging_mixin.py:137} INFO - [2023-10-29T23:27:55.340-0500] {dagbag.py:538} INFO - Filling up the DagBag from /home/oscar_rincon/code/oscar-rincon/ml-engineering-course/venv/lib/python3.10/site-packages/airflow/example_dags/example_task_group_decorator.py
[2023-10-29T23:27:55.364-0500] {processor.py:753} INFO - DAG(s) dict_keys(['example_task_group_decorator']) retrieved from /home/oscar_rincon/code/oscar-rincon/ml-engineering-course/venv/lib/python3.10/site-packages/airflow/example_dags/example_task_group_decorator.py
[2023-10-29T23:27:55.388-0500] {logging_mixin.py:137} INFO - [2023-10-29T23:27:55.388-0500] {dag.py:2676} INFO - Sync 1 DAGs
[2023-10-29T23:27:55.402-0500] {logging_mixin.py:137} INFO - [2023-10-29T23:27:55.401-0500] {dag.py:3423} INFO - Setting next_dagrun for example_task_group_decorator to 2023-10-29T04:27:55.401709+00:00, run_after=2023-10-30T04:27:55.401709+00:00
[2023-10-29T23:27:55.421-0500] {processor.py:175} INFO - Processing /home/oscar_rincon/code/oscar-rincon/ml-engineering-course/venv/lib/python3.10/site-packages/airflow/example_dags/example_task_group_decorator.py took 0.125 seconds
[2023-10-29T23:28:23.874-0500] {processor.py:153} INFO - Started process (PID=218670) to work on /home/oscar_rincon/code/oscar-rincon/ml-engineering-course/venv/lib/python3.10/site-packages/airflow/example_dags/example_task_group_decorator.py
[2023-10-29T23:28:23.876-0500] {processor.py:743} INFO - Processing file /home/oscar_rincon/code/oscar-rincon/ml-engineering-course/venv/lib/python3.10/site-packages/airflow/example_dags/example_task_group_decorator.py for tasks to queue
[2023-10-29T23:28:23.876-0500] {logging_mixin.py:137} INFO - [2023-10-29T23:28:23.876-0500] {dagbag.py:538} INFO - Filling up the DagBag from /home/oscar_rincon/code/oscar-rincon/ml-engineering-course/venv/lib/python3.10/site-packages/airflow/example_dags/example_task_group_decorator.py
[2023-10-29T23:28:23.901-0500] {processor.py:753} INFO - DAG(s) dict_keys(['example_task_group_decorator']) retrieved from /home/oscar_rincon/code/oscar-rincon/ml-engineering-course/venv/lib/python3.10/site-packages/airflow/example_dags/example_task_group_decorator.py
[2023-10-29T23:28:23.951-0500] {logging_mixin.py:137} INFO - [2023-10-29T23:28:23.951-0500] {dag.py:2676} INFO - Sync 1 DAGs
[2023-10-29T23:28:23.983-0500] {logging_mixin.py:137} INFO - [2023-10-29T23:28:23.983-0500] {dag.py:3423} INFO - Setting next_dagrun for example_task_group_decorator to 2023-10-29T04:28:23.983329+00:00, run_after=2023-10-30T04:28:23.983329+00:00
[2023-10-29T23:28:24.008-0500] {processor.py:175} INFO - Processing /home/oscar_rincon/code/oscar-rincon/ml-engineering-course/venv/lib/python3.10/site-packages/airflow/example_dags/example_task_group_decorator.py took 0.137 seconds
