[2023-10-29T23:27:02.548-0500] {processor.py:153} INFO - Started process (PID=218157) to work on /home/oscar_rincon/code/oscar-rincon/ml-engineering-course/venv/lib/python3.10/site-packages/airflow/example_dags/example_sensor_decorator.py
[2023-10-29T23:27:02.548-0500] {processor.py:743} INFO - Processing file /home/oscar_rincon/code/oscar-rincon/ml-engineering-course/venv/lib/python3.10/site-packages/airflow/example_dags/example_sensor_decorator.py for tasks to queue
[2023-10-29T23:27:02.549-0500] {logging_mixin.py:137} INFO - [2023-10-29T23:27:02.549-0500] {dagbag.py:538} INFO - Filling up the DagBag from /home/oscar_rincon/code/oscar-rincon/ml-engineering-course/venv/lib/python3.10/site-packages/airflow/example_dags/example_sensor_decorator.py
[2023-10-29T23:27:02.566-0500] {logging_mixin.py:137} WARNING - /home/oscar_rincon/code/oscar-rincon/ml-engineering-course/venv/lib/python3.10/site-packages/airflow/models/dag.py:3492 RemovedInAirflow3Warning: Param `schedule_interval` is deprecated and will be removed in a future release. Please use `schedule` instead.
[2023-10-29T23:27:02.572-0500] {processor.py:753} INFO - DAG(s) dict_keys(['example_sensor_decorator']) retrieved from /home/oscar_rincon/code/oscar-rincon/ml-engineering-course/venv/lib/python3.10/site-packages/airflow/example_dags/example_sensor_decorator.py
[2023-10-29T23:27:02.697-0500] {logging_mixin.py:137} INFO - [2023-10-29T23:27:02.696-0500] {manager.py:504} INFO - Created Permission View: can delete on DAG:example_sensor_decorator
[2023-10-29T23:27:02.708-0500] {logging_mixin.py:137} INFO - [2023-10-29T23:27:02.708-0500] {manager.py:504} INFO - Created Permission View: can read on DAG:example_sensor_decorator
[2023-10-29T23:27:02.718-0500] {logging_mixin.py:137} INFO - [2023-10-29T23:27:02.718-0500] {manager.py:504} INFO - Created Permission View: can edit on DAG:example_sensor_decorator
[2023-10-29T23:27:02.718-0500] {logging_mixin.py:137} INFO - [2023-10-29T23:27:02.718-0500] {dag.py:2676} INFO - Sync 1 DAGs
[2023-10-29T23:27:02.728-0500] {logging_mixin.py:137} INFO - [2023-10-29T23:27:02.728-0500] {dag.py:2697} INFO - Creating ORM DAG for example_sensor_decorator
[2023-10-29T23:27:02.735-0500] {logging_mixin.py:137} INFO - [2023-10-29T23:27:02.734-0500] {dag.py:3423} INFO - Setting next_dagrun for example_sensor_decorator to None, run_after=None
[2023-10-29T23:27:02.755-0500] {processor.py:175} INFO - Processing /home/oscar_rincon/code/oscar-rincon/ml-engineering-course/venv/lib/python3.10/site-packages/airflow/example_dags/example_sensor_decorator.py took 0.210 seconds
[2023-10-29T23:27:46.212-0500] {processor.py:153} INFO - Started process (PID=218413) to work on /home/oscar_rincon/code/oscar-rincon/ml-engineering-course/venv/lib/python3.10/site-packages/airflow/example_dags/example_sensor_decorator.py
[2023-10-29T23:27:46.251-0500] {processor.py:743} INFO - Processing file /home/oscar_rincon/code/oscar-rincon/ml-engineering-course/venv/lib/python3.10/site-packages/airflow/example_dags/example_sensor_decorator.py for tasks to queue
[2023-10-29T23:27:46.252-0500] {logging_mixin.py:137} INFO - [2023-10-29T23:27:46.251-0500] {dagbag.py:538} INFO - Filling up the DagBag from /home/oscar_rincon/code/oscar-rincon/ml-engineering-course/venv/lib/python3.10/site-packages/airflow/example_dags/example_sensor_decorator.py
[2023-10-29T23:27:46.270-0500] {logging_mixin.py:137} WARNING - /home/oscar_rincon/code/oscar-rincon/ml-engineering-course/venv/lib/python3.10/site-packages/airflow/models/dag.py:3492 RemovedInAirflow3Warning: Param `schedule_interval` is deprecated and will be removed in a future release. Please use `schedule` instead.
[2023-10-29T23:27:46.276-0500] {processor.py:753} INFO - DAG(s) dict_keys(['example_sensor_decorator']) retrieved from /home/oscar_rincon/code/oscar-rincon/ml-engineering-course/venv/lib/python3.10/site-packages/airflow/example_dags/example_sensor_decorator.py
[2023-10-29T23:27:46.298-0500] {logging_mixin.py:137} INFO - [2023-10-29T23:27:46.298-0500] {dag.py:2676} INFO - Sync 1 DAGs
[2023-10-29T23:27:46.313-0500] {logging_mixin.py:137} INFO - [2023-10-29T23:27:46.313-0500] {dag.py:3423} INFO - Setting next_dagrun for example_sensor_decorator to None, run_after=None
[2023-10-29T23:27:46.331-0500] {processor.py:175} INFO - Processing /home/oscar_rincon/code/oscar-rincon/ml-engineering-course/venv/lib/python3.10/site-packages/airflow/example_dags/example_sensor_decorator.py took 0.122 seconds
[2023-10-29T23:28:14.754-0500] {processor.py:153} INFO - Started process (PID=218618) to work on /home/oscar_rincon/code/oscar-rincon/ml-engineering-course/venv/lib/python3.10/site-packages/airflow/example_dags/example_sensor_decorator.py
[2023-10-29T23:28:14.756-0500] {processor.py:743} INFO - Processing file /home/oscar_rincon/code/oscar-rincon/ml-engineering-course/venv/lib/python3.10/site-packages/airflow/example_dags/example_sensor_decorator.py for tasks to queue
[2023-10-29T23:28:14.756-0500] {logging_mixin.py:137} INFO - [2023-10-29T23:28:14.756-0500] {dagbag.py:538} INFO - Filling up the DagBag from /home/oscar_rincon/code/oscar-rincon/ml-engineering-course/venv/lib/python3.10/site-packages/airflow/example_dags/example_sensor_decorator.py
[2023-10-29T23:28:14.774-0500] {logging_mixin.py:137} WARNING - /home/oscar_rincon/code/oscar-rincon/ml-engineering-course/venv/lib/python3.10/site-packages/airflow/models/dag.py:3492 RemovedInAirflow3Warning: Param `schedule_interval` is deprecated and will be removed in a future release. Please use `schedule` instead.
[2023-10-29T23:28:14.781-0500] {processor.py:753} INFO - DAG(s) dict_keys(['example_sensor_decorator']) retrieved from /home/oscar_rincon/code/oscar-rincon/ml-engineering-course/venv/lib/python3.10/site-packages/airflow/example_dags/example_sensor_decorator.py
[2023-10-29T23:28:14.804-0500] {logging_mixin.py:137} INFO - [2023-10-29T23:28:14.804-0500] {dag.py:2676} INFO - Sync 1 DAGs
[2023-10-29T23:28:14.821-0500] {logging_mixin.py:137} INFO - [2023-10-29T23:28:14.820-0500] {dag.py:3423} INFO - Setting next_dagrun for example_sensor_decorator to None, run_after=None
[2023-10-29T23:28:14.840-0500] {processor.py:175} INFO - Processing /home/oscar_rincon/code/oscar-rincon/ml-engineering-course/venv/lib/python3.10/site-packages/airflow/example_dags/example_sensor_decorator.py took 0.088 seconds
