[2023-10-29T23:27:20.973-0500] {processor.py:153} INFO - Started process (PID=218274) to work on /home/oscar_rincon/code/oscar-rincon/ml-engineering-course/venv/lib/python3.10/site-packages/airflow/example_dags/example_complex.py
[2023-10-29T23:27:20.973-0500] {processor.py:743} INFO - Processing file /home/oscar_rincon/code/oscar-rincon/ml-engineering-course/venv/lib/python3.10/site-packages/airflow/example_dags/example_complex.py for tasks to queue
[2023-10-29T23:27:20.974-0500] {logging_mixin.py:137} INFO - [2023-10-29T23:27:20.974-0500] {dagbag.py:538} INFO - Filling up the DagBag from /home/oscar_rincon/code/oscar-rincon/ml-engineering-course/venv/lib/python3.10/site-packages/airflow/example_dags/example_complex.py
[2023-10-29T23:27:20.984-0500] {logging_mixin.py:137} INFO - [2023-10-29T23:27:20.984-0500] {taskmixin.py:205} WARNING - Dependency <Task(BashOperator): create_entry_group>, delete_entry_group already registered for DAG: example_complex
[2023-10-29T23:27:20.984-0500] {logging_mixin.py:137} INFO - [2023-10-29T23:27:20.984-0500] {taskmixin.py:205} WARNING - Dependency <Task(BashOperator): delete_entry_group>, create_entry_group already registered for DAG: example_complex
[2023-10-29T23:27:20.984-0500] {logging_mixin.py:137} INFO - [2023-10-29T23:27:20.984-0500] {taskmixin.py:205} WARNING - Dependency <Task(BashOperator): create_entry_gcs>, delete_entry already registered for DAG: example_complex
[2023-10-29T23:27:20.984-0500] {logging_mixin.py:137} INFO - [2023-10-29T23:27:20.984-0500] {taskmixin.py:205} WARNING - Dependency <Task(BashOperator): delete_entry>, create_entry_gcs already registered for DAG: example_complex
[2023-10-29T23:27:20.984-0500] {logging_mixin.py:137} INFO - [2023-10-29T23:27:20.984-0500] {taskmixin.py:205} WARNING - Dependency <Task(BashOperator): create_tag>, delete_tag already registered for DAG: example_complex
[2023-10-29T23:27:20.984-0500] {logging_mixin.py:137} INFO - [2023-10-29T23:27:20.984-0500] {taskmixin.py:205} WARNING - Dependency <Task(BashOperator): delete_tag>, create_tag already registered for DAG: example_complex
[2023-10-29T23:27:20.990-0500] {processor.py:753} INFO - DAG(s) dict_keys(['example_complex']) retrieved from /home/oscar_rincon/code/oscar-rincon/ml-engineering-course/venv/lib/python3.10/site-packages/airflow/example_dags/example_complex.py
[2023-10-29T23:27:21.123-0500] {logging_mixin.py:137} INFO - [2023-10-29T23:27:21.123-0500] {manager.py:504} INFO - Created Permission View: can delete on DAG:example_complex
[2023-10-29T23:27:21.135-0500] {logging_mixin.py:137} INFO - [2023-10-29T23:27:21.135-0500] {manager.py:504} INFO - Created Permission View: can read on DAG:example_complex
[2023-10-29T23:27:21.146-0500] {logging_mixin.py:137} INFO - [2023-10-29T23:27:21.146-0500] {manager.py:504} INFO - Created Permission View: can edit on DAG:example_complex
[2023-10-29T23:27:21.146-0500] {logging_mixin.py:137} INFO - [2023-10-29T23:27:21.146-0500] {dag.py:2676} INFO - Sync 1 DAGs
[2023-10-29T23:27:21.154-0500] {logging_mixin.py:137} INFO - [2023-10-29T23:27:21.154-0500] {dag.py:2697} INFO - Creating ORM DAG for example_complex
[2023-10-29T23:27:21.162-0500] {logging_mixin.py:137} INFO - [2023-10-29T23:27:21.162-0500] {dag.py:3423} INFO - Setting next_dagrun for example_complex to None, run_after=None
[2023-10-29T23:27:21.183-0500] {processor.py:175} INFO - Processing /home/oscar_rincon/code/oscar-rincon/ml-engineering-course/venv/lib/python3.10/site-packages/airflow/example_dags/example_complex.py took 0.212 seconds
[2023-10-29T23:28:32.891-0500] {processor.py:153} INFO - Started process (PID=218722) to work on /home/oscar_rincon/code/oscar-rincon/ml-engineering-course/venv/lib/python3.10/site-packages/airflow/example_dags/example_complex.py
[2023-10-29T23:28:32.931-0500] {processor.py:743} INFO - Processing file /home/oscar_rincon/code/oscar-rincon/ml-engineering-course/venv/lib/python3.10/site-packages/airflow/example_dags/example_complex.py for tasks to queue
[2023-10-29T23:28:32.932-0500] {logging_mixin.py:137} INFO - [2023-10-29T23:28:32.932-0500] {dagbag.py:538} INFO - Filling up the DagBag from /home/oscar_rincon/code/oscar-rincon/ml-engineering-course/venv/lib/python3.10/site-packages/airflow/example_dags/example_complex.py
[2023-10-29T23:28:32.942-0500] {logging_mixin.py:137} INFO - [2023-10-29T23:28:32.942-0500] {taskmixin.py:205} WARNING - Dependency <Task(BashOperator): create_entry_group>, delete_entry_group already registered for DAG: example_complex
[2023-10-29T23:28:32.943-0500] {logging_mixin.py:137} INFO - [2023-10-29T23:28:32.943-0500] {taskmixin.py:205} WARNING - Dependency <Task(BashOperator): delete_entry_group>, create_entry_group already registered for DAG: example_complex
[2023-10-29T23:28:32.943-0500] {logging_mixin.py:137} INFO - [2023-10-29T23:28:32.943-0500] {taskmixin.py:205} WARNING - Dependency <Task(BashOperator): create_entry_gcs>, delete_entry already registered for DAG: example_complex
[2023-10-29T23:28:32.943-0500] {logging_mixin.py:137} INFO - [2023-10-29T23:28:32.943-0500] {taskmixin.py:205} WARNING - Dependency <Task(BashOperator): delete_entry>, create_entry_gcs already registered for DAG: example_complex
[2023-10-29T23:28:32.943-0500] {logging_mixin.py:137} INFO - [2023-10-29T23:28:32.943-0500] {taskmixin.py:205} WARNING - Dependency <Task(BashOperator): create_tag>, delete_tag already registered for DAG: example_complex
[2023-10-29T23:28:32.943-0500] {logging_mixin.py:137} INFO - [2023-10-29T23:28:32.943-0500] {taskmixin.py:205} WARNING - Dependency <Task(BashOperator): delete_tag>, create_tag already registered for DAG: example_complex
[2023-10-29T23:28:32.949-0500] {processor.py:753} INFO - DAG(s) dict_keys(['example_complex']) retrieved from /home/oscar_rincon/code/oscar-rincon/ml-engineering-course/venv/lib/python3.10/site-packages/airflow/example_dags/example_complex.py
[2023-10-29T23:28:32.976-0500] {logging_mixin.py:137} INFO - [2023-10-29T23:28:32.976-0500] {dag.py:2676} INFO - Sync 1 DAGs
[2023-10-29T23:28:32.991-0500] {logging_mixin.py:137} INFO - [2023-10-29T23:28:32.991-0500] {dag.py:3423} INFO - Setting next_dagrun for example_complex to None, run_after=None
[2023-10-29T23:28:33.011-0500] {processor.py:175} INFO - Processing /home/oscar_rincon/code/oscar-rincon/ml-engineering-course/venv/lib/python3.10/site-packages/airflow/example_dags/example_complex.py took 0.122 seconds
