[2023-10-29T23:27:06.191-0500] {processor.py:153} INFO - Started process (PID=218178) to work on /home/oscar_rincon/code/oscar-rincon/ml-engineering-course/venv/lib/python3.10/site-packages/airflow/example_dags/example_short_circuit_operator.py
[2023-10-29T23:27:06.192-0500] {processor.py:743} INFO - Processing file /home/oscar_rincon/code/oscar-rincon/ml-engineering-course/venv/lib/python3.10/site-packages/airflow/example_dags/example_short_circuit_operator.py for tasks to queue
[2023-10-29T23:27:06.192-0500] {logging_mixin.py:137} INFO - [2023-10-29T23:27:06.192-0500] {dagbag.py:538} INFO - Filling up the DagBag from /home/oscar_rincon/code/oscar-rincon/ml-engineering-course/venv/lib/python3.10/site-packages/airflow/example_dags/example_short_circuit_operator.py
[2023-10-29T23:27:06.207-0500] {processor.py:753} INFO - DAG(s) dict_keys(['example_short_circuit_operator']) retrieved from /home/oscar_rincon/code/oscar-rincon/ml-engineering-course/venv/lib/python3.10/site-packages/airflow/example_dags/example_short_circuit_operator.py
[2023-10-29T23:27:06.339-0500] {logging_mixin.py:137} INFO - [2023-10-29T23:27:06.338-0500] {manager.py:504} INFO - Created Permission View: can delete on DAG:example_short_circuit_operator
[2023-10-29T23:27:06.352-0500] {logging_mixin.py:137} INFO - [2023-10-29T23:27:06.351-0500] {manager.py:504} INFO - Created Permission View: can read on DAG:example_short_circuit_operator
[2023-10-29T23:27:06.363-0500] {logging_mixin.py:137} INFO - [2023-10-29T23:27:06.363-0500] {manager.py:504} INFO - Created Permission View: can edit on DAG:example_short_circuit_operator
[2023-10-29T23:27:06.363-0500] {logging_mixin.py:137} INFO - [2023-10-29T23:27:06.363-0500] {dag.py:2676} INFO - Sync 1 DAGs
[2023-10-29T23:27:06.371-0500] {logging_mixin.py:137} INFO - [2023-10-29T23:27:06.371-0500] {dag.py:2697} INFO - Creating ORM DAG for example_short_circuit_operator
[2023-10-29T23:27:06.380-0500] {logging_mixin.py:137} INFO - [2023-10-29T23:27:06.379-0500] {dag.py:3423} INFO - Setting next_dagrun for example_short_circuit_operator to 2023-10-29T04:27:06.379739+00:00, run_after=2023-10-30T04:27:06.379739+00:00
[2023-10-29T23:27:06.404-0500] {processor.py:175} INFO - Processing /home/oscar_rincon/code/oscar-rincon/ml-engineering-course/venv/lib/python3.10/site-packages/airflow/example_dags/example_short_circuit_operator.py took 0.215 seconds
[2023-10-29T23:27:48.967-0500] {processor.py:153} INFO - Started process (PID=218435) to work on /home/oscar_rincon/code/oscar-rincon/ml-engineering-course/venv/lib/python3.10/site-packages/airflow/example_dags/example_short_circuit_operator.py
[2023-10-29T23:27:48.969-0500] {processor.py:743} INFO - Processing file /home/oscar_rincon/code/oscar-rincon/ml-engineering-course/venv/lib/python3.10/site-packages/airflow/example_dags/example_short_circuit_operator.py for tasks to queue
[2023-10-29T23:27:48.969-0500] {logging_mixin.py:137} INFO - [2023-10-29T23:27:48.969-0500] {dagbag.py:538} INFO - Filling up the DagBag from /home/oscar_rincon/code/oscar-rincon/ml-engineering-course/venv/lib/python3.10/site-packages/airflow/example_dags/example_short_circuit_operator.py
[2023-10-29T23:27:48.984-0500] {processor.py:753} INFO - DAG(s) dict_keys(['example_short_circuit_operator']) retrieved from /home/oscar_rincon/code/oscar-rincon/ml-engineering-course/venv/lib/python3.10/site-packages/airflow/example_dags/example_short_circuit_operator.py
[2023-10-29T23:27:49.014-0500] {logging_mixin.py:137} INFO - [2023-10-29T23:27:49.014-0500] {dag.py:2676} INFO - Sync 1 DAGs
[2023-10-29T23:27:49.033-0500] {logging_mixin.py:137} INFO - [2023-10-29T23:27:49.033-0500] {dag.py:3423} INFO - Setting next_dagrun for example_short_circuit_operator to 2023-10-29T04:27:49.033458+00:00, run_after=2023-10-30T04:27:49.033458+00:00
[2023-10-29T23:27:49.058-0500] {processor.py:175} INFO - Processing /home/oscar_rincon/code/oscar-rincon/ml-engineering-course/venv/lib/python3.10/site-packages/airflow/example_dags/example_short_circuit_operator.py took 0.093 seconds
[2023-10-29T23:28:18.267-0500] {processor.py:153} INFO - Started process (PID=218637) to work on /home/oscar_rincon/code/oscar-rincon/ml-engineering-course/venv/lib/python3.10/site-packages/airflow/example_dags/example_short_circuit_operator.py
[2023-10-29T23:28:18.308-0500] {processor.py:743} INFO - Processing file /home/oscar_rincon/code/oscar-rincon/ml-engineering-course/venv/lib/python3.10/site-packages/airflow/example_dags/example_short_circuit_operator.py for tasks to queue
[2023-10-29T23:28:18.309-0500] {logging_mixin.py:137} INFO - [2023-10-29T23:28:18.309-0500] {dagbag.py:538} INFO - Filling up the DagBag from /home/oscar_rincon/code/oscar-rincon/ml-engineering-course/venv/lib/python3.10/site-packages/airflow/example_dags/example_short_circuit_operator.py
[2023-10-29T23:28:18.327-0500] {processor.py:753} INFO - DAG(s) dict_keys(['example_short_circuit_operator']) retrieved from /home/oscar_rincon/code/oscar-rincon/ml-engineering-course/venv/lib/python3.10/site-packages/airflow/example_dags/example_short_circuit_operator.py
[2023-10-29T23:28:18.348-0500] {logging_mixin.py:137} INFO - [2023-10-29T23:28:18.348-0500] {dag.py:2676} INFO - Sync 1 DAGs
[2023-10-29T23:28:18.363-0500] {logging_mixin.py:137} INFO - [2023-10-29T23:28:18.363-0500] {dag.py:3423} INFO - Setting next_dagrun for example_short_circuit_operator to 2023-10-29T04:28:18.363322+00:00, run_after=2023-10-30T04:28:18.363322+00:00
[2023-10-29T23:28:18.384-0500] {processor.py:175} INFO - Processing /home/oscar_rincon/code/oscar-rincon/ml-engineering-course/venv/lib/python3.10/site-packages/airflow/example_dags/example_short_circuit_operator.py took 0.119 seconds
