[2023-10-29T23:27:06.544-0500] {processor.py:153} INFO - Started process (PID=218179) to work on /home/oscar_rincon/code/oscar-rincon/ml-engineering-course/venv/lib/python3.10/site-packages/airflow/example_dags/example_subdag_operator.py
[2023-10-29T23:27:06.545-0500] {processor.py:743} INFO - Processing file /home/oscar_rincon/code/oscar-rincon/ml-engineering-course/venv/lib/python3.10/site-packages/airflow/example_dags/example_subdag_operator.py for tasks to queue
[2023-10-29T23:27:06.545-0500] {logging_mixin.py:137} INFO - [2023-10-29T23:27:06.545-0500] {dagbag.py:538} INFO - Filling up the DagBag from /home/oscar_rincon/code/oscar-rincon/ml-engineering-course/venv/lib/python3.10/site-packages/airflow/example_dags/example_subdag_operator.py
[2023-10-29T23:27:06.570-0500] {processor.py:753} INFO - DAG(s) dict_keys(['example_subdag_operator.section-1', 'example_subdag_operator.section-2', 'example_subdag_operator']) retrieved from /home/oscar_rincon/code/oscar-rincon/ml-engineering-course/venv/lib/python3.10/site-packages/airflow/example_dags/example_subdag_operator.py
[2023-10-29T23:27:06.665-0500] {logging_mixin.py:137} INFO - [2023-10-29T23:27:06.665-0500] {manager.py:504} INFO - Created Permission View: can delete on DAG:example_subdag_operator
[2023-10-29T23:27:06.679-0500] {logging_mixin.py:137} INFO - [2023-10-29T23:27:06.679-0500] {manager.py:504} INFO - Created Permission View: can read on DAG:example_subdag_operator
[2023-10-29T23:27:06.688-0500] {logging_mixin.py:137} INFO - [2023-10-29T23:27:06.688-0500] {manager.py:504} INFO - Created Permission View: can edit on DAG:example_subdag_operator
[2023-10-29T23:27:06.688-0500] {logging_mixin.py:137} INFO - [2023-10-29T23:27:06.688-0500] {dag.py:2676} INFO - Sync 3 DAGs
[2023-10-29T23:27:06.696-0500] {logging_mixin.py:137} INFO - [2023-10-29T23:27:06.696-0500] {dag.py:2697} INFO - Creating ORM DAG for example_subdag_operator.section-1
[2023-10-29T23:27:06.697-0500] {logging_mixin.py:137} INFO - [2023-10-29T23:27:06.696-0500] {dag.py:2697} INFO - Creating ORM DAG for example_subdag_operator.section-2
[2023-10-29T23:27:06.697-0500] {logging_mixin.py:137} INFO - [2023-10-29T23:27:06.697-0500] {dag.py:2697} INFO - Creating ORM DAG for example_subdag_operator
[2023-10-29T23:27:06.704-0500] {logging_mixin.py:137} INFO - [2023-10-29T23:27:06.704-0500] {dag.py:3423} INFO - Setting next_dagrun for example_subdag_operator to 2022-01-01T00:00:00+00:00, run_after=2022-01-01T00:00:00+00:00
[2023-10-29T23:27:06.704-0500] {logging_mixin.py:137} INFO - [2023-10-29T23:27:06.704-0500] {dag.py:3423} INFO - Setting next_dagrun for example_subdag_operator.section-1 to None, run_after=None
[2023-10-29T23:27:06.704-0500] {logging_mixin.py:137} INFO - [2023-10-29T23:27:06.704-0500] {dag.py:3423} INFO - Setting next_dagrun for example_subdag_operator.section-2 to None, run_after=None
[2023-10-29T23:27:06.710-0500] {logging_mixin.py:137} INFO - [2023-10-29T23:27:06.710-0500] {dag.py:2676} INFO - Sync 2 DAGs
[2023-10-29T23:27:06.714-0500] {logging_mixin.py:137} INFO - [2023-10-29T23:27:06.713-0500] {dag.py:3423} INFO - Setting next_dagrun for example_subdag_operator.section-1 to None, run_after=None
[2023-10-29T23:27:06.716-0500] {logging_mixin.py:137} INFO - [2023-10-29T23:27:06.716-0500] {dag.py:3423} INFO - Setting next_dagrun for example_subdag_operator.section-2 to None, run_after=None
[2023-10-29T23:27:06.733-0500] {processor.py:175} INFO - Processing /home/oscar_rincon/code/oscar-rincon/ml-engineering-course/venv/lib/python3.10/site-packages/airflow/example_dags/example_subdag_operator.py took 0.192 seconds
[2023-10-29T23:27:50.158-0500] {processor.py:153} INFO - Started process (PID=218439) to work on /home/oscar_rincon/code/oscar-rincon/ml-engineering-course/venv/lib/python3.10/site-packages/airflow/example_dags/example_subdag_operator.py
[2023-10-29T23:27:50.160-0500] {processor.py:743} INFO - Processing file /home/oscar_rincon/code/oscar-rincon/ml-engineering-course/venv/lib/python3.10/site-packages/airflow/example_dags/example_subdag_operator.py for tasks to queue
[2023-10-29T23:27:50.161-0500] {logging_mixin.py:137} INFO - [2023-10-29T23:27:50.161-0500] {dagbag.py:538} INFO - Filling up the DagBag from /home/oscar_rincon/code/oscar-rincon/ml-engineering-course/venv/lib/python3.10/site-packages/airflow/example_dags/example_subdag_operator.py
[2023-10-29T23:27:50.212-0500] {processor.py:753} INFO - DAG(s) dict_keys(['example_subdag_operator.section-1', 'example_subdag_operator.section-2', 'example_subdag_operator']) retrieved from /home/oscar_rincon/code/oscar-rincon/ml-engineering-course/venv/lib/python3.10/site-packages/airflow/example_dags/example_subdag_operator.py
[2023-10-29T23:27:50.245-0500] {logging_mixin.py:137} INFO - [2023-10-29T23:27:50.245-0500] {dag.py:2676} INFO - Sync 3 DAGs
[2023-10-29T23:27:50.269-0500] {logging_mixin.py:137} INFO - [2023-10-29T23:27:50.269-0500] {dag.py:3423} INFO - Setting next_dagrun for example_subdag_operator to 2022-01-01T00:00:00+00:00, run_after=2022-01-01T00:00:00+00:00
[2023-10-29T23:27:50.274-0500] {logging_mixin.py:137} INFO - [2023-10-29T23:27:50.274-0500] {dag.py:3423} INFO - Setting next_dagrun for example_subdag_operator.section-1 to None, run_after=None
[2023-10-29T23:27:50.276-0500] {logging_mixin.py:137} INFO - [2023-10-29T23:27:50.275-0500] {dag.py:3423} INFO - Setting next_dagrun for example_subdag_operator.section-2 to None, run_after=None
[2023-10-29T23:27:50.282-0500] {logging_mixin.py:137} INFO - [2023-10-29T23:27:50.281-0500] {dag.py:2676} INFO - Sync 2 DAGs
[2023-10-29T23:27:50.285-0500] {logging_mixin.py:137} INFO - [2023-10-29T23:27:50.285-0500] {dag.py:3423} INFO - Setting next_dagrun for example_subdag_operator.section-1 to None, run_after=None
[2023-10-29T23:27:50.285-0500] {logging_mixin.py:137} INFO - [2023-10-29T23:27:50.285-0500] {dag.py:3423} INFO - Setting next_dagrun for example_subdag_operator.section-2 to None, run_after=None
[2023-10-29T23:27:50.301-0500] {processor.py:175} INFO - Processing /home/oscar_rincon/code/oscar-rincon/ml-engineering-course/venv/lib/python3.10/site-packages/airflow/example_dags/example_subdag_operator.py took 0.150 seconds
[2023-10-29T23:28:18.717-0500] {processor.py:153} INFO - Started process (PID=218638) to work on /home/oscar_rincon/code/oscar-rincon/ml-engineering-course/venv/lib/python3.10/site-packages/airflow/example_dags/example_subdag_operator.py
[2023-10-29T23:28:18.718-0500] {processor.py:743} INFO - Processing file /home/oscar_rincon/code/oscar-rincon/ml-engineering-course/venv/lib/python3.10/site-packages/airflow/example_dags/example_subdag_operator.py for tasks to queue
[2023-10-29T23:28:18.719-0500] {logging_mixin.py:137} INFO - [2023-10-29T23:28:18.719-0500] {dagbag.py:538} INFO - Filling up the DagBag from /home/oscar_rincon/code/oscar-rincon/ml-engineering-course/venv/lib/python3.10/site-packages/airflow/example_dags/example_subdag_operator.py
[2023-10-29T23:28:18.740-0500] {processor.py:753} INFO - DAG(s) dict_keys(['example_subdag_operator.section-1', 'example_subdag_operator.section-2', 'example_subdag_operator']) retrieved from /home/oscar_rincon/code/oscar-rincon/ml-engineering-course/venv/lib/python3.10/site-packages/airflow/example_dags/example_subdag_operator.py
[2023-10-29T23:28:18.761-0500] {logging_mixin.py:137} INFO - [2023-10-29T23:28:18.761-0500] {dag.py:2676} INFO - Sync 3 DAGs
[2023-10-29T23:28:18.776-0500] {logging_mixin.py:137} INFO - [2023-10-29T23:28:18.776-0500] {dag.py:3423} INFO - Setting next_dagrun for example_subdag_operator to 2022-01-01T00:00:00+00:00, run_after=2022-01-01T00:00:00+00:00
[2023-10-29T23:28:18.778-0500] {logging_mixin.py:137} INFO - [2023-10-29T23:28:18.778-0500] {dag.py:3423} INFO - Setting next_dagrun for example_subdag_operator.section-1 to None, run_after=None
[2023-10-29T23:28:18.778-0500] {logging_mixin.py:137} INFO - [2023-10-29T23:28:18.778-0500] {dag.py:3423} INFO - Setting next_dagrun for example_subdag_operator.section-2 to None, run_after=None
[2023-10-29T23:28:18.782-0500] {logging_mixin.py:137} INFO - [2023-10-29T23:28:18.782-0500] {dag.py:2676} INFO - Sync 2 DAGs
[2023-10-29T23:28:18.785-0500] {logging_mixin.py:137} INFO - [2023-10-29T23:28:18.785-0500] {dag.py:3423} INFO - Setting next_dagrun for example_subdag_operator.section-1 to None, run_after=None
[2023-10-29T23:28:18.786-0500] {logging_mixin.py:137} INFO - [2023-10-29T23:28:18.785-0500] {dag.py:3423} INFO - Setting next_dagrun for example_subdag_operator.section-2 to None, run_after=None
[2023-10-29T23:28:18.800-0500] {processor.py:175} INFO - Processing /home/oscar_rincon/code/oscar-rincon/ml-engineering-course/venv/lib/python3.10/site-packages/airflow/example_dags/example_subdag_operator.py took 0.085 seconds
