[2023-10-29T23:27:37.050-0500] {processor.py:153} INFO - Started process (PID=218363) to work on /home/oscar_rincon/code/oscar-rincon/ml-engineering-course/venv/lib/python3.10/site-packages/airflow/example_dags/example_datasets.py
[2023-10-29T23:27:37.051-0500] {processor.py:743} INFO - Processing file /home/oscar_rincon/code/oscar-rincon/ml-engineering-course/venv/lib/python3.10/site-packages/airflow/example_dags/example_datasets.py for tasks to queue
[2023-10-29T23:27:37.051-0500] {logging_mixin.py:137} INFO - [2023-10-29T23:27:37.051-0500] {dagbag.py:538} INFO - Filling up the DagBag from /home/oscar_rincon/code/oscar-rincon/ml-engineering-course/venv/lib/python3.10/site-packages/airflow/example_dags/example_datasets.py
[2023-10-29T23:27:37.064-0500] {processor.py:753} INFO - DAG(s) dict_keys(['dataset_produces_1', 'dataset_produces_2', 'dataset_consumes_unknown_never_scheduled', 'dataset_consumes_1', 'dataset_consumes_1_never_scheduled', 'dataset_consumes_1_and_2']) retrieved from /home/oscar_rincon/code/oscar-rincon/ml-engineering-course/venv/lib/python3.10/site-packages/airflow/example_dags/example_datasets.py
[2023-10-29T23:27:37.198-0500] {logging_mixin.py:137} INFO - [2023-10-29T23:27:37.198-0500] {manager.py:504} INFO - Created Permission View: can delete on DAG:dataset_produces_1
[2023-10-29T23:27:37.209-0500] {logging_mixin.py:137} INFO - [2023-10-29T23:27:37.209-0500] {manager.py:504} INFO - Created Permission View: can read on DAG:dataset_produces_1
[2023-10-29T23:27:37.220-0500] {logging_mixin.py:137} INFO - [2023-10-29T23:27:37.219-0500] {manager.py:504} INFO - Created Permission View: can edit on DAG:dataset_produces_1
[2023-10-29T23:27:37.241-0500] {logging_mixin.py:137} INFO - [2023-10-29T23:27:37.241-0500] {manager.py:504} INFO - Created Permission View: can delete on DAG:dataset_produces_2
[2023-10-29T23:27:37.250-0500] {logging_mixin.py:137} INFO - [2023-10-29T23:27:37.250-0500] {manager.py:504} INFO - Created Permission View: can read on DAG:dataset_produces_2
[2023-10-29T23:27:37.258-0500] {logging_mixin.py:137} INFO - [2023-10-29T23:27:37.258-0500] {manager.py:504} INFO - Created Permission View: can edit on DAG:dataset_produces_2
[2023-10-29T23:27:37.278-0500] {logging_mixin.py:137} INFO - [2023-10-29T23:27:37.278-0500] {manager.py:504} INFO - Created Permission View: can delete on DAG:dataset_consumes_unknown_never_scheduled
[2023-10-29T23:27:37.287-0500] {logging_mixin.py:137} INFO - [2023-10-29T23:27:37.287-0500] {manager.py:504} INFO - Created Permission View: can read on DAG:dataset_consumes_unknown_never_scheduled
[2023-10-29T23:27:37.296-0500] {logging_mixin.py:137} INFO - [2023-10-29T23:27:37.296-0500] {manager.py:504} INFO - Created Permission View: can edit on DAG:dataset_consumes_unknown_never_scheduled
[2023-10-29T23:27:37.315-0500] {logging_mixin.py:137} INFO - [2023-10-29T23:27:37.314-0500] {manager.py:504} INFO - Created Permission View: can delete on DAG:dataset_consumes_1
[2023-10-29T23:27:37.323-0500] {logging_mixin.py:137} INFO - [2023-10-29T23:27:37.323-0500] {manager.py:504} INFO - Created Permission View: can read on DAG:dataset_consumes_1
[2023-10-29T23:27:37.331-0500] {logging_mixin.py:137} INFO - [2023-10-29T23:27:37.331-0500] {manager.py:504} INFO - Created Permission View: can edit on DAG:dataset_consumes_1
[2023-10-29T23:27:37.348-0500] {logging_mixin.py:137} INFO - [2023-10-29T23:27:37.348-0500] {manager.py:504} INFO - Created Permission View: can delete on DAG:dataset_consumes_1_never_scheduled
[2023-10-29T23:27:37.356-0500] {logging_mixin.py:137} INFO - [2023-10-29T23:27:37.356-0500] {manager.py:504} INFO - Created Permission View: can read on DAG:dataset_consumes_1_never_scheduled
[2023-10-29T23:27:37.365-0500] {logging_mixin.py:137} INFO - [2023-10-29T23:27:37.365-0500] {manager.py:504} INFO - Created Permission View: can edit on DAG:dataset_consumes_1_never_scheduled
[2023-10-29T23:27:37.383-0500] {logging_mixin.py:137} INFO - [2023-10-29T23:27:37.383-0500] {manager.py:504} INFO - Created Permission View: can delete on DAG:dataset_consumes_1_and_2
[2023-10-29T23:27:37.390-0500] {logging_mixin.py:137} INFO - [2023-10-29T23:27:37.390-0500] {manager.py:504} INFO - Created Permission View: can read on DAG:dataset_consumes_1_and_2
[2023-10-29T23:27:37.398-0500] {logging_mixin.py:137} INFO - [2023-10-29T23:27:37.398-0500] {manager.py:504} INFO - Created Permission View: can edit on DAG:dataset_consumes_1_and_2
[2023-10-29T23:27:37.398-0500] {logging_mixin.py:137} INFO - [2023-10-29T23:27:37.398-0500] {dag.py:2676} INFO - Sync 6 DAGs
[2023-10-29T23:27:37.407-0500] {logging_mixin.py:137} INFO - [2023-10-29T23:27:37.407-0500] {dag.py:2697} INFO - Creating ORM DAG for dataset_produces_1
[2023-10-29T23:27:37.408-0500] {logging_mixin.py:137} INFO - [2023-10-29T23:27:37.408-0500] {dag.py:2697} INFO - Creating ORM DAG for dataset_consumes_1
[2023-10-29T23:27:37.408-0500] {logging_mixin.py:137} INFO - [2023-10-29T23:27:37.408-0500] {dag.py:2697} INFO - Creating ORM DAG for dataset_produces_2
[2023-10-29T23:27:37.408-0500] {logging_mixin.py:137} INFO - [2023-10-29T23:27:37.408-0500] {dag.py:2697} INFO - Creating ORM DAG for dataset_consumes_unknown_never_scheduled
[2023-10-29T23:27:37.408-0500] {logging_mixin.py:137} INFO - [2023-10-29T23:27:37.408-0500] {dag.py:2697} INFO - Creating ORM DAG for dataset_consumes_1_never_scheduled
[2023-10-29T23:27:37.409-0500] {logging_mixin.py:137} INFO - [2023-10-29T23:27:37.408-0500] {dag.py:2697} INFO - Creating ORM DAG for dataset_consumes_1_and_2
[2023-10-29T23:27:37.414-0500] {logging_mixin.py:137} INFO - [2023-10-29T23:27:37.414-0500] {dag.py:3423} INFO - Setting next_dagrun for dataset_consumes_1 to None, run_after=None
[2023-10-29T23:27:37.415-0500] {logging_mixin.py:137} INFO - [2023-10-29T23:27:37.415-0500] {dag.py:3423} INFO - Setting next_dagrun for dataset_consumes_1_and_2 to None, run_after=None
[2023-10-29T23:27:37.415-0500] {logging_mixin.py:137} INFO - [2023-10-29T23:27:37.415-0500] {dag.py:3423} INFO - Setting next_dagrun for dataset_consumes_1_never_scheduled to None, run_after=None
[2023-10-29T23:27:37.415-0500] {logging_mixin.py:137} INFO - [2023-10-29T23:27:37.415-0500] {dag.py:3423} INFO - Setting next_dagrun for dataset_consumes_unknown_never_scheduled to None, run_after=None
[2023-10-29T23:27:37.416-0500] {logging_mixin.py:137} INFO - [2023-10-29T23:27:37.416-0500] {dag.py:3423} INFO - Setting next_dagrun for dataset_produces_1 to 2023-10-29T00:00:00+00:00, run_after=2023-10-30T00:00:00+00:00
[2023-10-29T23:27:37.417-0500] {logging_mixin.py:137} INFO - [2023-10-29T23:27:37.417-0500] {dag.py:3423} INFO - Setting next_dagrun for dataset_produces_2 to None, run_after=None
[2023-10-29T23:27:37.447-0500] {processor.py:175} INFO - Processing /home/oscar_rincon/code/oscar-rincon/ml-engineering-course/venv/lib/python3.10/site-packages/airflow/example_dags/example_datasets.py took 0.399 seconds
