[2023-10-29T23:27:03.887-0500] {processor.py:153} INFO - Started process (PID=218164) to work on /home/oscar_rincon/code/oscar-rincon/ml-engineering-course/venv/lib/python3.10/site-packages/airflow/example_dags/example_nested_branch_dag.py
[2023-10-29T23:27:03.888-0500] {processor.py:743} INFO - Processing file /home/oscar_rincon/code/oscar-rincon/ml-engineering-course/venv/lib/python3.10/site-packages/airflow/example_dags/example_nested_branch_dag.py for tasks to queue
[2023-10-29T23:27:03.888-0500] {logging_mixin.py:137} INFO - [2023-10-29T23:27:03.888-0500] {dagbag.py:538} INFO - Filling up the DagBag from /home/oscar_rincon/code/oscar-rincon/ml-engineering-course/venv/lib/python3.10/site-packages/airflow/example_dags/example_nested_branch_dag.py
[2023-10-29T23:27:03.912-0500] {processor.py:753} INFO - DAG(s) dict_keys(['example_nested_branch_dag']) retrieved from /home/oscar_rincon/code/oscar-rincon/ml-engineering-course/venv/lib/python3.10/site-packages/airflow/example_dags/example_nested_branch_dag.py
[2023-10-29T23:27:04.041-0500] {logging_mixin.py:137} INFO - [2023-10-29T23:27:04.041-0500] {manager.py:504} INFO - Created Permission View: can delete on DAG:example_nested_branch_dag
[2023-10-29T23:27:04.052-0500] {logging_mixin.py:137} INFO - [2023-10-29T23:27:04.052-0500] {manager.py:504} INFO - Created Permission View: can read on DAG:example_nested_branch_dag
[2023-10-29T23:27:04.063-0500] {logging_mixin.py:137} INFO - [2023-10-29T23:27:04.062-0500] {manager.py:504} INFO - Created Permission View: can edit on DAG:example_nested_branch_dag
[2023-10-29T23:27:04.063-0500] {logging_mixin.py:137} INFO - [2023-10-29T23:27:04.063-0500] {dag.py:2676} INFO - Sync 1 DAGs
[2023-10-29T23:27:04.072-0500] {logging_mixin.py:137} INFO - [2023-10-29T23:27:04.072-0500] {dag.py:2697} INFO - Creating ORM DAG for example_nested_branch_dag
[2023-10-29T23:27:04.080-0500] {logging_mixin.py:137} INFO - [2023-10-29T23:27:04.080-0500] {dag.py:3423} INFO - Setting next_dagrun for example_nested_branch_dag to 2023-10-29T00:00:00+00:00, run_after=2023-10-30T00:00:00+00:00
[2023-10-29T23:27:04.100-0500] {processor.py:175} INFO - Processing /home/oscar_rincon/code/oscar-rincon/ml-engineering-course/venv/lib/python3.10/site-packages/airflow/example_dags/example_nested_branch_dag.py took 0.215 seconds
[2023-10-29T23:27:47.448-0500] {processor.py:153} INFO - Started process (PID=218420) to work on /home/oscar_rincon/code/oscar-rincon/ml-engineering-course/venv/lib/python3.10/site-packages/airflow/example_dags/example_nested_branch_dag.py
[2023-10-29T23:27:47.450-0500] {processor.py:743} INFO - Processing file /home/oscar_rincon/code/oscar-rincon/ml-engineering-course/venv/lib/python3.10/site-packages/airflow/example_dags/example_nested_branch_dag.py for tasks to queue
[2023-10-29T23:27:47.450-0500] {logging_mixin.py:137} INFO - [2023-10-29T23:27:47.450-0500] {dagbag.py:538} INFO - Filling up the DagBag from /home/oscar_rincon/code/oscar-rincon/ml-engineering-course/venv/lib/python3.10/site-packages/airflow/example_dags/example_nested_branch_dag.py
[2023-10-29T23:27:47.473-0500] {processor.py:753} INFO - DAG(s) dict_keys(['example_nested_branch_dag']) retrieved from /home/oscar_rincon/code/oscar-rincon/ml-engineering-course/venv/lib/python3.10/site-packages/airflow/example_dags/example_nested_branch_dag.py
[2023-10-29T23:27:47.500-0500] {logging_mixin.py:137} INFO - [2023-10-29T23:27:47.500-0500] {dag.py:2676} INFO - Sync 1 DAGs
[2023-10-29T23:27:47.518-0500] {logging_mixin.py:137} INFO - [2023-10-29T23:27:47.518-0500] {dag.py:3423} INFO - Setting next_dagrun for example_nested_branch_dag to 2023-10-29T00:00:00+00:00, run_after=2023-10-30T00:00:00+00:00
[2023-10-29T23:27:47.543-0500] {processor.py:175} INFO - Processing /home/oscar_rincon/code/oscar-rincon/ml-engineering-course/venv/lib/python3.10/site-packages/airflow/example_dags/example_nested_branch_dag.py took 0.097 seconds
[2023-10-29T23:28:15.892-0500] {processor.py:153} INFO - Started process (PID=218622) to work on /home/oscar_rincon/code/oscar-rincon/ml-engineering-course/venv/lib/python3.10/site-packages/airflow/example_dags/example_nested_branch_dag.py
[2023-10-29T23:28:15.898-0500] {processor.py:743} INFO - Processing file /home/oscar_rincon/code/oscar-rincon/ml-engineering-course/venv/lib/python3.10/site-packages/airflow/example_dags/example_nested_branch_dag.py for tasks to queue
[2023-10-29T23:28:15.899-0500] {logging_mixin.py:137} INFO - [2023-10-29T23:28:15.899-0500] {dagbag.py:538} INFO - Filling up the DagBag from /home/oscar_rincon/code/oscar-rincon/ml-engineering-course/venv/lib/python3.10/site-packages/airflow/example_dags/example_nested_branch_dag.py
[2023-10-29T23:28:15.921-0500] {processor.py:753} INFO - DAG(s) dict_keys(['example_nested_branch_dag']) retrieved from /home/oscar_rincon/code/oscar-rincon/ml-engineering-course/venv/lib/python3.10/site-packages/airflow/example_dags/example_nested_branch_dag.py
[2023-10-29T23:28:15.943-0500] {logging_mixin.py:137} INFO - [2023-10-29T23:28:15.943-0500] {dag.py:2676} INFO - Sync 1 DAGs
[2023-10-29T23:28:15.959-0500] {logging_mixin.py:137} INFO - [2023-10-29T23:28:15.959-0500] {dag.py:3423} INFO - Setting next_dagrun for example_nested_branch_dag to 2023-10-29T00:00:00+00:00, run_after=2023-10-30T00:00:00+00:00
[2023-10-29T23:28:15.978-0500] {processor.py:175} INFO - Processing /home/oscar_rincon/code/oscar-rincon/ml-engineering-course/venv/lib/python3.10/site-packages/airflow/example_dags/example_nested_branch_dag.py took 0.089 seconds
