[2023-10-29T23:27:11.190-0500] {processor.py:153} INFO - Started process (PID=218207) to work on /home/oscar_rincon/code/oscar-rincon/ml-engineering-course/venv/lib/python3.10/site-packages/airflow/example_dags/example_xcom.py
[2023-10-29T23:27:11.190-0500] {processor.py:743} INFO - Processing file /home/oscar_rincon/code/oscar-rincon/ml-engineering-course/venv/lib/python3.10/site-packages/airflow/example_dags/example_xcom.py for tasks to queue
[2023-10-29T23:27:11.191-0500] {logging_mixin.py:137} INFO - [2023-10-29T23:27:11.191-0500] {dagbag.py:538} INFO - Filling up the DagBag from /home/oscar_rincon/code/oscar-rincon/ml-engineering-course/venv/lib/python3.10/site-packages/airflow/example_dags/example_xcom.py
[2023-10-29T23:27:11.209-0500] {processor.py:753} INFO - DAG(s) dict_keys(['example_xcom']) retrieved from /home/oscar_rincon/code/oscar-rincon/ml-engineering-course/venv/lib/python3.10/site-packages/airflow/example_dags/example_xcom.py
[2023-10-29T23:27:11.312-0500] {logging_mixin.py:137} INFO - [2023-10-29T23:27:11.312-0500] {manager.py:504} INFO - Created Permission View: can delete on DAG:example_xcom
[2023-10-29T23:27:11.323-0500] {logging_mixin.py:137} INFO - [2023-10-29T23:27:11.323-0500] {manager.py:504} INFO - Created Permission View: can read on DAG:example_xcom
[2023-10-29T23:27:11.333-0500] {logging_mixin.py:137} INFO - [2023-10-29T23:27:11.332-0500] {manager.py:504} INFO - Created Permission View: can edit on DAG:example_xcom
[2023-10-29T23:27:11.333-0500] {logging_mixin.py:137} INFO - [2023-10-29T23:27:11.333-0500] {dag.py:2676} INFO - Sync 1 DAGs
[2023-10-29T23:27:11.342-0500] {logging_mixin.py:137} INFO - [2023-10-29T23:27:11.342-0500] {dag.py:2697} INFO - Creating ORM DAG for example_xcom
[2023-10-29T23:27:11.350-0500] {logging_mixin.py:137} INFO - [2023-10-29T23:27:11.350-0500] {dag.py:3423} INFO - Setting next_dagrun for example_xcom to 2021-01-01T00:00:00+00:00, run_after=2021-01-01T00:00:00+00:00
[2023-10-29T23:27:11.381-0500] {processor.py:175} INFO - Processing /home/oscar_rincon/code/oscar-rincon/ml-engineering-course/venv/lib/python3.10/site-packages/airflow/example_dags/example_xcom.py took 0.194 seconds
[2023-10-29T23:27:54.148-0500] {processor.py:153} INFO - Started process (PID=218467) to work on /home/oscar_rincon/code/oscar-rincon/ml-engineering-course/venv/lib/python3.10/site-packages/airflow/example_dags/example_xcom.py
[2023-10-29T23:27:54.150-0500] {processor.py:743} INFO - Processing file /home/oscar_rincon/code/oscar-rincon/ml-engineering-course/venv/lib/python3.10/site-packages/airflow/example_dags/example_xcom.py for tasks to queue
[2023-10-29T23:27:54.150-0500] {logging_mixin.py:137} INFO - [2023-10-29T23:27:54.150-0500] {dagbag.py:538} INFO - Filling up the DagBag from /home/oscar_rincon/code/oscar-rincon/ml-engineering-course/venv/lib/python3.10/site-packages/airflow/example_dags/example_xcom.py
[2023-10-29T23:27:54.170-0500] {processor.py:753} INFO - DAG(s) dict_keys(['example_xcom']) retrieved from /home/oscar_rincon/code/oscar-rincon/ml-engineering-course/venv/lib/python3.10/site-packages/airflow/example_dags/example_xcom.py
[2023-10-29T23:27:54.197-0500] {logging_mixin.py:137} INFO - [2023-10-29T23:27:54.196-0500] {dag.py:2676} INFO - Sync 1 DAGs
[2023-10-29T23:27:54.212-0500] {logging_mixin.py:137} INFO - [2023-10-29T23:27:54.212-0500] {dag.py:3423} INFO - Setting next_dagrun for example_xcom to 2021-01-01T00:00:00+00:00, run_after=2021-01-01T00:00:00+00:00
[2023-10-29T23:27:54.231-0500] {processor.py:175} INFO - Processing /home/oscar_rincon/code/oscar-rincon/ml-engineering-course/venv/lib/python3.10/site-packages/airflow/example_dags/example_xcom.py took 0.085 seconds
[2023-10-29T23:28:23.520-0500] {processor.py:153} INFO - Started process (PID=218669) to work on /home/oscar_rincon/code/oscar-rincon/ml-engineering-course/venv/lib/python3.10/site-packages/airflow/example_dags/example_xcom.py
[2023-10-29T23:28:23.521-0500] {processor.py:743} INFO - Processing file /home/oscar_rincon/code/oscar-rincon/ml-engineering-course/venv/lib/python3.10/site-packages/airflow/example_dags/example_xcom.py for tasks to queue
[2023-10-29T23:28:23.522-0500] {logging_mixin.py:137} INFO - [2023-10-29T23:28:23.522-0500] {dagbag.py:538} INFO - Filling up the DagBag from /home/oscar_rincon/code/oscar-rincon/ml-engineering-course/venv/lib/python3.10/site-packages/airflow/example_dags/example_xcom.py
[2023-10-29T23:28:23.542-0500] {processor.py:753} INFO - DAG(s) dict_keys(['example_xcom']) retrieved from /home/oscar_rincon/code/oscar-rincon/ml-engineering-course/venv/lib/python3.10/site-packages/airflow/example_dags/example_xcom.py
[2023-10-29T23:28:23.578-0500] {logging_mixin.py:137} INFO - [2023-10-29T23:28:23.578-0500] {dag.py:2676} INFO - Sync 1 DAGs
[2023-10-29T23:28:23.611-0500] {logging_mixin.py:137} INFO - [2023-10-29T23:28:23.611-0500] {dag.py:3423} INFO - Setting next_dagrun for example_xcom to 2021-01-01T00:00:00+00:00, run_after=2021-01-01T00:00:00+00:00
[2023-10-29T23:28:23.642-0500] {processor.py:175} INFO - Processing /home/oscar_rincon/code/oscar-rincon/ml-engineering-course/venv/lib/python3.10/site-packages/airflow/example_dags/example_xcom.py took 0.125 seconds
