[2023-10-29T23:27:10.169-0500] {processor.py:153} INFO - Started process (PID=218200) to work on /home/oscar_rincon/code/oscar-rincon/ml-engineering-course/venv/lib/python3.10/site-packages/airflow/example_dags/example_external_task_marker_dag.py
[2023-10-29T23:27:10.170-0500] {processor.py:743} INFO - Processing file /home/oscar_rincon/code/oscar-rincon/ml-engineering-course/venv/lib/python3.10/site-packages/airflow/example_dags/example_external_task_marker_dag.py for tasks to queue
[2023-10-29T23:27:10.170-0500] {logging_mixin.py:137} INFO - [2023-10-29T23:27:10.170-0500] {dagbag.py:538} INFO - Filling up the DagBag from /home/oscar_rincon/code/oscar-rincon/ml-engineering-course/venv/lib/python3.10/site-packages/airflow/example_dags/example_external_task_marker_dag.py
[2023-10-29T23:27:10.186-0500] {processor.py:753} INFO - DAG(s) dict_keys(['example_external_task_marker_child', 'example_external_task_marker_parent']) retrieved from /home/oscar_rincon/code/oscar-rincon/ml-engineering-course/venv/lib/python3.10/site-packages/airflow/example_dags/example_external_task_marker_dag.py
[2023-10-29T23:27:10.326-0500] {logging_mixin.py:137} INFO - [2023-10-29T23:27:10.326-0500] {manager.py:504} INFO - Created Permission View: can delete on DAG:example_external_task_marker_child
[2023-10-29T23:27:10.337-0500] {logging_mixin.py:137} INFO - [2023-10-29T23:27:10.336-0500] {manager.py:504} INFO - Created Permission View: can read on DAG:example_external_task_marker_child
[2023-10-29T23:27:10.347-0500] {logging_mixin.py:137} INFO - [2023-10-29T23:27:10.347-0500] {manager.py:504} INFO - Created Permission View: can edit on DAG:example_external_task_marker_child
[2023-10-29T23:27:10.367-0500] {logging_mixin.py:137} INFO - [2023-10-29T23:27:10.367-0500] {manager.py:504} INFO - Created Permission View: can delete on DAG:example_external_task_marker_parent
[2023-10-29T23:27:10.376-0500] {logging_mixin.py:137} INFO - [2023-10-29T23:27:10.375-0500] {manager.py:504} INFO - Created Permission View: can read on DAG:example_external_task_marker_parent
[2023-10-29T23:27:10.384-0500] {logging_mixin.py:137} INFO - [2023-10-29T23:27:10.384-0500] {manager.py:504} INFO - Created Permission View: can edit on DAG:example_external_task_marker_parent
[2023-10-29T23:27:10.385-0500] {logging_mixin.py:137} INFO - [2023-10-29T23:27:10.384-0500] {dag.py:2676} INFO - Sync 2 DAGs
[2023-10-29T23:27:10.394-0500] {logging_mixin.py:137} INFO - [2023-10-29T23:27:10.394-0500] {dag.py:2697} INFO - Creating ORM DAG for example_external_task_marker_child
[2023-10-29T23:27:10.395-0500] {logging_mixin.py:137} INFO - [2023-10-29T23:27:10.395-0500] {dag.py:2697} INFO - Creating ORM DAG for example_external_task_marker_parent
[2023-10-29T23:27:10.402-0500] {logging_mixin.py:137} INFO - [2023-10-29T23:27:10.402-0500] {dag.py:3423} INFO - Setting next_dagrun for example_external_task_marker_child to None, run_after=None
[2023-10-29T23:27:10.403-0500] {logging_mixin.py:137} INFO - [2023-10-29T23:27:10.403-0500] {dag.py:3423} INFO - Setting next_dagrun for example_external_task_marker_parent to None, run_after=None
[2023-10-29T23:27:10.431-0500] {processor.py:175} INFO - Processing /home/oscar_rincon/code/oscar-rincon/ml-engineering-course/venv/lib/python3.10/site-packages/airflow/example_dags/example_external_task_marker_dag.py took 0.265 seconds
[2023-10-29T23:27:53.781-0500] {processor.py:153} INFO - Started process (PID=218454) to work on /home/oscar_rincon/code/oscar-rincon/ml-engineering-course/venv/lib/python3.10/site-packages/airflow/example_dags/example_external_task_marker_dag.py
[2023-10-29T23:27:53.822-0500] {processor.py:743} INFO - Processing file /home/oscar_rincon/code/oscar-rincon/ml-engineering-course/venv/lib/python3.10/site-packages/airflow/example_dags/example_external_task_marker_dag.py for tasks to queue
[2023-10-29T23:27:53.823-0500] {logging_mixin.py:137} INFO - [2023-10-29T23:27:53.823-0500] {dagbag.py:538} INFO - Filling up the DagBag from /home/oscar_rincon/code/oscar-rincon/ml-engineering-course/venv/lib/python3.10/site-packages/airflow/example_dags/example_external_task_marker_dag.py
[2023-10-29T23:27:53.835-0500] {processor.py:753} INFO - DAG(s) dict_keys(['example_external_task_marker_child', 'example_external_task_marker_parent']) retrieved from /home/oscar_rincon/code/oscar-rincon/ml-engineering-course/venv/lib/python3.10/site-packages/airflow/example_dags/example_external_task_marker_dag.py
[2023-10-29T23:27:53.868-0500] {logging_mixin.py:137} INFO - [2023-10-29T23:27:53.868-0500] {dag.py:2676} INFO - Sync 2 DAGs
[2023-10-29T23:27:53.893-0500] {logging_mixin.py:137} INFO - [2023-10-29T23:27:53.893-0500] {dag.py:3423} INFO - Setting next_dagrun for example_external_task_marker_child to None, run_after=None
[2023-10-29T23:27:53.897-0500] {logging_mixin.py:137} INFO - [2023-10-29T23:27:53.897-0500] {dag.py:3423} INFO - Setting next_dagrun for example_external_task_marker_parent to None, run_after=None
[2023-10-29T23:27:53.924-0500] {processor.py:175} INFO - Processing /home/oscar_rincon/code/oscar-rincon/ml-engineering-course/venv/lib/python3.10/site-packages/airflow/example_dags/example_external_task_marker_dag.py took 0.144 seconds
[2023-10-29T23:28:22.260-0500] {processor.py:153} INFO - Started process (PID=218659) to work on /home/oscar_rincon/code/oscar-rincon/ml-engineering-course/venv/lib/python3.10/site-packages/airflow/example_dags/example_external_task_marker_dag.py
[2023-10-29T23:28:22.300-0500] {processor.py:743} INFO - Processing file /home/oscar_rincon/code/oscar-rincon/ml-engineering-course/venv/lib/python3.10/site-packages/airflow/example_dags/example_external_task_marker_dag.py for tasks to queue
[2023-10-29T23:28:22.302-0500] {logging_mixin.py:137} INFO - [2023-10-29T23:28:22.301-0500] {dagbag.py:538} INFO - Filling up the DagBag from /home/oscar_rincon/code/oscar-rincon/ml-engineering-course/venv/lib/python3.10/site-packages/airflow/example_dags/example_external_task_marker_dag.py
[2023-10-29T23:28:22.317-0500] {processor.py:753} INFO - DAG(s) dict_keys(['example_external_task_marker_child', 'example_external_task_marker_parent']) retrieved from /home/oscar_rincon/code/oscar-rincon/ml-engineering-course/venv/lib/python3.10/site-packages/airflow/example_dags/example_external_task_marker_dag.py
[2023-10-29T23:28:22.360-0500] {logging_mixin.py:137} INFO - [2023-10-29T23:28:22.360-0500] {dag.py:2676} INFO - Sync 2 DAGs
[2023-10-29T23:28:22.378-0500] {logging_mixin.py:137} INFO - [2023-10-29T23:28:22.377-0500] {dag.py:3423} INFO - Setting next_dagrun for example_external_task_marker_child to None, run_after=None
[2023-10-29T23:28:22.379-0500] {logging_mixin.py:137} INFO - [2023-10-29T23:28:22.379-0500] {dag.py:3423} INFO - Setting next_dagrun for example_external_task_marker_parent to None, run_after=None
[2023-10-29T23:28:22.399-0500] {processor.py:175} INFO - Processing /home/oscar_rincon/code/oscar-rincon/ml-engineering-course/venv/lib/python3.10/site-packages/airflow/example_dags/example_external_task_marker_dag.py took 0.141 seconds
