[2023-10-29T23:26:58.717-0500] {processor.py:153} INFO - Started process (PID=218136) to work on /home/oscar_rincon/code/oscar-rincon/ml-engineering-course/venv/lib/python3.10/site-packages/airflow/example_dags/example_branch_operator_decorator.py
[2023-10-29T23:26:58.717-0500] {processor.py:743} INFO - Processing file /home/oscar_rincon/code/oscar-rincon/ml-engineering-course/venv/lib/python3.10/site-packages/airflow/example_dags/example_branch_operator_decorator.py for tasks to queue
[2023-10-29T23:26:58.718-0500] {logging_mixin.py:137} INFO - [2023-10-29T23:26:58.718-0500] {dagbag.py:538} INFO - Filling up the DagBag from /home/oscar_rincon/code/oscar-rincon/ml-engineering-course/venv/lib/python3.10/site-packages/airflow/example_dags/example_branch_operator_decorator.py
[2023-10-29T23:26:58.739-0500] {processor.py:753} INFO - DAG(s) dict_keys(['example_branch_python_operator_decorator']) retrieved from /home/oscar_rincon/code/oscar-rincon/ml-engineering-course/venv/lib/python3.10/site-packages/airflow/example_dags/example_branch_operator_decorator.py
[2023-10-29T23:26:58.868-0500] {logging_mixin.py:137} INFO - [2023-10-29T23:26:58.868-0500] {manager.py:504} INFO - Created Permission View: can delete on DAG:example_branch_python_operator_decorator
[2023-10-29T23:26:58.880-0500] {logging_mixin.py:137} INFO - [2023-10-29T23:26:58.879-0500] {manager.py:504} INFO - Created Permission View: can read on DAG:example_branch_python_operator_decorator
[2023-10-29T23:26:58.889-0500] {logging_mixin.py:137} INFO - [2023-10-29T23:26:58.888-0500] {manager.py:504} INFO - Created Permission View: can edit on DAG:example_branch_python_operator_decorator
[2023-10-29T23:26:58.889-0500] {logging_mixin.py:137} INFO - [2023-10-29T23:26:58.889-0500] {dag.py:2676} INFO - Sync 1 DAGs
[2023-10-29T23:26:58.898-0500] {logging_mixin.py:137} INFO - [2023-10-29T23:26:58.898-0500] {dag.py:2697} INFO - Creating ORM DAG for example_branch_python_operator_decorator
[2023-10-29T23:26:58.905-0500] {logging_mixin.py:137} INFO - [2023-10-29T23:26:58.905-0500] {dag.py:3423} INFO - Setting next_dagrun for example_branch_python_operator_decorator to 2023-10-29T00:00:00+00:00, run_after=2023-10-30T00:00:00+00:00
[2023-10-29T23:26:58.928-0500] {processor.py:175} INFO - Processing /home/oscar_rincon/code/oscar-rincon/ml-engineering-course/venv/lib/python3.10/site-packages/airflow/example_dags/example_branch_operator_decorator.py took 0.213 seconds
[2023-10-29T23:27:42.748-0500] {processor.py:153} INFO - Started process (PID=218392) to work on /home/oscar_rincon/code/oscar-rincon/ml-engineering-course/venv/lib/python3.10/site-packages/airflow/example_dags/example_branch_operator_decorator.py
[2023-10-29T23:27:42.788-0500] {processor.py:743} INFO - Processing file /home/oscar_rincon/code/oscar-rincon/ml-engineering-course/venv/lib/python3.10/site-packages/airflow/example_dags/example_branch_operator_decorator.py for tasks to queue
[2023-10-29T23:27:42.789-0500] {logging_mixin.py:137} INFO - [2023-10-29T23:27:42.789-0500] {dagbag.py:538} INFO - Filling up the DagBag from /home/oscar_rincon/code/oscar-rincon/ml-engineering-course/venv/lib/python3.10/site-packages/airflow/example_dags/example_branch_operator_decorator.py
[2023-10-29T23:27:42.814-0500] {processor.py:753} INFO - DAG(s) dict_keys(['example_branch_python_operator_decorator']) retrieved from /home/oscar_rincon/code/oscar-rincon/ml-engineering-course/venv/lib/python3.10/site-packages/airflow/example_dags/example_branch_operator_decorator.py
[2023-10-29T23:27:42.839-0500] {logging_mixin.py:137} INFO - [2023-10-29T23:27:42.839-0500] {dag.py:2676} INFO - Sync 1 DAGs
[2023-10-29T23:27:42.856-0500] {logging_mixin.py:137} INFO - [2023-10-29T23:27:42.856-0500] {dag.py:3423} INFO - Setting next_dagrun for example_branch_python_operator_decorator to 2023-10-29T00:00:00+00:00, run_after=2023-10-30T00:00:00+00:00
[2023-10-29T23:27:42.878-0500] {processor.py:175} INFO - Processing /home/oscar_rincon/code/oscar-rincon/ml-engineering-course/venv/lib/python3.10/site-packages/airflow/example_dags/example_branch_operator_decorator.py took 0.132 seconds
[2023-10-29T23:28:11.138-0500] {processor.py:153} INFO - Started process (PID=218594) to work on /home/oscar_rincon/code/oscar-rincon/ml-engineering-course/venv/lib/python3.10/site-packages/airflow/example_dags/example_branch_operator_decorator.py
[2023-10-29T23:28:11.139-0500] {processor.py:743} INFO - Processing file /home/oscar_rincon/code/oscar-rincon/ml-engineering-course/venv/lib/python3.10/site-packages/airflow/example_dags/example_branch_operator_decorator.py for tasks to queue
[2023-10-29T23:28:11.140-0500] {logging_mixin.py:137} INFO - [2023-10-29T23:28:11.140-0500] {dagbag.py:538} INFO - Filling up the DagBag from /home/oscar_rincon/code/oscar-rincon/ml-engineering-course/venv/lib/python3.10/site-packages/airflow/example_dags/example_branch_operator_decorator.py
[2023-10-29T23:28:11.161-0500] {processor.py:753} INFO - DAG(s) dict_keys(['example_branch_python_operator_decorator']) retrieved from /home/oscar_rincon/code/oscar-rincon/ml-engineering-course/venv/lib/python3.10/site-packages/airflow/example_dags/example_branch_operator_decorator.py
[2023-10-29T23:28:11.184-0500] {logging_mixin.py:137} INFO - [2023-10-29T23:28:11.183-0500] {dag.py:2676} INFO - Sync 1 DAGs
[2023-10-29T23:28:11.201-0500] {logging_mixin.py:137} INFO - [2023-10-29T23:28:11.201-0500] {dag.py:3423} INFO - Setting next_dagrun for example_branch_python_operator_decorator to 2023-10-29T00:00:00+00:00, run_after=2023-10-30T00:00:00+00:00
[2023-10-29T23:28:11.221-0500] {processor.py:175} INFO - Processing /home/oscar_rincon/code/oscar-rincon/ml-engineering-course/venv/lib/python3.10/site-packages/airflow/example_dags/example_branch_operator_decorator.py took 0.086 seconds
