[2023-10-29T23:27:26.261-0500] {processor.py:153} INFO - Started process (PID=218305) to work on /home/oscar_rincon/code/oscar-rincon/ml-engineering-course/venv/lib/python3.10/site-packages/airflow/example_dags/example_branch_datetime_operator.py
[2023-10-29T23:27:26.261-0500] {processor.py:743} INFO - Processing file /home/oscar_rincon/code/oscar-rincon/ml-engineering-course/venv/lib/python3.10/site-packages/airflow/example_dags/example_branch_datetime_operator.py for tasks to queue
[2023-10-29T23:27:26.262-0500] {logging_mixin.py:137} INFO - [2023-10-29T23:27:26.262-0500] {dagbag.py:538} INFO - Filling up the DagBag from /home/oscar_rincon/code/oscar-rincon/ml-engineering-course/venv/lib/python3.10/site-packages/airflow/example_dags/example_branch_datetime_operator.py
[2023-10-29T23:27:26.277-0500] {processor.py:753} INFO - DAG(s) dict_keys(['example_branch_datetime_operator_2', 'example_branch_datetime_operator', 'example_branch_datetime_operator_3']) retrieved from /home/oscar_rincon/code/oscar-rincon/ml-engineering-course/venv/lib/python3.10/site-packages/airflow/example_dags/example_branch_datetime_operator.py
[2023-10-29T23:27:26.386-0500] {logging_mixin.py:137} INFO - [2023-10-29T23:27:26.385-0500] {manager.py:504} INFO - Created Permission View: can delete on DAG:example_branch_datetime_operator_2
[2023-10-29T23:27:26.397-0500] {logging_mixin.py:137} INFO - [2023-10-29T23:27:26.397-0500] {manager.py:504} INFO - Created Permission View: can read on DAG:example_branch_datetime_operator_2
[2023-10-29T23:27:26.408-0500] {logging_mixin.py:137} INFO - [2023-10-29T23:27:26.408-0500] {manager.py:504} INFO - Created Permission View: can edit on DAG:example_branch_datetime_operator_2
[2023-10-29T23:27:26.430-0500] {logging_mixin.py:137} INFO - [2023-10-29T23:27:26.430-0500] {manager.py:504} INFO - Created Permission View: can delete on DAG:example_branch_datetime_operator
[2023-10-29T23:27:26.439-0500] {logging_mixin.py:137} INFO - [2023-10-29T23:27:26.439-0500] {manager.py:504} INFO - Created Permission View: can read on DAG:example_branch_datetime_operator
[2023-10-29T23:27:26.447-0500] {logging_mixin.py:137} INFO - [2023-10-29T23:27:26.447-0500] {manager.py:504} INFO - Created Permission View: can edit on DAG:example_branch_datetime_operator
[2023-10-29T23:27:26.464-0500] {logging_mixin.py:137} INFO - [2023-10-29T23:27:26.463-0500] {manager.py:504} INFO - Created Permission View: can delete on DAG:example_branch_datetime_operator_3
[2023-10-29T23:27:26.471-0500] {logging_mixin.py:137} INFO - [2023-10-29T23:27:26.471-0500] {manager.py:504} INFO - Created Permission View: can read on DAG:example_branch_datetime_operator_3
[2023-10-29T23:27:26.478-0500] {logging_mixin.py:137} INFO - [2023-10-29T23:27:26.478-0500] {manager.py:504} INFO - Created Permission View: can edit on DAG:example_branch_datetime_operator_3
[2023-10-29T23:27:26.478-0500] {logging_mixin.py:137} INFO - [2023-10-29T23:27:26.478-0500] {dag.py:2676} INFO - Sync 3 DAGs
[2023-10-29T23:27:26.486-0500] {logging_mixin.py:137} INFO - [2023-10-29T23:27:26.486-0500] {dag.py:2697} INFO - Creating ORM DAG for example_branch_datetime_operator
[2023-10-29T23:27:26.486-0500] {logging_mixin.py:137} INFO - [2023-10-29T23:27:26.486-0500] {dag.py:2697} INFO - Creating ORM DAG for example_branch_datetime_operator_2
[2023-10-29T23:27:26.486-0500] {logging_mixin.py:137} INFO - [2023-10-29T23:27:26.486-0500] {dag.py:2697} INFO - Creating ORM DAG for example_branch_datetime_operator_3
[2023-10-29T23:27:26.495-0500] {logging_mixin.py:137} INFO - [2023-10-29T23:27:26.495-0500] {dag.py:3423} INFO - Setting next_dagrun for example_branch_datetime_operator to 2023-10-29T00:00:00+00:00, run_after=2023-10-30T00:00:00+00:00
[2023-10-29T23:27:26.496-0500] {logging_mixin.py:137} INFO - [2023-10-29T23:27:26.496-0500] {dag.py:3423} INFO - Setting next_dagrun for example_branch_datetime_operator_2 to 2023-10-29T00:00:00+00:00, run_after=2023-10-30T00:00:00+00:00
[2023-10-29T23:27:26.497-0500] {logging_mixin.py:137} INFO - [2023-10-29T23:27:26.497-0500] {dag.py:3423} INFO - Setting next_dagrun for example_branch_datetime_operator_3 to 2023-10-29T00:00:00+00:00, run_after=2023-10-30T00:00:00+00:00
[2023-10-29T23:27:26.516-0500] {processor.py:175} INFO - Processing /home/oscar_rincon/code/oscar-rincon/ml-engineering-course/venv/lib/python3.10/site-packages/airflow/example_dags/example_branch_datetime_operator.py took 0.258 seconds
[2023-10-29T23:28:36.793-0500] {processor.py:153} INFO - Started process (PID=218744) to work on /home/oscar_rincon/code/oscar-rincon/ml-engineering-course/venv/lib/python3.10/site-packages/airflow/example_dags/example_branch_datetime_operator.py
[2023-10-29T23:28:36.795-0500] {processor.py:743} INFO - Processing file /home/oscar_rincon/code/oscar-rincon/ml-engineering-course/venv/lib/python3.10/site-packages/airflow/example_dags/example_branch_datetime_operator.py for tasks to queue
[2023-10-29T23:28:36.796-0500] {logging_mixin.py:137} INFO - [2023-10-29T23:28:36.795-0500] {dagbag.py:538} INFO - Filling up the DagBag from /home/oscar_rincon/code/oscar-rincon/ml-engineering-course/venv/lib/python3.10/site-packages/airflow/example_dags/example_branch_datetime_operator.py
[2023-10-29T23:28:36.810-0500] {processor.py:753} INFO - DAG(s) dict_keys(['example_branch_datetime_operator', 'example_branch_datetime_operator_3', 'example_branch_datetime_operator_2']) retrieved from /home/oscar_rincon/code/oscar-rincon/ml-engineering-course/venv/lib/python3.10/site-packages/airflow/example_dags/example_branch_datetime_operator.py
[2023-10-29T23:28:36.838-0500] {logging_mixin.py:137} INFO - [2023-10-29T23:28:36.838-0500] {dag.py:2676} INFO - Sync 3 DAGs
[2023-10-29T23:28:36.856-0500] {logging_mixin.py:137} INFO - [2023-10-29T23:28:36.856-0500] {dag.py:3423} INFO - Setting next_dagrun for example_branch_datetime_operator to 2023-10-29T00:00:00+00:00, run_after=2023-10-30T00:00:00+00:00
[2023-10-29T23:28:36.859-0500] {logging_mixin.py:137} INFO - [2023-10-29T23:28:36.859-0500] {dag.py:3423} INFO - Setting next_dagrun for example_branch_datetime_operator_2 to 2023-10-29T00:00:00+00:00, run_after=2023-10-30T00:00:00+00:00
[2023-10-29T23:28:36.860-0500] {logging_mixin.py:137} INFO - [2023-10-29T23:28:36.860-0500] {dag.py:3423} INFO - Setting next_dagrun for example_branch_datetime_operator_3 to 2023-10-29T00:00:00+00:00, run_after=2023-10-30T00:00:00+00:00
[2023-10-29T23:28:36.878-0500] {processor.py:175} INFO - Processing /home/oscar_rincon/code/oscar-rincon/ml-engineering-course/venv/lib/python3.10/site-packages/airflow/example_dags/example_branch_datetime_operator.py took 0.087 seconds
