[2023-10-29T23:27:07.792-0500] {processor.py:153} INFO - Started process (PID=218186) to work on /home/oscar_rincon/code/oscar-rincon/ml-engineering-course/venv/lib/python3.10/site-packages/airflow/example_dags/example_trigger_target_dag.py
[2023-10-29T23:27:07.793-0500] {processor.py:743} INFO - Processing file /home/oscar_rincon/code/oscar-rincon/ml-engineering-course/venv/lib/python3.10/site-packages/airflow/example_dags/example_trigger_target_dag.py for tasks to queue
[2023-10-29T23:27:07.793-0500] {logging_mixin.py:137} INFO - [2023-10-29T23:27:07.793-0500] {dagbag.py:538} INFO - Filling up the DagBag from /home/oscar_rincon/code/oscar-rincon/ml-engineering-course/venv/lib/python3.10/site-packages/airflow/example_dags/example_trigger_target_dag.py
[2023-10-29T23:27:07.812-0500] {processor.py:753} INFO - DAG(s) dict_keys(['example_trigger_target_dag']) retrieved from /home/oscar_rincon/code/oscar-rincon/ml-engineering-course/venv/lib/python3.10/site-packages/airflow/example_dags/example_trigger_target_dag.py
[2023-10-29T23:27:07.914-0500] {logging_mixin.py:137} INFO - [2023-10-29T23:27:07.913-0500] {manager.py:504} INFO - Created Permission View: can delete on DAG:example_trigger_target_dag
[2023-10-29T23:27:07.924-0500] {logging_mixin.py:137} INFO - [2023-10-29T23:27:07.924-0500] {manager.py:504} INFO - Created Permission View: can read on DAG:example_trigger_target_dag
[2023-10-29T23:27:07.933-0500] {logging_mixin.py:137} INFO - [2023-10-29T23:27:07.933-0500] {manager.py:504} INFO - Created Permission View: can edit on DAG:example_trigger_target_dag
[2023-10-29T23:27:07.934-0500] {logging_mixin.py:137} INFO - [2023-10-29T23:27:07.933-0500] {dag.py:2676} INFO - Sync 1 DAGs
[2023-10-29T23:27:07.943-0500] {logging_mixin.py:137} INFO - [2023-10-29T23:27:07.943-0500] {dag.py:2697} INFO - Creating ORM DAG for example_trigger_target_dag
[2023-10-29T23:27:07.951-0500] {logging_mixin.py:137} INFO - [2023-10-29T23:27:07.951-0500] {dag.py:3423} INFO - Setting next_dagrun for example_trigger_target_dag to None, run_after=None
[2023-10-29T23:27:07.972-0500] {processor.py:175} INFO - Processing /home/oscar_rincon/code/oscar-rincon/ml-engineering-course/venv/lib/python3.10/site-packages/airflow/example_dags/example_trigger_target_dag.py took 0.183 seconds
[2023-10-29T23:27:51.398-0500] {processor.py:153} INFO - Started process (PID=218446) to work on /home/oscar_rincon/code/oscar-rincon/ml-engineering-course/venv/lib/python3.10/site-packages/airflow/example_dags/example_trigger_target_dag.py
[2023-10-29T23:27:51.414-0500] {processor.py:743} INFO - Processing file /home/oscar_rincon/code/oscar-rincon/ml-engineering-course/venv/lib/python3.10/site-packages/airflow/example_dags/example_trigger_target_dag.py for tasks to queue
[2023-10-29T23:27:51.415-0500] {logging_mixin.py:137} INFO - [2023-10-29T23:27:51.415-0500] {dagbag.py:538} INFO - Filling up the DagBag from /home/oscar_rincon/code/oscar-rincon/ml-engineering-course/venv/lib/python3.10/site-packages/airflow/example_dags/example_trigger_target_dag.py
[2023-10-29T23:27:51.443-0500] {processor.py:753} INFO - DAG(s) dict_keys(['example_trigger_target_dag']) retrieved from /home/oscar_rincon/code/oscar-rincon/ml-engineering-course/venv/lib/python3.10/site-packages/airflow/example_dags/example_trigger_target_dag.py
[2023-10-29T23:27:51.478-0500] {logging_mixin.py:137} INFO - [2023-10-29T23:27:51.478-0500] {dag.py:2676} INFO - Sync 1 DAGs
[2023-10-29T23:27:51.498-0500] {logging_mixin.py:137} INFO - [2023-10-29T23:27:51.498-0500] {dag.py:3423} INFO - Setting next_dagrun for example_trigger_target_dag to None, run_after=None
[2023-10-29T23:27:51.520-0500] {processor.py:175} INFO - Processing /home/oscar_rincon/code/oscar-rincon/ml-engineering-course/venv/lib/python3.10/site-packages/airflow/example_dags/example_trigger_target_dag.py took 0.124 seconds
[2023-10-29T23:28:19.872-0500] {processor.py:153} INFO - Started process (PID=218645) to work on /home/oscar_rincon/code/oscar-rincon/ml-engineering-course/venv/lib/python3.10/site-packages/airflow/example_dags/example_trigger_target_dag.py
[2023-10-29T23:28:19.874-0500] {processor.py:743} INFO - Processing file /home/oscar_rincon/code/oscar-rincon/ml-engineering-course/venv/lib/python3.10/site-packages/airflow/example_dags/example_trigger_target_dag.py for tasks to queue
[2023-10-29T23:28:19.875-0500] {logging_mixin.py:137} INFO - [2023-10-29T23:28:19.874-0500] {dagbag.py:538} INFO - Filling up the DagBag from /home/oscar_rincon/code/oscar-rincon/ml-engineering-course/venv/lib/python3.10/site-packages/airflow/example_dags/example_trigger_target_dag.py
[2023-10-29T23:28:19.910-0500] {processor.py:753} INFO - DAG(s) dict_keys(['example_trigger_target_dag']) retrieved from /home/oscar_rincon/code/oscar-rincon/ml-engineering-course/venv/lib/python3.10/site-packages/airflow/example_dags/example_trigger_target_dag.py
[2023-10-29T23:28:19.935-0500] {logging_mixin.py:137} INFO - [2023-10-29T23:28:19.935-0500] {dag.py:2676} INFO - Sync 1 DAGs
[2023-10-29T23:28:19.951-0500] {logging_mixin.py:137} INFO - [2023-10-29T23:28:19.951-0500] {dag.py:3423} INFO - Setting next_dagrun for example_trigger_target_dag to None, run_after=None
[2023-10-29T23:28:19.972-0500] {processor.py:175} INFO - Processing /home/oscar_rincon/code/oscar-rincon/ml-engineering-course/venv/lib/python3.10/site-packages/airflow/example_dags/example_trigger_target_dag.py took 0.102 seconds
