[2023-10-29T23:26:57.375-0500] {processor.py:153} INFO - Started process (PID=218129) to work on /home/oscar_rincon/code/oscar-rincon/ml-engineering-course/venv/lib/python3.10/site-packages/airflow/example_dags/example_python_operator.py
[2023-10-29T23:26:57.375-0500] {processor.py:743} INFO - Processing file /home/oscar_rincon/code/oscar-rincon/ml-engineering-course/venv/lib/python3.10/site-packages/airflow/example_dags/example_python_operator.py for tasks to queue
[2023-10-29T23:26:57.376-0500] {logging_mixin.py:137} INFO - [2023-10-29T23:26:57.376-0500] {dagbag.py:538} INFO - Filling up the DagBag from /home/oscar_rincon/code/oscar-rincon/ml-engineering-course/venv/lib/python3.10/site-packages/airflow/example_dags/example_python_operator.py
[2023-10-29T23:26:57.392-0500] {logging_mixin.py:137} INFO - [2023-10-29T23:26:57.392-0500] {taskmixin.py:205} WARNING - Dependency <Task(_PythonDecoratedOperator): print_the_context>, log_sql_query already registered for DAG: example_python_operator
[2023-10-29T23:26:57.392-0500] {logging_mixin.py:137} INFO - [2023-10-29T23:26:57.392-0500] {taskmixin.py:205} WARNING - Dependency <Task(_PythonDecoratedOperator): log_sql_query>, print_the_context already registered for DAG: example_python_operator
[2023-10-29T23:26:57.392-0500] {logging_mixin.py:137} INFO - [2023-10-29T23:26:57.392-0500] {taskmixin.py:205} WARNING - Dependency <Task(_PythonDecoratedOperator): print_the_context>, log_sql_query already registered for DAG: example_python_operator
[2023-10-29T23:26:57.393-0500] {logging_mixin.py:137} INFO - [2023-10-29T23:26:57.393-0500] {taskmixin.py:205} WARNING - Dependency <Task(_PythonDecoratedOperator): log_sql_query>, print_the_context already registered for DAG: example_python_operator
[2023-10-29T23:26:57.393-0500] {logging_mixin.py:137} INFO - [2023-10-29T23:26:57.393-0500] {taskmixin.py:205} WARNING - Dependency <Task(_PythonDecoratedOperator): print_the_context>, log_sql_query already registered for DAG: example_python_operator
[2023-10-29T23:26:57.393-0500] {logging_mixin.py:137} INFO - [2023-10-29T23:26:57.393-0500] {taskmixin.py:205} WARNING - Dependency <Task(_PythonDecoratedOperator): log_sql_query>, print_the_context already registered for DAG: example_python_operator
[2023-10-29T23:26:57.393-0500] {logging_mixin.py:137} INFO - [2023-10-29T23:26:57.393-0500] {taskmixin.py:205} WARNING - Dependency <Task(_PythonDecoratedOperator): print_the_context>, log_sql_query already registered for DAG: example_python_operator
[2023-10-29T23:26:57.393-0500] {logging_mixin.py:137} INFO - [2023-10-29T23:26:57.393-0500] {taskmixin.py:205} WARNING - Dependency <Task(_PythonDecoratedOperator): log_sql_query>, print_the_context already registered for DAG: example_python_operator
[2023-10-29T23:26:57.401-0500] {processor.py:753} INFO - DAG(s) dict_keys(['example_python_operator']) retrieved from /home/oscar_rincon/code/oscar-rincon/ml-engineering-course/venv/lib/python3.10/site-packages/airflow/example_dags/example_python_operator.py
[2023-10-29T23:26:57.528-0500] {logging_mixin.py:137} INFO - [2023-10-29T23:26:57.528-0500] {manager.py:504} INFO - Created Permission View: can delete on DAG:example_python_operator
[2023-10-29T23:26:57.538-0500] {logging_mixin.py:137} INFO - [2023-10-29T23:26:57.538-0500] {manager.py:504} INFO - Created Permission View: can read on DAG:example_python_operator
[2023-10-29T23:26:57.549-0500] {logging_mixin.py:137} INFO - [2023-10-29T23:26:57.549-0500] {manager.py:504} INFO - Created Permission View: can edit on DAG:example_python_operator
[2023-10-29T23:26:57.549-0500] {logging_mixin.py:137} INFO - [2023-10-29T23:26:57.549-0500] {dag.py:2676} INFO - Sync 1 DAGs
[2023-10-29T23:26:57.559-0500] {logging_mixin.py:137} INFO - [2023-10-29T23:26:57.559-0500] {dag.py:2697} INFO - Creating ORM DAG for example_python_operator
[2023-10-29T23:26:57.565-0500] {logging_mixin.py:137} INFO - [2023-10-29T23:26:57.564-0500] {dag.py:3423} INFO - Setting next_dagrun for example_python_operator to None, run_after=None
[2023-10-29T23:26:57.585-0500] {processor.py:175} INFO - Processing /home/oscar_rincon/code/oscar-rincon/ml-engineering-course/venv/lib/python3.10/site-packages/airflow/example_dags/example_python_operator.py took 0.213 seconds
[2023-10-29T23:27:41.608-0500] {processor.py:153} INFO - Started process (PID=218391) to work on /home/oscar_rincon/code/oscar-rincon/ml-engineering-course/venv/lib/python3.10/site-packages/airflow/example_dags/example_python_operator.py
[2023-10-29T23:27:41.609-0500] {processor.py:743} INFO - Processing file /home/oscar_rincon/code/oscar-rincon/ml-engineering-course/venv/lib/python3.10/site-packages/airflow/example_dags/example_python_operator.py for tasks to queue
[2023-10-29T23:27:41.610-0500] {logging_mixin.py:137} INFO - [2023-10-29T23:27:41.610-0500] {dagbag.py:538} INFO - Filling up the DagBag from /home/oscar_rincon/code/oscar-rincon/ml-engineering-course/venv/lib/python3.10/site-packages/airflow/example_dags/example_python_operator.py
[2023-10-29T23:27:41.625-0500] {logging_mixin.py:137} INFO - [2023-10-29T23:27:41.625-0500] {taskmixin.py:205} WARNING - Dependency <Task(_PythonDecoratedOperator): print_the_context>, log_sql_query already registered for DAG: example_python_operator
[2023-10-29T23:27:41.625-0500] {logging_mixin.py:137} INFO - [2023-10-29T23:27:41.625-0500] {taskmixin.py:205} WARNING - Dependency <Task(_PythonDecoratedOperator): log_sql_query>, print_the_context already registered for DAG: example_python_operator
[2023-10-29T23:27:41.625-0500] {logging_mixin.py:137} INFO - [2023-10-29T23:27:41.625-0500] {taskmixin.py:205} WARNING - Dependency <Task(_PythonDecoratedOperator): print_the_context>, log_sql_query already registered for DAG: example_python_operator
[2023-10-29T23:27:41.625-0500] {logging_mixin.py:137} INFO - [2023-10-29T23:27:41.625-0500] {taskmixin.py:205} WARNING - Dependency <Task(_PythonDecoratedOperator): log_sql_query>, print_the_context already registered for DAG: example_python_operator
[2023-10-29T23:27:41.626-0500] {logging_mixin.py:137} INFO - [2023-10-29T23:27:41.626-0500] {taskmixin.py:205} WARNING - Dependency <Task(_PythonDecoratedOperator): print_the_context>, log_sql_query already registered for DAG: example_python_operator
[2023-10-29T23:27:41.626-0500] {logging_mixin.py:137} INFO - [2023-10-29T23:27:41.626-0500] {taskmixin.py:205} WARNING - Dependency <Task(_PythonDecoratedOperator): log_sql_query>, print_the_context already registered for DAG: example_python_operator
[2023-10-29T23:27:41.627-0500] {logging_mixin.py:137} INFO - [2023-10-29T23:27:41.626-0500] {taskmixin.py:205} WARNING - Dependency <Task(_PythonDecoratedOperator): print_the_context>, log_sql_query already registered for DAG: example_python_operator
[2023-10-29T23:27:41.627-0500] {logging_mixin.py:137} INFO - [2023-10-29T23:27:41.627-0500] {taskmixin.py:205} WARNING - Dependency <Task(_PythonDecoratedOperator): log_sql_query>, print_the_context already registered for DAG: example_python_operator
[2023-10-29T23:27:41.632-0500] {processor.py:753} INFO - DAG(s) dict_keys(['example_python_operator']) retrieved from /home/oscar_rincon/code/oscar-rincon/ml-engineering-course/venv/lib/python3.10/site-packages/airflow/example_dags/example_python_operator.py
[2023-10-29T23:27:41.659-0500] {logging_mixin.py:137} INFO - [2023-10-29T23:27:41.659-0500] {dag.py:2676} INFO - Sync 1 DAGs
[2023-10-29T23:27:41.676-0500] {logging_mixin.py:137} INFO - [2023-10-29T23:27:41.676-0500] {dag.py:3423} INFO - Setting next_dagrun for example_python_operator to None, run_after=None
[2023-10-29T23:27:41.700-0500] {processor.py:175} INFO - Processing /home/oscar_rincon/code/oscar-rincon/ml-engineering-course/venv/lib/python3.10/site-packages/airflow/example_dags/example_python_operator.py took 0.096 seconds
[2023-10-29T23:28:09.900-0500] {processor.py:153} INFO - Started process (PID=218593) to work on /home/oscar_rincon/code/oscar-rincon/ml-engineering-course/venv/lib/python3.10/site-packages/airflow/example_dags/example_python_operator.py
[2023-10-29T23:28:09.940-0500] {processor.py:743} INFO - Processing file /home/oscar_rincon/code/oscar-rincon/ml-engineering-course/venv/lib/python3.10/site-packages/airflow/example_dags/example_python_operator.py for tasks to queue
[2023-10-29T23:28:09.941-0500] {logging_mixin.py:137} INFO - [2023-10-29T23:28:09.941-0500] {dagbag.py:538} INFO - Filling up the DagBag from /home/oscar_rincon/code/oscar-rincon/ml-engineering-course/venv/lib/python3.10/site-packages/airflow/example_dags/example_python_operator.py
[2023-10-29T23:28:09.961-0500] {logging_mixin.py:137} INFO - [2023-10-29T23:28:09.960-0500] {taskmixin.py:205} WARNING - Dependency <Task(_PythonDecoratedOperator): print_the_context>, log_sql_query already registered for DAG: example_python_operator
[2023-10-29T23:28:09.961-0500] {logging_mixin.py:137} INFO - [2023-10-29T23:28:09.961-0500] {taskmixin.py:205} WARNING - Dependency <Task(_PythonDecoratedOperator): log_sql_query>, print_the_context already registered for DAG: example_python_operator
[2023-10-29T23:28:09.961-0500] {logging_mixin.py:137} INFO - [2023-10-29T23:28:09.961-0500] {taskmixin.py:205} WARNING - Dependency <Task(_PythonDecoratedOperator): print_the_context>, log_sql_query already registered for DAG: example_python_operator
[2023-10-29T23:28:09.961-0500] {logging_mixin.py:137} INFO - [2023-10-29T23:28:09.961-0500] {taskmixin.py:205} WARNING - Dependency <Task(_PythonDecoratedOperator): log_sql_query>, print_the_context already registered for DAG: example_python_operator
[2023-10-29T23:28:09.962-0500] {logging_mixin.py:137} INFO - [2023-10-29T23:28:09.962-0500] {taskmixin.py:205} WARNING - Dependency <Task(_PythonDecoratedOperator): print_the_context>, log_sql_query already registered for DAG: example_python_operator
[2023-10-29T23:28:09.962-0500] {logging_mixin.py:137} INFO - [2023-10-29T23:28:09.962-0500] {taskmixin.py:205} WARNING - Dependency <Task(_PythonDecoratedOperator): log_sql_query>, print_the_context already registered for DAG: example_python_operator
[2023-10-29T23:28:09.963-0500] {logging_mixin.py:137} INFO - [2023-10-29T23:28:09.963-0500] {taskmixin.py:205} WARNING - Dependency <Task(_PythonDecoratedOperator): print_the_context>, log_sql_query already registered for DAG: example_python_operator
[2023-10-29T23:28:09.963-0500] {logging_mixin.py:137} INFO - [2023-10-29T23:28:09.963-0500] {taskmixin.py:205} WARNING - Dependency <Task(_PythonDecoratedOperator): log_sql_query>, print_the_context already registered for DAG: example_python_operator
[2023-10-29T23:28:09.969-0500] {processor.py:753} INFO - DAG(s) dict_keys(['example_python_operator']) retrieved from /home/oscar_rincon/code/oscar-rincon/ml-engineering-course/venv/lib/python3.10/site-packages/airflow/example_dags/example_python_operator.py
[2023-10-29T23:28:10.013-0500] {logging_mixin.py:137} INFO - [2023-10-29T23:28:10.013-0500] {dag.py:2676} INFO - Sync 1 DAGs
[2023-10-29T23:28:10.026-0500] {logging_mixin.py:137} INFO - [2023-10-29T23:28:10.026-0500] {dag.py:3423} INFO - Setting next_dagrun for example_python_operator to None, run_after=None
[2023-10-29T23:28:10.047-0500] {processor.py:175} INFO - Processing /home/oscar_rincon/code/oscar-rincon/ml-engineering-course/venv/lib/python3.10/site-packages/airflow/example_dags/example_python_operator.py took 0.149 seconds
