[2023-10-29T23:27:01.191-0500] {processor.py:153} INFO - Started process (PID=218150) to work on /home/oscar_rincon/code/oscar-rincon/ml-engineering-course/venv/lib/python3.10/site-packages/airflow/example_dags/tutorial_taskflow_api_virtualenv.py
[2023-10-29T23:27:01.192-0500] {processor.py:743} INFO - Processing file /home/oscar_rincon/code/oscar-rincon/ml-engineering-course/venv/lib/python3.10/site-packages/airflow/example_dags/tutorial_taskflow_api_virtualenv.py for tasks to queue
[2023-10-29T23:27:01.193-0500] {logging_mixin.py:137} INFO - [2023-10-29T23:27:01.193-0500] {dagbag.py:538} INFO - Filling up the DagBag from /home/oscar_rincon/code/oscar-rincon/ml-engineering-course/venv/lib/python3.10/site-packages/airflow/example_dags/tutorial_taskflow_api_virtualenv.py
[2023-10-29T23:27:01.212-0500] {processor.py:753} INFO - DAG(s) dict_keys(['tutorial_taskflow_api_virtualenv']) retrieved from /home/oscar_rincon/code/oscar-rincon/ml-engineering-course/venv/lib/python3.10/site-packages/airflow/example_dags/tutorial_taskflow_api_virtualenv.py
[2023-10-29T23:27:01.339-0500] {logging_mixin.py:137} INFO - [2023-10-29T23:27:01.339-0500] {manager.py:504} INFO - Created Permission View: can delete on DAG:tutorial_taskflow_api_virtualenv
[2023-10-29T23:27:01.351-0500] {logging_mixin.py:137} INFO - [2023-10-29T23:27:01.351-0500] {manager.py:504} INFO - Created Permission View: can read on DAG:tutorial_taskflow_api_virtualenv
[2023-10-29T23:27:01.360-0500] {logging_mixin.py:137} INFO - [2023-10-29T23:27:01.360-0500] {manager.py:504} INFO - Created Permission View: can edit on DAG:tutorial_taskflow_api_virtualenv
[2023-10-29T23:27:01.360-0500] {logging_mixin.py:137} INFO - [2023-10-29T23:27:01.360-0500] {dag.py:2676} INFO - Sync 1 DAGs
[2023-10-29T23:27:01.371-0500] {logging_mixin.py:137} INFO - [2023-10-29T23:27:01.370-0500] {dag.py:2697} INFO - Creating ORM DAG for tutorial_taskflow_api_virtualenv
[2023-10-29T23:27:01.377-0500] {logging_mixin.py:137} INFO - [2023-10-29T23:27:01.377-0500] {dag.py:3423} INFO - Setting next_dagrun for tutorial_taskflow_api_virtualenv to None, run_after=None
[2023-10-29T23:27:01.398-0500] {processor.py:175} INFO - Processing /home/oscar_rincon/code/oscar-rincon/ml-engineering-course/venv/lib/python3.10/site-packages/airflow/example_dags/tutorial_taskflow_api_virtualenv.py took 0.209 seconds
[2023-10-29T23:27:44.975-0500] {processor.py:153} INFO - Started process (PID=218406) to work on /home/oscar_rincon/code/oscar-rincon/ml-engineering-course/venv/lib/python3.10/site-packages/airflow/example_dags/tutorial_taskflow_api_virtualenv.py
[2023-10-29T23:27:45.015-0500] {processor.py:743} INFO - Processing file /home/oscar_rincon/code/oscar-rincon/ml-engineering-course/venv/lib/python3.10/site-packages/airflow/example_dags/tutorial_taskflow_api_virtualenv.py for tasks to queue
[2023-10-29T23:27:45.016-0500] {logging_mixin.py:137} INFO - [2023-10-29T23:27:45.016-0500] {dagbag.py:538} INFO - Filling up the DagBag from /home/oscar_rincon/code/oscar-rincon/ml-engineering-course/venv/lib/python3.10/site-packages/airflow/example_dags/tutorial_taskflow_api_virtualenv.py
[2023-10-29T23:27:45.036-0500] {processor.py:753} INFO - DAG(s) dict_keys(['tutorial_taskflow_api_virtualenv']) retrieved from /home/oscar_rincon/code/oscar-rincon/ml-engineering-course/venv/lib/python3.10/site-packages/airflow/example_dags/tutorial_taskflow_api_virtualenv.py
[2023-10-29T23:27:45.059-0500] {logging_mixin.py:137} INFO - [2023-10-29T23:27:45.059-0500] {dag.py:2676} INFO - Sync 1 DAGs
[2023-10-29T23:27:45.075-0500] {logging_mixin.py:137} INFO - [2023-10-29T23:27:45.075-0500] {dag.py:3423} INFO - Setting next_dagrun for tutorial_taskflow_api_virtualenv to None, run_after=None
[2023-10-29T23:27:45.097-0500] {processor.py:175} INFO - Processing /home/oscar_rincon/code/oscar-rincon/ml-engineering-course/venv/lib/python3.10/site-packages/airflow/example_dags/tutorial_taskflow_api_virtualenv.py took 0.124 seconds
[2023-10-29T23:28:13.512-0500] {processor.py:153} INFO - Started process (PID=218608) to work on /home/oscar_rincon/code/oscar-rincon/ml-engineering-course/venv/lib/python3.10/site-packages/airflow/example_dags/tutorial_taskflow_api_virtualenv.py
[2023-10-29T23:28:13.552-0500] {processor.py:743} INFO - Processing file /home/oscar_rincon/code/oscar-rincon/ml-engineering-course/venv/lib/python3.10/site-packages/airflow/example_dags/tutorial_taskflow_api_virtualenv.py for tasks to queue
[2023-10-29T23:28:13.554-0500] {logging_mixin.py:137} INFO - [2023-10-29T23:28:13.553-0500] {dagbag.py:538} INFO - Filling up the DagBag from /home/oscar_rincon/code/oscar-rincon/ml-engineering-course/venv/lib/python3.10/site-packages/airflow/example_dags/tutorial_taskflow_api_virtualenv.py
[2023-10-29T23:28:13.577-0500] {processor.py:753} INFO - DAG(s) dict_keys(['tutorial_taskflow_api_virtualenv']) retrieved from /home/oscar_rincon/code/oscar-rincon/ml-engineering-course/venv/lib/python3.10/site-packages/airflow/example_dags/tutorial_taskflow_api_virtualenv.py
[2023-10-29T23:28:13.598-0500] {logging_mixin.py:137} INFO - [2023-10-29T23:28:13.598-0500] {dag.py:2676} INFO - Sync 1 DAGs
[2023-10-29T23:28:13.613-0500] {logging_mixin.py:137} INFO - [2023-10-29T23:28:13.612-0500] {dag.py:3423} INFO - Setting next_dagrun for tutorial_taskflow_api_virtualenv to None, run_after=None
[2023-10-29T23:28:13.637-0500] {processor.py:175} INFO - Processing /home/oscar_rincon/code/oscar-rincon/ml-engineering-course/venv/lib/python3.10/site-packages/airflow/example_dags/tutorial_taskflow_api_virtualenv.py took 0.127 seconds
